running egg_info
creating ../../build/backscatter_rover_data_recorder/backscatter_rover_data_recorder.egg-info
writing ../../build/backscatter_rover_data_recorder/backscatter_rover_data_recorder.egg-info/PKG-INFO
writing dependency_links to ../../build/backscatter_rover_data_recorder/backscatter_rover_data_recorder.egg-info/dependency_links.txt
writing entry points to ../../build/backscatter_rover_data_recorder/backscatter_rover_data_recorder.egg-info/entry_points.txt
writing requirements to ../../build/backscatter_rover_data_recorder/backscatter_rover_data_recorder.egg-info/requires.txt
writing top-level names to ../../build/backscatter_rover_data_recorder/backscatter_rover_data_recorder.egg-info/top_level.txt
writing manifest file '../../build/backscatter_rover_data_recorder/backscatter_rover_data_recorder.egg-info/SOURCES.txt'
reading manifest file '../../build/backscatter_rover_data_recorder/backscatter_rover_data_recorder.egg-info/SOURCES.txt'
writing manifest file '../../build/backscatter_rover_data_recorder/backscatter_rover_data_recorder.egg-info/SOURCES.txt'
running build
running build_py
creating /home/wings/Backscatter_UGV_ws/build/backscatter_rover_data_recorder/build
creating /home/wings/Backscatter_UGV_ws/build/backscatter_rover_data_recorder/build/lib
creating /home/wings/Backscatter_UGV_ws/build/backscatter_rover_data_recorder/build/lib/backscatter_rover_data_recorder
copying backscatter_rover_data_recorder/savingBagData.py -> /home/wings/Backscatter_UGV_ws/build/backscatter_rover_data_recorder/build/lib/backscatter_rover_data_recorder
copying backscatter_rover_data_recorder/base_ctrl.py -> /home/wings/Backscatter_UGV_ws/build/backscatter_rover_data_recorder/build/lib/backscatter_rover_data_recorder
copying backscatter_rover_data_recorder/controller.py -> /home/wings/Backscatter_UGV_ws/build/backscatter_rover_data_recorder/build/lib/backscatter_rover_data_recorder
copying backscatter_rover_data_recorder/__init__.py -> /home/wings/Backscatter_UGV_ws/build/backscatter_rover_data_recorder/build/lib/backscatter_rover_data_recorder
copying backscatter_rover_data_recorder/movementAPI.py -> /home/wings/Backscatter_UGV_ws/build/backscatter_rover_data_recorder/build/lib/backscatter_rover_data_recorder
copying backscatter_rover_data_recorder/odomSubscriberService.py -> /home/wings/Backscatter_UGV_ws/build/backscatter_rover_data_recorder/build/lib/backscatter_rover_data_recorder
running install
running install_lib
creating /home/wings/Backscatter_UGV_ws/install/backscatter_rover_data_recorder/lib/python3.8/site-packages/backscatter_rover_data_recorder
copying /home/wings/Backscatter_UGV_ws/build/backscatter_rover_data_recorder/build/lib/backscatter_rover_data_recorder/savingBagData.py -> /home/wings/Backscatter_UGV_ws/install/backscatter_rover_data_recorder/lib/python3.8/site-packages/backscatter_rover_data_recorder
copying /home/wings/Backscatter_UGV_ws/build/backscatter_rover_data_recorder/build/lib/backscatter_rover_data_recorder/base_ctrl.py -> /home/wings/Backscatter_UGV_ws/install/backscatter_rover_data_recorder/lib/python3.8/site-packages/backscatter_rover_data_recorder
copying /home/wings/Backscatter_UGV_ws/build/backscatter_rover_data_recorder/build/lib/backscatter_rover_data_recorder/controller.py -> /home/wings/Backscatter_UGV_ws/install/backscatter_rover_data_recorder/lib/python3.8/site-packages/backscatter_rover_data_recorder
copying /home/wings/Backscatter_UGV_ws/build/backscatter_rover_data_recorder/build/lib/backscatter_rover_data_recorder/__init__.py -> /home/wings/Backscatter_UGV_ws/install/backscatter_rover_data_recorder/lib/python3.8/site-packages/backscatter_rover_data_recorder
copying /home/wings/Backscatter_UGV_ws/build/backscatter_rover_data_recorder/build/lib/backscatter_rover_data_recorder/movementAPI.py -> /home/wings/Backscatter_UGV_ws/install/backscatter_rover_data_recorder/lib/python3.8/site-packages/backscatter_rover_data_recorder
copying /home/wings/Backscatter_UGV_ws/build/backscatter_rover_data_recorder/build/lib/backscatter_rover_data_recorder/odomSubscriberService.py -> /home/wings/Backscatter_UGV_ws/install/backscatter_rover_data_recorder/lib/python3.8/site-packages/backscatter_rover_data_recorder
byte-compiling /home/wings/Backscatter_UGV_ws/install/backscatter_rover_data_recorder/lib/python3.8/site-packages/backscatter_rover_data_recorder/savingBagData.py to savingBagData.cpython-38.pyc
byte-compiling /home/wings/Backscatter_UGV_ws/install/backscatter_rover_data_recorder/lib/python3.8/site-packages/backscatter_rover_data_recorder/base_ctrl.py to base_ctrl.cpython-38.pyc
byte-compiling /home/wings/Backscatter_UGV_ws/install/backscatter_rover_data_recorder/lib/python3.8/site-packages/backscatter_rover_data_recorder/controller.py to controller.cpython-38.pyc
byte-compiling /home/wings/Backscatter_UGV_ws/install/backscatter_rover_data_recorder/lib/python3.8/site-packages/backscatter_rover_data_recorder/__init__.py to __init__.cpython-38.pyc
byte-compiling /home/wings/Backscatter_UGV_ws/install/backscatter_rover_data_recorder/lib/python3.8/site-packages/backscatter_rover_data_recorder/movementAPI.py to movementAPI.cpython-38.pyc
byte-compiling /home/wings/Backscatter_UGV_ws/install/backscatter_rover_data_recorder/lib/python3.8/site-packages/backscatter_rover_data_recorder/odomSubscriberService.py to odomSubscriberService.cpython-38.pyc
running install_data
creating /home/wings/Backscatter_UGV_ws/install/backscatter_rover_data_recorder/share/ament_index
creating /home/wings/Backscatter_UGV_ws/install/backscatter_rover_data_recorder/share/ament_index/resource_index
creating /home/wings/Backscatter_UGV_ws/install/backscatter_rover_data_recorder/share/ament_index/resource_index/packages
copying resource/backscatter_rover_data_recorder -> /home/wings/Backscatter_UGV_ws/install/backscatter_rover_data_recorder/share/ament_index/resource_index/packages
copying package.xml -> /home/wings/Backscatter_UGV_ws/install/backscatter_rover_data_recorder/share/backscatter_rover_data_recorder
running install_egg_info
Copying ../../build/backscatter_rover_data_recorder/backscatter_rover_data_recorder.egg-info to /home/wings/Backscatter_UGV_ws/install/backscatter_rover_data_recorder/lib/python3.8/site-packages/backscatter_rover_data_recorder-0.0.0-py3.8.egg-info
running install_scripts
Installing controller script to /home/wings/Backscatter_UGV_ws/install/backscatter_rover_data_recorder/lib/backscatter_rover_data_recorder
Installing recorder_service script to /home/wings/Backscatter_UGV_ws/install/backscatter_rover_data_recorder/lib/backscatter_rover_data_recorder
writing list of installed files to '/home/wings/Backscatter_UGV_ws/build/backscatter_rover_data_recorder/install.log'
