[0.053s] Invoking command in '/home/wings/Backscatter_UGV_ws/build/slam_msgs': CMAKE_PREFIX_PATH=/opt/ros/foxy /usr/bin/cmake /home/wings/Backscatter_UGV_ws/src/ORB-SLAM3-ROS2-Docker/slam_msgs -DCMAKE_INSTALL_PREFIX=/home/wings/Backscatter_UGV_ws/install/slam_msgs
[0.562s] -- The C compiler identification is GNU 9.4.0
[0.571s] -- The CXX compiler identification is GNU 9.4.0
[0.572s] -- Check for working C compiler: /usr/bin/cc
[0.598s] -- Check for working C compiler: /usr/bin/cc -- works
[0.600s] -- Detecting C compiler ABI info
[0.738s] -- Detecting C compiler ABI info - done
[0.771s] -- Detecting C compile features
[0.772s] -- Detecting C compile features - done
[0.777s] -- Check for working CXX compiler: /usr/bin/c++
[0.928s] -- Check for working CXX compiler: /usr/bin/c++ -- works
[0.931s] -- Detecting CXX compiler ABI info
[1.084s] -- Detecting CXX compiler ABI info - done
[1.112s] -- Detecting CXX compile features
[1.113s] -- Detecting CXX compile features - done
[1.117s] -- Found ament_cmake: 0.9.12 (/opt/ros/foxy/share/ament_cmake/cmake)
[1.165s] -- Found PythonInterp: /usr/bin/python3 (found suitable version "3.8.10", minimum required is "3") 
[1.165s] -- Using PYTHON_EXECUTABLE: /usr/bin/python3
[1.585s] -- Found rclcpp: 2.4.3 (/opt/ros/foxy/share/rclcpp/cmake)
[1.670s] -- Using all available rosidl_typesupport_c: rosidl_typesupport_fastrtps_c;rosidl_typesupport_introspection_c
[1.683s] -- Found rosidl_adapter: 1.3.1 (/opt/ros/foxy/share/rosidl_adapter/cmake)
[1.865s] -- Found OpenSSL: /usr/lib/aarch64-linux-gnu/libcrypto.so (found version "1.1.1f")  
[1.925s] -- Found FastRTPS: /opt/ros/foxy/include  
[2.081s] -- Using all available rosidl_typesupport_cpp: rosidl_typesupport_fastrtps_cpp;rosidl_typesupport_introspection_cpp
[2.189s] -- Found rmw_implementation_cmake: 1.0.4 (/opt/ros/foxy/share/rmw_implementation_cmake/cmake)
[2.191s] -- Using RMW implementation 'rmw_fastrtps_cpp' as default
[2.194s] -- Looking for pthread.h
[2.338s] -- Looking for pthread.h - found
[2.339s] -- Performing Test CMAKE_HAVE_LIBC_PTHREAD
[2.483s] -- Performing Test CMAKE_HAVE_LIBC_PTHREAD - Failed
[2.484s] -- Looking for pthread_create in pthreads
[2.608s] -- Looking for pthread_create in pthreads - not found
[2.608s] -- Looking for pthread_create in pthread
[2.746s] -- Looking for pthread_create in pthread - found
[2.747s] -- Found Threads: TRUE  
[3.028s] -- Found geometry_msgs: 2.0.5 (/opt/ros/foxy/share/geometry_msgs/cmake)
[3.092s] -- Found sensor_msgs: 2.0.5 (/opt/ros/foxy/share/sensor_msgs/cmake)
[3.222s] -- Found rosidl_default_generators: 1.0.1 (/opt/ros/foxy/share/rosidl_default_generators/cmake)
[3.291s] -- Found PythonInterp: /usr/bin/python3 (found version "3.8.10") 
[3.806s] -- Found ament_cmake_ros: 0.9.2 (/opt/ros/foxy/share/ament_cmake_ros/cmake)
[4.423s] -- Using all available rosidl_typesupport_c: rosidl_typesupport_fastrtps_c;rosidl_typesupport_introspection_c
[4.822s] -- Using all available rosidl_typesupport_cpp: rosidl_typesupport_fastrtps_cpp;rosidl_typesupport_introspection_cpp
[4.929s] -- Found PythonInterp: /usr/bin/python3 (found suitable version "3.8.10", minimum required is "3.5") 
[4.933s] -- Found python_cmake_module: 0.8.1 (/opt/ros/foxy/share/python_cmake_module/cmake)
[5.032s] -- Found PythonLibs: /usr/lib/aarch64-linux-gnu/libpython3.8.so (found suitable version "3.8.10", minimum required is "3.5") 
[5.033s] -- Using PYTHON_EXECUTABLE: /usr/bin/python3
[5.033s] -- Using PYTHON_INCLUDE_DIRS: /usr/include/python3.8
[5.033s] -- Using PYTHON_LIBRARIES: /usr/lib/aarch64-linux-gnu/libpython3.8.so
[5.083s] -- Found PythonExtra: .so  
[5.514s] -- Configuring done
[5.847s] -- Generating done
[5.978s] -- Build files have been written to: /home/wings/Backscatter_UGV_ws/build/slam_msgs
[6.076s] Invoked command in '/home/wings/Backscatter_UGV_ws/build/slam_msgs' returned '0': CMAKE_PREFIX_PATH=/opt/ros/foxy /usr/bin/cmake /home/wings/Backscatter_UGV_ws/src/ORB-SLAM3-ROS2-Docker/slam_msgs -DCMAKE_INSTALL_PREFIX=/home/wings/Backscatter_UGV_ws/install/slam_msgs
[6.077s] Invoking command in '/home/wings/Backscatter_UGV_ws/build/slam_msgs': CMAKE_PREFIX_PATH=/opt/ros/foxy /usr/bin/cmake --build /home/wings/Backscatter_UGV_ws/build/slam_msgs -- -j6 -l6
[6.392s] [  1%] [34m[1mGenerating C code for ROS interfaces[0m
[6.402s] [35m[1mScanning dependencies of target slam_msgs__cpp[0m
[6.471s] [  2%] [34m[1mGenerating C++ code for ROS interfaces[0m
[10.421s] [  2%] Built target slam_msgs__cpp
[10.485s] [  3%] [34m[1mGenerating C++ type support dispatch for ROS interfaces[0m
[10.513s] [  4%] [34m[1mGenerating C++ type support for eProsima Fast-RTPS[0m
[10.537s] [  5%] [34m[1mGenerating C++ introspection for ROS interfaces[0m
[10.638s] [35m[1mScanning dependencies of target slam_msgs__rosidl_generator_c[0m
[10.699s] [  6%] [32mBuilding C object CMakeFiles/slam_msgs__rosidl_generator_c.dir/rosidl_generator_c/slam_msgs/msg/detail/map_data__functions.c.o[0m
[10.721s] [  7%] [32mBuilding C object CMakeFiles/slam_msgs__rosidl_generator_c.dir/rosidl_generator_c/slam_msgs/msg/detail/map_graph__functions.c.o[0m
[10.724s] [  8%] [32mBuilding C object CMakeFiles/slam_msgs__rosidl_generator_c.dir/rosidl_generator_c/slam_msgs/msg/detail/key_frame__functions.c.o[0m
[10.940s] [  9%] [32mBuilding C object CMakeFiles/slam_msgs__rosidl_generator_c.dir/rosidl_generator_c/slam_msgs/msg/detail/map_point__functions.c.o[0m
[10.955s] [ 10%] [32mBuilding C object CMakeFiles/slam_msgs__rosidl_generator_c.dir/rosidl_generator_c/slam_msgs/msg/detail/slam_info__functions.c.o[0m
[10.967s] [ 11%] [32mBuilding C object CMakeFiles/slam_msgs__rosidl_generator_c.dir/rosidl_generator_c/slam_msgs/srv/detail/get_map__functions.c.o[0m
[11.165s] [ 12%] [32mBuilding C object CMakeFiles/slam_msgs__rosidl_generator_c.dir/rosidl_generator_c/slam_msgs/srv/detail/get_landmarks_in_view__functions.c.o[0m
[11.197s] [ 13%] [32mBuilding C object CMakeFiles/slam_msgs__rosidl_generator_c.dir/rosidl_generator_c/slam_msgs/srv/detail/get_all_landmarks_in_map__functions.c.o[0m
[11.281s] [ 14%] [32mBuilding C object CMakeFiles/slam_msgs__rosidl_generator_c.dir/rosidl_generator_c/slam_msgs/srv/detail/get_global_point_cloud__functions.c.o[0m
[11.490s] [ 15%] [32m[1mLinking C shared library libslam_msgs__rosidl_generator_c.so[0m
[11.577s] [ 15%] Built target slam_msgs__rosidl_generator_c
[11.613s] [ 16%] [34m[1mGenerating C introspection for ROS interfaces[0m
[11.624s] [ 17%] [34m[1mGenerating C type support dispatch for ROS interfaces[0m
[12.026s] [35m[1mScanning dependencies of target slam_msgs__rosidl_typesupport_cpp[0m
[12.097s] [ 18%] [32mBuilding CXX object CMakeFiles/slam_msgs__rosidl_typesupport_cpp.dir/rosidl_typesupport_cpp/slam_msgs/msg/map_graph__type_support.cpp.o[0m
[12.104s] [ 20%] [32mBuilding CXX object CMakeFiles/slam_msgs__rosidl_typesupport_cpp.dir/rosidl_typesupport_cpp/slam_msgs/msg/map_data__type_support.cpp.o[0m
[12.854s] [35m[1mScanning dependencies of target slam_msgs__rosidl_typesupport_introspection_cpp[0m
[12.962s] [ 21%] [32mBuilding CXX object CMakeFiles/slam_msgs__rosidl_typesupport_introspection_cpp.dir/rosidl_typesupport_introspection_cpp/slam_msgs/msg/detail/map_graph__type_support.cpp.o[0m
[13.154s] [35m[1mScanning dependencies of target slam_msgs__rosidl_typesupport_fastrtps_cpp[0m
[13.281s] [ 22%] [32mBuilding CXX object CMakeFiles/slam_msgs__rosidl_typesupport_fastrtps_cpp.dir/rosidl_typesupport_fastrtps_cpp/slam_msgs/msg/detail/dds_fastrtps/map_graph__type_support.cpp.o[0m
[13.412s] [ 23%] [32mBuilding CXX object CMakeFiles/slam_msgs__rosidl_typesupport_cpp.dir/rosidl_typesupport_cpp/slam_msgs/msg/key_frame__type_support.cpp.o[0m
[13.421s] [ 24%] [32mBuilding CXX object CMakeFiles/slam_msgs__rosidl_typesupport_cpp.dir/rosidl_typesupport_cpp/slam_msgs/msg/map_point__type_support.cpp.o[0m
[13.745s] [35m[1mScanning dependencies of target slam_msgs__rosidl_typesupport_c[0m
[13.846s] [ 25%] [32mBuilding CXX object CMakeFiles/slam_msgs__rosidl_typesupport_c.dir/rosidl_typesupport_c/slam_msgs/msg/map_graph__type_support.cpp.o[0m
[13.999s] [ 26%] [32mBuilding CXX object CMakeFiles/slam_msgs__rosidl_typesupport_c.dir/rosidl_typesupport_c/slam_msgs/msg/map_data__type_support.cpp.o[0m
[14.098s] [ 27%] [32mBuilding CXX object CMakeFiles/slam_msgs__rosidl_typesupport_c.dir/rosidl_typesupport_c/slam_msgs/msg/key_frame__type_support.cpp.o[0m
[14.210s] [ 28%] [32mBuilding CXX object CMakeFiles/slam_msgs__rosidl_typesupport_c.dir/rosidl_typesupport_c/slam_msgs/msg/map_point__type_support.cpp.o[0m
[14.269s] [ 29%] [32mBuilding CXX object CMakeFiles/slam_msgs__rosidl_typesupport_introspection_cpp.dir/rosidl_typesupport_introspection_cpp/slam_msgs/msg/detail/map_data__type_support.cpp.o[0m
[14.294s] [ 30%] [32mBuilding CXX object CMakeFiles/slam_msgs__rosidl_typesupport_cpp.dir/rosidl_typesupport_cpp/slam_msgs/msg/slam_info__type_support.cpp.o[0m
[14.322s] [ 31%] [32mBuilding CXX object CMakeFiles/slam_msgs__rosidl_typesupport_c.dir/rosidl_typesupport_c/slam_msgs/msg/slam_info__type_support.cpp.o[0m
[14.465s] [ 32%] [32mBuilding CXX object CMakeFiles/slam_msgs__rosidl_typesupport_cpp.dir/rosidl_typesupport_cpp/slam_msgs/srv/get_map__type_support.cpp.o[0m
[14.475s] [35m[1mScanning dependencies of target slam_msgs__rosidl_typesupport_introspection_c[0m
[14.483s] [ 33%] [32mBuilding CXX object CMakeFiles/slam_msgs__rosidl_typesupport_c.dir/rosidl_typesupport_c/slam_msgs/srv/get_map__type_support.cpp.o[0m
[14.586s] [ 34%] [32mBuilding C object CMakeFiles/slam_msgs__rosidl_typesupport_introspection_c.dir/rosidl_typesupport_introspection_c/slam_msgs/msg/detail/map_graph__type_support.c.o[0m
[14.685s] [ 35%] [32mBuilding CXX object CMakeFiles/slam_msgs__rosidl_typesupport_c.dir/rosidl_typesupport_c/slam_msgs/srv/get_landmarks_in_view__type_support.cpp.o[0m
[14.773s] [ 36%] [32mBuilding C object CMakeFiles/slam_msgs__rosidl_typesupport_introspection_c.dir/rosidl_typesupport_introspection_c/slam_msgs/msg/detail/map_data__type_support.c.o[0m
[14.822s] [ 37%] [32mBuilding CXX object CMakeFiles/slam_msgs__rosidl_typesupport_fastrtps_cpp.dir/rosidl_typesupport_fastrtps_cpp/slam_msgs/msg/detail/dds_fastrtps/map_data__type_support.cpp.o[0m
[14.822s] [ 38%] [32mBuilding CXX object CMakeFiles/slam_msgs__rosidl_typesupport_c.dir/rosidl_typesupport_c/slam_msgs/srv/get_all_landmarks_in_map__type_support.cpp.o[0m
[14.916s] [ 40%] [32mBuilding C object CMakeFiles/slam_msgs__rosidl_typesupport_introspection_c.dir/rosidl_typesupport_introspection_c/slam_msgs/msg/detail/key_frame__type_support.c.o[0m
[14.998s] [ 41%] [32mBuilding CXX object CMakeFiles/slam_msgs__rosidl_typesupport_c.dir/rosidl_typesupport_c/slam_msgs/srv/get_global_point_cloud__type_support.cpp.o[0m
[15.035s] [ 42%] [32mBuilding C object CMakeFiles/slam_msgs__rosidl_typesupport_introspection_c.dir/rosidl_typesupport_introspection_c/slam_msgs/msg/detail/map_point__type_support.c.o[0m
[15.102s] [ 43%] [32mBuilding CXX object CMakeFiles/slam_msgs__rosidl_typesupport_cpp.dir/rosidl_typesupport_cpp/slam_msgs/srv/get_landmarks_in_view__type_support.cpp.o[0m
[15.116s] [ 44%] [32m[1mLinking CXX shared library libslam_msgs__rosidl_typesupport_c.so[0m
[15.133s] [ 45%] [32mBuilding C object CMakeFiles/slam_msgs__rosidl_typesupport_introspection_c.dir/rosidl_typesupport_introspection_c/slam_msgs/msg/detail/slam_info__type_support.c.o[0m
[15.290s] [ 45%] Built target slam_msgs__rosidl_typesupport_c
[15.310s] [ 46%] [32mBuilding C object CMakeFiles/slam_msgs__rosidl_typesupport_introspection_c.dir/rosidl_typesupport_introspection_c/slam_msgs/srv/detail/get_map__type_support.c.o[0m
[15.341s] [ 47%] [32mBuilding C object CMakeFiles/slam_msgs__rosidl_typesupport_introspection_c.dir/rosidl_typesupport_introspection_c/slam_msgs/srv/detail/get_landmarks_in_view__type_support.c.o[0m
[15.467s] [ 48%] [32mBuilding CXX object CMakeFiles/slam_msgs__rosidl_typesupport_cpp.dir/rosidl_typesupport_cpp/slam_msgs/srv/get_all_landmarks_in_map__type_support.cpp.o[0m
[15.477s] [ 49%] [32mBuilding C object CMakeFiles/slam_msgs__rosidl_typesupport_introspection_c.dir/rosidl_typesupport_introspection_c/slam_msgs/srv/detail/get_all_landmarks_in_map__type_support.c.o[0m
[15.486s] [ 50%] [32mBuilding C object CMakeFiles/slam_msgs__rosidl_typesupport_introspection_c.dir/rosidl_typesupport_introspection_c/slam_msgs/srv/detail/get_global_point_cloud__type_support.c.o[0m
[15.580s] [ 51%] [32mBuilding CXX object CMakeFiles/slam_msgs__rosidl_typesupport_cpp.dir/rosidl_typesupport_cpp/slam_msgs/srv/get_global_point_cloud__type_support.cpp.o[0m
[15.618s] [ 52%] [32m[1mLinking C shared library libslam_msgs__rosidl_typesupport_introspection_c.so[0m
[15.697s] [ 53%] [32mBuilding CXX object CMakeFiles/slam_msgs__rosidl_typesupport_introspection_cpp.dir/rosidl_typesupport_introspection_cpp/slam_msgs/msg/detail/key_frame__type_support.cpp.o[0m
[15.825s] [ 53%] Built target slam_msgs__rosidl_typesupport_introspection_c
[15.861s] [ 54%] [32mBuilding CXX object CMakeFiles/slam_msgs__rosidl_typesupport_introspection_cpp.dir/rosidl_typesupport_introspection_cpp/slam_msgs/msg/detail/map_point__type_support.cpp.o[0m
[15.973s] [ 55%] [32mBuilding CXX object CMakeFiles/slam_msgs__rosidl_typesupport_introspection_cpp.dir/rosidl_typesupport_introspection_cpp/slam_msgs/msg/detail/slam_info__type_support.cpp.o[0m
[16.179s] [ 56%] [32mBuilding CXX object CMakeFiles/slam_msgs__rosidl_typesupport_introspection_cpp.dir/rosidl_typesupport_introspection_cpp/slam_msgs/srv/detail/get_map__type_support.cpp.o[0m
[16.386s] [ 57%] [32m[1mLinking CXX shared library libslam_msgs__rosidl_typesupport_cpp.so[0m
[16.512s] [ 58%] [32mBuilding CXX object CMakeFiles/slam_msgs__rosidl_typesupport_fastrtps_cpp.dir/rosidl_typesupport_fastrtps_cpp/slam_msgs/msg/detail/dds_fastrtps/key_frame__type_support.cpp.o[0m
[16.563s] [ 58%] Built target slam_msgs__rosidl_typesupport_cpp
[16.617s] [ 60%] [32mBuilding CXX object CMakeFiles/slam_msgs__rosidl_typesupport_introspection_cpp.dir/rosidl_typesupport_introspection_cpp/slam_msgs/srv/detail/get_landmarks_in_view__type_support.cpp.o[0m
[16.621s] [ 61%] [32mBuilding CXX object CMakeFiles/slam_msgs__rosidl_typesupport_fastrtps_cpp.dir/rosidl_typesupport_fastrtps_cpp/slam_msgs/msg/detail/dds_fastrtps/map_point__type_support.cpp.o[0m
[16.915s] [ 62%] [32mBuilding CXX object CMakeFiles/slam_msgs__rosidl_typesupport_introspection_cpp.dir/rosidl_typesupport_introspection_cpp/slam_msgs/srv/detail/get_all_landmarks_in_map__type_support.cpp.o[0m
[16.973s] [ 63%] [32mBuilding CXX object CMakeFiles/slam_msgs__rosidl_typesupport_introspection_cpp.dir/rosidl_typesupport_introspection_cpp/slam_msgs/srv/detail/get_global_point_cloud__type_support.cpp.o[0m
[17.171s] [ 64%] [32mBuilding CXX object CMakeFiles/slam_msgs__rosidl_typesupport_fastrtps_cpp.dir/rosidl_typesupport_fastrtps_cpp/slam_msgs/msg/detail/dds_fastrtps/slam_info__type_support.cpp.o[0m
[17.705s] [ 65%] [32mBuilding CXX object CMakeFiles/slam_msgs__rosidl_typesupport_fastrtps_cpp.dir/rosidl_typesupport_fastrtps_cpp/slam_msgs/srv/detail/dds_fastrtps/get_map__type_support.cpp.o[0m
[17.707s] [ 66%] [32mBuilding CXX object CMakeFiles/slam_msgs__rosidl_typesupport_fastrtps_cpp.dir/rosidl_typesupport_fastrtps_cpp/slam_msgs/srv/detail/dds_fastrtps/get_landmarks_in_view__type_support.cpp.o[0m
[17.839s] [ 67%] [32mBuilding CXX object CMakeFiles/slam_msgs__rosidl_typesupport_fastrtps_cpp.dir/rosidl_typesupport_fastrtps_cpp/slam_msgs/srv/detail/dds_fastrtps/get_all_landmarks_in_map__type_support.cpp.o[0m
[17.949s] [ 68%] [32m[1mLinking CXX shared library libslam_msgs__rosidl_typesupport_introspection_cpp.so[0m
[17.956s] [ 69%] [32mBuilding CXX object CMakeFiles/slam_msgs__rosidl_typesupport_fastrtps_cpp.dir/rosidl_typesupport_fastrtps_cpp/slam_msgs/srv/detail/dds_fastrtps/get_global_point_cloud__type_support.cpp.o[0m
[18.287s] [ 69%] Built target slam_msgs__rosidl_typesupport_introspection_cpp
[18.957s] [ 70%] [32m[1mLinking CXX shared library libslam_msgs__rosidl_typesupport_fastrtps_cpp.so[0m
[19.151s] [ 70%] Built target slam_msgs__rosidl_typesupport_fastrtps_cpp
[19.172s] [ 71%] [34m[1mGenerating C type support for eProsima Fast-RTPS[0m
[20.557s] [35m[1mScanning dependencies of target slam_msgs__rosidl_typesupport_fastrtps_c[0m
[20.619s] [ 76%] [32mBuilding CXX object CMakeFiles/slam_msgs__rosidl_typesupport_fastrtps_c.dir/rosidl_typesupport_fastrtps_c/slam_msgs/msg/detail/slam_info__type_support_c.cpp.o[0m
[20.619s] [ 76%] [32mBuilding CXX object CMakeFiles/slam_msgs__rosidl_typesupport_fastrtps_c.dir/rosidl_typesupport_fastrtps_c/slam_msgs/msg/detail/key_frame__type_support_c.cpp.o[0m
[20.620s] [ 76%] [32mBuilding CXX object CMakeFiles/slam_msgs__rosidl_typesupport_fastrtps_c.dir/rosidl_typesupport_fastrtps_c/slam_msgs/msg/detail/map_graph__type_support_c.cpp.o[0m
[20.620s] [ 76%] [32mBuilding CXX object CMakeFiles/slam_msgs__rosidl_typesupport_fastrtps_c.dir/rosidl_typesupport_fastrtps_c/slam_msgs/msg/detail/map_data__type_support_c.cpp.o[0m
[20.621s] [ 76%] [32mBuilding CXX object CMakeFiles/slam_msgs__rosidl_typesupport_fastrtps_c.dir/rosidl_typesupport_fastrtps_c/slam_msgs/msg/detail/map_point__type_support_c.cpp.o[0m
[20.633s] [ 77%] [32mBuilding CXX object CMakeFiles/slam_msgs__rosidl_typesupport_fastrtps_c.dir/rosidl_typesupport_fastrtps_c/slam_msgs/srv/detail/get_map__type_support_c.cpp.o[0m
[21.399s] [ 80%] [32mBuilding CXX object CMakeFiles/slam_msgs__rosidl_typesupport_fastrtps_c.dir/rosidl_typesupport_fastrtps_c/slam_msgs/srv/detail/get_landmarks_in_view__type_support_c.cpp.o[0m
[21.399s] [ 80%] [32mBuilding CXX object CMakeFiles/slam_msgs__rosidl_typesupport_fastrtps_c.dir/rosidl_typesupport_fastrtps_c/slam_msgs/srv/detail/get_all_landmarks_in_map__type_support_c.cpp.o[0m
[21.431s] [ 81%] [32mBuilding CXX object CMakeFiles/slam_msgs__rosidl_typesupport_fastrtps_c.dir/rosidl_typesupport_fastrtps_c/slam_msgs/srv/detail/get_global_point_cloud__type_support_c.cpp.o[0m
[22.211s] [ 82%] [32m[1mLinking CXX shared library libslam_msgs__rosidl_typesupport_fastrtps_c.so[0m
[22.390s] [ 82%] Built target slam_msgs__rosidl_typesupport_fastrtps_c
[22.410s] [35m[1mScanning dependencies of target slam_msgs[0m
[22.433s] [ 82%] Built target slam_msgs
[22.454s] [35m[1mScanning dependencies of target slam_msgs__py[0m
[22.477s] [ 83%] [34m[1mGenerating Python code for ROS interfaces[0m
[25.435s] [ 83%] Built target slam_msgs__py
[25.456s] [35m[1mScanning dependencies of target slam_msgs__python[0m
[25.524s] [ 89%] [32mBuilding C object CMakeFiles/slam_msgs__python.dir/rosidl_generator_py/slam_msgs/msg/_key_frame_s.c.o[0m
[25.525s] [ 89%] [32mBuilding C object CMakeFiles/slam_msgs__python.dir/rosidl_generator_py/slam_msgs/srv/_get_map_s.c.o[0m
[25.525s] [ 89%] [32mBuilding C object CMakeFiles/slam_msgs__python.dir/rosidl_generator_py/slam_msgs/msg/_slam_info_s.c.o[0m
[25.525s] [ 89%] [32mBuilding C object CMakeFiles/slam_msgs__python.dir/rosidl_generator_py/slam_msgs/msg/_map_data_s.c.o[0m
[25.525s] [ 89%] [32mBuilding C object CMakeFiles/slam_msgs__python.dir/rosidl_generator_py/slam_msgs/msg/_map_point_s.c.o[0m
[25.525s] [ 89%] [32mBuilding C object CMakeFiles/slam_msgs__python.dir/rosidl_generator_py/slam_msgs/msg/_map_graph_s.c.o[0m
[25.713s] [ 90%] [32mBuilding C object CMakeFiles/slam_msgs__python.dir/rosidl_generator_py/slam_msgs/srv/_get_landmarks_in_view_s.c.o[0m
[25.723s] [ 92%] [32mBuilding C object CMakeFiles/slam_msgs__python.dir/rosidl_generator_py/slam_msgs/srv/_get_global_point_cloud_s.c.o[0m
[25.723s] [ 92%] [32mBuilding C object CMakeFiles/slam_msgs__python.dir/rosidl_generator_py/slam_msgs/srv/_get_all_landmarks_in_map_s.c.o[0m
[25.915s] [ 93%] [32m[1mLinking C shared library rosidl_generator_py/slam_msgs/libslam_msgs__python.so[0m
[26.009s] [ 93%] Built target slam_msgs__python
[26.028s] [35m[1mScanning dependencies of target slam_msgs__rosidl_typesupport_c__pyext[0m
[26.029s] [35m[1mScanning dependencies of target slam_msgs__rosidl_typesupport_introspection_c__pyext[0m
[26.029s] [35m[1mScanning dependencies of target slam_msgs__rosidl_typesupport_fastrtps_c__pyext[0m
[26.069s] [ 95%] [32mBuilding C object CMakeFiles/slam_msgs__rosidl_typesupport_c__pyext.dir/rosidl_generator_py/slam_msgs/_slam_msgs_s.ep.rosidl_typesupport_c.c.o[0m
[26.069s] [ 95%] [32mBuilding C object CMakeFiles/slam_msgs__rosidl_typesupport_introspection_c__pyext.dir/rosidl_generator_py/slam_msgs/_slam_msgs_s.ep.rosidl_typesupport_introspection_c.c.o[0m
[26.069s] [ 96%] [32mBuilding C object CMakeFiles/slam_msgs__rosidl_typesupport_fastrtps_c__pyext.dir/rosidl_generator_py/slam_msgs/_slam_msgs_s.ep.rosidl_typesupport_fastrtps_c.c.o[0m
[26.313s] [100%] [32m[1mLinking C shared library rosidl_generator_py/slam_msgs/slam_msgs_s__rosidl_typesupport_introspection_c.cpython-38-aarch64-linux-gnu.so[0m
[26.313s] [100%] [32m[1mLinking CXX shared library rosidl_generator_py/slam_msgs/slam_msgs_s__rosidl_typesupport_fastrtps_c.cpython-38-aarch64-linux-gnu.so[0m
[26.313s] [100%] [32m[1mLinking C shared library rosidl_generator_py/slam_msgs/slam_msgs_s__rosidl_typesupport_c.cpython-38-aarch64-linux-gnu.so[0m
[26.395s] [100%] Built target slam_msgs__rosidl_typesupport_introspection_c__pyext
[26.395s] [100%] Built target slam_msgs__rosidl_typesupport_c__pyext
[26.448s] [100%] Built target slam_msgs__rosidl_typesupport_fastrtps_c__pyext
[26.476s] Invoked command in '/home/wings/Backscatter_UGV_ws/build/slam_msgs' returned '0': CMAKE_PREFIX_PATH=/opt/ros/foxy /usr/bin/cmake --build /home/wings/Backscatter_UGV_ws/build/slam_msgs -- -j6 -l6
[26.485s] Invoking command in '/home/wings/Backscatter_UGV_ws/build/slam_msgs': CMAKE_PREFIX_PATH=/opt/ros/foxy /usr/bin/cmake --install /home/wings/Backscatter_UGV_ws/build/slam_msgs
[26.505s] -- Install configuration: ""
[26.505s] -- Installing: /home/wings/Backscatter_UGV_ws/install/slam_msgs/share/ament_index/resource_index/rosidl_interfaces/slam_msgs
[26.506s] -- Installing: /home/wings/Backscatter_UGV_ws/install/slam_msgs/include/slam_msgs
[26.506s] -- Installing: /home/wings/Backscatter_UGV_ws/install/slam_msgs/include/slam_msgs/srv
[26.506s] -- Installing: /home/wings/Backscatter_UGV_ws/install/slam_msgs/include/slam_msgs/srv/get_map.h
[26.506s] -- Installing: /home/wings/Backscatter_UGV_ws/install/slam_msgs/include/slam_msgs/srv/get_landmarks_in_view.h
[26.506s] -- Installing: /home/wings/Backscatter_UGV_ws/install/slam_msgs/include/slam_msgs/srv/detail
[26.506s] -- Installing: /home/wings/Backscatter_UGV_ws/install/slam_msgs/include/slam_msgs/srv/detail/get_all_landmarks_in_map__functions.c
[26.507s] -- Installing: /home/wings/Backscatter_UGV_ws/install/slam_msgs/include/slam_msgs/srv/detail/get_landmarks_in_view__functions.c
[26.507s] -- Installing: /home/wings/Backscatter_UGV_ws/install/slam_msgs/include/slam_msgs/srv/detail/get_global_point_cloud__functions.c
[26.507s] -- Installing: /home/wings/Backscatter_UGV_ws/install/slam_msgs/include/slam_msgs/srv/detail/get_all_landmarks_in_map__struct.h
[26.507s] -- Installing: /home/wings/Backscatter_UGV_ws/install/slam_msgs/include/slam_msgs/srv/detail/get_map__functions.h
[26.508s] -- Installing: /home/wings/Backscatter_UGV_ws/install/slam_msgs/include/slam_msgs/srv/detail/get_global_point_cloud__functions.h
[26.508s] -- Installing: /home/wings/Backscatter_UGV_ws/install/slam_msgs/include/slam_msgs/srv/detail/get_map__functions.c
[26.508s] -- Installing: /home/wings/Backscatter_UGV_ws/install/slam_msgs/include/slam_msgs/srv/detail/get_landmarks_in_view__struct.h
[26.508s] -- Installing: /home/wings/Backscatter_UGV_ws/install/slam_msgs/include/slam_msgs/srv/detail/get_landmarks_in_view__type_support.h
[26.508s] -- Installing: /home/wings/Backscatter_UGV_ws/install/slam_msgs/include/slam_msgs/srv/detail/get_all_landmarks_in_map__type_support.h
[26.509s] -- Installing: /home/wings/Backscatter_UGV_ws/install/slam_msgs/include/slam_msgs/srv/detail/get_global_point_cloud__struct.h
[26.509s] -- Installing: /home/wings/Backscatter_UGV_ws/install/slam_msgs/include/slam_msgs/srv/detail/get_landmarks_in_view__functions.h
[26.509s] -- Installing: /home/wings/Backscatter_UGV_ws/install/slam_msgs/include/slam_msgs/srv/detail/get_global_point_cloud__type_support.h
[26.509s] -- Installing: /home/wings/Backscatter_UGV_ws/install/slam_msgs/include/slam_msgs/srv/detail/get_map__type_support.h
[26.509s] -- Installing: /home/wings/Backscatter_UGV_ws/install/slam_msgs/include/slam_msgs/srv/detail/get_all_landmarks_in_map__functions.h
[26.510s] -- Installing: /home/wings/Backscatter_UGV_ws/install/slam_msgs/include/slam_msgs/srv/detail/get_map__struct.h
[26.510s] -- Installing: /home/wings/Backscatter_UGV_ws/install/slam_msgs/include/slam_msgs/srv/get_all_landmarks_in_map.h
[26.510s] -- Installing: /home/wings/Backscatter_UGV_ws/install/slam_msgs/include/slam_msgs/srv/get_global_point_cloud.h
[26.510s] -- Installing: /home/wings/Backscatter_UGV_ws/install/slam_msgs/include/slam_msgs/msg
[26.510s] -- Installing: /home/wings/Backscatter_UGV_ws/install/slam_msgs/include/slam_msgs/msg/key_frame.h
[26.511s] -- Installing: /home/wings/Backscatter_UGV_ws/install/slam_msgs/include/slam_msgs/msg/map_point.h
[26.511s] -- Installing: /home/wings/Backscatter_UGV_ws/install/slam_msgs/include/slam_msgs/msg/slam_info.h
[26.511s] -- Installing: /home/wings/Backscatter_UGV_ws/install/slam_msgs/include/slam_msgs/msg/detail
[26.511s] -- Installing: /home/wings/Backscatter_UGV_ws/install/slam_msgs/include/slam_msgs/msg/detail/map_graph__type_support.h
[26.511s] -- Installing: /home/wings/Backscatter_UGV_ws/install/slam_msgs/include/slam_msgs/msg/detail/slam_info__functions.h
[26.511s] -- Installing: /home/wings/Backscatter_UGV_ws/install/slam_msgs/include/slam_msgs/msg/detail/slam_info__struct.h
[26.512s] -- Installing: /home/wings/Backscatter_UGV_ws/install/slam_msgs/include/slam_msgs/msg/detail/map_graph__struct.h
[26.512s] -- Installing: /home/wings/Backscatter_UGV_ws/install/slam_msgs/include/slam_msgs/msg/detail/map_point__struct.h
[26.512s] -- Installing: /home/wings/Backscatter_UGV_ws/install/slam_msgs/include/slam_msgs/msg/detail/map_data__functions.h
[26.512s] -- Installing: /home/wings/Backscatter_UGV_ws/install/slam_msgs/include/slam_msgs/msg/detail/map_data__type_support.h
[26.513s] -- Installing: /home/wings/Backscatter_UGV_ws/install/slam_msgs/include/slam_msgs/msg/detail/key_frame__functions.h
[26.513s] -- Installing: /home/wings/Backscatter_UGV_ws/install/slam_msgs/include/slam_msgs/msg/detail/map_data__functions.c
[26.513s] -- Installing: /home/wings/Backscatter_UGV_ws/install/slam_msgs/include/slam_msgs/msg/detail/key_frame__functions.c
[26.513s] -- Installing: /home/wings/Backscatter_UGV_ws/install/slam_msgs/include/slam_msgs/msg/detail/map_point__type_support.h
[26.513s] -- Installing: /home/wings/Backscatter_UGV_ws/install/slam_msgs/include/slam_msgs/msg/detail/map_graph__functions.c
[26.514s] -- Installing: /home/wings/Backscatter_UGV_ws/install/slam_msgs/include/slam_msgs/msg/detail/map_data__struct.h
[26.514s] -- Installing: /home/wings/Backscatter_UGV_ws/install/slam_msgs/include/slam_msgs/msg/detail/map_point__functions.c
[26.514s] -- Installing: /home/wings/Backscatter_UGV_ws/install/slam_msgs/include/slam_msgs/msg/detail/key_frame__type_support.h
[26.514s] -- Installing: /home/wings/Backscatter_UGV_ws/install/slam_msgs/include/slam_msgs/msg/detail/map_graph__functions.h
[26.514s] -- Installing: /home/wings/Backscatter_UGV_ws/install/slam_msgs/include/slam_msgs/msg/detail/map_point__functions.h
[26.515s] -- Installing: /home/wings/Backscatter_UGV_ws/install/slam_msgs/include/slam_msgs/msg/detail/slam_info__functions.c
[26.515s] -- Installing: /home/wings/Backscatter_UGV_ws/install/slam_msgs/include/slam_msgs/msg/detail/slam_info__type_support.h
[26.515s] -- Installing: /home/wings/Backscatter_UGV_ws/install/slam_msgs/include/slam_msgs/msg/detail/key_frame__struct.h
[26.515s] -- Installing: /home/wings/Backscatter_UGV_ws/install/slam_msgs/include/slam_msgs/msg/rosidl_generator_c__visibility_control.h
[26.515s] -- Installing: /home/wings/Backscatter_UGV_ws/install/slam_msgs/include/slam_msgs/msg/map_data.h
[26.516s] -- Installing: /home/wings/Backscatter_UGV_ws/install/slam_msgs/include/slam_msgs/msg/map_graph.h
[26.516s] -- Installing: /home/wings/Backscatter_UGV_ws/install/slam_msgs/share/slam_msgs/environment/library_path.sh
[26.516s] -- Installing: /home/wings/Backscatter_UGV_ws/install/slam_msgs/share/slam_msgs/environment/library_path.dsv
[26.517s] -- Installing: /home/wings/Backscatter_UGV_ws/install/slam_msgs/lib/libslam_msgs__rosidl_generator_c.so
[26.518s] -- Set runtime path of "/home/wings/Backscatter_UGV_ws/install/slam_msgs/lib/libslam_msgs__rosidl_generator_c.so" to ""
[26.518s] -- Up-to-date: /home/wings/Backscatter_UGV_ws/install/slam_msgs/include/slam_msgs
[26.518s] -- Up-to-date: /home/wings/Backscatter_UGV_ws/install/slam_msgs/include/slam_msgs/srv
[26.518s] -- Up-to-date: /home/wings/Backscatter_UGV_ws/install/slam_msgs/include/slam_msgs/srv/detail
[26.518s] -- Installing: /home/wings/Backscatter_UGV_ws/install/slam_msgs/include/slam_msgs/srv/detail/get_landmarks_in_view__rosidl_typesupport_fastrtps_c.h
[26.518s] -- Installing: /home/wings/Backscatter_UGV_ws/install/slam_msgs/include/slam_msgs/srv/detail/get_global_point_cloud__rosidl_typesupport_fastrtps_c.h
[26.518s] -- Installing: /home/wings/Backscatter_UGV_ws/install/slam_msgs/include/slam_msgs/srv/detail/get_map__rosidl_typesupport_fastrtps_c.h
[26.519s] -- Installing: /home/wings/Backscatter_UGV_ws/install/slam_msgs/include/slam_msgs/srv/detail/get_all_landmarks_in_map__rosidl_typesupport_fastrtps_c.h
[26.519s] -- Up-to-date: /home/wings/Backscatter_UGV_ws/install/slam_msgs/include/slam_msgs/msg
[26.519s] -- Up-to-date: /home/wings/Backscatter_UGV_ws/install/slam_msgs/include/slam_msgs/msg/detail
[26.519s] -- Installing: /home/wings/Backscatter_UGV_ws/install/slam_msgs/include/slam_msgs/msg/detail/slam_info__rosidl_typesupport_fastrtps_c.h
[26.519s] -- Installing: /home/wings/Backscatter_UGV_ws/install/slam_msgs/include/slam_msgs/msg/detail/key_frame__rosidl_typesupport_fastrtps_c.h
[26.519s] -- Installing: /home/wings/Backscatter_UGV_ws/install/slam_msgs/include/slam_msgs/msg/detail/map_data__rosidl_typesupport_fastrtps_c.h
[26.520s] -- Installing: /home/wings/Backscatter_UGV_ws/install/slam_msgs/include/slam_msgs/msg/detail/map_point__rosidl_typesupport_fastrtps_c.h
[26.520s] -- Installing: /home/wings/Backscatter_UGV_ws/install/slam_msgs/include/slam_msgs/msg/detail/map_graph__rosidl_typesupport_fastrtps_c.h
[26.520s] -- Installing: /home/wings/Backscatter_UGV_ws/install/slam_msgs/include/slam_msgs/msg/rosidl_typesupport_fastrtps_c__visibility_control.h
[26.520s] -- Installing: /home/wings/Backscatter_UGV_ws/install/slam_msgs/lib/libslam_msgs__rosidl_typesupport_fastrtps_c.so
[26.521s] -- Set runtime path of "/home/wings/Backscatter_UGV_ws/install/slam_msgs/lib/libslam_msgs__rosidl_typesupport_fastrtps_c.so" to ""
[26.521s] -- Up-to-date: /home/wings/Backscatter_UGV_ws/install/slam_msgs/include/slam_msgs
[26.521s] -- Up-to-date: /home/wings/Backscatter_UGV_ws/install/slam_msgs/include/slam_msgs/srv
[26.522s] -- Up-to-date: /home/wings/Backscatter_UGV_ws/install/slam_msgs/include/slam_msgs/srv/detail
[26.522s] -- Installing: /home/wings/Backscatter_UGV_ws/install/slam_msgs/include/slam_msgs/srv/detail/get_all_landmarks_in_map__rosidl_typesupport_fastrtps_cpp.hpp
[26.522s] -- Installing: /home/wings/Backscatter_UGV_ws/install/slam_msgs/include/slam_msgs/srv/detail/get_map__rosidl_typesupport_fastrtps_cpp.hpp
[26.522s] -- Installing: /home/wings/Backscatter_UGV_ws/install/slam_msgs/include/slam_msgs/srv/detail/dds_fastrtps
[26.522s] -- Installing: /home/wings/Backscatter_UGV_ws/install/slam_msgs/include/slam_msgs/srv/detail/get_landmarks_in_view__rosidl_typesupport_fastrtps_cpp.hpp
[26.522s] -- Installing: /home/wings/Backscatter_UGV_ws/install/slam_msgs/include/slam_msgs/srv/detail/get_global_point_cloud__rosidl_typesupport_fastrtps_cpp.hpp
[26.523s] -- Up-to-date: /home/wings/Backscatter_UGV_ws/install/slam_msgs/include/slam_msgs/msg
[26.523s] -- Up-to-date: /home/wings/Backscatter_UGV_ws/install/slam_msgs/include/slam_msgs/msg/detail
[26.523s] -- Installing: /home/wings/Backscatter_UGV_ws/install/slam_msgs/include/slam_msgs/msg/detail/map_graph__rosidl_typesupport_fastrtps_cpp.hpp
[26.523s] -- Installing: /home/wings/Backscatter_UGV_ws/install/slam_msgs/include/slam_msgs/msg/detail/map_data__rosidl_typesupport_fastrtps_cpp.hpp
[26.523s] -- Installing: /home/wings/Backscatter_UGV_ws/install/slam_msgs/include/slam_msgs/msg/detail/slam_info__rosidl_typesupport_fastrtps_cpp.hpp
[26.523s] -- Installing: /home/wings/Backscatter_UGV_ws/install/slam_msgs/include/slam_msgs/msg/detail/map_point__rosidl_typesupport_fastrtps_cpp.hpp
[26.523s] -- Installing: /home/wings/Backscatter_UGV_ws/install/slam_msgs/include/slam_msgs/msg/detail/dds_fastrtps
[26.524s] -- Installing: /home/wings/Backscatter_UGV_ws/install/slam_msgs/include/slam_msgs/msg/detail/key_frame__rosidl_typesupport_fastrtps_cpp.hpp
[26.524s] -- Installing: /home/wings/Backscatter_UGV_ws/install/slam_msgs/include/slam_msgs/msg/rosidl_typesupport_fastrtps_cpp__visibility_control.h
[26.524s] -- Installing: /home/wings/Backscatter_UGV_ws/install/slam_msgs/lib/libslam_msgs__rosidl_typesupport_fastrtps_cpp.so
[26.525s] -- Set runtime path of "/home/wings/Backscatter_UGV_ws/install/slam_msgs/lib/libslam_msgs__rosidl_typesupport_fastrtps_cpp.so" to ""
[26.525s] -- Up-to-date: /home/wings/Backscatter_UGV_ws/install/slam_msgs/include/slam_msgs
[26.526s] -- Up-to-date: /home/wings/Backscatter_UGV_ws/install/slam_msgs/include/slam_msgs/srv
[26.526s] -- Up-to-date: /home/wings/Backscatter_UGV_ws/install/slam_msgs/include/slam_msgs/srv/detail
[26.526s] -- Installing: /home/wings/Backscatter_UGV_ws/install/slam_msgs/include/slam_msgs/srv/detail/get_map__rosidl_typesupport_introspection_c.h
[26.526s] -- Installing: /home/wings/Backscatter_UGV_ws/install/slam_msgs/include/slam_msgs/srv/detail/get_all_landmarks_in_map__type_support.c
[26.526s] -- Installing: /home/wings/Backscatter_UGV_ws/install/slam_msgs/include/slam_msgs/srv/detail/get_landmarks_in_view__rosidl_typesupport_introspection_c.h
[26.526s] -- Installing: /home/wings/Backscatter_UGV_ws/install/slam_msgs/include/slam_msgs/srv/detail/get_landmarks_in_view__type_support.c
[26.526s] -- Installing: /home/wings/Backscatter_UGV_ws/install/slam_msgs/include/slam_msgs/srv/detail/get_map__type_support.c
[26.527s] -- Installing: /home/wings/Backscatter_UGV_ws/install/slam_msgs/include/slam_msgs/srv/detail/get_global_point_cloud__rosidl_typesupport_introspection_c.h
[26.527s] -- Installing: /home/wings/Backscatter_UGV_ws/install/slam_msgs/include/slam_msgs/srv/detail/get_global_point_cloud__type_support.c
[26.527s] -- Installing: /home/wings/Backscatter_UGV_ws/install/slam_msgs/include/slam_msgs/srv/detail/get_all_landmarks_in_map__rosidl_typesupport_introspection_c.h
[26.527s] -- Up-to-date: /home/wings/Backscatter_UGV_ws/install/slam_msgs/include/slam_msgs/msg
[26.527s] -- Installing: /home/wings/Backscatter_UGV_ws/install/slam_msgs/include/slam_msgs/msg/rosidl_typesupport_introspection_c__visibility_control.h
[26.528s] -- Up-to-date: /home/wings/Backscatter_UGV_ws/install/slam_msgs/include/slam_msgs/msg/detail
[26.528s] -- Installing: /home/wings/Backscatter_UGV_ws/install/slam_msgs/include/slam_msgs/msg/detail/slam_info__type_support.c
[26.528s] -- Installing: /home/wings/Backscatter_UGV_ws/install/slam_msgs/include/slam_msgs/msg/detail/map_point__type_support.c
[26.528s] -- Installing: /home/wings/Backscatter_UGV_ws/install/slam_msgs/include/slam_msgs/msg/detail/key_frame__rosidl_typesupport_introspection_c.h
[26.528s] -- Installing: /home/wings/Backscatter_UGV_ws/install/slam_msgs/include/slam_msgs/msg/detail/slam_info__rosidl_typesupport_introspection_c.h
[26.528s] -- Installing: /home/wings/Backscatter_UGV_ws/install/slam_msgs/include/slam_msgs/msg/detail/key_frame__type_support.c
[26.529s] -- Installing: /home/wings/Backscatter_UGV_ws/install/slam_msgs/include/slam_msgs/msg/detail/map_graph__type_support.c
[26.529s] -- Installing: /home/wings/Backscatter_UGV_ws/install/slam_msgs/include/slam_msgs/msg/detail/map_graph__rosidl_typesupport_introspection_c.h
[26.529s] -- Installing: /home/wings/Backscatter_UGV_ws/install/slam_msgs/include/slam_msgs/msg/detail/map_data__rosidl_typesupport_introspection_c.h
[26.529s] -- Installing: /home/wings/Backscatter_UGV_ws/install/slam_msgs/include/slam_msgs/msg/detail/map_point__rosidl_typesupport_introspection_c.h
[26.529s] -- Installing: /home/wings/Backscatter_UGV_ws/install/slam_msgs/include/slam_msgs/msg/detail/map_data__type_support.c
[26.530s] -- Installing: /home/wings/Backscatter_UGV_ws/install/slam_msgs/lib/libslam_msgs__rosidl_typesupport_introspection_c.so
[26.531s] -- Set runtime path of "/home/wings/Backscatter_UGV_ws/install/slam_msgs/lib/libslam_msgs__rosidl_typesupport_introspection_c.so" to ""
[26.531s] -- Installing: /home/wings/Backscatter_UGV_ws/install/slam_msgs/lib/libslam_msgs__rosidl_typesupport_c.so
[26.531s] -- Set runtime path of "/home/wings/Backscatter_UGV_ws/install/slam_msgs/lib/libslam_msgs__rosidl_typesupport_c.so" to ""
[26.532s] -- Up-to-date: /home/wings/Backscatter_UGV_ws/install/slam_msgs/include/slam_msgs
[26.532s] -- Up-to-date: /home/wings/Backscatter_UGV_ws/install/slam_msgs/include/slam_msgs/srv
[26.532s] -- Installing: /home/wings/Backscatter_UGV_ws/install/slam_msgs/include/slam_msgs/srv/get_all_landmarks_in_map.hpp
[26.532s] -- Up-to-date: /home/wings/Backscatter_UGV_ws/install/slam_msgs/include/slam_msgs/srv/detail
[26.532s] -- Installing: /home/wings/Backscatter_UGV_ws/install/slam_msgs/include/slam_msgs/srv/detail/get_map__traits.hpp
[26.532s] -- Installing: /home/wings/Backscatter_UGV_ws/install/slam_msgs/include/slam_msgs/srv/detail/get_landmarks_in_view__struct.hpp
[26.532s] -- Installing: /home/wings/Backscatter_UGV_ws/install/slam_msgs/include/slam_msgs/srv/detail/get_map__type_support.hpp
[26.533s] -- Installing: /home/wings/Backscatter_UGV_ws/install/slam_msgs/include/slam_msgs/srv/detail/get_all_landmarks_in_map__builder.hpp
[26.533s] -- Installing: /home/wings/Backscatter_UGV_ws/install/slam_msgs/include/slam_msgs/srv/detail/get_global_point_cloud__traits.hpp
[26.533s] -- Installing: /home/wings/Backscatter_UGV_ws/install/slam_msgs/include/slam_msgs/srv/detail/get_landmarks_in_view__builder.hpp
[26.533s] -- Installing: /home/wings/Backscatter_UGV_ws/install/slam_msgs/include/slam_msgs/srv/detail/get_global_point_cloud__builder.hpp
[26.533s] -- Installing: /home/wings/Backscatter_UGV_ws/install/slam_msgs/include/slam_msgs/srv/detail/get_all_landmarks_in_map__struct.hpp
[26.534s] -- Installing: /home/wings/Backscatter_UGV_ws/install/slam_msgs/include/slam_msgs/srv/detail/get_all_landmarks_in_map__type_support.hpp
[26.534s] -- Installing: /home/wings/Backscatter_UGV_ws/install/slam_msgs/include/slam_msgs/srv/detail/get_landmarks_in_view__type_support.hpp
[26.534s] -- Installing: /home/wings/Backscatter_UGV_ws/install/slam_msgs/include/slam_msgs/srv/detail/get_all_landmarks_in_map__traits.hpp
[26.534s] -- Installing: /home/wings/Backscatter_UGV_ws/install/slam_msgs/include/slam_msgs/srv/detail/get_map__struct.hpp
[26.535s] -- Installing: /home/wings/Backscatter_UGV_ws/install/slam_msgs/include/slam_msgs/srv/detail/get_global_point_cloud__struct.hpp
[26.535s] -- Installing: /home/wings/Backscatter_UGV_ws/install/slam_msgs/include/slam_msgs/srv/detail/get_map__builder.hpp
[26.535s] -- Installing: /home/wings/Backscatter_UGV_ws/install/slam_msgs/include/slam_msgs/srv/detail/get_global_point_cloud__type_support.hpp
[26.535s] -- Installing: /home/wings/Backscatter_UGV_ws/install/slam_msgs/include/slam_msgs/srv/detail/get_landmarks_in_view__traits.hpp
[26.536s] -- Installing: /home/wings/Backscatter_UGV_ws/install/slam_msgs/include/slam_msgs/srv/get_map.hpp
[26.536s] -- Installing: /home/wings/Backscatter_UGV_ws/install/slam_msgs/include/slam_msgs/srv/get_global_point_cloud.hpp
[26.536s] -- Installing: /home/wings/Backscatter_UGV_ws/install/slam_msgs/include/slam_msgs/srv/get_landmarks_in_view.hpp
[26.536s] -- Up-to-date: /home/wings/Backscatter_UGV_ws/install/slam_msgs/include/slam_msgs/msg
[26.536s] -- Installing: /home/wings/Backscatter_UGV_ws/install/slam_msgs/include/slam_msgs/msg/map_graph.hpp
[26.537s] -- Installing: /home/wings/Backscatter_UGV_ws/install/slam_msgs/include/slam_msgs/msg/key_frame.hpp
[26.537s] -- Up-to-date: /home/wings/Backscatter_UGV_ws/install/slam_msgs/include/slam_msgs/msg/detail
[26.537s] -- Installing: /home/wings/Backscatter_UGV_ws/install/slam_msgs/include/slam_msgs/msg/detail/map_data__type_support.hpp
[26.537s] -- Installing: /home/wings/Backscatter_UGV_ws/install/slam_msgs/include/slam_msgs/msg/detail/map_graph__traits.hpp
[26.537s] -- Installing: /home/wings/Backscatter_UGV_ws/install/slam_msgs/include/slam_msgs/msg/detail/slam_info__builder.hpp
[26.538s] -- Installing: /home/wings/Backscatter_UGV_ws/install/slam_msgs/include/slam_msgs/msg/detail/key_frame__traits.hpp
[26.538s] -- Installing: /home/wings/Backscatter_UGV_ws/install/slam_msgs/include/slam_msgs/msg/detail/map_graph__struct.hpp
[26.538s] -- Installing: /home/wings/Backscatter_UGV_ws/install/slam_msgs/include/slam_msgs/msg/detail/key_frame__builder.hpp
[26.538s] -- Installing: /home/wings/Backscatter_UGV_ws/install/slam_msgs/include/slam_msgs/msg/detail/map_data__traits.hpp
[26.538s] -- Installing: /home/wings/Backscatter_UGV_ws/install/slam_msgs/include/slam_msgs/msg/detail/map_point__traits.hpp
[26.539s] -- Installing: /home/wings/Backscatter_UGV_ws/install/slam_msgs/include/slam_msgs/msg/detail/slam_info__type_support.hpp
[26.539s] -- Installing: /home/wings/Backscatter_UGV_ws/install/slam_msgs/include/slam_msgs/msg/detail/map_data__builder.hpp
[26.539s] -- Installing: /home/wings/Backscatter_UGV_ws/install/slam_msgs/include/slam_msgs/msg/detail/map_graph__builder.hpp
[26.539s] -- Installing: /home/wings/Backscatter_UGV_ws/install/slam_msgs/include/slam_msgs/msg/detail/map_point__struct.hpp
[26.539s] -- Installing: /home/wings/Backscatter_UGV_ws/install/slam_msgs/include/slam_msgs/msg/detail/map_point__type_support.hpp
[26.539s] -- Installing: /home/wings/Backscatter_UGV_ws/install/slam_msgs/include/slam_msgs/msg/detail/slam_info__traits.hpp
[26.540s] -- Installing: /home/wings/Backscatter_UGV_ws/install/slam_msgs/include/slam_msgs/msg/detail/key_frame__struct.hpp
[26.540s] -- Installing: /home/wings/Backscatter_UGV_ws/install/slam_msgs/include/slam_msgs/msg/detail/map_point__builder.hpp
[26.540s] -- Installing: /home/wings/Backscatter_UGV_ws/install/slam_msgs/include/slam_msgs/msg/detail/map_data__struct.hpp
[26.540s] -- Installing: /home/wings/Backscatter_UGV_ws/install/slam_msgs/include/slam_msgs/msg/detail/key_frame__type_support.hpp
[26.540s] -- Installing: /home/wings/Backscatter_UGV_ws/install/slam_msgs/include/slam_msgs/msg/detail/slam_info__struct.hpp
[26.541s] -- Installing: /home/wings/Backscatter_UGV_ws/install/slam_msgs/include/slam_msgs/msg/detail/map_graph__type_support.hpp
[26.541s] -- Installing: /home/wings/Backscatter_UGV_ws/install/slam_msgs/include/slam_msgs/msg/rosidl_generator_cpp__visibility_control.hpp
[26.541s] -- Installing: /home/wings/Backscatter_UGV_ws/install/slam_msgs/include/slam_msgs/msg/map_point.hpp
[26.541s] -- Installing: /home/wings/Backscatter_UGV_ws/install/slam_msgs/include/slam_msgs/msg/map_data.hpp
[26.541s] -- Installing: /home/wings/Backscatter_UGV_ws/install/slam_msgs/include/slam_msgs/msg/slam_info.hpp
[26.542s] -- Up-to-date: /home/wings/Backscatter_UGV_ws/install/slam_msgs/include/slam_msgs
[26.542s] -- Up-to-date: /home/wings/Backscatter_UGV_ws/install/slam_msgs/include/slam_msgs/srv
[26.542s] -- Up-to-date: /home/wings/Backscatter_UGV_ws/install/slam_msgs/include/slam_msgs/srv/detail
[26.542s] -- Installing: /home/wings/Backscatter_UGV_ws/install/slam_msgs/include/slam_msgs/srv/detail/get_all_landmarks_in_map__rosidl_typesupport_introspection_cpp.hpp
[26.542s] -- Installing: /home/wings/Backscatter_UGV_ws/install/slam_msgs/include/slam_msgs/srv/detail/get_map__rosidl_typesupport_introspection_cpp.hpp
[26.542s] -- Installing: /home/wings/Backscatter_UGV_ws/install/slam_msgs/include/slam_msgs/srv/detail/get_all_landmarks_in_map__type_support.cpp
[26.543s] -- Installing: /home/wings/Backscatter_UGV_ws/install/slam_msgs/include/slam_msgs/srv/detail/get_landmarks_in_view__rosidl_typesupport_introspection_cpp.hpp
[26.543s] -- Installing: /home/wings/Backscatter_UGV_ws/install/slam_msgs/include/slam_msgs/srv/detail/get_global_point_cloud__type_support.cpp
[26.543s] -- Installing: /home/wings/Backscatter_UGV_ws/install/slam_msgs/include/slam_msgs/srv/detail/get_global_point_cloud__rosidl_typesupport_introspection_cpp.hpp
[26.543s] -- Installing: /home/wings/Backscatter_UGV_ws/install/slam_msgs/include/slam_msgs/srv/detail/get_landmarks_in_view__type_support.cpp
[26.543s] -- Installing: /home/wings/Backscatter_UGV_ws/install/slam_msgs/include/slam_msgs/srv/detail/get_map__type_support.cpp
[26.544s] -- Up-to-date: /home/wings/Backscatter_UGV_ws/install/slam_msgs/include/slam_msgs/msg
[26.544s] -- Up-to-date: /home/wings/Backscatter_UGV_ws/install/slam_msgs/include/slam_msgs/msg/detail
[26.544s] -- Installing: /home/wings/Backscatter_UGV_ws/install/slam_msgs/include/slam_msgs/msg/detail/slam_info__rosidl_typesupport_introspection_cpp.hpp
[26.544s] -- Installing: /home/wings/Backscatter_UGV_ws/install/slam_msgs/include/slam_msgs/msg/detail/map_graph__rosidl_typesupport_introspection_cpp.hpp
[26.544s] -- Installing: /home/wings/Backscatter_UGV_ws/install/slam_msgs/include/slam_msgs/msg/detail/slam_info__type_support.cpp
[26.545s] -- Installing: /home/wings/Backscatter_UGV_ws/install/slam_msgs/include/slam_msgs/msg/detail/key_frame__rosidl_typesupport_introspection_cpp.hpp
[26.545s] -- Installing: /home/wings/Backscatter_UGV_ws/install/slam_msgs/include/slam_msgs/msg/detail/map_data__rosidl_typesupport_introspection_cpp.hpp
[26.545s] -- Installing: /home/wings/Backscatter_UGV_ws/install/slam_msgs/include/slam_msgs/msg/detail/key_frame__type_support.cpp
[26.545s] -- Installing: /home/wings/Backscatter_UGV_ws/install/slam_msgs/include/slam_msgs/msg/detail/map_point__rosidl_typesupport_introspection_cpp.hpp
[26.545s] -- Installing: /home/wings/Backscatter_UGV_ws/install/slam_msgs/include/slam_msgs/msg/detail/map_graph__type_support.cpp
[26.545s] -- Installing: /home/wings/Backscatter_UGV_ws/install/slam_msgs/include/slam_msgs/msg/detail/map_data__type_support.cpp
[26.546s] -- Installing: /home/wings/Backscatter_UGV_ws/install/slam_msgs/include/slam_msgs/msg/detail/map_point__type_support.cpp
[26.546s] -- Installing: /home/wings/Backscatter_UGV_ws/install/slam_msgs/lib/libslam_msgs__rosidl_typesupport_introspection_cpp.so
[26.547s] -- Set runtime path of "/home/wings/Backscatter_UGV_ws/install/slam_msgs/lib/libslam_msgs__rosidl_typesupport_introspection_cpp.so" to ""
[26.547s] -- Installing: /home/wings/Backscatter_UGV_ws/install/slam_msgs/lib/libslam_msgs__rosidl_typesupport_cpp.so
[26.548s] -- Set runtime path of "/home/wings/Backscatter_UGV_ws/install/slam_msgs/lib/libslam_msgs__rosidl_typesupport_cpp.so" to ""
[26.548s] -- Installing: /home/wings/Backscatter_UGV_ws/install/slam_msgs/share/slam_msgs/environment/pythonpath.sh
[26.549s] -- Installing: /home/wings/Backscatter_UGV_ws/install/slam_msgs/share/slam_msgs/environment/pythonpath.dsv
[26.549s] -- Installing: /home/wings/Backscatter_UGV_ws/install/slam_msgs/lib/python3.8/site-packages/slam_msgs/__init__.py
[26.604s] Compiling '/home/wings/Backscatter_UGV_ws/install/slam_msgs/lib/python3.8/site-packages/slam_msgs/__init__.py'...
[26.614s] -- Installing: /home/wings/Backscatter_UGV_ws/install/slam_msgs/lib/python3.8/site-packages/slam_msgs/msg
[26.614s] -- Installing: /home/wings/Backscatter_UGV_ws/install/slam_msgs/lib/python3.8/site-packages/slam_msgs/msg/_slam_info_s.c
[26.614s] -- Installing: /home/wings/Backscatter_UGV_ws/install/slam_msgs/lib/python3.8/site-packages/slam_msgs/msg/_map_data.py
[26.614s] -- Installing: /home/wings/Backscatter_UGV_ws/install/slam_msgs/lib/python3.8/site-packages/slam_msgs/msg/_key_frame_s.c
[26.615s] -- Installing: /home/wings/Backscatter_UGV_ws/install/slam_msgs/lib/python3.8/site-packages/slam_msgs/msg/_map_graph_s.c
[26.615s] -- Installing: /home/wings/Backscatter_UGV_ws/install/slam_msgs/lib/python3.8/site-packages/slam_msgs/msg/_slam_info.py
[26.615s] -- Installing: /home/wings/Backscatter_UGV_ws/install/slam_msgs/lib/python3.8/site-packages/slam_msgs/msg/_map_point_s.c
[26.615s] -- Installing: /home/wings/Backscatter_UGV_ws/install/slam_msgs/lib/python3.8/site-packages/slam_msgs/msg/_key_frame.py
[26.615s] -- Installing: /home/wings/Backscatter_UGV_ws/install/slam_msgs/lib/python3.8/site-packages/slam_msgs/msg/_map_graph.py
[26.615s] -- Installing: /home/wings/Backscatter_UGV_ws/install/slam_msgs/lib/python3.8/site-packages/slam_msgs/msg/_map_data_s.c
[26.616s] -- Installing: /home/wings/Backscatter_UGV_ws/install/slam_msgs/lib/python3.8/site-packages/slam_msgs/msg/_map_point.py
[26.616s] -- Installing: /home/wings/Backscatter_UGV_ws/install/slam_msgs/lib/python3.8/site-packages/slam_msgs/msg/__init__.py
[26.616s] -- Installing: /home/wings/Backscatter_UGV_ws/install/slam_msgs/lib/python3.8/site-packages/slam_msgs/srv
[26.616s] -- Installing: /home/wings/Backscatter_UGV_ws/install/slam_msgs/lib/python3.8/site-packages/slam_msgs/srv/_get_map_s.c
[26.616s] -- Installing: /home/wings/Backscatter_UGV_ws/install/slam_msgs/lib/python3.8/site-packages/slam_msgs/srv/_get_all_landmarks_in_map_s.c
[26.617s] -- Installing: /home/wings/Backscatter_UGV_ws/install/slam_msgs/lib/python3.8/site-packages/slam_msgs/srv/_get_global_point_cloud_s.c
[26.617s] -- Installing: /home/wings/Backscatter_UGV_ws/install/slam_msgs/lib/python3.8/site-packages/slam_msgs/srv/_get_all_landmarks_in_map.py
[26.617s] -- Installing: /home/wings/Backscatter_UGV_ws/install/slam_msgs/lib/python3.8/site-packages/slam_msgs/srv/__init__.py
[26.617s] -- Installing: /home/wings/Backscatter_UGV_ws/install/slam_msgs/lib/python3.8/site-packages/slam_msgs/srv/_get_landmarks_in_view.py
[26.618s] -- Installing: /home/wings/Backscatter_UGV_ws/install/slam_msgs/lib/python3.8/site-packages/slam_msgs/srv/_get_map.py
[26.618s] -- Installing: /home/wings/Backscatter_UGV_ws/install/slam_msgs/lib/python3.8/site-packages/slam_msgs/srv/_get_landmarks_in_view_s.c
[26.618s] -- Installing: /home/wings/Backscatter_UGV_ws/install/slam_msgs/lib/python3.8/site-packages/slam_msgs/srv/_get_global_point_cloud.py
[26.619s] -- Installing: /home/wings/Backscatter_UGV_ws/install/slam_msgs/lib/python3.8/site-packages/slam_msgs/slam_msgs_s__rosidl_typesupport_fastrtps_c.cpython-38-aarch64-linux-gnu.so
[26.620s] -- Set runtime path of "/home/wings/Backscatter_UGV_ws/install/slam_msgs/lib/python3.8/site-packages/slam_msgs/slam_msgs_s__rosidl_typesupport_fastrtps_c.cpython-38-aarch64-linux-gnu.so" to ""
[26.620s] -- Installing: /home/wings/Backscatter_UGV_ws/install/slam_msgs/lib/python3.8/site-packages/slam_msgs/slam_msgs_s__rosidl_typesupport_introspection_c.cpython-38-aarch64-linux-gnu.so
[26.621s] -- Set runtime path of "/home/wings/Backscatter_UGV_ws/install/slam_msgs/lib/python3.8/site-packages/slam_msgs/slam_msgs_s__rosidl_typesupport_introspection_c.cpython-38-aarch64-linux-gnu.so" to ""
[26.621s] -- Installing: /home/wings/Backscatter_UGV_ws/install/slam_msgs/lib/python3.8/site-packages/slam_msgs/slam_msgs_s__rosidl_typesupport_c.cpython-38-aarch64-linux-gnu.so
[26.622s] -- Set runtime path of "/home/wings/Backscatter_UGV_ws/install/slam_msgs/lib/python3.8/site-packages/slam_msgs/slam_msgs_s__rosidl_typesupport_c.cpython-38-aarch64-linux-gnu.so" to ""
[26.622s] -- Installing: /home/wings/Backscatter_UGV_ws/install/slam_msgs/lib/libslam_msgs__python.so
[26.623s] -- Set runtime path of "/home/wings/Backscatter_UGV_ws/install/slam_msgs/lib/libslam_msgs__python.so" to ""
[26.623s] -- Installing: /home/wings/Backscatter_UGV_ws/install/slam_msgs/share/slam_msgs/msg/MapGraph.idl
[26.624s] -- Installing: /home/wings/Backscatter_UGV_ws/install/slam_msgs/share/slam_msgs/msg/MapData.idl
[26.624s] -- Installing: /home/wings/Backscatter_UGV_ws/install/slam_msgs/share/slam_msgs/msg/KeyFrame.idl
[26.624s] -- Installing: /home/wings/Backscatter_UGV_ws/install/slam_msgs/share/slam_msgs/msg/MapPoint.idl
[26.625s] -- Installing: /home/wings/Backscatter_UGV_ws/install/slam_msgs/share/slam_msgs/msg/SlamInfo.idl
[26.625s] -- Installing: /home/wings/Backscatter_UGV_ws/install/slam_msgs/share/slam_msgs/srv/GetMap.idl
[26.625s] -- Installing: /home/wings/Backscatter_UGV_ws/install/slam_msgs/share/slam_msgs/srv/GetLandmarksInView.idl
[26.625s] -- Installing: /home/wings/Backscatter_UGV_ws/install/slam_msgs/share/slam_msgs/srv/GetAllLandmarksInMap.idl
[26.626s] -- Installing: /home/wings/Backscatter_UGV_ws/install/slam_msgs/share/slam_msgs/srv/GetGlobalPointCloud.idl
[26.626s] -- Installing: /home/wings/Backscatter_UGV_ws/install/slam_msgs/share/slam_msgs/msg/MapGraph.msg
[26.626s] -- Installing: /home/wings/Backscatter_UGV_ws/install/slam_msgs/share/slam_msgs/msg/MapData.msg
[26.627s] -- Installing: /home/wings/Backscatter_UGV_ws/install/slam_msgs/share/slam_msgs/msg/KeyFrame.msg
[26.627s] -- Installing: /home/wings/Backscatter_UGV_ws/install/slam_msgs/share/slam_msgs/msg/MapPoint.msg
[26.627s] -- Installing: /home/wings/Backscatter_UGV_ws/install/slam_msgs/share/slam_msgs/msg/SlamInfo.msg
[26.627s] -- Installing: /home/wings/Backscatter_UGV_ws/install/slam_msgs/share/slam_msgs/srv/GetMap.srv
[26.628s] -- Installing: /home/wings/Backscatter_UGV_ws/install/slam_msgs/share/slam_msgs/srv/GetMap_Request.msg
[26.628s] -- Installing: /home/wings/Backscatter_UGV_ws/install/slam_msgs/share/slam_msgs/srv/GetMap_Response.msg
[26.628s] -- Installing: /home/wings/Backscatter_UGV_ws/install/slam_msgs/share/slam_msgs/srv/GetLandmarksInView.srv
[26.629s] -- Installing: /home/wings/Backscatter_UGV_ws/install/slam_msgs/share/slam_msgs/srv/GetLandmarksInView_Request.msg
[26.629s] -- Installing: /home/wings/Backscatter_UGV_ws/install/slam_msgs/share/slam_msgs/srv/GetLandmarksInView_Response.msg
[26.629s] -- Installing: /home/wings/Backscatter_UGV_ws/install/slam_msgs/share/slam_msgs/srv/GetAllLandmarksInMap.srv
[26.629s] -- Installing: /home/wings/Backscatter_UGV_ws/install/slam_msgs/share/slam_msgs/srv/GetAllLandmarksInMap_Request.msg
[26.630s] -- Installing: /home/wings/Backscatter_UGV_ws/install/slam_msgs/share/slam_msgs/srv/GetAllLandmarksInMap_Response.msg
[26.630s] -- Installing: /home/wings/Backscatter_UGV_ws/install/slam_msgs/share/slam_msgs/srv/GetGlobalPointCloud.srv
[26.630s] -- Installing: /home/wings/Backscatter_UGV_ws/install/slam_msgs/share/slam_msgs/srv/GetGlobalPointCloud_Request.msg
[26.630s] -- Installing: /home/wings/Backscatter_UGV_ws/install/slam_msgs/share/slam_msgs/srv/GetGlobalPointCloud_Response.msg
[26.631s] -- Installing: /home/wings/Backscatter_UGV_ws/install/slam_msgs/share/ament_index/resource_index/package_run_dependencies/slam_msgs
[26.631s] -- Installing: /home/wings/Backscatter_UGV_ws/install/slam_msgs/share/ament_index/resource_index/parent_prefix_path/slam_msgs
[26.632s] -- Installing: /home/wings/Backscatter_UGV_ws/install/slam_msgs/share/slam_msgs/environment/ament_prefix_path.sh
[26.632s] -- Installing: /home/wings/Backscatter_UGV_ws/install/slam_msgs/share/slam_msgs/environment/ament_prefix_path.dsv
[26.632s] -- Installing: /home/wings/Backscatter_UGV_ws/install/slam_msgs/share/slam_msgs/environment/path.sh
[26.632s] -- Installing: /home/wings/Backscatter_UGV_ws/install/slam_msgs/share/slam_msgs/environment/path.dsv
[26.633s] -- Installing: /home/wings/Backscatter_UGV_ws/install/slam_msgs/share/slam_msgs/local_setup.bash
[26.633s] -- Installing: /home/wings/Backscatter_UGV_ws/install/slam_msgs/share/slam_msgs/local_setup.sh
[26.633s] -- Installing: /home/wings/Backscatter_UGV_ws/install/slam_msgs/share/slam_msgs/local_setup.zsh
[26.634s] -- Installing: /home/wings/Backscatter_UGV_ws/install/slam_msgs/share/slam_msgs/local_setup.dsv
[26.634s] -- Installing: /home/wings/Backscatter_UGV_ws/install/slam_msgs/share/slam_msgs/package.dsv
[26.634s] -- Installing: /home/wings/Backscatter_UGV_ws/install/slam_msgs/share/ament_index/resource_index/packages/slam_msgs
[26.635s] -- Installing: /home/wings/Backscatter_UGV_ws/install/slam_msgs/share/slam_msgs/cmake/slam_msgs__rosidl_generator_cExport.cmake
[26.635s] -- Installing: /home/wings/Backscatter_UGV_ws/install/slam_msgs/share/slam_msgs/cmake/slam_msgs__rosidl_generator_cExport-noconfig.cmake
[26.635s] -- Installing: /home/wings/Backscatter_UGV_ws/install/slam_msgs/share/slam_msgs/cmake/slam_msgs__rosidl_typesupport_introspection_cExport.cmake
[26.636s] -- Installing: /home/wings/Backscatter_UGV_ws/install/slam_msgs/share/slam_msgs/cmake/slam_msgs__rosidl_typesupport_introspection_cExport-noconfig.cmake
[26.636s] -- Installing: /home/wings/Backscatter_UGV_ws/install/slam_msgs/share/slam_msgs/cmake/slam_msgs__rosidl_typesupport_cExport.cmake
[26.636s] -- Installing: /home/wings/Backscatter_UGV_ws/install/slam_msgs/share/slam_msgs/cmake/slam_msgs__rosidl_typesupport_cExport-noconfig.cmake
[26.637s] -- Installing: /home/wings/Backscatter_UGV_ws/install/slam_msgs/share/slam_msgs/cmake/slam_msgs__rosidl_generator_cppExport.cmake
[26.637s] -- Installing: /home/wings/Backscatter_UGV_ws/install/slam_msgs/share/slam_msgs/cmake/slam_msgs__rosidl_typesupport_introspection_cppExport.cmake
[26.637s] -- Installing: /home/wings/Backscatter_UGV_ws/install/slam_msgs/share/slam_msgs/cmake/slam_msgs__rosidl_typesupport_introspection_cppExport-noconfig.cmake
[26.638s] -- Installing: /home/wings/Backscatter_UGV_ws/install/slam_msgs/share/slam_msgs/cmake/slam_msgs__rosidl_typesupport_cppExport.cmake
[26.638s] -- Installing: /home/wings/Backscatter_UGV_ws/install/slam_msgs/share/slam_msgs/cmake/slam_msgs__rosidl_typesupport_cppExport-noconfig.cmake
[26.638s] -- Installing: /home/wings/Backscatter_UGV_ws/install/slam_msgs/share/slam_msgs/cmake/rosidl_cmake-extras.cmake
[26.639s] -- Installing: /home/wings/Backscatter_UGV_ws/install/slam_msgs/share/slam_msgs/cmake/ament_cmake_export_dependencies-extras.cmake
[26.639s] -- Installing: /home/wings/Backscatter_UGV_ws/install/slam_msgs/share/slam_msgs/cmake/ament_cmake_export_libraries-extras.cmake
[26.639s] -- Installing: /home/wings/Backscatter_UGV_ws/install/slam_msgs/share/slam_msgs/cmake/ament_cmake_export_targets-extras.cmake
[26.640s] -- Installing: /home/wings/Backscatter_UGV_ws/install/slam_msgs/share/slam_msgs/cmake/ament_cmake_export_include_directories-extras.cmake
[26.640s] -- Installing: /home/wings/Backscatter_UGV_ws/install/slam_msgs/share/slam_msgs/cmake/rosidl_cmake_export_typesupport_libraries-extras.cmake
[26.640s] -- Installing: /home/wings/Backscatter_UGV_ws/install/slam_msgs/share/slam_msgs/cmake/rosidl_cmake_export_typesupport_targets-extras.cmake
[26.640s] -- Installing: /home/wings/Backscatter_UGV_ws/install/slam_msgs/share/slam_msgs/cmake/slam_msgsConfig.cmake
[26.641s] -- Installing: /home/wings/Backscatter_UGV_ws/install/slam_msgs/share/slam_msgs/cmake/slam_msgsConfig-version.cmake
[26.641s] -- Installing: /home/wings/Backscatter_UGV_ws/install/slam_msgs/share/slam_msgs/package.xml
[26.649s] Invoked command in '/home/wings/Backscatter_UGV_ws/build/slam_msgs' returned '0': CMAKE_PREFIX_PATH=/opt/ros/foxy /usr/bin/cmake --install /home/wings/Backscatter_UGV_ws/build/slam_msgs
