[0.582s] Invoking command in '/home/wings/Backscatter_UGV_ws/build/rosbag2_py': CMAKE_PREFIX_PATH=${CMAKE_PREFIX_PATH}:/home/wings/Backscatter_UGV_ws/install/rclpy_message_converter_msgs:/home/wings/Backscatter_UGV_ws/install/rclpy_message_converter:/home/wings/Backscatter_UGV_ws/install/backscatter_rover_data_recorder:/home/wings/Backscatter_UGV_ws/install/backscatter_movement_record_msgs_srvs:/opt/ros/foxy /usr/bin/cmake /home/wings/Backscatter_UGV_ws/src/rosbag2_py -DCMAKE_INSTALL_PREFIX=/home/wings/Backscatter_UGV_ws/install/rosbag2_py
[0.794s] -- The C compiler identification is GNU 9.4.0
[0.980s] -- The CXX compiler identification is GNU 9.4.0
[0.993s] -- Check for working C compiler: /usr/bin/cc
[1.124s] -- Check for working C compiler: /usr/bin/cc -- works
[1.127s] -- Detecting C compiler ABI info
[1.255s] -- Detecting C compiler ABI info - done
[1.274s] -- Detecting C compile features
[1.275s] -- Detecting C compile features - done
[1.281s] -- Check for working CXX compiler: /usr/bin/c++
[1.431s] -- Check for working CXX compiler: /usr/bin/c++ -- works
[1.432s] -- Detecting CXX compiler ABI info
[1.585s] -- Detecting CXX compiler ABI info - done
[1.619s] -- Detecting CXX compile features
[1.621s] -- Detecting CXX compile features - done
[1.628s] -- Found ament_cmake: 0.9.12 (/opt/ros/foxy/share/ament_cmake/cmake)
[1.686s] -- Found PythonInterp: /usr/bin/python3 (found suitable version "3.8.10", minimum required is "3") 
[1.686s] -- Using PYTHON_EXECUTABLE: /usr/bin/python3
[2.187s] -- Found ament_cmake_ros: 0.9.2 (/opt/ros/foxy/share/ament_cmake_ros/cmake)
[2.208s] -- Found rosbag2_compression: 0.3.11 (/opt/ros/foxy/share/rosbag2_compression/cmake)
[2.341s] -- Setting yaml-cpp_DIR to: '/opt/ros/foxy/share/yaml_cpp_vendor/cmake/../../../opt/yaml_cpp_vendor/lib/cmake/yaml-cpp'
[2.378s] -- Using all available rosidl_typesupport_c: rosidl_typesupport_fastrtps_c;rosidl_typesupport_introspection_c
[2.394s] -- Found rosidl_adapter: 1.3.1 (/opt/ros/foxy/share/rosidl_adapter/cmake)
[2.583s] -- Found OpenSSL: /usr/lib/aarch64-linux-gnu/libcrypto.so (found version "1.1.1f")  
[2.644s] -- Found FastRTPS: /opt/ros/foxy/include  
[2.793s] -- Using all available rosidl_typesupport_cpp: rosidl_typesupport_fastrtps_cpp;rosidl_typesupport_introspection_cpp
[2.851s] -- Found rosbag2_transport: 0.3.11 (/opt/ros/foxy/share/rosbag2_transport/cmake)
[3.370s] -- Found Python3: /usr/bin/python3.8 (found version "3.8.10") found components: Interpreter Development 
[3.407s] CMake Error at CMakeLists.txt:45 (find_package):
[3.407s]   By not providing "Findpybind11.cmake" in CMAKE_MODULE_PATH this project has
[3.407s]   asked CMake to find a package configuration file provided by "pybind11",
[3.407s]   but CMake did not find one.
[3.407s] 
[3.408s]   Could not find a package configuration file provided by "pybind11" with any
[3.408s]   of the following names:
[3.408s] 
[3.408s]     pybind11Config.cmake
[3.408s]     pybind11-config.cmake
[3.408s] 
[3.408s]   Add the installation prefix of "pybind11" to CMAKE_PREFIX_PATH or set
[3.408s]   "pybind11_DIR" to a directory containing one of the above files.  If
[3.408s]   "pybind11" provides a separate development package or SDK, be sure it has
[3.409s]   been installed.
[3.409s] 
[3.409s] 
[3.411s] -- Configuring incomplete, errors occurred!
[3.411s] See also "/home/wings/Backscatter_UGV_ws/build/rosbag2_py/CMakeFiles/CMakeOutput.log".
[3.430s] Invoked command in '/home/wings/Backscatter_UGV_ws/build/rosbag2_py' returned '1': CMAKE_PREFIX_PATH=${CMAKE_PREFIX_PATH}:/home/wings/Backscatter_UGV_ws/install/rclpy_message_converter_msgs:/home/wings/Backscatter_UGV_ws/install/rclpy_message_converter:/home/wings/Backscatter_UGV_ws/install/backscatter_rover_data_recorder:/home/wings/Backscatter_UGV_ws/install/backscatter_movement_record_msgs_srvs:/opt/ros/foxy /usr/bin/cmake /home/wings/Backscatter_UGV_ws/src/rosbag2_py -DCMAKE_INSTALL_PREFIX=/home/wings/Backscatter_UGV_ws/install/rosbag2_py
