[0.068s] Invoking command in '/home/wings/Backscatter_UGV_ws/build/backscatter_movement_record_msgs_srvs': CMAKE_PREFIX_PATH=${CMAKE_PREFIX_PATH}:/home/wings/Backscatter_UGV_ws/install/rclpy_message_converter:/home/wings/Backscatter_UGV_ws/install/backscatter_rover_data_recorder:/opt/ros/foxy /usr/bin/cmake --build /home/wings/Backscatter_UGV_ws/build/backscatter_movement_record_msgs_srvs -- -j6 -l6
[0.613s] [  2%] Built target backscatter_movement_record_msgs_srvs__cpp
[0.614s] [ 12%] Built target backscatter_movement_record_msgs_srvs__rosidl_generator_c
[0.615s] [ 23%] Built target backscatter_movement_record_msgs_srvs__rosidl_typesupport_introspection_c
[0.616s] [ 33%] Built target backscatter_movement_record_msgs_srvs__rosidl_typesupport_fastrtps_cpp
[0.617s] [ 43%] Built target backscatter_movement_record_msgs_srvs__rosidl_typesupport_introspection_cpp
[0.618s] [ 53%] Built target backscatter_movement_record_msgs_srvs__rosidl_typesupport_c
[0.618s] [ 64%] Built target backscatter_movement_record_msgs_srvs__rosidl_typesupport_cpp
[0.618s] [ 74%] Built target backscatter_movement_record_msgs_srvs__rosidl_typesupport_fastrtps_c
[0.619s] [ 74%] Built target backscatter_movement_record_msgs_srvs
[0.619s] [ 76%] Built target backscatter_movement_record_msgs_srvs__py
[0.621s] [ 84%] Built target backscatter_movement_record_msgs_srvs__python
[0.622s] [ 94%] Built target backscatter_movement_record_msgs_srvs__rosidl_typesupport_c__pyext
[0.622s] [ 94%] Built target backscatter_movement_record_msgs_srvs__rosidl_typesupport_introspection_c__pyext
[0.622s] [100%] Built target backscatter_movement_record_msgs_srvs__rosidl_typesupport_fastrtps_c__pyext
[0.647s] Invoked command in '/home/wings/Backscatter_UGV_ws/build/backscatter_movement_record_msgs_srvs' returned '0': CMAKE_PREFIX_PATH=${CMAKE_PREFIX_PATH}:/home/wings/Backscatter_UGV_ws/install/rclpy_message_converter:/home/wings/Backscatter_UGV_ws/install/backscatter_rover_data_recorder:/opt/ros/foxy /usr/bin/cmake --build /home/wings/Backscatter_UGV_ws/build/backscatter_movement_record_msgs_srvs -- -j6 -l6
[0.651s] Invoking command in '/home/wings/Backscatter_UGV_ws/build/backscatter_movement_record_msgs_srvs': CMAKE_PREFIX_PATH=${CMAKE_PREFIX_PATH}:/home/wings/Backscatter_UGV_ws/install/rclpy_message_converter:/home/wings/Backscatter_UGV_ws/install/backscatter_rover_data_recorder:/opt/ros/foxy /usr/bin/cmake --install /home/wings/Backscatter_UGV_ws/build/backscatter_movement_record_msgs_srvs
[0.687s] -- Install configuration: ""
[0.694s] -- Up-to-date: /home/wings/Backscatter_UGV_ws/install/backscatter_movement_record_msgs_srvs/share/ament_index/resource_index/rosidl_interfaces/backscatter_movement_record_msgs_srvs
[0.695s] -- Up-to-date: /home/wings/Backscatter_UGV_ws/install/backscatter_movement_record_msgs_srvs/include/backscatter_movement_record_msgs_srvs
[0.695s] -- Up-to-date: /home/wings/Backscatter_UGV_ws/install/backscatter_movement_record_msgs_srvs/include/backscatter_movement_record_msgs_srvs/srv
[0.696s] -- Up-to-date: /home/wings/Backscatter_UGV_ws/install/backscatter_movement_record_msgs_srvs/include/backscatter_movement_record_msgs_srvs/srv/detail
[0.696s] -- Up-to-date: /home/wings/Backscatter_UGV_ws/install/backscatter_movement_record_msgs_srvs/include/backscatter_movement_record_msgs_srvs/srv/detail/odom_record__struct.h
[0.696s] -- Up-to-date: /home/wings/Backscatter_UGV_ws/install/backscatter_movement_record_msgs_srvs/include/backscatter_movement_record_msgs_srvs/srv/detail/odom_record__type_support.h
[0.697s] -- Up-to-date: /home/wings/Backscatter_UGV_ws/install/backscatter_movement_record_msgs_srvs/include/backscatter_movement_record_msgs_srvs/srv/detail/odom_record__functions.h
[0.697s] -- Up-to-date: /home/wings/Backscatter_UGV_ws/install/backscatter_movement_record_msgs_srvs/include/backscatter_movement_record_msgs_srvs/srv/detail/odom_record__functions.c
[0.697s] -- Up-to-date: /home/wings/Backscatter_UGV_ws/install/backscatter_movement_record_msgs_srvs/include/backscatter_movement_record_msgs_srvs/srv/odom_record.h
[0.697s] -- Up-to-date: /home/wings/Backscatter_UGV_ws/install/backscatter_movement_record_msgs_srvs/include/backscatter_movement_record_msgs_srvs/msg
[0.698s] -- Up-to-date: /home/wings/Backscatter_UGV_ws/install/backscatter_movement_record_msgs_srvs/include/backscatter_movement_record_msgs_srvs/msg/detail
[0.698s] -- Up-to-date: /home/wings/Backscatter_UGV_ws/install/backscatter_movement_record_msgs_srvs/include/backscatter_movement_record_msgs_srvs/msg/detail/odom_with_expmt_flag__functions.c
[0.698s] -- Up-to-date: /home/wings/Backscatter_UGV_ws/install/backscatter_movement_record_msgs_srvs/include/backscatter_movement_record_msgs_srvs/msg/detail/odom_with_expmt_flag__type_support.h
[0.698s] -- Up-to-date: /home/wings/Backscatter_UGV_ws/install/backscatter_movement_record_msgs_srvs/include/backscatter_movement_record_msgs_srvs/msg/detail/odom_with_expmt_flag__functions.h
[0.699s] -- Up-to-date: /home/wings/Backscatter_UGV_ws/install/backscatter_movement_record_msgs_srvs/include/backscatter_movement_record_msgs_srvs/msg/detail/odom_with_expmt_flag__struct.h
[0.699s] -- Up-to-date: /home/wings/Backscatter_UGV_ws/install/backscatter_movement_record_msgs_srvs/include/backscatter_movement_record_msgs_srvs/msg/rosidl_generator_c__visibility_control.h
[0.699s] -- Up-to-date: /home/wings/Backscatter_UGV_ws/install/backscatter_movement_record_msgs_srvs/include/backscatter_movement_record_msgs_srvs/msg/odom_with_expmt_flag.h
[0.700s] -- Up-to-date: /home/wings/Backscatter_UGV_ws/install/backscatter_movement_record_msgs_srvs/share/backscatter_movement_record_msgs_srvs/environment/library_path.sh
[0.700s] -- Up-to-date: /home/wings/Backscatter_UGV_ws/install/backscatter_movement_record_msgs_srvs/share/backscatter_movement_record_msgs_srvs/environment/library_path.dsv
[0.700s] -- Up-to-date: /home/wings/Backscatter_UGV_ws/install/backscatter_movement_record_msgs_srvs/lib/libbackscatter_movement_record_msgs_srvs__rosidl_generator_c.so
[0.707s] -- Up-to-date: /home/wings/Backscatter_UGV_ws/install/backscatter_movement_record_msgs_srvs/include/backscatter_movement_record_msgs_srvs
[0.707s] -- Up-to-date: /home/wings/Backscatter_UGV_ws/install/backscatter_movement_record_msgs_srvs/include/backscatter_movement_record_msgs_srvs/srv
[0.707s] -- Up-to-date: /home/wings/Backscatter_UGV_ws/install/backscatter_movement_record_msgs_srvs/include/backscatter_movement_record_msgs_srvs/srv/detail
[0.707s] -- Up-to-date: /home/wings/Backscatter_UGV_ws/install/backscatter_movement_record_msgs_srvs/include/backscatter_movement_record_msgs_srvs/srv/detail/odom_record__rosidl_typesupport_fastrtps_c.h
[0.708s] -- Up-to-date: /home/wings/Backscatter_UGV_ws/install/backscatter_movement_record_msgs_srvs/include/backscatter_movement_record_msgs_srvs/msg
[0.708s] -- Up-to-date: /home/wings/Backscatter_UGV_ws/install/backscatter_movement_record_msgs_srvs/include/backscatter_movement_record_msgs_srvs/msg/detail
[0.710s] -- Up-to-date: /home/wings/Backscatter_UGV_ws/install/backscatter_movement_record_msgs_srvs/include/backscatter_movement_record_msgs_srvs/msg/detail/odom_with_expmt_flag__rosidl_typesupport_fastrtps_c.h
[0.711s] -- Up-to-date: /home/wings/Backscatter_UGV_ws/install/backscatter_movement_record_msgs_srvs/include/backscatter_movement_record_msgs_srvs/msg/rosidl_typesupport_fastrtps_c__visibility_control.h
[0.718s] -- Up-to-date: /home/wings/Backscatter_UGV_ws/install/backscatter_movement_record_msgs_srvs/lib/libbackscatter_movement_record_msgs_srvs__rosidl_typesupport_fastrtps_c.so
[0.719s] -- Up-to-date: /home/wings/Backscatter_UGV_ws/install/backscatter_movement_record_msgs_srvs/include/backscatter_movement_record_msgs_srvs
[0.720s] -- Up-to-date: /home/wings/Backscatter_UGV_ws/install/backscatter_movement_record_msgs_srvs/include/backscatter_movement_record_msgs_srvs/srv
[0.720s] -- Up-to-date: /home/wings/Backscatter_UGV_ws/install/backscatter_movement_record_msgs_srvs/include/backscatter_movement_record_msgs_srvs/srv/detail
[0.721s] -- Up-to-date: /home/wings/Backscatter_UGV_ws/install/backscatter_movement_record_msgs_srvs/include/backscatter_movement_record_msgs_srvs/srv/detail/odom_record__rosidl_typesupport_fastrtps_cpp.hpp
[0.721s] -- Up-to-date: /home/wings/Backscatter_UGV_ws/install/backscatter_movement_record_msgs_srvs/include/backscatter_movement_record_msgs_srvs/srv/detail/dds_fastrtps
[0.721s] -- Up-to-date: /home/wings/Backscatter_UGV_ws/install/backscatter_movement_record_msgs_srvs/include/backscatter_movement_record_msgs_srvs/msg
[0.722s] -- Up-to-date: /home/wings/Backscatter_UGV_ws/install/backscatter_movement_record_msgs_srvs/include/backscatter_movement_record_msgs_srvs/msg/detail
[0.722s] -- Up-to-date: /home/wings/Backscatter_UGV_ws/install/backscatter_movement_record_msgs_srvs/include/backscatter_movement_record_msgs_srvs/msg/detail/odom_with_expmt_flag__rosidl_typesupport_fastrtps_cpp.hpp
[0.723s] -- Up-to-date: /home/wings/Backscatter_UGV_ws/install/backscatter_movement_record_msgs_srvs/include/backscatter_movement_record_msgs_srvs/msg/detail/dds_fastrtps
[0.723s] -- Up-to-date: /home/wings/Backscatter_UGV_ws/install/backscatter_movement_record_msgs_srvs/include/backscatter_movement_record_msgs_srvs/msg/rosidl_typesupport_fastrtps_cpp__visibility_control.h
[0.723s] -- Up-to-date: /home/wings/Backscatter_UGV_ws/install/backscatter_movement_record_msgs_srvs/lib/libbackscatter_movement_record_msgs_srvs__rosidl_typesupport_fastrtps_cpp.so
[0.723s] -- Up-to-date: /home/wings/Backscatter_UGV_ws/install/backscatter_movement_record_msgs_srvs/include/backscatter_movement_record_msgs_srvs
[0.723s] -- Up-to-date: /home/wings/Backscatter_UGV_ws/install/backscatter_movement_record_msgs_srvs/include/backscatter_movement_record_msgs_srvs/srv
[0.723s] -- Up-to-date: /home/wings/Backscatter_UGV_ws/install/backscatter_movement_record_msgs_srvs/include/backscatter_movement_record_msgs_srvs/srv/detail
[0.724s] -- Up-to-date: /home/wings/Backscatter_UGV_ws/install/backscatter_movement_record_msgs_srvs/include/backscatter_movement_record_msgs_srvs/srv/detail/odom_record__type_support.c
[0.724s] -- Up-to-date: /home/wings/Backscatter_UGV_ws/install/backscatter_movement_record_msgs_srvs/include/backscatter_movement_record_msgs_srvs/srv/detail/odom_record__rosidl_typesupport_introspection_c.h
[0.724s] -- Up-to-date: /home/wings/Backscatter_UGV_ws/install/backscatter_movement_record_msgs_srvs/include/backscatter_movement_record_msgs_srvs/msg
[0.724s] -- Up-to-date: /home/wings/Backscatter_UGV_ws/install/backscatter_movement_record_msgs_srvs/include/backscatter_movement_record_msgs_srvs/msg/rosidl_typesupport_introspection_c__visibility_control.h
[0.724s] -- Up-to-date: /home/wings/Backscatter_UGV_ws/install/backscatter_movement_record_msgs_srvs/include/backscatter_movement_record_msgs_srvs/msg/detail
[0.725s] -- Up-to-date: /home/wings/Backscatter_UGV_ws/install/backscatter_movement_record_msgs_srvs/include/backscatter_movement_record_msgs_srvs/msg/detail/odom_with_expmt_flag__rosidl_typesupport_introspection_c.h
[0.725s] -- Up-to-date: /home/wings/Backscatter_UGV_ws/install/backscatter_movement_record_msgs_srvs/include/backscatter_movement_record_msgs_srvs/msg/detail/odom_with_expmt_flag__type_support.c
[0.725s] -- Up-to-date: /home/wings/Backscatter_UGV_ws/install/backscatter_movement_record_msgs_srvs/lib/libbackscatter_movement_record_msgs_srvs__rosidl_typesupport_introspection_c.so
[0.725s] -- Up-to-date: /home/wings/Backscatter_UGV_ws/install/backscatter_movement_record_msgs_srvs/lib/libbackscatter_movement_record_msgs_srvs__rosidl_typesupport_c.so
[0.725s] -- Up-to-date: /home/wings/Backscatter_UGV_ws/install/backscatter_movement_record_msgs_srvs/include/backscatter_movement_record_msgs_srvs
[0.725s] -- Up-to-date: /home/wings/Backscatter_UGV_ws/install/backscatter_movement_record_msgs_srvs/include/backscatter_movement_record_msgs_srvs/srv
[0.725s] -- Up-to-date: /home/wings/Backscatter_UGV_ws/install/backscatter_movement_record_msgs_srvs/include/backscatter_movement_record_msgs_srvs/srv/detail
[0.725s] -- Up-to-date: /home/wings/Backscatter_UGV_ws/install/backscatter_movement_record_msgs_srvs/include/backscatter_movement_record_msgs_srvs/srv/detail/odom_record__type_support.hpp
[0.725s] -- Up-to-date: /home/wings/Backscatter_UGV_ws/install/backscatter_movement_record_msgs_srvs/include/backscatter_movement_record_msgs_srvs/srv/detail/odom_record__struct.hpp
[0.726s] -- Up-to-date: /home/wings/Backscatter_UGV_ws/install/backscatter_movement_record_msgs_srvs/include/backscatter_movement_record_msgs_srvs/srv/detail/odom_record__builder.hpp
[0.726s] -- Up-to-date: /home/wings/Backscatter_UGV_ws/install/backscatter_movement_record_msgs_srvs/include/backscatter_movement_record_msgs_srvs/srv/detail/odom_record__traits.hpp
[0.726s] -- Up-to-date: /home/wings/Backscatter_UGV_ws/install/backscatter_movement_record_msgs_srvs/include/backscatter_movement_record_msgs_srvs/srv/odom_record.hpp
[0.726s] -- Up-to-date: /home/wings/Backscatter_UGV_ws/install/backscatter_movement_record_msgs_srvs/include/backscatter_movement_record_msgs_srvs/msg
[0.726s] -- Up-to-date: /home/wings/Backscatter_UGV_ws/install/backscatter_movement_record_msgs_srvs/include/backscatter_movement_record_msgs_srvs/msg/detail
[0.726s] -- Up-to-date: /home/wings/Backscatter_UGV_ws/install/backscatter_movement_record_msgs_srvs/include/backscatter_movement_record_msgs_srvs/msg/detail/odom_with_expmt_flag__traits.hpp
[0.726s] -- Up-to-date: /home/wings/Backscatter_UGV_ws/install/backscatter_movement_record_msgs_srvs/include/backscatter_movement_record_msgs_srvs/msg/detail/odom_with_expmt_flag__struct.hpp
[0.726s] -- Up-to-date: /home/wings/Backscatter_UGV_ws/install/backscatter_movement_record_msgs_srvs/include/backscatter_movement_record_msgs_srvs/msg/detail/odom_with_expmt_flag__builder.hpp
[0.727s] -- Up-to-date: /home/wings/Backscatter_UGV_ws/install/backscatter_movement_record_msgs_srvs/include/backscatter_movement_record_msgs_srvs/msg/detail/odom_with_expmt_flag__type_support.hpp
[0.727s] -- Up-to-date: /home/wings/Backscatter_UGV_ws/install/backscatter_movement_record_msgs_srvs/include/backscatter_movement_record_msgs_srvs/msg/rosidl_generator_cpp__visibility_control.hpp
[0.727s] -- Up-to-date: /home/wings/Backscatter_UGV_ws/install/backscatter_movement_record_msgs_srvs/include/backscatter_movement_record_msgs_srvs/msg/odom_with_expmt_flag.hpp
[0.727s] -- Up-to-date: /home/wings/Backscatter_UGV_ws/install/backscatter_movement_record_msgs_srvs/include/backscatter_movement_record_msgs_srvs
[0.727s] -- Up-to-date: /home/wings/Backscatter_UGV_ws/install/backscatter_movement_record_msgs_srvs/include/backscatter_movement_record_msgs_srvs/srv
[0.727s] -- Up-to-date: /home/wings/Backscatter_UGV_ws/install/backscatter_movement_record_msgs_srvs/include/backscatter_movement_record_msgs_srvs/srv/detail
[0.727s] -- Up-to-date: /home/wings/Backscatter_UGV_ws/install/backscatter_movement_record_msgs_srvs/include/backscatter_movement_record_msgs_srvs/srv/detail/odom_record__type_support.cpp
[0.727s] -- Up-to-date: /home/wings/Backscatter_UGV_ws/install/backscatter_movement_record_msgs_srvs/include/backscatter_movement_record_msgs_srvs/srv/detail/odom_record__rosidl_typesupport_introspection_cpp.hpp
[0.728s] -- Up-to-date: /home/wings/Backscatter_UGV_ws/install/backscatter_movement_record_msgs_srvs/include/backscatter_movement_record_msgs_srvs/msg
[0.728s] -- Up-to-date: /home/wings/Backscatter_UGV_ws/install/backscatter_movement_record_msgs_srvs/include/backscatter_movement_record_msgs_srvs/msg/detail
[0.728s] -- Up-to-date: /home/wings/Backscatter_UGV_ws/install/backscatter_movement_record_msgs_srvs/include/backscatter_movement_record_msgs_srvs/msg/detail/odom_with_expmt_flag__type_support.cpp
[0.728s] -- Up-to-date: /home/wings/Backscatter_UGV_ws/install/backscatter_movement_record_msgs_srvs/include/backscatter_movement_record_msgs_srvs/msg/detail/odom_with_expmt_flag__rosidl_typesupport_introspection_cpp.hpp
[0.728s] -- Up-to-date: /home/wings/Backscatter_UGV_ws/install/backscatter_movement_record_msgs_srvs/lib/libbackscatter_movement_record_msgs_srvs__rosidl_typesupport_introspection_cpp.so
[0.728s] -- Up-to-date: /home/wings/Backscatter_UGV_ws/install/backscatter_movement_record_msgs_srvs/lib/libbackscatter_movement_record_msgs_srvs__rosidl_typesupport_cpp.so
[0.728s] -- Up-to-date: /home/wings/Backscatter_UGV_ws/install/backscatter_movement_record_msgs_srvs/share/backscatter_movement_record_msgs_srvs/environment/pythonpath.sh
[0.728s] -- Up-to-date: /home/wings/Backscatter_UGV_ws/install/backscatter_movement_record_msgs_srvs/share/backscatter_movement_record_msgs_srvs/environment/pythonpath.dsv
[0.729s] -- Up-to-date: /home/wings/Backscatter_UGV_ws/install/backscatter_movement_record_msgs_srvs/lib/python3.8/site-packages/backscatter_movement_record_msgs_srvs/__init__.py
[0.759s] -- Up-to-date: /home/wings/Backscatter_UGV_ws/install/backscatter_movement_record_msgs_srvs/lib/python3.8/site-packages/backscatter_movement_record_msgs_srvs/srv
[0.759s] -- Up-to-date: /home/wings/Backscatter_UGV_ws/install/backscatter_movement_record_msgs_srvs/lib/python3.8/site-packages/backscatter_movement_record_msgs_srvs/srv/_odom_record_s.c
[0.759s] -- Up-to-date: /home/wings/Backscatter_UGV_ws/install/backscatter_movement_record_msgs_srvs/lib/python3.8/site-packages/backscatter_movement_record_msgs_srvs/srv/__init__.py
[0.759s] -- Up-to-date: /home/wings/Backscatter_UGV_ws/install/backscatter_movement_record_msgs_srvs/lib/python3.8/site-packages/backscatter_movement_record_msgs_srvs/srv/_odom_record.py
[0.759s] -- Up-to-date: /home/wings/Backscatter_UGV_ws/install/backscatter_movement_record_msgs_srvs/lib/python3.8/site-packages/backscatter_movement_record_msgs_srvs/msg
[0.759s] -- Up-to-date: /home/wings/Backscatter_UGV_ws/install/backscatter_movement_record_msgs_srvs/lib/python3.8/site-packages/backscatter_movement_record_msgs_srvs/msg/_odom_with_expmt_flag_s.c
[0.759s] -- Up-to-date: /home/wings/Backscatter_UGV_ws/install/backscatter_movement_record_msgs_srvs/lib/python3.8/site-packages/backscatter_movement_record_msgs_srvs/msg/_odom_with_expmt_flag.py
[0.760s] -- Up-to-date: /home/wings/Backscatter_UGV_ws/install/backscatter_movement_record_msgs_srvs/lib/python3.8/site-packages/backscatter_movement_record_msgs_srvs/msg/__init__.py
[0.760s] -- Up-to-date: /home/wings/Backscatter_UGV_ws/install/backscatter_movement_record_msgs_srvs/lib/python3.8/site-packages/backscatter_movement_record_msgs_srvs/backscatter_movement_record_msgs_srvs_s__rosidl_typesupport_fastrtps_c.cpython-38-aarch64-linux-gnu.so
[0.762s] -- Up-to-date: /home/wings/Backscatter_UGV_ws/install/backscatter_movement_record_msgs_srvs/lib/python3.8/site-packages/backscatter_movement_record_msgs_srvs/backscatter_movement_record_msgs_srvs_s__rosidl_typesupport_introspection_c.cpython-38-aarch64-linux-gnu.so
[0.765s] -- Up-to-date: /home/wings/Backscatter_UGV_ws/install/backscatter_movement_record_msgs_srvs/lib/python3.8/site-packages/backscatter_movement_record_msgs_srvs/backscatter_movement_record_msgs_srvs_s__rosidl_typesupport_c.cpython-38-aarch64-linux-gnu.so
[0.766s] -- Up-to-date: /home/wings/Backscatter_UGV_ws/install/backscatter_movement_record_msgs_srvs/lib/libbackscatter_movement_record_msgs_srvs__python.so
[0.767s] -- Up-to-date: /home/wings/Backscatter_UGV_ws/install/backscatter_movement_record_msgs_srvs/share/backscatter_movement_record_msgs_srvs/srv/OdomRecord.idl
[0.767s] -- Up-to-date: /home/wings/Backscatter_UGV_ws/install/backscatter_movement_record_msgs_srvs/share/backscatter_movement_record_msgs_srvs/msg/OdomWithExpmtFlag.idl
[0.767s] -- Up-to-date: /home/wings/Backscatter_UGV_ws/install/backscatter_movement_record_msgs_srvs/share/backscatter_movement_record_msgs_srvs/srv/OdomRecord.srv
[0.768s] -- Up-to-date: /home/wings/Backscatter_UGV_ws/install/backscatter_movement_record_msgs_srvs/share/backscatter_movement_record_msgs_srvs/srv/OdomRecord_Request.msg
[0.768s] -- Up-to-date: /home/wings/Backscatter_UGV_ws/install/backscatter_movement_record_msgs_srvs/share/backscatter_movement_record_msgs_srvs/srv/OdomRecord_Response.msg
[0.768s] -- Up-to-date: /home/wings/Backscatter_UGV_ws/install/backscatter_movement_record_msgs_srvs/share/backscatter_movement_record_msgs_srvs/msg/OdomWithExpmtFlag.msg
[0.769s] -- Up-to-date: /home/wings/Backscatter_UGV_ws/install/backscatter_movement_record_msgs_srvs/share/ament_index/resource_index/package_run_dependencies/backscatter_movement_record_msgs_srvs
[0.769s] -- Up-to-date: /home/wings/Backscatter_UGV_ws/install/backscatter_movement_record_msgs_srvs/share/ament_index/resource_index/parent_prefix_path/backscatter_movement_record_msgs_srvs
[0.769s] -- Up-to-date: /home/wings/Backscatter_UGV_ws/install/backscatter_movement_record_msgs_srvs/share/backscatter_movement_record_msgs_srvs/environment/ament_prefix_path.sh
[0.769s] -- Up-to-date: /home/wings/Backscatter_UGV_ws/install/backscatter_movement_record_msgs_srvs/share/backscatter_movement_record_msgs_srvs/environment/ament_prefix_path.dsv
[0.769s] -- Up-to-date: /home/wings/Backscatter_UGV_ws/install/backscatter_movement_record_msgs_srvs/share/backscatter_movement_record_msgs_srvs/environment/path.sh
[0.770s] -- Up-to-date: /home/wings/Backscatter_UGV_ws/install/backscatter_movement_record_msgs_srvs/share/backscatter_movement_record_msgs_srvs/environment/path.dsv
[0.770s] -- Up-to-date: /home/wings/Backscatter_UGV_ws/install/backscatter_movement_record_msgs_srvs/share/backscatter_movement_record_msgs_srvs/local_setup.bash
[0.770s] -- Up-to-date: /home/wings/Backscatter_UGV_ws/install/backscatter_movement_record_msgs_srvs/share/backscatter_movement_record_msgs_srvs/local_setup.sh
[0.770s] -- Up-to-date: /home/wings/Backscatter_UGV_ws/install/backscatter_movement_record_msgs_srvs/share/backscatter_movement_record_msgs_srvs/local_setup.zsh
[0.770s] -- Up-to-date: /home/wings/Backscatter_UGV_ws/install/backscatter_movement_record_msgs_srvs/share/backscatter_movement_record_msgs_srvs/local_setup.dsv
[0.771s] -- Up-to-date: /home/wings/Backscatter_UGV_ws/install/backscatter_movement_record_msgs_srvs/share/backscatter_movement_record_msgs_srvs/package.dsv
[0.771s] -- Up-to-date: /home/wings/Backscatter_UGV_ws/install/backscatter_movement_record_msgs_srvs/share/ament_index/resource_index/packages/backscatter_movement_record_msgs_srvs
[0.772s] -- Up-to-date: /home/wings/Backscatter_UGV_ws/install/backscatter_movement_record_msgs_srvs/share/backscatter_movement_record_msgs_srvs/cmake/backscatter_movement_record_msgs_srvs__rosidl_generator_cExport.cmake
[0.774s] -- Up-to-date: /home/wings/Backscatter_UGV_ws/install/backscatter_movement_record_msgs_srvs/share/backscatter_movement_record_msgs_srvs/cmake/backscatter_movement_record_msgs_srvs__rosidl_generator_cExport-noconfig.cmake
[0.775s] -- Up-to-date: /home/wings/Backscatter_UGV_ws/install/backscatter_movement_record_msgs_srvs/share/backscatter_movement_record_msgs_srvs/cmake/backscatter_movement_record_msgs_srvs__rosidl_typesupport_introspection_cExport.cmake
[0.775s] -- Up-to-date: /home/wings/Backscatter_UGV_ws/install/backscatter_movement_record_msgs_srvs/share/backscatter_movement_record_msgs_srvs/cmake/backscatter_movement_record_msgs_srvs__rosidl_typesupport_introspection_cExport-noconfig.cmake
[0.775s] -- Up-to-date: /home/wings/Backscatter_UGV_ws/install/backscatter_movement_record_msgs_srvs/share/backscatter_movement_record_msgs_srvs/cmake/backscatter_movement_record_msgs_srvs__rosidl_typesupport_cExport.cmake
[0.775s] -- Up-to-date: /home/wings/Backscatter_UGV_ws/install/backscatter_movement_record_msgs_srvs/share/backscatter_movement_record_msgs_srvs/cmake/backscatter_movement_record_msgs_srvs__rosidl_typesupport_cExport-noconfig.cmake
[0.775s] -- Up-to-date: /home/wings/Backscatter_UGV_ws/install/backscatter_movement_record_msgs_srvs/share/backscatter_movement_record_msgs_srvs/cmake/backscatter_movement_record_msgs_srvs__rosidl_generator_cppExport.cmake
[0.775s] -- Up-to-date: /home/wings/Backscatter_UGV_ws/install/backscatter_movement_record_msgs_srvs/share/backscatter_movement_record_msgs_srvs/cmake/backscatter_movement_record_msgs_srvs__rosidl_typesupport_introspection_cppExport.cmake
[0.776s] -- Up-to-date: /home/wings/Backscatter_UGV_ws/install/backscatter_movement_record_msgs_srvs/share/backscatter_movement_record_msgs_srvs/cmake/backscatter_movement_record_msgs_srvs__rosidl_typesupport_introspection_cppExport-noconfig.cmake
[0.776s] -- Up-to-date: /home/wings/Backscatter_UGV_ws/install/backscatter_movement_record_msgs_srvs/share/backscatter_movement_record_msgs_srvs/cmake/backscatter_movement_record_msgs_srvs__rosidl_typesupport_cppExport.cmake
[0.777s] -- Up-to-date: /home/wings/Backscatter_UGV_ws/install/backscatter_movement_record_msgs_srvs/share/backscatter_movement_record_msgs_srvs/cmake/backscatter_movement_record_msgs_srvs__rosidl_typesupport_cppExport-noconfig.cmake
[0.777s] -- Up-to-date: /home/wings/Backscatter_UGV_ws/install/backscatter_movement_record_msgs_srvs/share/backscatter_movement_record_msgs_srvs/cmake/rosidl_cmake-extras.cmake
[0.777s] -- Up-to-date: /home/wings/Backscatter_UGV_ws/install/backscatter_movement_record_msgs_srvs/share/backscatter_movement_record_msgs_srvs/cmake/ament_cmake_export_dependencies-extras.cmake
[0.777s] -- Up-to-date: /home/wings/Backscatter_UGV_ws/install/backscatter_movement_record_msgs_srvs/share/backscatter_movement_record_msgs_srvs/cmake/ament_cmake_export_libraries-extras.cmake
[0.777s] -- Up-to-date: /home/wings/Backscatter_UGV_ws/install/backscatter_movement_record_msgs_srvs/share/backscatter_movement_record_msgs_srvs/cmake/ament_cmake_export_targets-extras.cmake
[0.777s] -- Up-to-date: /home/wings/Backscatter_UGV_ws/install/backscatter_movement_record_msgs_srvs/share/backscatter_movement_record_msgs_srvs/cmake/ament_cmake_export_include_directories-extras.cmake
[0.777s] -- Up-to-date: /home/wings/Backscatter_UGV_ws/install/backscatter_movement_record_msgs_srvs/share/backscatter_movement_record_msgs_srvs/cmake/rosidl_cmake_export_typesupport_libraries-extras.cmake
[0.778s] -- Up-to-date: /home/wings/Backscatter_UGV_ws/install/backscatter_movement_record_msgs_srvs/share/backscatter_movement_record_msgs_srvs/cmake/rosidl_cmake_export_typesupport_targets-extras.cmake
[0.778s] -- Up-to-date: /home/wings/Backscatter_UGV_ws/install/backscatter_movement_record_msgs_srvs/share/backscatter_movement_record_msgs_srvs/cmake/backscatter_movement_record_msgs_srvsConfig.cmake
[0.778s] -- Up-to-date: /home/wings/Backscatter_UGV_ws/install/backscatter_movement_record_msgs_srvs/share/backscatter_movement_record_msgs_srvs/cmake/backscatter_movement_record_msgs_srvsConfig-version.cmake
[0.778s] -- Up-to-date: /home/wings/Backscatter_UGV_ws/install/backscatter_movement_record_msgs_srvs/share/backscatter_movement_record_msgs_srvs/package.xml
