[0.061s] Invoking command in '/home/wings/Backscatter_UGV_ws/build/rclpy_message_converter_msgs': CMAKE_PREFIX_PATH=${CMAKE_PREFIX_PATH}:/home/wings/Backscatter_UGV_ws/install/rclpy_message_converter:/home/wings/Backscatter_UGV_ws/install/backscatter_rover_data_recorder:/opt/ros/foxy /usr/bin/cmake --build /home/wings/Backscatter_UGV_ws/build/rclpy_message_converter_msgs -- -j6 -l6
[0.169s] [  4%] Built target rclpy_message_converter_msgs__cpp
[0.170s] [ 12%] Built target rclpy_message_converter_msgs__rosidl_generator_c
[0.235s] [ 23%] Built target rclpy_message_converter_msgs__rosidl_typesupport_introspection_cpp
[0.247s] [ 34%] Built target rclpy_message_converter_msgs__rosidl_typesupport_cpp
[0.250s] [ 46%] Built target rclpy_message_converter_msgs__rosidl_typesupport_fastrtps_cpp
[0.257s] [ 68%] Built target rclpy_message_converter_msgs__rosidl_typesupport_introspection_c
[0.258s] [ 68%] Built target rclpy_message_converter_msgs__rosidl_typesupport_c
[0.305s] [ 79%] Built target rclpy_message_converter_msgs__rosidl_typesupport_fastrtps_c
[0.347s] [ 79%] Built target rclpy_message_converter_msgs
[0.388s] [ 80%] Built target rclpy_message_converter_msgs__py
[0.444s] [ 90%] Built target rclpy_message_converter_msgs__python
[0.497s] [ 96%] Built target rclpy_message_converter_msgs__rosidl_typesupport_c__pyext
[0.497s] [ 96%] Built target rclpy_message_converter_msgs__rosidl_typesupport_introspection_c__pyext
[0.499s] [100%] Built target rclpy_message_converter_msgs__rosidl_typesupport_fastrtps_c__pyext
[0.612s] Invoked command in '/home/wings/Backscatter_UGV_ws/build/rclpy_message_converter_msgs' returned '0': CMAKE_PREFIX_PATH=${CMAKE_PREFIX_PATH}:/home/wings/Backscatter_UGV_ws/install/rclpy_message_converter:/home/wings/Backscatter_UGV_ws/install/backscatter_rover_data_recorder:/opt/ros/foxy /usr/bin/cmake --build /home/wings/Backscatter_UGV_ws/build/rclpy_message_converter_msgs -- -j6 -l6
[0.640s] Invoking command in '/home/wings/Backscatter_UGV_ws/build/rclpy_message_converter_msgs': CMAKE_PREFIX_PATH=${CMAKE_PREFIX_PATH}:/home/wings/Backscatter_UGV_ws/install/rclpy_message_converter:/home/wings/Backscatter_UGV_ws/install/backscatter_rover_data_recorder:/opt/ros/foxy /usr/bin/cmake --install /home/wings/Backscatter_UGV_ws/build/rclpy_message_converter_msgs
[0.661s] -- Install configuration: ""
[0.663s] -- Up-to-date: /home/wings/Backscatter_UGV_ws/install/rclpy_message_converter_msgs/share/ament_index/resource_index/rosidl_interfaces/rclpy_message_converter_msgs
[0.663s] -- Up-to-date: /home/wings/Backscatter_UGV_ws/install/rclpy_message_converter_msgs/include/rclpy_message_converter_msgs
[0.665s] -- Up-to-date: /home/wings/Backscatter_UGV_ws/install/rclpy_message_converter_msgs/include/rclpy_message_converter_msgs/srv
[0.665s] -- Up-to-date: /home/wings/Backscatter_UGV_ws/install/rclpy_message_converter_msgs/include/rclpy_message_converter_msgs/srv/nested_uint8_array_test_service.h
[0.665s] -- Up-to-date: /home/wings/Backscatter_UGV_ws/install/rclpy_message_converter_msgs/include/rclpy_message_converter_msgs/srv/detail
[0.665s] -- Up-to-date: /home/wings/Backscatter_UGV_ws/install/rclpy_message_converter_msgs/include/rclpy_message_converter_msgs/srv/detail/nested_uint8_array_test_service__type_support.h
[0.666s] -- Up-to-date: /home/wings/Backscatter_UGV_ws/install/rclpy_message_converter_msgs/include/rclpy_message_converter_msgs/srv/detail/nested_uint8_array_test_service__struct.h
[0.666s] -- Up-to-date: /home/wings/Backscatter_UGV_ws/install/rclpy_message_converter_msgs/include/rclpy_message_converter_msgs/srv/detail/nested_uint8_array_test_service__functions.h
[0.666s] -- Up-to-date: /home/wings/Backscatter_UGV_ws/install/rclpy_message_converter_msgs/include/rclpy_message_converter_msgs/srv/detail/nested_uint8_array_test_service__functions.c
[0.666s] -- Up-to-date: /home/wings/Backscatter_UGV_ws/install/rclpy_message_converter_msgs/include/rclpy_message_converter_msgs/msg
[0.666s] -- Up-to-date: /home/wings/Backscatter_UGV_ws/install/rclpy_message_converter_msgs/include/rclpy_message_converter_msgs/msg/uint8_array_test_message.h
[0.666s] -- Up-to-date: /home/wings/Backscatter_UGV_ws/install/rclpy_message_converter_msgs/include/rclpy_message_converter_msgs/msg/detail
[0.667s] -- Up-to-date: /home/wings/Backscatter_UGV_ws/install/rclpy_message_converter_msgs/include/rclpy_message_converter_msgs/msg/detail/uint8_array3_test_message__functions.c
[0.667s] -- Up-to-date: /home/wings/Backscatter_UGV_ws/install/rclpy_message_converter_msgs/include/rclpy_message_converter_msgs/msg/detail/uint8_array_test_message__functions.h
[0.667s] -- Up-to-date: /home/wings/Backscatter_UGV_ws/install/rclpy_message_converter_msgs/include/rclpy_message_converter_msgs/msg/detail/nested_uint8_array_test_message__functions.c
[0.668s] -- Up-to-date: /home/wings/Backscatter_UGV_ws/install/rclpy_message_converter_msgs/include/rclpy_message_converter_msgs/msg/detail/test_array__functions.c
[0.668s] -- Up-to-date: /home/wings/Backscatter_UGV_ws/install/rclpy_message_converter_msgs/include/rclpy_message_converter_msgs/msg/detail/test_array__functions.h
[0.668s] -- Up-to-date: /home/wings/Backscatter_UGV_ws/install/rclpy_message_converter_msgs/include/rclpy_message_converter_msgs/msg/detail/uint8_array3_test_message__functions.h
[0.668s] -- Up-to-date: /home/wings/Backscatter_UGV_ws/install/rclpy_message_converter_msgs/include/rclpy_message_converter_msgs/msg/detail/uint8_array3_test_message__struct.h
[0.668s] -- Up-to-date: /home/wings/Backscatter_UGV_ws/install/rclpy_message_converter_msgs/include/rclpy_message_converter_msgs/msg/detail/nested_uint8_array_test_message__type_support.h
[0.668s] -- Up-to-date: /home/wings/Backscatter_UGV_ws/install/rclpy_message_converter_msgs/include/rclpy_message_converter_msgs/msg/detail/test_array__struct.h
[0.669s] -- Up-to-date: /home/wings/Backscatter_UGV_ws/install/rclpy_message_converter_msgs/include/rclpy_message_converter_msgs/msg/detail/uint8_array_test_message__functions.c
[0.669s] -- Up-to-date: /home/wings/Backscatter_UGV_ws/install/rclpy_message_converter_msgs/include/rclpy_message_converter_msgs/msg/detail/uint8_array3_test_message__type_support.h
[0.670s] -- Up-to-date: /home/wings/Backscatter_UGV_ws/install/rclpy_message_converter_msgs/include/rclpy_message_converter_msgs/msg/detail/test_array__type_support.h
[0.670s] -- Up-to-date: /home/wings/Backscatter_UGV_ws/install/rclpy_message_converter_msgs/include/rclpy_message_converter_msgs/msg/detail/uint8_array_test_message__type_support.h
[0.671s] -- Up-to-date: /home/wings/Backscatter_UGV_ws/install/rclpy_message_converter_msgs/include/rclpy_message_converter_msgs/msg/detail/uint8_array_test_message__struct.h
[0.671s] -- Up-to-date: /home/wings/Backscatter_UGV_ws/install/rclpy_message_converter_msgs/include/rclpy_message_converter_msgs/msg/detail/nested_uint8_array_test_message__functions.h
[0.671s] -- Up-to-date: /home/wings/Backscatter_UGV_ws/install/rclpy_message_converter_msgs/include/rclpy_message_converter_msgs/msg/detail/nested_uint8_array_test_message__struct.h
[0.671s] -- Up-to-date: /home/wings/Backscatter_UGV_ws/install/rclpy_message_converter_msgs/include/rclpy_message_converter_msgs/msg/rosidl_generator_c__visibility_control.h
[0.671s] -- Up-to-date: /home/wings/Backscatter_UGV_ws/install/rclpy_message_converter_msgs/include/rclpy_message_converter_msgs/msg/nested_uint8_array_test_message.h
[0.672s] -- Up-to-date: /home/wings/Backscatter_UGV_ws/install/rclpy_message_converter_msgs/include/rclpy_message_converter_msgs/msg/test_array.h
[0.672s] -- Up-to-date: /home/wings/Backscatter_UGV_ws/install/rclpy_message_converter_msgs/include/rclpy_message_converter_msgs/msg/uint8_array3_test_message.h
[0.672s] -- Up-to-date: /home/wings/Backscatter_UGV_ws/install/rclpy_message_converter_msgs/share/rclpy_message_converter_msgs/environment/library_path.sh
[0.672s] -- Up-to-date: /home/wings/Backscatter_UGV_ws/install/rclpy_message_converter_msgs/share/rclpy_message_converter_msgs/environment/library_path.dsv
[0.673s] -- Up-to-date: /home/wings/Backscatter_UGV_ws/install/rclpy_message_converter_msgs/lib/librclpy_message_converter_msgs__rosidl_generator_c.so
[0.673s] -- Up-to-date: /home/wings/Backscatter_UGV_ws/install/rclpy_message_converter_msgs/include/rclpy_message_converter_msgs
[0.673s] -- Up-to-date: /home/wings/Backscatter_UGV_ws/install/rclpy_message_converter_msgs/include/rclpy_message_converter_msgs/srv
[0.673s] -- Up-to-date: /home/wings/Backscatter_UGV_ws/install/rclpy_message_converter_msgs/include/rclpy_message_converter_msgs/srv/detail
[0.674s] -- Up-to-date: /home/wings/Backscatter_UGV_ws/install/rclpy_message_converter_msgs/include/rclpy_message_converter_msgs/srv/detail/nested_uint8_array_test_service__rosidl_typesupport_fastrtps_c.h
[0.674s] -- Up-to-date: /home/wings/Backscatter_UGV_ws/install/rclpy_message_converter_msgs/include/rclpy_message_converter_msgs/msg
[0.674s] -- Up-to-date: /home/wings/Backscatter_UGV_ws/install/rclpy_message_converter_msgs/include/rclpy_message_converter_msgs/msg/detail
[0.674s] -- Up-to-date: /home/wings/Backscatter_UGV_ws/install/rclpy_message_converter_msgs/include/rclpy_message_converter_msgs/msg/detail/uint8_array_test_message__rosidl_typesupport_fastrtps_c.h
[0.675s] -- Up-to-date: /home/wings/Backscatter_UGV_ws/install/rclpy_message_converter_msgs/include/rclpy_message_converter_msgs/msg/detail/test_array__rosidl_typesupport_fastrtps_c.h
[0.675s] -- Up-to-date: /home/wings/Backscatter_UGV_ws/install/rclpy_message_converter_msgs/include/rclpy_message_converter_msgs/msg/detail/nested_uint8_array_test_message__rosidl_typesupport_fastrtps_c.h
[0.675s] -- Up-to-date: /home/wings/Backscatter_UGV_ws/install/rclpy_message_converter_msgs/include/rclpy_message_converter_msgs/msg/detail/uint8_array3_test_message__rosidl_typesupport_fastrtps_c.h
[0.675s] -- Up-to-date: /home/wings/Backscatter_UGV_ws/install/rclpy_message_converter_msgs/include/rclpy_message_converter_msgs/msg/rosidl_typesupport_fastrtps_c__visibility_control.h
[0.675s] -- Up-to-date: /home/wings/Backscatter_UGV_ws/install/rclpy_message_converter_msgs/lib/librclpy_message_converter_msgs__rosidl_typesupport_fastrtps_c.so
[0.675s] -- Up-to-date: /home/wings/Backscatter_UGV_ws/install/rclpy_message_converter_msgs/include/rclpy_message_converter_msgs
[0.675s] -- Up-to-date: /home/wings/Backscatter_UGV_ws/install/rclpy_message_converter_msgs/include/rclpy_message_converter_msgs/srv
[0.676s] -- Up-to-date: /home/wings/Backscatter_UGV_ws/install/rclpy_message_converter_msgs/include/rclpy_message_converter_msgs/srv/detail
[0.676s] -- Up-to-date: /home/wings/Backscatter_UGV_ws/install/rclpy_message_converter_msgs/include/rclpy_message_converter_msgs/srv/detail/nested_uint8_array_test_service__rosidl_typesupport_fastrtps_cpp.hpp
[0.676s] -- Up-to-date: /home/wings/Backscatter_UGV_ws/install/rclpy_message_converter_msgs/include/rclpy_message_converter_msgs/srv/detail/dds_fastrtps
[0.677s] -- Up-to-date: /home/wings/Backscatter_UGV_ws/install/rclpy_message_converter_msgs/include/rclpy_message_converter_msgs/msg
[0.677s] -- Up-to-date: /home/wings/Backscatter_UGV_ws/install/rclpy_message_converter_msgs/include/rclpy_message_converter_msgs/msg/detail
[0.677s] -- Up-to-date: /home/wings/Backscatter_UGV_ws/install/rclpy_message_converter_msgs/include/rclpy_message_converter_msgs/msg/detail/uint8_array3_test_message__rosidl_typesupport_fastrtps_cpp.hpp
[0.677s] -- Up-to-date: /home/wings/Backscatter_UGV_ws/install/rclpy_message_converter_msgs/include/rclpy_message_converter_msgs/msg/detail/uint8_array_test_message__rosidl_typesupport_fastrtps_cpp.hpp
[0.677s] -- Up-to-date: /home/wings/Backscatter_UGV_ws/install/rclpy_message_converter_msgs/include/rclpy_message_converter_msgs/msg/detail/nested_uint8_array_test_message__rosidl_typesupport_fastrtps_cpp.hpp
[0.677s] -- Up-to-date: /home/wings/Backscatter_UGV_ws/install/rclpy_message_converter_msgs/include/rclpy_message_converter_msgs/msg/detail/test_array__rosidl_typesupport_fastrtps_cpp.hpp
[0.678s] -- Up-to-date: /home/wings/Backscatter_UGV_ws/install/rclpy_message_converter_msgs/include/rclpy_message_converter_msgs/msg/detail/dds_fastrtps
[0.678s] -- Up-to-date: /home/wings/Backscatter_UGV_ws/install/rclpy_message_converter_msgs/include/rclpy_message_converter_msgs/msg/rosidl_typesupport_fastrtps_cpp__visibility_control.h
[0.678s] -- Up-to-date: /home/wings/Backscatter_UGV_ws/install/rclpy_message_converter_msgs/lib/librclpy_message_converter_msgs__rosidl_typesupport_fastrtps_cpp.so
[0.678s] -- Up-to-date: /home/wings/Backscatter_UGV_ws/install/rclpy_message_converter_msgs/include/rclpy_message_converter_msgs
[0.678s] -- Up-to-date: /home/wings/Backscatter_UGV_ws/install/rclpy_message_converter_msgs/include/rclpy_message_converter_msgs/srv
[0.678s] -- Up-to-date: /home/wings/Backscatter_UGV_ws/install/rclpy_message_converter_msgs/include/rclpy_message_converter_msgs/srv/detail
[0.679s] -- Up-to-date: /home/wings/Backscatter_UGV_ws/install/rclpy_message_converter_msgs/include/rclpy_message_converter_msgs/srv/detail/nested_uint8_array_test_service__type_support.c
[0.679s] -- Up-to-date: /home/wings/Backscatter_UGV_ws/install/rclpy_message_converter_msgs/include/rclpy_message_converter_msgs/srv/detail/nested_uint8_array_test_service__rosidl_typesupport_introspection_c.h
[0.679s] -- Up-to-date: /home/wings/Backscatter_UGV_ws/install/rclpy_message_converter_msgs/include/rclpy_message_converter_msgs/msg
[0.679s] -- Up-to-date: /home/wings/Backscatter_UGV_ws/install/rclpy_message_converter_msgs/include/rclpy_message_converter_msgs/msg/rosidl_typesupport_introspection_c__visibility_control.h
[0.679s] -- Up-to-date: /home/wings/Backscatter_UGV_ws/install/rclpy_message_converter_msgs/include/rclpy_message_converter_msgs/msg/detail
[0.679s] -- Up-to-date: /home/wings/Backscatter_UGV_ws/install/rclpy_message_converter_msgs/include/rclpy_message_converter_msgs/msg/detail/uint8_array3_test_message__type_support.c
[0.679s] -- Up-to-date: /home/wings/Backscatter_UGV_ws/install/rclpy_message_converter_msgs/include/rclpy_message_converter_msgs/msg/detail/test_array__type_support.c
[0.680s] -- Up-to-date: /home/wings/Backscatter_UGV_ws/install/rclpy_message_converter_msgs/include/rclpy_message_converter_msgs/msg/detail/nested_uint8_array_test_message__rosidl_typesupport_introspection_c.h
[0.680s] -- Up-to-date: /home/wings/Backscatter_UGV_ws/install/rclpy_message_converter_msgs/include/rclpy_message_converter_msgs/msg/detail/nested_uint8_array_test_message__type_support.c
[0.680s] -- Up-to-date: /home/wings/Backscatter_UGV_ws/install/rclpy_message_converter_msgs/include/rclpy_message_converter_msgs/msg/detail/test_array__rosidl_typesupport_introspection_c.h
[0.680s] -- Up-to-date: /home/wings/Backscatter_UGV_ws/install/rclpy_message_converter_msgs/include/rclpy_message_converter_msgs/msg/detail/uint8_array_test_message__type_support.c
[0.680s] -- Up-to-date: /home/wings/Backscatter_UGV_ws/install/rclpy_message_converter_msgs/include/rclpy_message_converter_msgs/msg/detail/uint8_array_test_message__rosidl_typesupport_introspection_c.h
[0.680s] -- Up-to-date: /home/wings/Backscatter_UGV_ws/install/rclpy_message_converter_msgs/include/rclpy_message_converter_msgs/msg/detail/uint8_array3_test_message__rosidl_typesupport_introspection_c.h
[0.680s] -- Up-to-date: /home/wings/Backscatter_UGV_ws/install/rclpy_message_converter_msgs/lib/librclpy_message_converter_msgs__rosidl_typesupport_introspection_c.so
[0.680s] -- Up-to-date: /home/wings/Backscatter_UGV_ws/install/rclpy_message_converter_msgs/lib/librclpy_message_converter_msgs__rosidl_typesupport_c.so
[0.681s] -- Up-to-date: /home/wings/Backscatter_UGV_ws/install/rclpy_message_converter_msgs/include/rclpy_message_converter_msgs
[0.681s] -- Up-to-date: /home/wings/Backscatter_UGV_ws/install/rclpy_message_converter_msgs/include/rclpy_message_converter_msgs/srv
[0.681s] -- Up-to-date: /home/wings/Backscatter_UGV_ws/install/rclpy_message_converter_msgs/include/rclpy_message_converter_msgs/srv/detail
[0.682s] -- Up-to-date: /home/wings/Backscatter_UGV_ws/install/rclpy_message_converter_msgs/include/rclpy_message_converter_msgs/srv/detail/nested_uint8_array_test_service__type_support.hpp
[0.682s] -- Up-to-date: /home/wings/Backscatter_UGV_ws/install/rclpy_message_converter_msgs/include/rclpy_message_converter_msgs/srv/detail/nested_uint8_array_test_service__struct.hpp
[0.682s] -- Up-to-date: /home/wings/Backscatter_UGV_ws/install/rclpy_message_converter_msgs/include/rclpy_message_converter_msgs/srv/detail/nested_uint8_array_test_service__builder.hpp
[0.682s] -- Up-to-date: /home/wings/Backscatter_UGV_ws/install/rclpy_message_converter_msgs/include/rclpy_message_converter_msgs/srv/detail/nested_uint8_array_test_service__traits.hpp
[0.682s] -- Up-to-date: /home/wings/Backscatter_UGV_ws/install/rclpy_message_converter_msgs/include/rclpy_message_converter_msgs/srv/nested_uint8_array_test_service.hpp
[0.683s] -- Up-to-date: /home/wings/Backscatter_UGV_ws/install/rclpy_message_converter_msgs/include/rclpy_message_converter_msgs/msg
[0.683s] -- Up-to-date: /home/wings/Backscatter_UGV_ws/install/rclpy_message_converter_msgs/include/rclpy_message_converter_msgs/msg/nested_uint8_array_test_message.hpp
[0.683s] -- Up-to-date: /home/wings/Backscatter_UGV_ws/install/rclpy_message_converter_msgs/include/rclpy_message_converter_msgs/msg/test_array.hpp
[0.683s] -- Up-to-date: /home/wings/Backscatter_UGV_ws/install/rclpy_message_converter_msgs/include/rclpy_message_converter_msgs/msg/uint8_array_test_message.hpp
[0.683s] -- Up-to-date: /home/wings/Backscatter_UGV_ws/install/rclpy_message_converter_msgs/include/rclpy_message_converter_msgs/msg/uint8_array3_test_message.hpp
[0.683s] -- Up-to-date: /home/wings/Backscatter_UGV_ws/install/rclpy_message_converter_msgs/include/rclpy_message_converter_msgs/msg/detail
[0.684s] -- Up-to-date: /home/wings/Backscatter_UGV_ws/install/rclpy_message_converter_msgs/include/rclpy_message_converter_msgs/msg/detail/test_array__builder.hpp
[0.684s] -- Up-to-date: /home/wings/Backscatter_UGV_ws/install/rclpy_message_converter_msgs/include/rclpy_message_converter_msgs/msg/detail/test_array__struct.hpp
[0.684s] -- Up-to-date: /home/wings/Backscatter_UGV_ws/install/rclpy_message_converter_msgs/include/rclpy_message_converter_msgs/msg/detail/test_array__type_support.hpp
[0.684s] -- Up-to-date: /home/wings/Backscatter_UGV_ws/install/rclpy_message_converter_msgs/include/rclpy_message_converter_msgs/msg/detail/nested_uint8_array_test_message__traits.hpp
[0.684s] -- Up-to-date: /home/wings/Backscatter_UGV_ws/install/rclpy_message_converter_msgs/include/rclpy_message_converter_msgs/msg/detail/nested_uint8_array_test_message__type_support.hpp
[0.685s] -- Up-to-date: /home/wings/Backscatter_UGV_ws/install/rclpy_message_converter_msgs/include/rclpy_message_converter_msgs/msg/detail/uint8_array3_test_message__struct.hpp
[0.686s] -- Up-to-date: /home/wings/Backscatter_UGV_ws/install/rclpy_message_converter_msgs/include/rclpy_message_converter_msgs/msg/detail/uint8_array_test_message__struct.hpp
[0.686s] -- Up-to-date: /home/wings/Backscatter_UGV_ws/install/rclpy_message_converter_msgs/include/rclpy_message_converter_msgs/msg/detail/uint8_array_test_message__type_support.hpp
[0.686s] -- Up-to-date: /home/wings/Backscatter_UGV_ws/install/rclpy_message_converter_msgs/include/rclpy_message_converter_msgs/msg/detail/uint8_array_test_message__builder.hpp
[0.686s] -- Up-to-date: /home/wings/Backscatter_UGV_ws/install/rclpy_message_converter_msgs/include/rclpy_message_converter_msgs/msg/detail/test_array__traits.hpp
[0.686s] -- Up-to-date: /home/wings/Backscatter_UGV_ws/install/rclpy_message_converter_msgs/include/rclpy_message_converter_msgs/msg/detail/uint8_array3_test_message__type_support.hpp
[0.687s] -- Up-to-date: /home/wings/Backscatter_UGV_ws/install/rclpy_message_converter_msgs/include/rclpy_message_converter_msgs/msg/detail/uint8_array3_test_message__builder.hpp
[0.687s] -- Up-to-date: /home/wings/Backscatter_UGV_ws/install/rclpy_message_converter_msgs/include/rclpy_message_converter_msgs/msg/detail/uint8_array_test_message__traits.hpp
[0.687s] -- Up-to-date: /home/wings/Backscatter_UGV_ws/install/rclpy_message_converter_msgs/include/rclpy_message_converter_msgs/msg/detail/nested_uint8_array_test_message__struct.hpp
[0.687s] -- Up-to-date: /home/wings/Backscatter_UGV_ws/install/rclpy_message_converter_msgs/include/rclpy_message_converter_msgs/msg/detail/nested_uint8_array_test_message__builder.hpp
[0.687s] -- Up-to-date: /home/wings/Backscatter_UGV_ws/install/rclpy_message_converter_msgs/include/rclpy_message_converter_msgs/msg/detail/uint8_array3_test_message__traits.hpp
[0.687s] -- Up-to-date: /home/wings/Backscatter_UGV_ws/install/rclpy_message_converter_msgs/include/rclpy_message_converter_msgs/msg/rosidl_generator_cpp__visibility_control.hpp
[0.687s] -- Up-to-date: /home/wings/Backscatter_UGV_ws/install/rclpy_message_converter_msgs/include/rclpy_message_converter_msgs
[0.687s] -- Up-to-date: /home/wings/Backscatter_UGV_ws/install/rclpy_message_converter_msgs/include/rclpy_message_converter_msgs/srv
[0.688s] -- Up-to-date: /home/wings/Backscatter_UGV_ws/install/rclpy_message_converter_msgs/include/rclpy_message_converter_msgs/srv/detail
[0.688s] -- Up-to-date: /home/wings/Backscatter_UGV_ws/install/rclpy_message_converter_msgs/include/rclpy_message_converter_msgs/srv/detail/nested_uint8_array_test_service__type_support.cpp
[0.688s] -- Up-to-date: /home/wings/Backscatter_UGV_ws/install/rclpy_message_converter_msgs/include/rclpy_message_converter_msgs/srv/detail/nested_uint8_array_test_service__rosidl_typesupport_introspection_cpp.hpp
[0.688s] -- Up-to-date: /home/wings/Backscatter_UGV_ws/install/rclpy_message_converter_msgs/include/rclpy_message_converter_msgs/msg
[0.688s] -- Up-to-date: /home/wings/Backscatter_UGV_ws/install/rclpy_message_converter_msgs/include/rclpy_message_converter_msgs/msg/detail
[0.688s] -- Up-to-date: /home/wings/Backscatter_UGV_ws/install/rclpy_message_converter_msgs/include/rclpy_message_converter_msgs/msg/detail/test_array__type_support.cpp
[0.688s] -- Up-to-date: /home/wings/Backscatter_UGV_ws/install/rclpy_message_converter_msgs/include/rclpy_message_converter_msgs/msg/detail/nested_uint8_array_test_message__type_support.cpp
[0.688s] -- Up-to-date: /home/wings/Backscatter_UGV_ws/install/rclpy_message_converter_msgs/include/rclpy_message_converter_msgs/msg/detail/uint8_array_test_message__rosidl_typesupport_introspection_cpp.hpp
[0.689s] -- Up-to-date: /home/wings/Backscatter_UGV_ws/install/rclpy_message_converter_msgs/include/rclpy_message_converter_msgs/msg/detail/nested_uint8_array_test_message__rosidl_typesupport_introspection_cpp.hpp
[0.689s] -- Up-to-date: /home/wings/Backscatter_UGV_ws/install/rclpy_message_converter_msgs/include/rclpy_message_converter_msgs/msg/detail/uint8_array3_test_message__type_support.cpp
[0.689s] -- Up-to-date: /home/wings/Backscatter_UGV_ws/install/rclpy_message_converter_msgs/include/rclpy_message_converter_msgs/msg/detail/uint8_array_test_message__type_support.cpp
[0.689s] -- Up-to-date: /home/wings/Backscatter_UGV_ws/install/rclpy_message_converter_msgs/include/rclpy_message_converter_msgs/msg/detail/uint8_array3_test_message__rosidl_typesupport_introspection_cpp.hpp
[0.689s] -- Up-to-date: /home/wings/Backscatter_UGV_ws/install/rclpy_message_converter_msgs/include/rclpy_message_converter_msgs/msg/detail/test_array__rosidl_typesupport_introspection_cpp.hpp
[0.690s] -- Up-to-date: /home/wings/Backscatter_UGV_ws/install/rclpy_message_converter_msgs/lib/librclpy_message_converter_msgs__rosidl_typesupport_introspection_cpp.so
[0.690s] -- Up-to-date: /home/wings/Backscatter_UGV_ws/install/rclpy_message_converter_msgs/lib/librclpy_message_converter_msgs__rosidl_typesupport_cpp.so
[0.691s] -- Up-to-date: /home/wings/Backscatter_UGV_ws/install/rclpy_message_converter_msgs/share/rclpy_message_converter_msgs/environment/pythonpath.sh
[0.692s] -- Up-to-date: /home/wings/Backscatter_UGV_ws/install/rclpy_message_converter_msgs/share/rclpy_message_converter_msgs/environment/pythonpath.dsv
[0.692s] -- Up-to-date: /home/wings/Backscatter_UGV_ws/install/rclpy_message_converter_msgs/lib/python3.8/site-packages/rclpy_message_converter_msgs/__init__.py
[0.746s] -- Up-to-date: /home/wings/Backscatter_UGV_ws/install/rclpy_message_converter_msgs/lib/python3.8/site-packages/rclpy_message_converter_msgs/msg
[0.747s] -- Up-to-date: /home/wings/Backscatter_UGV_ws/install/rclpy_message_converter_msgs/lib/python3.8/site-packages/rclpy_message_converter_msgs/msg/_uint8_array_test_message_s.c
[0.747s] -- Up-to-date: /home/wings/Backscatter_UGV_ws/install/rclpy_message_converter_msgs/lib/python3.8/site-packages/rclpy_message_converter_msgs/msg/_nested_uint8_array_test_message_s.c
[0.747s] -- Up-to-date: /home/wings/Backscatter_UGV_ws/install/rclpy_message_converter_msgs/lib/python3.8/site-packages/rclpy_message_converter_msgs/msg/_uint8_array3_test_message.py
[0.747s] -- Up-to-date: /home/wings/Backscatter_UGV_ws/install/rclpy_message_converter_msgs/lib/python3.8/site-packages/rclpy_message_converter_msgs/msg/_test_array_s.c
[0.747s] -- Up-to-date: /home/wings/Backscatter_UGV_ws/install/rclpy_message_converter_msgs/lib/python3.8/site-packages/rclpy_message_converter_msgs/msg/_test_array.py
[0.748s] -- Up-to-date: /home/wings/Backscatter_UGV_ws/install/rclpy_message_converter_msgs/lib/python3.8/site-packages/rclpy_message_converter_msgs/msg/_uint8_array_test_message.py
[0.748s] -- Up-to-date: /home/wings/Backscatter_UGV_ws/install/rclpy_message_converter_msgs/lib/python3.8/site-packages/rclpy_message_converter_msgs/msg/__init__.py
[0.748s] -- Up-to-date: /home/wings/Backscatter_UGV_ws/install/rclpy_message_converter_msgs/lib/python3.8/site-packages/rclpy_message_converter_msgs/msg/_uint8_array3_test_message_s.c
[0.748s] -- Up-to-date: /home/wings/Backscatter_UGV_ws/install/rclpy_message_converter_msgs/lib/python3.8/site-packages/rclpy_message_converter_msgs/msg/_nested_uint8_array_test_message.py
[0.748s] -- Up-to-date: /home/wings/Backscatter_UGV_ws/install/rclpy_message_converter_msgs/lib/python3.8/site-packages/rclpy_message_converter_msgs/srv
[0.748s] -- Up-to-date: /home/wings/Backscatter_UGV_ws/install/rclpy_message_converter_msgs/lib/python3.8/site-packages/rclpy_message_converter_msgs/srv/_nested_uint8_array_test_service_s.c
[0.748s] -- Up-to-date: /home/wings/Backscatter_UGV_ws/install/rclpy_message_converter_msgs/lib/python3.8/site-packages/rclpy_message_converter_msgs/srv/__init__.py
[0.749s] -- Up-to-date: /home/wings/Backscatter_UGV_ws/install/rclpy_message_converter_msgs/lib/python3.8/site-packages/rclpy_message_converter_msgs/srv/_nested_uint8_array_test_service.py
[0.749s] -- Up-to-date: /home/wings/Backscatter_UGV_ws/install/rclpy_message_converter_msgs/lib/python3.8/site-packages/rclpy_message_converter_msgs/rclpy_message_converter_msgs_s__rosidl_typesupport_fastrtps_c.cpython-38-aarch64-linux-gnu.so
[0.750s] -- Up-to-date: /home/wings/Backscatter_UGV_ws/install/rclpy_message_converter_msgs/lib/python3.8/site-packages/rclpy_message_converter_msgs/rclpy_message_converter_msgs_s__rosidl_typesupport_introspection_c.cpython-38-aarch64-linux-gnu.so
[0.751s] -- Up-to-date: /home/wings/Backscatter_UGV_ws/install/rclpy_message_converter_msgs/lib/python3.8/site-packages/rclpy_message_converter_msgs/rclpy_message_converter_msgs_s__rosidl_typesupport_c.cpython-38-aarch64-linux-gnu.so
[0.752s] -- Up-to-date: /home/wings/Backscatter_UGV_ws/install/rclpy_message_converter_msgs/lib/librclpy_message_converter_msgs__python.so
[0.753s] -- Up-to-date: /home/wings/Backscatter_UGV_ws/install/rclpy_message_converter_msgs/share/rclpy_message_converter_msgs/msg/NestedUint8ArrayTestMessage.idl
[0.754s] -- Up-to-date: /home/wings/Backscatter_UGV_ws/install/rclpy_message_converter_msgs/share/rclpy_message_converter_msgs/msg/TestArray.idl
[0.755s] -- Up-to-date: /home/wings/Backscatter_UGV_ws/install/rclpy_message_converter_msgs/share/rclpy_message_converter_msgs/msg/Uint8Array3TestMessage.idl
[0.755s] -- Up-to-date: /home/wings/Backscatter_UGV_ws/install/rclpy_message_converter_msgs/share/rclpy_message_converter_msgs/msg/Uint8ArrayTestMessage.idl
[0.755s] -- Up-to-date: /home/wings/Backscatter_UGV_ws/install/rclpy_message_converter_msgs/share/rclpy_message_converter_msgs/srv/NestedUint8ArrayTestService.idl
[0.756s] -- Up-to-date: /home/wings/Backscatter_UGV_ws/install/rclpy_message_converter_msgs/share/rclpy_message_converter_msgs/msg/NestedUint8ArrayTestMessage.msg
[0.756s] -- Up-to-date: /home/wings/Backscatter_UGV_ws/install/rclpy_message_converter_msgs/share/rclpy_message_converter_msgs/msg/TestArray.msg
[0.756s] -- Up-to-date: /home/wings/Backscatter_UGV_ws/install/rclpy_message_converter_msgs/share/rclpy_message_converter_msgs/msg/Uint8Array3TestMessage.msg
[0.756s] -- Up-to-date: /home/wings/Backscatter_UGV_ws/install/rclpy_message_converter_msgs/share/rclpy_message_converter_msgs/msg/Uint8ArrayTestMessage.msg
[0.757s] -- Up-to-date: /home/wings/Backscatter_UGV_ws/install/rclpy_message_converter_msgs/share/rclpy_message_converter_msgs/srv/NestedUint8ArrayTestService.srv
[0.757s] -- Up-to-date: /home/wings/Backscatter_UGV_ws/install/rclpy_message_converter_msgs/share/rclpy_message_converter_msgs/srv/NestedUint8ArrayTestService_Request.msg
[0.757s] -- Up-to-date: /home/wings/Backscatter_UGV_ws/install/rclpy_message_converter_msgs/share/rclpy_message_converter_msgs/srv/NestedUint8ArrayTestService_Response.msg
[0.757s] -- Up-to-date: /home/wings/Backscatter_UGV_ws/install/rclpy_message_converter_msgs/share/ament_index/resource_index/package_run_dependencies/rclpy_message_converter_msgs
[0.757s] -- Up-to-date: /home/wings/Backscatter_UGV_ws/install/rclpy_message_converter_msgs/share/ament_index/resource_index/parent_prefix_path/rclpy_message_converter_msgs
[0.758s] -- Up-to-date: /home/wings/Backscatter_UGV_ws/install/rclpy_message_converter_msgs/share/rclpy_message_converter_msgs/environment/ament_prefix_path.sh
[0.758s] -- Up-to-date: /home/wings/Backscatter_UGV_ws/install/rclpy_message_converter_msgs/share/rclpy_message_converter_msgs/environment/ament_prefix_path.dsv
[0.758s] -- Up-to-date: /home/wings/Backscatter_UGV_ws/install/rclpy_message_converter_msgs/share/rclpy_message_converter_msgs/environment/path.sh
[0.758s] -- Up-to-date: /home/wings/Backscatter_UGV_ws/install/rclpy_message_converter_msgs/share/rclpy_message_converter_msgs/environment/path.dsv
[0.758s] -- Up-to-date: /home/wings/Backscatter_UGV_ws/install/rclpy_message_converter_msgs/share/rclpy_message_converter_msgs/local_setup.bash
[0.758s] -- Up-to-date: /home/wings/Backscatter_UGV_ws/install/rclpy_message_converter_msgs/share/rclpy_message_converter_msgs/local_setup.sh
[0.758s] -- Up-to-date: /home/wings/Backscatter_UGV_ws/install/rclpy_message_converter_msgs/share/rclpy_message_converter_msgs/local_setup.zsh
[0.759s] -- Up-to-date: /home/wings/Backscatter_UGV_ws/install/rclpy_message_converter_msgs/share/rclpy_message_converter_msgs/local_setup.dsv
[0.759s] -- Installing: /home/wings/Backscatter_UGV_ws/install/rclpy_message_converter_msgs/share/rclpy_message_converter_msgs/package.dsv
[0.759s] -- Up-to-date: /home/wings/Backscatter_UGV_ws/install/rclpy_message_converter_msgs/share/ament_index/resource_index/packages/rclpy_message_converter_msgs
[0.759s] -- Up-to-date: /home/wings/Backscatter_UGV_ws/install/rclpy_message_converter_msgs/share/rclpy_message_converter_msgs/cmake/rclpy_message_converter_msgs__rosidl_generator_cExport.cmake
[0.759s] -- Up-to-date: /home/wings/Backscatter_UGV_ws/install/rclpy_message_converter_msgs/share/rclpy_message_converter_msgs/cmake/rclpy_message_converter_msgs__rosidl_generator_cExport-noconfig.cmake
[0.760s] -- Up-to-date: /home/wings/Backscatter_UGV_ws/install/rclpy_message_converter_msgs/share/rclpy_message_converter_msgs/cmake/rclpy_message_converter_msgs__rosidl_typesupport_introspection_cExport.cmake
[0.760s] -- Up-to-date: /home/wings/Backscatter_UGV_ws/install/rclpy_message_converter_msgs/share/rclpy_message_converter_msgs/cmake/rclpy_message_converter_msgs__rosidl_typesupport_introspection_cExport-noconfig.cmake
[0.760s] -- Up-to-date: /home/wings/Backscatter_UGV_ws/install/rclpy_message_converter_msgs/share/rclpy_message_converter_msgs/cmake/rclpy_message_converter_msgs__rosidl_typesupport_cExport.cmake
[0.760s] -- Up-to-date: /home/wings/Backscatter_UGV_ws/install/rclpy_message_converter_msgs/share/rclpy_message_converter_msgs/cmake/rclpy_message_converter_msgs__rosidl_typesupport_cExport-noconfig.cmake
[0.761s] -- Up-to-date: /home/wings/Backscatter_UGV_ws/install/rclpy_message_converter_msgs/share/rclpy_message_converter_msgs/cmake/rclpy_message_converter_msgs__rosidl_generator_cppExport.cmake
[0.761s] -- Up-to-date: /home/wings/Backscatter_UGV_ws/install/rclpy_message_converter_msgs/share/rclpy_message_converter_msgs/cmake/rclpy_message_converter_msgs__rosidl_typesupport_introspection_cppExport.cmake
[0.761s] -- Up-to-date: /home/wings/Backscatter_UGV_ws/install/rclpy_message_converter_msgs/share/rclpy_message_converter_msgs/cmake/rclpy_message_converter_msgs__rosidl_typesupport_introspection_cppExport-noconfig.cmake
[0.761s] -- Up-to-date: /home/wings/Backscatter_UGV_ws/install/rclpy_message_converter_msgs/share/rclpy_message_converter_msgs/cmake/rclpy_message_converter_msgs__rosidl_typesupport_cppExport.cmake
[0.762s] -- Up-to-date: /home/wings/Backscatter_UGV_ws/install/rclpy_message_converter_msgs/share/rclpy_message_converter_msgs/cmake/rclpy_message_converter_msgs__rosidl_typesupport_cppExport-noconfig.cmake
[0.762s] -- Up-to-date: /home/wings/Backscatter_UGV_ws/install/rclpy_message_converter_msgs/share/rclpy_message_converter_msgs/cmake/rosidl_cmake-extras.cmake
[0.762s] -- Up-to-date: /home/wings/Backscatter_UGV_ws/install/rclpy_message_converter_msgs/share/rclpy_message_converter_msgs/cmake/ament_cmake_export_dependencies-extras.cmake
[0.762s] -- Up-to-date: /home/wings/Backscatter_UGV_ws/install/rclpy_message_converter_msgs/share/rclpy_message_converter_msgs/cmake/ament_cmake_export_libraries-extras.cmake
[0.762s] -- Up-to-date: /home/wings/Backscatter_UGV_ws/install/rclpy_message_converter_msgs/share/rclpy_message_converter_msgs/cmake/ament_cmake_export_targets-extras.cmake
[0.763s] -- Up-to-date: /home/wings/Backscatter_UGV_ws/install/rclpy_message_converter_msgs/share/rclpy_message_converter_msgs/cmake/ament_cmake_export_include_directories-extras.cmake
[0.763s] -- Up-to-date: /home/wings/Backscatter_UGV_ws/install/rclpy_message_converter_msgs/share/rclpy_message_converter_msgs/cmake/rosidl_cmake_export_typesupport_libraries-extras.cmake
[0.763s] -- Up-to-date: /home/wings/Backscatter_UGV_ws/install/rclpy_message_converter_msgs/share/rclpy_message_converter_msgs/cmake/rosidl_cmake_export_typesupport_targets-extras.cmake
[0.763s] -- Up-to-date: /home/wings/Backscatter_UGV_ws/install/rclpy_message_converter_msgs/share/rclpy_message_converter_msgs/cmake/rclpy_message_converter_msgsConfig.cmake
[0.764s] -- Up-to-date: /home/wings/Backscatter_UGV_ws/install/rclpy_message_converter_msgs/share/rclpy_message_converter_msgs/cmake/rclpy_message_converter_msgsConfig-version.cmake
[0.764s] -- Up-to-date: /home/wings/Backscatter_UGV_ws/install/rclpy_message_converter_msgs/share/rclpy_message_converter_msgs/package.xml
[0.774s] Invoked command in '/home/wings/Backscatter_UGV_ws/build/rclpy_message_converter_msgs' returned '0': CMAKE_PREFIX_PATH=${CMAKE_PREFIX_PATH}:/home/wings/Backscatter_UGV_ws/install/rclpy_message_converter:/home/wings/Backscatter_UGV_ws/install/backscatter_rover_data_recorder:/opt/ros/foxy /usr/bin/cmake --install /home/wings/Backscatter_UGV_ws/build/rclpy_message_converter_msgs
