[0.401s] DEBUG:colcon:Command line arguments: ['/usr/bin/colcon', 'build']
[0.401s] DEBUG:colcon:Parsed command line arguments: Namespace(allow_overriding=[], ament_cmake_args=None, base_paths=['.'], build_base='build', catkin_cmake_args=None, catkin_skip_building_tests=False, cmake_args=None, cmake_clean_cache=False, cmake_clean_first=False, cmake_force_configure=False, cmake_target=None, cmake_target_skip_unavailable=False, continue_on_error=False, event_handlers=None, executor='parallel', ignore_user_meta=False, install_base='install', log_base=None, log_level=None, main=<bound method BuildVerb.main of <colcon_core.verb.build.BuildVerb object at 0xffff94149820>>, merge_install=False, metas=['./colcon.meta'], mixin=None, mixin_files=None, mixin_verb=('build',), packages_above=None, packages_above_and_dependencies=None, packages_above_depth=None, packages_end=None, packages_ignore=None, packages_ignore_regex=None, packages_select=None, packages_select_build_failed=False, packages_select_by_dep=None, packages_select_regex=None, packages_select_test_failures=False, packages_skip=None, packages_skip_build_finished=False, packages_skip_by_dep=None, packages_skip_regex=None, packages_skip_test_passed=False, packages_skip_up_to=None, packages_start=None, packages_up_to=None, packages_up_to_regex=None, parallel_workers=6, paths=None, symlink_install=False, test_result_base=None, verb_extension=<colcon_core.verb.build.BuildVerb object at 0xffff94149820>, verb_name='build', verb_parser=<colcon_mixin.mixin.mixin_argument.MixinArgumentDecorator object at 0xffff940920d0>)
[0.714s] Level 1:colcon.colcon_core.package_discovery:discover_packages(colcon_meta) check parameters
[0.715s] Level 1:colcon.colcon_core.package_discovery:discover_packages(recursive) check parameters
[0.715s] Level 1:colcon.colcon_core.package_discovery:discover_packages(ignore) check parameters
[0.715s] Level 1:colcon.colcon_core.package_discovery:discover_packages(path) check parameters
[0.715s] Level 1:colcon.colcon_core.package_discovery:discover_packages(colcon_meta) discover
[0.715s] Level 1:colcon.colcon_core.package_discovery:discover_packages(recursive) discover
[0.715s] INFO:colcon.colcon_core.package_discovery:Crawling recursively for packages in '/home/wings/Backscatter_UGV_ws'
[0.716s] Level 1:colcon.colcon_core.package_identification:_identify(.) by extensions ['ignore', 'ignore_ament_install']
[0.716s] Level 1:colcon.colcon_core.package_identification:_identify(.) by extension 'ignore'
[0.716s] Level 1:colcon.colcon_core.package_identification:_identify(.) by extension 'ignore_ament_install'
[0.716s] Level 1:colcon.colcon_core.package_identification:_identify(.) by extensions ['colcon_pkg']
[0.716s] Level 1:colcon.colcon_core.package_identification:_identify(.) by extension 'colcon_pkg'
[0.716s] Level 1:colcon.colcon_core.package_identification:_identify(.) by extensions ['colcon_meta']
[0.716s] Level 1:colcon.colcon_core.package_identification:_identify(.) by extension 'colcon_meta'
[0.717s] Level 1:colcon.colcon_core.package_identification:_identify(.) by extensions ['ros']
[0.717s] Level 1:colcon.colcon_core.package_identification:_identify(.) by extension 'ros'
[0.740s] Level 1:colcon.colcon_core.package_identification:_identify(.) by extensions ['cmake', 'python']
[0.740s] Level 1:colcon.colcon_core.package_identification:_identify(.) by extension 'cmake'
[0.740s] Level 1:colcon.colcon_core.package_identification:_identify(.) by extension 'python'
[0.740s] Level 1:colcon.colcon_core.package_identification:_identify(.) by extensions ['python_setup_py']
[0.740s] Level 1:colcon.colcon_core.package_identification:_identify(.) by extension 'python_setup_py'
[0.740s] Level 1:colcon.colcon_core.package_identification:_identify(build) by extensions ['ignore', 'ignore_ament_install']
[0.741s] Level 1:colcon.colcon_core.package_identification:_identify(build) by extension 'ignore'
[0.741s] Level 1:colcon.colcon_core.package_identification:_identify(build) ignored
[0.741s] Level 1:colcon.colcon_core.package_identification:_identify(install) by extensions ['ignore', 'ignore_ament_install']
[0.741s] Level 1:colcon.colcon_core.package_identification:_identify(install) by extension 'ignore'
[0.741s] Level 1:colcon.colcon_core.package_identification:_identify(install) ignored
[0.742s] Level 1:colcon.colcon_core.package_identification:_identify(log) by extensions ['ignore', 'ignore_ament_install']
[0.742s] Level 1:colcon.colcon_core.package_identification:_identify(log) by extension 'ignore'
[0.742s] Level 1:colcon.colcon_core.package_identification:_identify(log) ignored
[0.742s] Level 1:colcon.colcon_core.package_identification:_identify(src) by extensions ['ignore', 'ignore_ament_install']
[0.742s] Level 1:colcon.colcon_core.package_identification:_identify(src) by extension 'ignore'
[0.742s] Level 1:colcon.colcon_core.package_identification:_identify(src) by extension 'ignore_ament_install'
[0.742s] Level 1:colcon.colcon_core.package_identification:_identify(src) by extensions ['colcon_pkg']
[0.743s] Level 1:colcon.colcon_core.package_identification:_identify(src) by extension 'colcon_pkg'
[0.743s] Level 1:colcon.colcon_core.package_identification:_identify(src) by extensions ['colcon_meta']
[0.743s] Level 1:colcon.colcon_core.package_identification:_identify(src) by extension 'colcon_meta'
[0.743s] Level 1:colcon.colcon_core.package_identification:_identify(src) by extensions ['ros']
[0.743s] Level 1:colcon.colcon_core.package_identification:_identify(src) by extension 'ros'
[0.743s] Level 1:colcon.colcon_core.package_identification:_identify(src) by extensions ['cmake', 'python']
[0.743s] Level 1:colcon.colcon_core.package_identification:_identify(src) by extension 'cmake'
[0.743s] Level 1:colcon.colcon_core.package_identification:_identify(src) by extension 'python'
[0.743s] Level 1:colcon.colcon_core.package_identification:_identify(src) by extensions ['python_setup_py']
[0.743s] Level 1:colcon.colcon_core.package_identification:_identify(src) by extension 'python_setup_py'
[0.744s] Level 1:colcon.colcon_core.package_identification:_identify(src/ORB-SLAM3-ROS2-Docker) by extensions ['ignore', 'ignore_ament_install']
[0.744s] Level 1:colcon.colcon_core.package_identification:_identify(src/ORB-SLAM3-ROS2-Docker) by extension 'ignore'
[0.744s] Level 1:colcon.colcon_core.package_identification:_identify(src/ORB-SLAM3-ROS2-Docker) by extension 'ignore_ament_install'
[0.744s] Level 1:colcon.colcon_core.package_identification:_identify(src/ORB-SLAM3-ROS2-Docker) by extensions ['colcon_pkg']
[0.744s] Level 1:colcon.colcon_core.package_identification:_identify(src/ORB-SLAM3-ROS2-Docker) by extension 'colcon_pkg'
[0.744s] Level 1:colcon.colcon_core.package_identification:_identify(src/ORB-SLAM3-ROS2-Docker) by extensions ['colcon_meta']
[0.745s] Level 1:colcon.colcon_core.package_identification:_identify(src/ORB-SLAM3-ROS2-Docker) by extension 'colcon_meta'
[0.745s] Level 1:colcon.colcon_core.package_identification:_identify(src/ORB-SLAM3-ROS2-Docker) by extensions ['ros']
[0.746s] Level 1:colcon.colcon_core.package_identification:_identify(src/ORB-SLAM3-ROS2-Docker) by extension 'ros'
[0.746s] Level 1:colcon.colcon_core.package_identification:_identify(src/ORB-SLAM3-ROS2-Docker) by extensions ['cmake', 'python']
[0.746s] Level 1:colcon.colcon_core.package_identification:_identify(src/ORB-SLAM3-ROS2-Docker) by extension 'cmake'
[0.746s] Level 1:colcon.colcon_core.package_identification:_identify(src/ORB-SLAM3-ROS2-Docker) by extension 'python'
[0.746s] Level 1:colcon.colcon_core.package_identification:_identify(src/ORB-SLAM3-ROS2-Docker) by extensions ['python_setup_py']
[0.746s] Level 1:colcon.colcon_core.package_identification:_identify(src/ORB-SLAM3-ROS2-Docker) by extension 'python_setup_py'
[0.746s] Level 1:colcon.colcon_core.package_identification:_identify(src/ORB-SLAM3-ROS2-Docker/container_root) by extensions ['ignore', 'ignore_ament_install']
[0.746s] Level 1:colcon.colcon_core.package_identification:_identify(src/ORB-SLAM3-ROS2-Docker/container_root) by extension 'ignore'
[0.746s] Level 1:colcon.colcon_core.package_identification:_identify(src/ORB-SLAM3-ROS2-Docker/container_root) by extension 'ignore_ament_install'
[0.747s] Level 1:colcon.colcon_core.package_identification:_identify(src/ORB-SLAM3-ROS2-Docker/container_root) by extensions ['colcon_pkg']
[0.747s] Level 1:colcon.colcon_core.package_identification:_identify(src/ORB-SLAM3-ROS2-Docker/container_root) by extension 'colcon_pkg'
[0.747s] Level 1:colcon.colcon_core.package_identification:_identify(src/ORB-SLAM3-ROS2-Docker/container_root) by extensions ['colcon_meta']
[0.747s] Level 1:colcon.colcon_core.package_identification:_identify(src/ORB-SLAM3-ROS2-Docker/container_root) by extension 'colcon_meta'
[0.747s] Level 1:colcon.colcon_core.package_identification:_identify(src/ORB-SLAM3-ROS2-Docker/container_root) by extensions ['ros']
[0.747s] Level 1:colcon.colcon_core.package_identification:_identify(src/ORB-SLAM3-ROS2-Docker/container_root) by extension 'ros'
[0.747s] Level 1:colcon.colcon_core.package_identification:_identify(src/ORB-SLAM3-ROS2-Docker/container_root) by extensions ['cmake', 'python']
[0.747s] Level 1:colcon.colcon_core.package_identification:_identify(src/ORB-SLAM3-ROS2-Docker/container_root) by extension 'cmake'
[0.747s] Level 1:colcon.colcon_core.package_identification:_identify(src/ORB-SLAM3-ROS2-Docker/container_root) by extension 'python'
[0.747s] Level 1:colcon.colcon_core.package_identification:_identify(src/ORB-SLAM3-ROS2-Docker/container_root) by extensions ['python_setup_py']
[0.748s] Level 1:colcon.colcon_core.package_identification:_identify(src/ORB-SLAM3-ROS2-Docker/container_root) by extension 'python_setup_py'
[0.748s] Level 1:colcon.colcon_core.package_identification:_identify(src/ORB-SLAM3-ROS2-Docker/container_root/shell_scripts) by extensions ['ignore', 'ignore_ament_install']
[0.748s] Level 1:colcon.colcon_core.package_identification:_identify(src/ORB-SLAM3-ROS2-Docker/container_root/shell_scripts) by extension 'ignore'
[0.748s] Level 1:colcon.colcon_core.package_identification:_identify(src/ORB-SLAM3-ROS2-Docker/container_root/shell_scripts) by extension 'ignore_ament_install'
[0.748s] Level 1:colcon.colcon_core.package_identification:_identify(src/ORB-SLAM3-ROS2-Docker/container_root/shell_scripts) by extensions ['colcon_pkg']
[0.748s] Level 1:colcon.colcon_core.package_identification:_identify(src/ORB-SLAM3-ROS2-Docker/container_root/shell_scripts) by extension 'colcon_pkg'
[0.748s] Level 1:colcon.colcon_core.package_identification:_identify(src/ORB-SLAM3-ROS2-Docker/container_root/shell_scripts) by extensions ['colcon_meta']
[0.748s] Level 1:colcon.colcon_core.package_identification:_identify(src/ORB-SLAM3-ROS2-Docker/container_root/shell_scripts) by extension 'colcon_meta'
[0.748s] Level 1:colcon.colcon_core.package_identification:_identify(src/ORB-SLAM3-ROS2-Docker/container_root/shell_scripts) by extensions ['ros']
[0.749s] Level 1:colcon.colcon_core.package_identification:_identify(src/ORB-SLAM3-ROS2-Docker/container_root/shell_scripts) by extension 'ros'
[0.749s] Level 1:colcon.colcon_core.package_identification:_identify(src/ORB-SLAM3-ROS2-Docker/container_root/shell_scripts) by extensions ['cmake', 'python']
[0.749s] Level 1:colcon.colcon_core.package_identification:_identify(src/ORB-SLAM3-ROS2-Docker/container_root/shell_scripts) by extension 'cmake'
[0.749s] Level 1:colcon.colcon_core.package_identification:_identify(src/ORB-SLAM3-ROS2-Docker/container_root/shell_scripts) by extension 'python'
[0.749s] Level 1:colcon.colcon_core.package_identification:_identify(src/ORB-SLAM3-ROS2-Docker/container_root/shell_scripts) by extensions ['python_setup_py']
[0.749s] Level 1:colcon.colcon_core.package_identification:_identify(src/ORB-SLAM3-ROS2-Docker/container_root/shell_scripts) by extension 'python_setup_py'
[0.749s] Level 1:colcon.colcon_core.package_identification:_identify(src/ORB-SLAM3-ROS2-Docker/log) by extensions ['ignore', 'ignore_ament_install']
[0.749s] Level 1:colcon.colcon_core.package_identification:_identify(src/ORB-SLAM3-ROS2-Docker/log) by extension 'ignore'
[0.749s] Level 1:colcon.colcon_core.package_identification:_identify(src/ORB-SLAM3-ROS2-Docker/log) ignored
[0.750s] Level 1:colcon.colcon_core.package_identification:_identify(src/ORB-SLAM3-ROS2-Docker/orb_slam3_ros2_wrapper) by extensions ['ignore', 'ignore_ament_install']
[0.750s] Level 1:colcon.colcon_core.package_identification:_identify(src/ORB-SLAM3-ROS2-Docker/orb_slam3_ros2_wrapper) by extension 'ignore'
[0.750s] Level 1:colcon.colcon_core.package_identification:_identify(src/ORB-SLAM3-ROS2-Docker/orb_slam3_ros2_wrapper) by extension 'ignore_ament_install'
[0.750s] Level 1:colcon.colcon_core.package_identification:_identify(src/ORB-SLAM3-ROS2-Docker/orb_slam3_ros2_wrapper) by extensions ['colcon_pkg']
[0.750s] Level 1:colcon.colcon_core.package_identification:_identify(src/ORB-SLAM3-ROS2-Docker/orb_slam3_ros2_wrapper) by extension 'colcon_pkg'
[0.750s] Level 1:colcon.colcon_core.package_identification:_identify(src/ORB-SLAM3-ROS2-Docker/orb_slam3_ros2_wrapper) by extensions ['colcon_meta']
[0.750s] Level 1:colcon.colcon_core.package_identification:_identify(src/ORB-SLAM3-ROS2-Docker/orb_slam3_ros2_wrapper) by extension 'colcon_meta'
[0.750s] Level 1:colcon.colcon_core.package_identification:_identify(src/ORB-SLAM3-ROS2-Docker/orb_slam3_ros2_wrapper) by extensions ['ros']
[0.750s] Level 1:colcon.colcon_core.package_identification:_identify(src/ORB-SLAM3-ROS2-Docker/orb_slam3_ros2_wrapper) by extension 'ros'
[0.757s] DEBUG:colcon.colcon_core.package_identification:Package 'src/ORB-SLAM3-ROS2-Docker/orb_slam3_ros2_wrapper' with type 'ros.ament_cmake' and name 'orb_slam3_ros2_wrapper'
[0.758s] Level 1:colcon.colcon_core.package_identification:_identify(src/ORB-SLAM3-ROS2-Docker/slam_msgs) by extensions ['ignore', 'ignore_ament_install']
[0.758s] Level 1:colcon.colcon_core.package_identification:_identify(src/ORB-SLAM3-ROS2-Docker/slam_msgs) by extension 'ignore'
[0.758s] Level 1:colcon.colcon_core.package_identification:_identify(src/ORB-SLAM3-ROS2-Docker/slam_msgs) by extension 'ignore_ament_install'
[0.758s] Level 1:colcon.colcon_core.package_identification:_identify(src/ORB-SLAM3-ROS2-Docker/slam_msgs) by extensions ['colcon_pkg']
[0.758s] Level 1:colcon.colcon_core.package_identification:_identify(src/ORB-SLAM3-ROS2-Docker/slam_msgs) by extension 'colcon_pkg'
[0.758s] Level 1:colcon.colcon_core.package_identification:_identify(src/ORB-SLAM3-ROS2-Docker/slam_msgs) by extensions ['colcon_meta']
[0.758s] Level 1:colcon.colcon_core.package_identification:_identify(src/ORB-SLAM3-ROS2-Docker/slam_msgs) by extension 'colcon_meta'
[0.758s] Level 1:colcon.colcon_core.package_identification:_identify(src/ORB-SLAM3-ROS2-Docker/slam_msgs) by extensions ['ros']
[0.758s] Level 1:colcon.colcon_core.package_identification:_identify(src/ORB-SLAM3-ROS2-Docker/slam_msgs) by extension 'ros'
[0.760s] DEBUG:colcon.colcon_core.package_identification:Package 'src/ORB-SLAM3-ROS2-Docker/slam_msgs' with type 'ros.ament_cmake' and name 'slam_msgs'
[0.760s] Level 1:colcon.colcon_core.package_identification:_identify(src/backscatter_movement_record_msgs_srvs) by extensions ['ignore', 'ignore_ament_install']
[0.760s] Level 1:colcon.colcon_core.package_identification:_identify(src/backscatter_movement_record_msgs_srvs) by extension 'ignore'
[0.760s] Level 1:colcon.colcon_core.package_identification:_identify(src/backscatter_movement_record_msgs_srvs) by extension 'ignore_ament_install'
[0.760s] Level 1:colcon.colcon_core.package_identification:_identify(src/backscatter_movement_record_msgs_srvs) by extensions ['colcon_pkg']
[0.761s] Level 1:colcon.colcon_core.package_identification:_identify(src/backscatter_movement_record_msgs_srvs) by extension 'colcon_pkg'
[0.761s] Level 1:colcon.colcon_core.package_identification:_identify(src/backscatter_movement_record_msgs_srvs) by extensions ['colcon_meta']
[0.761s] Level 1:colcon.colcon_core.package_identification:_identify(src/backscatter_movement_record_msgs_srvs) by extension 'colcon_meta'
[0.761s] Level 1:colcon.colcon_core.package_identification:_identify(src/backscatter_movement_record_msgs_srvs) by extensions ['ros']
[0.761s] Level 1:colcon.colcon_core.package_identification:_identify(src/backscatter_movement_record_msgs_srvs) by extension 'ros'
[0.762s] DEBUG:colcon.colcon_core.package_identification:Package 'src/backscatter_movement_record_msgs_srvs' with type 'ros.ament_cmake' and name 'backscatter_movement_record_msgs_srvs'
[0.762s] Level 1:colcon.colcon_core.package_identification:_identify(src/backscatter_rover_data_recorder) by extensions ['ignore', 'ignore_ament_install']
[0.762s] Level 1:colcon.colcon_core.package_identification:_identify(src/backscatter_rover_data_recorder) by extension 'ignore'
[0.763s] Level 1:colcon.colcon_core.package_identification:_identify(src/backscatter_rover_data_recorder) by extension 'ignore_ament_install'
[0.763s] Level 1:colcon.colcon_core.package_identification:_identify(src/backscatter_rover_data_recorder) by extensions ['colcon_pkg']
[0.763s] Level 1:colcon.colcon_core.package_identification:_identify(src/backscatter_rover_data_recorder) by extension 'colcon_pkg'
[0.763s] Level 1:colcon.colcon_core.package_identification:_identify(src/backscatter_rover_data_recorder) by extensions ['colcon_meta']
[0.763s] Level 1:colcon.colcon_core.package_identification:_identify(src/backscatter_rover_data_recorder) by extension 'colcon_meta'
[0.763s] Level 1:colcon.colcon_core.package_identification:_identify(src/backscatter_rover_data_recorder) by extensions ['ros']
[0.763s] Level 1:colcon.colcon_core.package_identification:_identify(src/backscatter_rover_data_recorder) by extension 'ros'
[0.764s] DEBUG:colcon.colcon_core.package_identification:Package 'src/backscatter_rover_data_recorder' with type 'ros.ament_python' and name 'backscatter_rover_data_recorder'
[0.765s] Level 1:colcon.colcon_core.package_identification:_identify(src/build) by extensions ['ignore', 'ignore_ament_install']
[0.765s] Level 1:colcon.colcon_core.package_identification:_identify(src/build) by extension 'ignore'
[0.765s] Level 1:colcon.colcon_core.package_identification:_identify(src/build) ignored
[0.765s] Level 1:colcon.colcon_core.package_identification:_identify(src/install) by extensions ['ignore', 'ignore_ament_install']
[0.765s] Level 1:colcon.colcon_core.package_identification:_identify(src/install) by extension 'ignore'
[0.765s] Level 1:colcon.colcon_core.package_identification:_identify(src/install) ignored
[0.766s] Level 1:colcon.colcon_core.package_identification:_identify(src/log) by extensions ['ignore', 'ignore_ament_install']
[0.766s] Level 1:colcon.colcon_core.package_identification:_identify(src/log) by extension 'ignore'
[0.766s] Level 1:colcon.colcon_core.package_identification:_identify(src/log) ignored
[0.766s] Level 1:colcon.colcon_core.package_identification:_identify(src/rospy_message_converter) by extensions ['ignore', 'ignore_ament_install']
[0.766s] Level 1:colcon.colcon_core.package_identification:_identify(src/rospy_message_converter) by extension 'ignore'
[0.766s] Level 1:colcon.colcon_core.package_identification:_identify(src/rospy_message_converter) by extension 'ignore_ament_install'
[0.766s] Level 1:colcon.colcon_core.package_identification:_identify(src/rospy_message_converter) by extensions ['colcon_pkg']
[0.767s] Level 1:colcon.colcon_core.package_identification:_identify(src/rospy_message_converter) by extension 'colcon_pkg'
[0.767s] Level 1:colcon.colcon_core.package_identification:_identify(src/rospy_message_converter) by extensions ['colcon_meta']
[0.767s] Level 1:colcon.colcon_core.package_identification:_identify(src/rospy_message_converter) by extension 'colcon_meta'
[0.767s] Level 1:colcon.colcon_core.package_identification:_identify(src/rospy_message_converter) by extensions ['ros']
[0.767s] Level 1:colcon.colcon_core.package_identification:_identify(src/rospy_message_converter) by extension 'ros'
[0.767s] Level 1:colcon.colcon_core.package_identification:_identify(src/rospy_message_converter) by extensions ['cmake', 'python']
[0.767s] Level 1:colcon.colcon_core.package_identification:_identify(src/rospy_message_converter) by extension 'cmake'
[0.767s] Level 1:colcon.colcon_core.package_identification:_identify(src/rospy_message_converter) by extension 'python'
[0.767s] Level 1:colcon.colcon_core.package_identification:_identify(src/rospy_message_converter) by extensions ['python_setup_py']
[0.767s] Level 1:colcon.colcon_core.package_identification:_identify(src/rospy_message_converter) by extension 'python_setup_py'
[0.768s] Level 1:colcon.colcon_core.package_identification:_identify(src/rospy_message_converter/rclpy_message_converter) by extensions ['ignore', 'ignore_ament_install']
[0.768s] Level 1:colcon.colcon_core.package_identification:_identify(src/rospy_message_converter/rclpy_message_converter) by extension 'ignore'
[0.768s] Level 1:colcon.colcon_core.package_identification:_identify(src/rospy_message_converter/rclpy_message_converter) by extension 'ignore_ament_install'
[0.768s] Level 1:colcon.colcon_core.package_identification:_identify(src/rospy_message_converter/rclpy_message_converter) by extensions ['colcon_pkg']
[0.768s] Level 1:colcon.colcon_core.package_identification:_identify(src/rospy_message_converter/rclpy_message_converter) by extension 'colcon_pkg'
[0.768s] Level 1:colcon.colcon_core.package_identification:_identify(src/rospy_message_converter/rclpy_message_converter) by extensions ['colcon_meta']
[0.768s] Level 1:colcon.colcon_core.package_identification:_identify(src/rospy_message_converter/rclpy_message_converter) by extension 'colcon_meta'
[0.768s] Level 1:colcon.colcon_core.package_identification:_identify(src/rospy_message_converter/rclpy_message_converter) by extensions ['ros']
[0.768s] Level 1:colcon.colcon_core.package_identification:_identify(src/rospy_message_converter/rclpy_message_converter) by extension 'ros'
[0.770s] DEBUG:colcon.colcon_core.package_identification:Package 'src/rospy_message_converter/rclpy_message_converter' with type 'ros.ament_python' and name 'rclpy_message_converter'
[0.770s] Level 1:colcon.colcon_core.package_identification:_identify(src/rospy_message_converter/rclpy_message_converter_msgs) by extensions ['ignore', 'ignore_ament_install']
[0.770s] Level 1:colcon.colcon_core.package_identification:_identify(src/rospy_message_converter/rclpy_message_converter_msgs) by extension 'ignore'
[0.771s] Level 1:colcon.colcon_core.package_identification:_identify(src/rospy_message_converter/rclpy_message_converter_msgs) by extension 'ignore_ament_install'
[0.771s] Level 1:colcon.colcon_core.package_identification:_identify(src/rospy_message_converter/rclpy_message_converter_msgs) by extensions ['colcon_pkg']
[0.771s] Level 1:colcon.colcon_core.package_identification:_identify(src/rospy_message_converter/rclpy_message_converter_msgs) by extension 'colcon_pkg'
[0.771s] Level 1:colcon.colcon_core.package_identification:_identify(src/rospy_message_converter/rclpy_message_converter_msgs) by extensions ['colcon_meta']
[0.771s] Level 1:colcon.colcon_core.package_identification:_identify(src/rospy_message_converter/rclpy_message_converter_msgs) by extension 'colcon_meta'
[0.771s] Level 1:colcon.colcon_core.package_identification:_identify(src/rospy_message_converter/rclpy_message_converter_msgs) by extensions ['ros']
[0.771s] Level 1:colcon.colcon_core.package_identification:_identify(src/rospy_message_converter/rclpy_message_converter_msgs) by extension 'ros'
[0.772s] DEBUG:colcon.colcon_core.package_identification:Package 'src/rospy_message_converter/rclpy_message_converter_msgs' with type 'ros.ament_cmake' and name 'rclpy_message_converter_msgs'
[0.772s] Level 1:colcon.colcon_core.package_discovery:discover_packages(recursive) using defaults
[0.772s] Level 1:colcon.colcon_core.package_discovery:discover_packages(ignore) discover
[0.773s] Level 1:colcon.colcon_core.package_discovery:discover_packages(ignore) using defaults
[0.773s] Level 1:colcon.colcon_core.package_discovery:discover_packages(path) discover
[0.773s] Level 1:colcon.colcon_core.package_discovery:discover_packages(path) using defaults
[0.806s] Level 1:colcon.colcon_core.package_discovery:discover_packages(prefix_path) check parameters
[0.806s] Level 1:colcon.colcon_core.package_discovery:discover_packages(prefix_path) discover
[0.813s] DEBUG:colcon.colcon_installed_package_information.package_discovery:Found 330 installed packages in /opt/ros/foxy
[0.842s] Level 1:colcon.colcon_core.package_discovery:discover_packages(prefix_path) using defaults
[0.981s] Level 5:colcon.colcon_core.verb:set package 'backscatter_movement_record_msgs_srvs' build argument 'cmake_args' from command line to 'None'
[0.981s] Level 5:colcon.colcon_core.verb:set package 'backscatter_movement_record_msgs_srvs' build argument 'cmake_target' from command line to 'None'
[0.981s] Level 5:colcon.colcon_core.verb:set package 'backscatter_movement_record_msgs_srvs' build argument 'cmake_target_skip_unavailable' from command line to 'False'
[0.981s] Level 5:colcon.colcon_core.verb:set package 'backscatter_movement_record_msgs_srvs' build argument 'cmake_clean_cache' from command line to 'False'
[0.981s] Level 5:colcon.colcon_core.verb:set package 'backscatter_movement_record_msgs_srvs' build argument 'cmake_clean_first' from command line to 'False'
[0.981s] Level 5:colcon.colcon_core.verb:set package 'backscatter_movement_record_msgs_srvs' build argument 'cmake_force_configure' from command line to 'False'
[0.982s] Level 5:colcon.colcon_core.verb:set package 'backscatter_movement_record_msgs_srvs' build argument 'ament_cmake_args' from command line to 'None'
[0.982s] Level 5:colcon.colcon_core.verb:set package 'backscatter_movement_record_msgs_srvs' build argument 'catkin_cmake_args' from command line to 'None'
[0.982s] Level 5:colcon.colcon_core.verb:set package 'backscatter_movement_record_msgs_srvs' build argument 'catkin_skip_building_tests' from command line to 'False'
[0.982s] DEBUG:colcon.colcon_core.verb:Building package 'backscatter_movement_record_msgs_srvs' with the following arguments: {'ament_cmake_args': None, 'build_base': '/home/wings/Backscatter_UGV_ws/build/backscatter_movement_record_msgs_srvs', 'catkin_cmake_args': None, 'catkin_skip_building_tests': False, 'cmake_args': None, 'cmake_clean_cache': False, 'cmake_clean_first': False, 'cmake_force_configure': False, 'cmake_target': None, 'cmake_target_skip_unavailable': False, 'install_base': '/home/wings/Backscatter_UGV_ws/install/backscatter_movement_record_msgs_srvs', 'merge_install': False, 'path': '/home/wings/Backscatter_UGV_ws/src/backscatter_movement_record_msgs_srvs', 'symlink_install': False, 'test_result_base': None}
[0.982s] Level 5:colcon.colcon_core.verb:set package 'backscatter_rover_data_recorder' build argument 'cmake_args' from command line to 'None'
[0.982s] Level 5:colcon.colcon_core.verb:set package 'backscatter_rover_data_recorder' build argument 'cmake_target' from command line to 'None'
[0.983s] Level 5:colcon.colcon_core.verb:set package 'backscatter_rover_data_recorder' build argument 'cmake_target_skip_unavailable' from command line to 'False'
[0.983s] Level 5:colcon.colcon_core.verb:set package 'backscatter_rover_data_recorder' build argument 'cmake_clean_cache' from command line to 'False'
[0.983s] Level 5:colcon.colcon_core.verb:set package 'backscatter_rover_data_recorder' build argument 'cmake_clean_first' from command line to 'False'
[0.983s] Level 5:colcon.colcon_core.verb:set package 'backscatter_rover_data_recorder' build argument 'cmake_force_configure' from command line to 'False'
[0.983s] Level 5:colcon.colcon_core.verb:set package 'backscatter_rover_data_recorder' build argument 'ament_cmake_args' from command line to 'None'
[0.983s] Level 5:colcon.colcon_core.verb:set package 'backscatter_rover_data_recorder' build argument 'catkin_cmake_args' from command line to 'None'
[0.983s] Level 5:colcon.colcon_core.verb:set package 'backscatter_rover_data_recorder' build argument 'catkin_skip_building_tests' from command line to 'False'
[0.983s] DEBUG:colcon.colcon_core.verb:Building package 'backscatter_rover_data_recorder' with the following arguments: {'ament_cmake_args': None, 'build_base': '/home/wings/Backscatter_UGV_ws/build/backscatter_rover_data_recorder', 'catkin_cmake_args': None, 'catkin_skip_building_tests': False, 'cmake_args': None, 'cmake_clean_cache': False, 'cmake_clean_first': False, 'cmake_force_configure': False, 'cmake_target': None, 'cmake_target_skip_unavailable': False, 'install_base': '/home/wings/Backscatter_UGV_ws/install/backscatter_rover_data_recorder', 'merge_install': False, 'path': '/home/wings/Backscatter_UGV_ws/src/backscatter_rover_data_recorder', 'symlink_install': False, 'test_result_base': None}
[0.984s] Level 5:colcon.colcon_core.verb:set package 'rclpy_message_converter_msgs' build argument 'cmake_args' from command line to 'None'
[0.984s] Level 5:colcon.colcon_core.verb:set package 'rclpy_message_converter_msgs' build argument 'cmake_target' from command line to 'None'
[0.984s] Level 5:colcon.colcon_core.verb:set package 'rclpy_message_converter_msgs' build argument 'cmake_target_skip_unavailable' from command line to 'False'
[0.984s] Level 5:colcon.colcon_core.verb:set package 'rclpy_message_converter_msgs' build argument 'cmake_clean_cache' from command line to 'False'
[0.984s] Level 5:colcon.colcon_core.verb:set package 'rclpy_message_converter_msgs' build argument 'cmake_clean_first' from command line to 'False'
[0.984s] Level 5:colcon.colcon_core.verb:set package 'rclpy_message_converter_msgs' build argument 'cmake_force_configure' from command line to 'False'
[0.984s] Level 5:colcon.colcon_core.verb:set package 'rclpy_message_converter_msgs' build argument 'ament_cmake_args' from command line to 'None'
[0.984s] Level 5:colcon.colcon_core.verb:set package 'rclpy_message_converter_msgs' build argument 'catkin_cmake_args' from command line to 'None'
[0.984s] Level 5:colcon.colcon_core.verb:set package 'rclpy_message_converter_msgs' build argument 'catkin_skip_building_tests' from command line to 'False'
[0.984s] DEBUG:colcon.colcon_core.verb:Building package 'rclpy_message_converter_msgs' with the following arguments: {'ament_cmake_args': None, 'build_base': '/home/wings/Backscatter_UGV_ws/build/rclpy_message_converter_msgs', 'catkin_cmake_args': None, 'catkin_skip_building_tests': False, 'cmake_args': None, 'cmake_clean_cache': False, 'cmake_clean_first': False, 'cmake_force_configure': False, 'cmake_target': None, 'cmake_target_skip_unavailable': False, 'install_base': '/home/wings/Backscatter_UGV_ws/install/rclpy_message_converter_msgs', 'merge_install': False, 'path': '/home/wings/Backscatter_UGV_ws/src/rospy_message_converter/rclpy_message_converter_msgs', 'symlink_install': False, 'test_result_base': None}
[0.985s] Level 5:colcon.colcon_core.verb:set package 'slam_msgs' build argument 'cmake_args' from command line to 'None'
[0.985s] Level 5:colcon.colcon_core.verb:set package 'slam_msgs' build argument 'cmake_target' from command line to 'None'
[0.985s] Level 5:colcon.colcon_core.verb:set package 'slam_msgs' build argument 'cmake_target_skip_unavailable' from command line to 'False'
[0.985s] Level 5:colcon.colcon_core.verb:set package 'slam_msgs' build argument 'cmake_clean_cache' from command line to 'False'
[0.985s] Level 5:colcon.colcon_core.verb:set package 'slam_msgs' build argument 'cmake_clean_first' from command line to 'False'
[0.985s] Level 5:colcon.colcon_core.verb:set package 'slam_msgs' build argument 'cmake_force_configure' from command line to 'False'
[0.985s] Level 5:colcon.colcon_core.verb:set package 'slam_msgs' build argument 'ament_cmake_args' from command line to 'None'
[0.985s] Level 5:colcon.colcon_core.verb:set package 'slam_msgs' build argument 'catkin_cmake_args' from command line to 'None'
[0.985s] Level 5:colcon.colcon_core.verb:set package 'slam_msgs' build argument 'catkin_skip_building_tests' from command line to 'False'
[0.985s] DEBUG:colcon.colcon_core.verb:Building package 'slam_msgs' with the following arguments: {'ament_cmake_args': None, 'build_base': '/home/wings/Backscatter_UGV_ws/build/slam_msgs', 'catkin_cmake_args': None, 'catkin_skip_building_tests': False, 'cmake_args': None, 'cmake_clean_cache': False, 'cmake_clean_first': False, 'cmake_force_configure': False, 'cmake_target': None, 'cmake_target_skip_unavailable': False, 'install_base': '/home/wings/Backscatter_UGV_ws/install/slam_msgs', 'merge_install': False, 'path': '/home/wings/Backscatter_UGV_ws/src/ORB-SLAM3-ROS2-Docker/slam_msgs', 'symlink_install': False, 'test_result_base': None}
[0.986s] Level 5:colcon.colcon_core.verb:set package 'orb_slam3_ros2_wrapper' build argument 'cmake_args' from command line to 'None'
[0.986s] Level 5:colcon.colcon_core.verb:set package 'orb_slam3_ros2_wrapper' build argument 'cmake_target' from command line to 'None'
[0.986s] Level 5:colcon.colcon_core.verb:set package 'orb_slam3_ros2_wrapper' build argument 'cmake_target_skip_unavailable' from command line to 'False'
[0.986s] Level 5:colcon.colcon_core.verb:set package 'orb_slam3_ros2_wrapper' build argument 'cmake_clean_cache' from command line to 'False'
[0.986s] Level 5:colcon.colcon_core.verb:set package 'orb_slam3_ros2_wrapper' build argument 'cmake_clean_first' from command line to 'False'
[0.986s] Level 5:colcon.colcon_core.verb:set package 'orb_slam3_ros2_wrapper' build argument 'cmake_force_configure' from command line to 'False'
[0.986s] Level 5:colcon.colcon_core.verb:set package 'orb_slam3_ros2_wrapper' build argument 'ament_cmake_args' from command line to 'None'
[0.986s] Level 5:colcon.colcon_core.verb:set package 'orb_slam3_ros2_wrapper' build argument 'catkin_cmake_args' from command line to 'None'
[0.986s] Level 5:colcon.colcon_core.verb:set package 'orb_slam3_ros2_wrapper' build argument 'catkin_skip_building_tests' from command line to 'False'
[0.986s] DEBUG:colcon.colcon_core.verb:Building package 'orb_slam3_ros2_wrapper' with the following arguments: {'ament_cmake_args': None, 'build_base': '/home/wings/Backscatter_UGV_ws/build/orb_slam3_ros2_wrapper', 'catkin_cmake_args': None, 'catkin_skip_building_tests': False, 'cmake_args': None, 'cmake_clean_cache': False, 'cmake_clean_first': False, 'cmake_force_configure': False, 'cmake_target': None, 'cmake_target_skip_unavailable': False, 'install_base': '/home/wings/Backscatter_UGV_ws/install/orb_slam3_ros2_wrapper', 'merge_install': False, 'path': '/home/wings/Backscatter_UGV_ws/src/ORB-SLAM3-ROS2-Docker/orb_slam3_ros2_wrapper', 'symlink_install': False, 'test_result_base': None}
[0.987s] Level 5:colcon.colcon_core.verb:set package 'rclpy_message_converter' build argument 'cmake_args' from command line to 'None'
[0.987s] Level 5:colcon.colcon_core.verb:set package 'rclpy_message_converter' build argument 'cmake_target' from command line to 'None'
[0.987s] Level 5:colcon.colcon_core.verb:set package 'rclpy_message_converter' build argument 'cmake_target_skip_unavailable' from command line to 'False'
[0.987s] Level 5:colcon.colcon_core.verb:set package 'rclpy_message_converter' build argument 'cmake_clean_cache' from command line to 'False'
[0.987s] Level 5:colcon.colcon_core.verb:set package 'rclpy_message_converter' build argument 'cmake_clean_first' from command line to 'False'
[0.987s] Level 5:colcon.colcon_core.verb:set package 'rclpy_message_converter' build argument 'cmake_force_configure' from command line to 'False'
[0.987s] Level 5:colcon.colcon_core.verb:set package 'rclpy_message_converter' build argument 'ament_cmake_args' from command line to 'None'
[0.987s] Level 5:colcon.colcon_core.verb:set package 'rclpy_message_converter' build argument 'catkin_cmake_args' from command line to 'None'
[0.988s] Level 5:colcon.colcon_core.verb:set package 'rclpy_message_converter' build argument 'catkin_skip_building_tests' from command line to 'False'
[0.988s] DEBUG:colcon.colcon_core.verb:Building package 'rclpy_message_converter' with the following arguments: {'ament_cmake_args': None, 'build_base': '/home/wings/Backscatter_UGV_ws/build/rclpy_message_converter', 'catkin_cmake_args': None, 'catkin_skip_building_tests': False, 'cmake_args': None, 'cmake_clean_cache': False, 'cmake_clean_first': False, 'cmake_force_configure': False, 'cmake_target': None, 'cmake_target_skip_unavailable': False, 'install_base': '/home/wings/Backscatter_UGV_ws/install/rclpy_message_converter', 'merge_install': False, 'path': '/home/wings/Backscatter_UGV_ws/src/rospy_message_converter/rclpy_message_converter', 'symlink_install': False, 'test_result_base': None}
[0.988s] INFO:colcon.colcon_core.executor:Executing jobs using 'parallel' executor
[0.990s] DEBUG:colcon.colcon_parallel_executor.executor.parallel:run_until_complete
[0.991s] INFO:colcon.colcon_ros.task.ament_cmake.build:Building ROS package in '/home/wings/Backscatter_UGV_ws/src/rospy_message_converter/rclpy_message_converter_msgs' with build type 'ament_cmake'
[0.992s] INFO:colcon.colcon_cmake.task.cmake.build:Building CMake package in '/home/wings/Backscatter_UGV_ws/src/rospy_message_converter/rclpy_message_converter_msgs'
[0.996s] INFO:colcon.colcon_core.plugin_system:Skipping extension 'colcon_core.shell.bat': Not used on non-Windows systems
[0.997s] INFO:colcon.colcon_core.shell:Skip shell extension 'powershell' for command environment: Not usable outside of PowerShell
[0.997s] DEBUG:colcon.colcon_core.shell:Skip shell extension 'dsv' for command environment
[1.007s] INFO:colcon.colcon_ros.task.ament_cmake.build:Building ROS package in '/home/wings/Backscatter_UGV_ws/src/ORB-SLAM3-ROS2-Docker/slam_msgs' with build type 'ament_cmake'
[1.008s] INFO:colcon.colcon_cmake.task.cmake.build:Building CMake package in '/home/wings/Backscatter_UGV_ws/src/ORB-SLAM3-ROS2-Docker/slam_msgs'
[1.009s] INFO:colcon.colcon_core.shell:Skip shell extension 'powershell' for command environment: Not usable outside of PowerShell
[1.009s] DEBUG:colcon.colcon_core.shell:Skip shell extension 'dsv' for command environment
[1.018s] INFO:colcon.colcon_ros.task.ament_cmake.build:Building ROS package in '/home/wings/Backscatter_UGV_ws/src/backscatter_movement_record_msgs_srvs' with build type 'ament_cmake'
[1.018s] INFO:colcon.colcon_cmake.task.cmake.build:Building CMake package in '/home/wings/Backscatter_UGV_ws/src/backscatter_movement_record_msgs_srvs'
[1.019s] INFO:colcon.colcon_core.shell:Skip shell extension 'powershell' for command environment: Not usable outside of PowerShell
[1.019s] DEBUG:colcon.colcon_core.shell:Skip shell extension 'dsv' for command environment
[1.028s] INFO:colcon.colcon_ros.task.ament_python.build:Building ROS package in '/home/wings/Backscatter_UGV_ws/src/backscatter_rover_data_recorder' with build type 'ament_python'
[1.028s] Level 1:colcon.colcon_core.shell:create_environment_hook('backscatter_rover_data_recorder', 'ament_prefix_path')
[1.029s] INFO:colcon.colcon_core.shell:Creating environment hook '/home/wings/Backscatter_UGV_ws/install/backscatter_rover_data_recorder/share/backscatter_rover_data_recorder/hook/ament_prefix_path.ps1'
[1.031s] INFO:colcon.colcon_core.shell:Creating environment descriptor '/home/wings/Backscatter_UGV_ws/install/backscatter_rover_data_recorder/share/backscatter_rover_data_recorder/hook/ament_prefix_path.dsv'
[1.032s] INFO:colcon.colcon_core.shell:Creating environment hook '/home/wings/Backscatter_UGV_ws/install/backscatter_rover_data_recorder/share/backscatter_rover_data_recorder/hook/ament_prefix_path.sh'
[1.033s] INFO:colcon.colcon_core.shell:Skip shell extension 'powershell' for command environment: Not usable outside of PowerShell
[1.034s] DEBUG:colcon.colcon_core.shell:Skip shell extension 'dsv' for command environment
[1.054s] DEBUG:colcon.colcon_core.event_handler.log_command:Invoking command in '/home/wings/Backscatter_UGV_ws/build/rclpy_message_converter_msgs': CMAKE_PREFIX_PATH=/opt/ros/foxy /usr/bin/cmake /home/wings/Backscatter_UGV_ws/src/rospy_message_converter/rclpy_message_converter_msgs -DCMAKE_INSTALL_PREFIX=/home/wings/Backscatter_UGV_ws/install/rclpy_message_converter_msgs
[1.061s] DEBUG:colcon.colcon_core.event_handler.log_command:Invoking command in '/home/wings/Backscatter_UGV_ws/build/slam_msgs': CMAKE_PREFIX_PATH=/opt/ros/foxy /usr/bin/cmake /home/wings/Backscatter_UGV_ws/src/ORB-SLAM3-ROS2-Docker/slam_msgs -DCMAKE_INSTALL_PREFIX=/home/wings/Backscatter_UGV_ws/install/slam_msgs
[1.068s] DEBUG:colcon.colcon_core.event_handler.log_command:Invoking command in '/home/wings/Backscatter_UGV_ws/build/backscatter_movement_record_msgs_srvs': CMAKE_PREFIX_PATH=/opt/ros/foxy /usr/bin/cmake /home/wings/Backscatter_UGV_ws/src/backscatter_movement_record_msgs_srvs -DCMAKE_INSTALL_PREFIX=/home/wings/Backscatter_UGV_ws/install/backscatter_movement_record_msgs_srvs
[1.549s] INFO:colcon.colcon_core.task.python.build:Building Python package in '/home/wings/Backscatter_UGV_ws/src/backscatter_rover_data_recorder'
[1.550s] INFO:colcon.colcon_core.shell:Skip shell extension 'powershell' for command environment: Not usable outside of PowerShell
[1.551s] DEBUG:colcon.colcon_core.shell:Skip shell extension 'dsv' for command environment
[2.473s] DEBUG:colcon.colcon_core.event_handler.log_command:Invoking command in '/home/wings/Backscatter_UGV_ws/src/backscatter_rover_data_recorder': PYTHONPATH=/home/wings/Backscatter_UGV_ws/build/backscatter_rover_data_recorder/prefix_override:/usr/lib/python3/dist-packages/colcon_core/task/python/colcon_distutils_commands:/home/wings/Backscatter_UGV_ws/install/backscatter_rover_data_recorder/lib/python3.8/site-packages:${PYTHONPATH} /usr/bin/python3 -W ignore:setup.py install is deprecated -W ignore:easy_install command is deprecated setup.py egg_info --egg-base ../../build/backscatter_rover_data_recorder build --build-base /home/wings/Backscatter_UGV_ws/build/backscatter_rover_data_recorder/build install --record /home/wings/Backscatter_UGV_ws/build/backscatter_rover_data_recorder/install.log --install-scripts $base/lib/backscatter_rover_data_recorder --single-version-externally-managed install_data
[3.127s] DEBUG:colcon.colcon_core.event_handler.log_command:Invoked command in '/home/wings/Backscatter_UGV_ws/src/backscatter_rover_data_recorder' returned '0': PYTHONPATH=/home/wings/Backscatter_UGV_ws/build/backscatter_rover_data_recorder/prefix_override:/usr/lib/python3/dist-packages/colcon_core/task/python/colcon_distutils_commands:/home/wings/Backscatter_UGV_ws/install/backscatter_rover_data_recorder/lib/python3.8/site-packages:${PYTHONPATH} /usr/bin/python3 -W ignore:setup.py install is deprecated -W ignore:easy_install command is deprecated setup.py egg_info --egg-base ../../build/backscatter_rover_data_recorder build --build-base /home/wings/Backscatter_UGV_ws/build/backscatter_rover_data_recorder/build install --record /home/wings/Backscatter_UGV_ws/build/backscatter_rover_data_recorder/install.log --install-scripts $base/lib/backscatter_rover_data_recorder --single-version-externally-managed install_data
[3.132s] Level 1:colcon.colcon_core.environment:checking '/home/wings/Backscatter_UGV_ws/install/backscatter_rover_data_recorder' for CMake module files
[3.133s] Level 1:colcon.colcon_core.environment:checking '/home/wings/Backscatter_UGV_ws/install/backscatter_rover_data_recorder' for CMake config files
[3.134s] Level 1:colcon.colcon_core.environment:checking '/home/wings/Backscatter_UGV_ws/install/backscatter_rover_data_recorder/lib'
[3.135s] Level 1:colcon.colcon_core.environment:checking '/home/wings/Backscatter_UGV_ws/install/backscatter_rover_data_recorder/bin'
[3.135s] Level 1:colcon.colcon_core.environment:checking '/home/wings/Backscatter_UGV_ws/install/backscatter_rover_data_recorder/lib/pkgconfig/backscatter_rover_data_recorder.pc'
[3.135s] Level 1:colcon.colcon_core.environment:checking '/home/wings/Backscatter_UGV_ws/install/backscatter_rover_data_recorder/lib/python3.8/site-packages'
[3.136s] Level 1:colcon.colcon_core.shell:create_environment_hook('backscatter_rover_data_recorder', 'pythonpath')
[3.136s] INFO:colcon.colcon_core.shell:Creating environment hook '/home/wings/Backscatter_UGV_ws/install/backscatter_rover_data_recorder/share/backscatter_rover_data_recorder/hook/pythonpath.ps1'
[3.138s] INFO:colcon.colcon_core.shell:Creating environment descriptor '/home/wings/Backscatter_UGV_ws/install/backscatter_rover_data_recorder/share/backscatter_rover_data_recorder/hook/pythonpath.dsv'
[3.138s] INFO:colcon.colcon_core.shell:Creating environment hook '/home/wings/Backscatter_UGV_ws/install/backscatter_rover_data_recorder/share/backscatter_rover_data_recorder/hook/pythonpath.sh'
[3.140s] Level 1:colcon.colcon_core.environment:checking '/home/wings/Backscatter_UGV_ws/install/backscatter_rover_data_recorder/bin'
[3.140s] Level 1:colcon.colcon_core.environment:create_environment_scripts_only(backscatter_rover_data_recorder)
[3.141s] INFO:colcon.colcon_core.shell:Creating package script '/home/wings/Backscatter_UGV_ws/install/backscatter_rover_data_recorder/share/backscatter_rover_data_recorder/package.ps1'
[3.142s] INFO:colcon.colcon_core.shell:Creating package descriptor '/home/wings/Backscatter_UGV_ws/install/backscatter_rover_data_recorder/share/backscatter_rover_data_recorder/package.dsv'
[3.143s] INFO:colcon.colcon_core.shell:Creating package script '/home/wings/Backscatter_UGV_ws/install/backscatter_rover_data_recorder/share/backscatter_rover_data_recorder/package.sh'
[3.145s] INFO:colcon.colcon_core.shell:Creating package script '/home/wings/Backscatter_UGV_ws/install/backscatter_rover_data_recorder/share/backscatter_rover_data_recorder/package.bash'
[3.146s] INFO:colcon.colcon_core.shell:Creating package script '/home/wings/Backscatter_UGV_ws/install/backscatter_rover_data_recorder/share/backscatter_rover_data_recorder/package.zsh'
[3.147s] Level 1:colcon.colcon_core.environment:create_file_with_runtime_dependencies(/home/wings/Backscatter_UGV_ws/install/backscatter_rover_data_recorder/share/colcon-core/packages/backscatter_rover_data_recorder)
[4.111s] DEBUG:colcon.colcon_core.event_handler.log_command:Invoked command in '/home/wings/Backscatter_UGV_ws/build/rclpy_message_converter_msgs' returned '0': CMAKE_PREFIX_PATH=/opt/ros/foxy /usr/bin/cmake /home/wings/Backscatter_UGV_ws/src/rospy_message_converter/rclpy_message_converter_msgs -DCMAKE_INSTALL_PREFIX=/home/wings/Backscatter_UGV_ws/install/rclpy_message_converter_msgs
[4.120s] DEBUG:colcon.colcon_core.event_handler.log_command:Invoking command in '/home/wings/Backscatter_UGV_ws/build/rclpy_message_converter_msgs': CMAKE_PREFIX_PATH=/opt/ros/foxy /usr/bin/cmake --build /home/wings/Backscatter_UGV_ws/build/rclpy_message_converter_msgs -- -j6 -l6
[5.074s] DEBUG:colcon.colcon_core.event_handler.log_command:Invoked command in '/home/wings/Backscatter_UGV_ws/build/backscatter_movement_record_msgs_srvs' returned '0': CMAKE_PREFIX_PATH=/opt/ros/foxy /usr/bin/cmake /home/wings/Backscatter_UGV_ws/src/backscatter_movement_record_msgs_srvs -DCMAKE_INSTALL_PREFIX=/home/wings/Backscatter_UGV_ws/install/backscatter_movement_record_msgs_srvs
[5.076s] DEBUG:colcon.colcon_core.event_handler.log_command:Invoking command in '/home/wings/Backscatter_UGV_ws/build/backscatter_movement_record_msgs_srvs': CMAKE_PREFIX_PATH=/opt/ros/foxy /usr/bin/cmake --build /home/wings/Backscatter_UGV_ws/build/backscatter_movement_record_msgs_srvs -- -j6 -l6
[7.084s] DEBUG:colcon.colcon_core.event_handler.log_command:Invoked command in '/home/wings/Backscatter_UGV_ws/build/slam_msgs' returned '0': CMAKE_PREFIX_PATH=/opt/ros/foxy /usr/bin/cmake /home/wings/Backscatter_UGV_ws/src/ORB-SLAM3-ROS2-Docker/slam_msgs -DCMAKE_INSTALL_PREFIX=/home/wings/Backscatter_UGV_ws/install/slam_msgs
[7.085s] DEBUG:colcon.colcon_core.event_handler.log_command:Invoking command in '/home/wings/Backscatter_UGV_ws/build/slam_msgs': CMAKE_PREFIX_PATH=/opt/ros/foxy /usr/bin/cmake --build /home/wings/Backscatter_UGV_ws/build/slam_msgs -- -j6 -l6
[16.581s] DEBUG:colcon.colcon_core.event_handler.log_command:Invoked command in '/home/wings/Backscatter_UGV_ws/build/backscatter_movement_record_msgs_srvs' returned '0': CMAKE_PREFIX_PATH=/opt/ros/foxy /usr/bin/cmake --build /home/wings/Backscatter_UGV_ws/build/backscatter_movement_record_msgs_srvs -- -j6 -l6
[16.615s] DEBUG:colcon.colcon_core.event_handler.log_command:Invoking command in '/home/wings/Backscatter_UGV_ws/build/backscatter_movement_record_msgs_srvs': CMAKE_PREFIX_PATH=/opt/ros/foxy /usr/bin/cmake --install /home/wings/Backscatter_UGV_ws/build/backscatter_movement_record_msgs_srvs
[16.807s] Level 1:colcon.colcon_core.environment:create_environment_scripts_only(backscatter_movement_record_msgs_srvs)
[16.808s] Level 1:colcon.colcon_core.environment:checking '/home/wings/Backscatter_UGV_ws/install/backscatter_movement_record_msgs_srvs' for CMake module files
[16.809s] Level 1:colcon.colcon_core.environment:checking '/home/wings/Backscatter_UGV_ws/install/backscatter_movement_record_msgs_srvs' for CMake config files
[16.810s] Level 1:colcon.colcon_core.shell:create_environment_hook('backscatter_movement_record_msgs_srvs', 'cmake_prefix_path')
[16.811s] INFO:colcon.colcon_core.shell:Creating environment hook '/home/wings/Backscatter_UGV_ws/install/backscatter_movement_record_msgs_srvs/share/backscatter_movement_record_msgs_srvs/hook/cmake_prefix_path.ps1'
[16.813s] DEBUG:colcon.colcon_core.event_handler.log_command:Invoked command in '/home/wings/Backscatter_UGV_ws/build/backscatter_movement_record_msgs_srvs' returned '0': CMAKE_PREFIX_PATH=/opt/ros/foxy /usr/bin/cmake --install /home/wings/Backscatter_UGV_ws/build/backscatter_movement_record_msgs_srvs
[16.813s] INFO:colcon.colcon_core.shell:Creating environment descriptor '/home/wings/Backscatter_UGV_ws/install/backscatter_movement_record_msgs_srvs/share/backscatter_movement_record_msgs_srvs/hook/cmake_prefix_path.dsv'
[16.814s] INFO:colcon.colcon_core.shell:Creating environment hook '/home/wings/Backscatter_UGV_ws/install/backscatter_movement_record_msgs_srvs/share/backscatter_movement_record_msgs_srvs/hook/cmake_prefix_path.sh'
[16.815s] Level 1:colcon.colcon_core.environment:checking '/home/wings/Backscatter_UGV_ws/install/backscatter_movement_record_msgs_srvs/lib'
[16.816s] Level 1:colcon.colcon_core.shell:create_environment_hook('backscatter_movement_record_msgs_srvs', 'ld_library_path_lib')
[16.816s] INFO:colcon.colcon_core.shell:Creating environment hook '/home/wings/Backscatter_UGV_ws/install/backscatter_movement_record_msgs_srvs/share/backscatter_movement_record_msgs_srvs/hook/ld_library_path_lib.ps1'
[16.817s] INFO:colcon.colcon_core.shell:Creating environment descriptor '/home/wings/Backscatter_UGV_ws/install/backscatter_movement_record_msgs_srvs/share/backscatter_movement_record_msgs_srvs/hook/ld_library_path_lib.dsv'
[16.818s] INFO:colcon.colcon_core.shell:Creating environment hook '/home/wings/Backscatter_UGV_ws/install/backscatter_movement_record_msgs_srvs/share/backscatter_movement_record_msgs_srvs/hook/ld_library_path_lib.sh'
[16.819s] Level 1:colcon.colcon_core.environment:checking '/home/wings/Backscatter_UGV_ws/install/backscatter_movement_record_msgs_srvs/bin'
[16.819s] Level 1:colcon.colcon_core.environment:checking '/home/wings/Backscatter_UGV_ws/install/backscatter_movement_record_msgs_srvs/lib/pkgconfig/backscatter_movement_record_msgs_srvs.pc'
[16.819s] Level 1:colcon.colcon_core.environment:checking '/home/wings/Backscatter_UGV_ws/install/backscatter_movement_record_msgs_srvs/lib/python3.8/site-packages'
[16.819s] Level 1:colcon.colcon_core.shell:create_environment_hook('backscatter_movement_record_msgs_srvs', 'pythonpath')
[16.820s] INFO:colcon.colcon_core.shell:Creating environment hook '/home/wings/Backscatter_UGV_ws/install/backscatter_movement_record_msgs_srvs/share/backscatter_movement_record_msgs_srvs/hook/pythonpath.ps1'
[16.821s] INFO:colcon.colcon_core.shell:Creating environment descriptor '/home/wings/Backscatter_UGV_ws/install/backscatter_movement_record_msgs_srvs/share/backscatter_movement_record_msgs_srvs/hook/pythonpath.dsv'
[16.821s] INFO:colcon.colcon_core.shell:Creating environment hook '/home/wings/Backscatter_UGV_ws/install/backscatter_movement_record_msgs_srvs/share/backscatter_movement_record_msgs_srvs/hook/pythonpath.sh'
[16.834s] Level 1:colcon.colcon_core.environment:checking '/home/wings/Backscatter_UGV_ws/install/backscatter_movement_record_msgs_srvs/bin'
[16.835s] INFO:colcon.colcon_core.shell:Creating package script '/home/wings/Backscatter_UGV_ws/install/backscatter_movement_record_msgs_srvs/share/backscatter_movement_record_msgs_srvs/package.ps1'
[16.837s] INFO:colcon.colcon_core.shell:Creating package descriptor '/home/wings/Backscatter_UGV_ws/install/backscatter_movement_record_msgs_srvs/share/backscatter_movement_record_msgs_srvs/package.dsv'
[16.852s] INFO:colcon.colcon_core.shell:Creating package script '/home/wings/Backscatter_UGV_ws/install/backscatter_movement_record_msgs_srvs/share/backscatter_movement_record_msgs_srvs/package.sh'
[16.854s] INFO:colcon.colcon_core.shell:Creating package script '/home/wings/Backscatter_UGV_ws/install/backscatter_movement_record_msgs_srvs/share/backscatter_movement_record_msgs_srvs/package.bash'
[16.855s] INFO:colcon.colcon_core.shell:Creating package script '/home/wings/Backscatter_UGV_ws/install/backscatter_movement_record_msgs_srvs/share/backscatter_movement_record_msgs_srvs/package.zsh'
[16.856s] Level 1:colcon.colcon_core.environment:create_file_with_runtime_dependencies(/home/wings/Backscatter_UGV_ws/install/backscatter_movement_record_msgs_srvs/share/colcon-core/packages/backscatter_movement_record_msgs_srvs)
[16.858s] Level 1:colcon.colcon_core.environment:create_environment_scripts_only(backscatter_movement_record_msgs_srvs)
[16.858s] Level 1:colcon.colcon_core.environment:checking '/home/wings/Backscatter_UGV_ws/install/backscatter_movement_record_msgs_srvs' for CMake module files
[16.859s] Level 1:colcon.colcon_core.environment:checking '/home/wings/Backscatter_UGV_ws/install/backscatter_movement_record_msgs_srvs' for CMake config files
[16.861s] Level 1:colcon.colcon_core.shell:create_environment_hook('backscatter_movement_record_msgs_srvs', 'cmake_prefix_path')
[16.861s] INFO:colcon.colcon_core.shell:Creating environment hook '/home/wings/Backscatter_UGV_ws/install/backscatter_movement_record_msgs_srvs/share/backscatter_movement_record_msgs_srvs/hook/cmake_prefix_path.ps1'
[16.864s] INFO:colcon.colcon_core.shell:Creating environment descriptor '/home/wings/Backscatter_UGV_ws/install/backscatter_movement_record_msgs_srvs/share/backscatter_movement_record_msgs_srvs/hook/cmake_prefix_path.dsv'
[16.865s] INFO:colcon.colcon_core.shell:Creating environment hook '/home/wings/Backscatter_UGV_ws/install/backscatter_movement_record_msgs_srvs/share/backscatter_movement_record_msgs_srvs/hook/cmake_prefix_path.sh'
[16.866s] Level 1:colcon.colcon_core.environment:checking '/home/wings/Backscatter_UGV_ws/install/backscatter_movement_record_msgs_srvs/lib'
[16.866s] Level 1:colcon.colcon_core.shell:create_environment_hook('backscatter_movement_record_msgs_srvs', 'ld_library_path_lib')
[16.867s] INFO:colcon.colcon_core.shell:Creating environment hook '/home/wings/Backscatter_UGV_ws/install/backscatter_movement_record_msgs_srvs/share/backscatter_movement_record_msgs_srvs/hook/ld_library_path_lib.ps1'
[16.868s] INFO:colcon.colcon_core.shell:Creating environment descriptor '/home/wings/Backscatter_UGV_ws/install/backscatter_movement_record_msgs_srvs/share/backscatter_movement_record_msgs_srvs/hook/ld_library_path_lib.dsv'
[16.868s] INFO:colcon.colcon_core.shell:Creating environment hook '/home/wings/Backscatter_UGV_ws/install/backscatter_movement_record_msgs_srvs/share/backscatter_movement_record_msgs_srvs/hook/ld_library_path_lib.sh'
[16.882s] Level 1:colcon.colcon_core.environment:checking '/home/wings/Backscatter_UGV_ws/install/backscatter_movement_record_msgs_srvs/bin'
[16.882s] Level 1:colcon.colcon_core.environment:checking '/home/wings/Backscatter_UGV_ws/install/backscatter_movement_record_msgs_srvs/lib/pkgconfig/backscatter_movement_record_msgs_srvs.pc'
[16.882s] Level 1:colcon.colcon_core.environment:checking '/home/wings/Backscatter_UGV_ws/install/backscatter_movement_record_msgs_srvs/lib/python3.8/site-packages'
[16.882s] Level 1:colcon.colcon_core.shell:create_environment_hook('backscatter_movement_record_msgs_srvs', 'pythonpath')
[16.883s] INFO:colcon.colcon_core.shell:Creating environment hook '/home/wings/Backscatter_UGV_ws/install/backscatter_movement_record_msgs_srvs/share/backscatter_movement_record_msgs_srvs/hook/pythonpath.ps1'
[16.885s] INFO:colcon.colcon_core.shell:Creating environment descriptor '/home/wings/Backscatter_UGV_ws/install/backscatter_movement_record_msgs_srvs/share/backscatter_movement_record_msgs_srvs/hook/pythonpath.dsv'
[16.886s] INFO:colcon.colcon_core.shell:Creating environment hook '/home/wings/Backscatter_UGV_ws/install/backscatter_movement_record_msgs_srvs/share/backscatter_movement_record_msgs_srvs/hook/pythonpath.sh'
[16.887s] Level 1:colcon.colcon_core.environment:checking '/home/wings/Backscatter_UGV_ws/install/backscatter_movement_record_msgs_srvs/bin'
[16.888s] INFO:colcon.colcon_core.shell:Creating package script '/home/wings/Backscatter_UGV_ws/install/backscatter_movement_record_msgs_srvs/share/backscatter_movement_record_msgs_srvs/package.ps1'
[16.890s] INFO:colcon.colcon_core.shell:Creating package descriptor '/home/wings/Backscatter_UGV_ws/install/backscatter_movement_record_msgs_srvs/share/backscatter_movement_record_msgs_srvs/package.dsv'
[16.891s] INFO:colcon.colcon_core.shell:Creating package script '/home/wings/Backscatter_UGV_ws/install/backscatter_movement_record_msgs_srvs/share/backscatter_movement_record_msgs_srvs/package.sh'
[16.899s] INFO:colcon.colcon_core.shell:Creating package script '/home/wings/Backscatter_UGV_ws/install/backscatter_movement_record_msgs_srvs/share/backscatter_movement_record_msgs_srvs/package.bash'
[16.900s] INFO:colcon.colcon_core.shell:Creating package script '/home/wings/Backscatter_UGV_ws/install/backscatter_movement_record_msgs_srvs/share/backscatter_movement_record_msgs_srvs/package.zsh'
[16.902s] Level 1:colcon.colcon_core.environment:create_file_with_runtime_dependencies(/home/wings/Backscatter_UGV_ws/install/backscatter_movement_record_msgs_srvs/share/colcon-core/packages/backscatter_movement_record_msgs_srvs)
[18.981s] DEBUG:colcon.colcon_core.event_handler.log_command:Invoked command in '/home/wings/Backscatter_UGV_ws/build/rclpy_message_converter_msgs' returned '0': CMAKE_PREFIX_PATH=/opt/ros/foxy /usr/bin/cmake --build /home/wings/Backscatter_UGV_ws/build/rclpy_message_converter_msgs -- -j6 -l6
[18.983s] DEBUG:colcon.colcon_core.event_handler.log_command:Invoking command in '/home/wings/Backscatter_UGV_ws/build/rclpy_message_converter_msgs': CMAKE_PREFIX_PATH=/opt/ros/foxy /usr/bin/cmake --install /home/wings/Backscatter_UGV_ws/build/rclpy_message_converter_msgs
[19.181s] Level 1:colcon.colcon_core.environment:create_environment_scripts_only(rclpy_message_converter_msgs)
[19.182s] Level 1:colcon.colcon_core.environment:checking '/home/wings/Backscatter_UGV_ws/install/rclpy_message_converter_msgs' for CMake module files
[19.184s] DEBUG:colcon.colcon_core.event_handler.log_command:Invoked command in '/home/wings/Backscatter_UGV_ws/build/rclpy_message_converter_msgs' returned '0': CMAKE_PREFIX_PATH=/opt/ros/foxy /usr/bin/cmake --install /home/wings/Backscatter_UGV_ws/build/rclpy_message_converter_msgs
[19.185s] Level 1:colcon.colcon_core.environment:checking '/home/wings/Backscatter_UGV_ws/install/rclpy_message_converter_msgs' for CMake config files
[19.187s] Level 1:colcon.colcon_core.shell:create_environment_hook('rclpy_message_converter_msgs', 'cmake_prefix_path')
[19.187s] INFO:colcon.colcon_core.shell:Creating environment hook '/home/wings/Backscatter_UGV_ws/install/rclpy_message_converter_msgs/share/rclpy_message_converter_msgs/hook/cmake_prefix_path.ps1'
[19.189s] INFO:colcon.colcon_core.shell:Creating environment descriptor '/home/wings/Backscatter_UGV_ws/install/rclpy_message_converter_msgs/share/rclpy_message_converter_msgs/hook/cmake_prefix_path.dsv'
[19.190s] INFO:colcon.colcon_core.shell:Creating environment hook '/home/wings/Backscatter_UGV_ws/install/rclpy_message_converter_msgs/share/rclpy_message_converter_msgs/hook/cmake_prefix_path.sh'
[19.191s] Level 1:colcon.colcon_core.environment:checking '/home/wings/Backscatter_UGV_ws/install/rclpy_message_converter_msgs/lib'
[19.191s] Level 1:colcon.colcon_core.shell:create_environment_hook('rclpy_message_converter_msgs', 'ld_library_path_lib')
[19.192s] INFO:colcon.colcon_core.shell:Creating environment hook '/home/wings/Backscatter_UGV_ws/install/rclpy_message_converter_msgs/share/rclpy_message_converter_msgs/hook/ld_library_path_lib.ps1'
[19.202s] INFO:colcon.colcon_core.shell:Creating environment descriptor '/home/wings/Backscatter_UGV_ws/install/rclpy_message_converter_msgs/share/rclpy_message_converter_msgs/hook/ld_library_path_lib.dsv'
[19.202s] INFO:colcon.colcon_core.shell:Creating environment hook '/home/wings/Backscatter_UGV_ws/install/rclpy_message_converter_msgs/share/rclpy_message_converter_msgs/hook/ld_library_path_lib.sh'
[19.203s] Level 1:colcon.colcon_core.environment:checking '/home/wings/Backscatter_UGV_ws/install/rclpy_message_converter_msgs/bin'
[19.204s] Level 1:colcon.colcon_core.environment:checking '/home/wings/Backscatter_UGV_ws/install/rclpy_message_converter_msgs/lib/pkgconfig/rclpy_message_converter_msgs.pc'
[19.204s] Level 1:colcon.colcon_core.environment:checking '/home/wings/Backscatter_UGV_ws/install/rclpy_message_converter_msgs/lib/python3.8/site-packages'
[19.204s] Level 1:colcon.colcon_core.shell:create_environment_hook('rclpy_message_converter_msgs', 'pythonpath')
[19.205s] INFO:colcon.colcon_core.shell:Creating environment hook '/home/wings/Backscatter_UGV_ws/install/rclpy_message_converter_msgs/share/rclpy_message_converter_msgs/hook/pythonpath.ps1'
[19.206s] INFO:colcon.colcon_core.shell:Creating environment descriptor '/home/wings/Backscatter_UGV_ws/install/rclpy_message_converter_msgs/share/rclpy_message_converter_msgs/hook/pythonpath.dsv'
[19.207s] INFO:colcon.colcon_core.shell:Creating environment hook '/home/wings/Backscatter_UGV_ws/install/rclpy_message_converter_msgs/share/rclpy_message_converter_msgs/hook/pythonpath.sh'
[19.208s] Level 1:colcon.colcon_core.environment:checking '/home/wings/Backscatter_UGV_ws/install/rclpy_message_converter_msgs/bin'
[19.209s] INFO:colcon.colcon_core.shell:Creating package script '/home/wings/Backscatter_UGV_ws/install/rclpy_message_converter_msgs/share/rclpy_message_converter_msgs/package.ps1'
[19.210s] INFO:colcon.colcon_core.shell:Creating package descriptor '/home/wings/Backscatter_UGV_ws/install/rclpy_message_converter_msgs/share/rclpy_message_converter_msgs/package.dsv'
[19.224s] INFO:colcon.colcon_core.shell:Creating package script '/home/wings/Backscatter_UGV_ws/install/rclpy_message_converter_msgs/share/rclpy_message_converter_msgs/package.sh'
[19.226s] INFO:colcon.colcon_core.shell:Creating package script '/home/wings/Backscatter_UGV_ws/install/rclpy_message_converter_msgs/share/rclpy_message_converter_msgs/package.bash'
[19.227s] INFO:colcon.colcon_core.shell:Creating package script '/home/wings/Backscatter_UGV_ws/install/rclpy_message_converter_msgs/share/rclpy_message_converter_msgs/package.zsh'
[19.228s] Level 1:colcon.colcon_core.environment:create_file_with_runtime_dependencies(/home/wings/Backscatter_UGV_ws/install/rclpy_message_converter_msgs/share/colcon-core/packages/rclpy_message_converter_msgs)
[19.230s] Level 1:colcon.colcon_core.environment:create_environment_scripts_only(rclpy_message_converter_msgs)
[19.230s] Level 1:colcon.colcon_core.environment:checking '/home/wings/Backscatter_UGV_ws/install/rclpy_message_converter_msgs' for CMake module files
[19.231s] Level 1:colcon.colcon_core.environment:checking '/home/wings/Backscatter_UGV_ws/install/rclpy_message_converter_msgs' for CMake config files
[19.245s] Level 1:colcon.colcon_core.shell:create_environment_hook('rclpy_message_converter_msgs', 'cmake_prefix_path')
[19.246s] INFO:colcon.colcon_core.shell:Creating environment hook '/home/wings/Backscatter_UGV_ws/install/rclpy_message_converter_msgs/share/rclpy_message_converter_msgs/hook/cmake_prefix_path.ps1'
[19.257s] INFO:colcon.colcon_core.shell:Creating environment descriptor '/home/wings/Backscatter_UGV_ws/install/rclpy_message_converter_msgs/share/rclpy_message_converter_msgs/hook/cmake_prefix_path.dsv'
[19.258s] INFO:colcon.colcon_core.shell:Creating environment hook '/home/wings/Backscatter_UGV_ws/install/rclpy_message_converter_msgs/share/rclpy_message_converter_msgs/hook/cmake_prefix_path.sh'
[19.260s] Level 1:colcon.colcon_core.environment:checking '/home/wings/Backscatter_UGV_ws/install/rclpy_message_converter_msgs/lib'
[19.260s] Level 1:colcon.colcon_core.shell:create_environment_hook('rclpy_message_converter_msgs', 'ld_library_path_lib')
[19.261s] INFO:colcon.colcon_core.shell:Creating environment hook '/home/wings/Backscatter_UGV_ws/install/rclpy_message_converter_msgs/share/rclpy_message_converter_msgs/hook/ld_library_path_lib.ps1'
[19.262s] INFO:colcon.colcon_core.shell:Creating environment descriptor '/home/wings/Backscatter_UGV_ws/install/rclpy_message_converter_msgs/share/rclpy_message_converter_msgs/hook/ld_library_path_lib.dsv'
[19.262s] INFO:colcon.colcon_core.shell:Creating environment hook '/home/wings/Backscatter_UGV_ws/install/rclpy_message_converter_msgs/share/rclpy_message_converter_msgs/hook/ld_library_path_lib.sh'
[19.263s] Level 1:colcon.colcon_core.environment:checking '/home/wings/Backscatter_UGV_ws/install/rclpy_message_converter_msgs/bin'
[19.264s] Level 1:colcon.colcon_core.environment:checking '/home/wings/Backscatter_UGV_ws/install/rclpy_message_converter_msgs/lib/pkgconfig/rclpy_message_converter_msgs.pc'
[19.264s] Level 1:colcon.colcon_core.environment:checking '/home/wings/Backscatter_UGV_ws/install/rclpy_message_converter_msgs/lib/python3.8/site-packages'
[19.264s] Level 1:colcon.colcon_core.shell:create_environment_hook('rclpy_message_converter_msgs', 'pythonpath')
[19.265s] INFO:colcon.colcon_core.shell:Creating environment hook '/home/wings/Backscatter_UGV_ws/install/rclpy_message_converter_msgs/share/rclpy_message_converter_msgs/hook/pythonpath.ps1'
[19.266s] INFO:colcon.colcon_core.shell:Creating environment descriptor '/home/wings/Backscatter_UGV_ws/install/rclpy_message_converter_msgs/share/rclpy_message_converter_msgs/hook/pythonpath.dsv'
[19.267s] INFO:colcon.colcon_core.shell:Creating environment hook '/home/wings/Backscatter_UGV_ws/install/rclpy_message_converter_msgs/share/rclpy_message_converter_msgs/hook/pythonpath.sh'
[19.268s] Level 1:colcon.colcon_core.environment:checking '/home/wings/Backscatter_UGV_ws/install/rclpy_message_converter_msgs/bin'
[19.269s] INFO:colcon.colcon_core.shell:Creating package script '/home/wings/Backscatter_UGV_ws/install/rclpy_message_converter_msgs/share/rclpy_message_converter_msgs/package.ps1'
[19.270s] INFO:colcon.colcon_core.shell:Creating package descriptor '/home/wings/Backscatter_UGV_ws/install/rclpy_message_converter_msgs/share/rclpy_message_converter_msgs/package.dsv'
[19.272s] INFO:colcon.colcon_core.shell:Creating package script '/home/wings/Backscatter_UGV_ws/install/rclpy_message_converter_msgs/share/rclpy_message_converter_msgs/package.sh'
[19.274s] INFO:colcon.colcon_core.shell:Creating package script '/home/wings/Backscatter_UGV_ws/install/rclpy_message_converter_msgs/share/rclpy_message_converter_msgs/package.bash'
[19.275s] INFO:colcon.colcon_core.shell:Creating package script '/home/wings/Backscatter_UGV_ws/install/rclpy_message_converter_msgs/share/rclpy_message_converter_msgs/package.zsh'
[19.276s] Level 1:colcon.colcon_core.environment:create_file_with_runtime_dependencies(/home/wings/Backscatter_UGV_ws/install/rclpy_message_converter_msgs/share/colcon-core/packages/rclpy_message_converter_msgs)
[19.277s] INFO:colcon.colcon_ros.task.ament_python.build:Building ROS package in '/home/wings/Backscatter_UGV_ws/src/rospy_message_converter/rclpy_message_converter' with build type 'ament_python'
[19.289s] Level 1:colcon.colcon_core.shell:create_environment_hook('rclpy_message_converter', 'ament_prefix_path')
[19.289s] INFO:colcon.colcon_core.shell:Creating environment hook '/home/wings/Backscatter_UGV_ws/install/rclpy_message_converter/share/rclpy_message_converter/hook/ament_prefix_path.ps1'
[19.291s] INFO:colcon.colcon_core.shell:Creating environment descriptor '/home/wings/Backscatter_UGV_ws/install/rclpy_message_converter/share/rclpy_message_converter/hook/ament_prefix_path.dsv'
[19.292s] INFO:colcon.colcon_core.shell:Creating environment hook '/home/wings/Backscatter_UGV_ws/install/rclpy_message_converter/share/rclpy_message_converter/hook/ament_prefix_path.sh'
[19.293s] INFO:colcon.colcon_core.shell:Skip shell extension 'powershell' for command environment: Not usable outside of PowerShell
[19.294s] DEBUG:colcon.colcon_core.shell:Skip shell extension 'dsv' for command environment
[19.799s] INFO:colcon.colcon_core.task.python.build:Building Python package in '/home/wings/Backscatter_UGV_ws/src/rospy_message_converter/rclpy_message_converter'
[19.801s] INFO:colcon.colcon_core.shell:Skip shell extension 'powershell' for command environment: Not usable outside of PowerShell
[19.801s] DEBUG:colcon.colcon_core.shell:Skip shell extension 'dsv' for command environment
[20.621s] DEBUG:colcon.colcon_core.event_handler.log_command:Invoking command in '/home/wings/Backscatter_UGV_ws/src/rospy_message_converter/rclpy_message_converter': AMENT_PREFIX_PATH=/home/wings/Backscatter_UGV_ws/install/rclpy_message_converter_msgs:${AMENT_PREFIX_PATH} CMAKE_PREFIX_PATH=/home/wings/Backscatter_UGV_ws/install/rclpy_message_converter_msgs LD_LIBRARY_PATH=/home/wings/Backscatter_UGV_ws/install/rclpy_message_converter_msgs/lib:${LD_LIBRARY_PATH} PYTHONPATH=/home/wings/Backscatter_UGV_ws/build/rclpy_message_converter/prefix_override:/usr/lib/python3/dist-packages/colcon_core/task/python/colcon_distutils_commands:/home/wings/Backscatter_UGV_ws/install/rclpy_message_converter/lib/python3.8/site-packages:/home/wings/Backscatter_UGV_ws/install/rclpy_message_converter_msgs/lib/python3.8/site-packages:${PYTHONPATH} /usr/bin/python3 -W ignore:setup.py install is deprecated -W ignore:easy_install command is deprecated setup.py egg_info --egg-base ../../../build/rclpy_message_converter build --build-base /home/wings/Backscatter_UGV_ws/build/rclpy_message_converter/build install --record /home/wings/Backscatter_UGV_ws/build/rclpy_message_converter/install.log --single-version-externally-managed install_data
[21.213s] Level 1:colcon.colcon_core.environment:checking '/home/wings/Backscatter_UGV_ws/install/rclpy_message_converter' for CMake module files
[21.214s] DEBUG:colcon.colcon_core.event_handler.log_command:Invoked command in '/home/wings/Backscatter_UGV_ws/src/rospy_message_converter/rclpy_message_converter' returned '0': AMENT_PREFIX_PATH=/home/wings/Backscatter_UGV_ws/install/rclpy_message_converter_msgs:${AMENT_PREFIX_PATH} CMAKE_PREFIX_PATH=/home/wings/Backscatter_UGV_ws/install/rclpy_message_converter_msgs LD_LIBRARY_PATH=/home/wings/Backscatter_UGV_ws/install/rclpy_message_converter_msgs/lib:${LD_LIBRARY_PATH} PYTHONPATH=/home/wings/Backscatter_UGV_ws/build/rclpy_message_converter/prefix_override:/usr/lib/python3/dist-packages/colcon_core/task/python/colcon_distutils_commands:/home/wings/Backscatter_UGV_ws/install/rclpy_message_converter/lib/python3.8/site-packages:/home/wings/Backscatter_UGV_ws/install/rclpy_message_converter_msgs/lib/python3.8/site-packages:${PYTHONPATH} /usr/bin/python3 -W ignore:setup.py install is deprecated -W ignore:easy_install command is deprecated setup.py egg_info --egg-base ../../../build/rclpy_message_converter build --build-base /home/wings/Backscatter_UGV_ws/build/rclpy_message_converter/build install --record /home/wings/Backscatter_UGV_ws/build/rclpy_message_converter/install.log --single-version-externally-managed install_data
[21.215s] Level 1:colcon.colcon_core.environment:checking '/home/wings/Backscatter_UGV_ws/install/rclpy_message_converter' for CMake config files
[21.217s] Level 1:colcon.colcon_core.environment:checking '/home/wings/Backscatter_UGV_ws/install/rclpy_message_converter/lib'
[21.217s] Level 1:colcon.colcon_core.environment:checking '/home/wings/Backscatter_UGV_ws/install/rclpy_message_converter/bin'
[21.218s] Level 1:colcon.colcon_core.environment:checking '/home/wings/Backscatter_UGV_ws/install/rclpy_message_converter/lib/pkgconfig/rclpy_message_converter.pc'
[21.219s] Level 1:colcon.colcon_core.environment:checking '/home/wings/Backscatter_UGV_ws/install/rclpy_message_converter/lib/python3.8/site-packages'
[21.219s] Level 1:colcon.colcon_core.shell:create_environment_hook('rclpy_message_converter', 'pythonpath')
[21.220s] INFO:colcon.colcon_core.shell:Creating environment hook '/home/wings/Backscatter_UGV_ws/install/rclpy_message_converter/share/rclpy_message_converter/hook/pythonpath.ps1'
[21.221s] INFO:colcon.colcon_core.shell:Creating environment descriptor '/home/wings/Backscatter_UGV_ws/install/rclpy_message_converter/share/rclpy_message_converter/hook/pythonpath.dsv'
[21.223s] INFO:colcon.colcon_core.shell:Creating environment hook '/home/wings/Backscatter_UGV_ws/install/rclpy_message_converter/share/rclpy_message_converter/hook/pythonpath.sh'
[21.225s] Level 1:colcon.colcon_core.environment:checking '/home/wings/Backscatter_UGV_ws/install/rclpy_message_converter/bin'
[21.225s] Level 1:colcon.colcon_core.environment:create_environment_scripts_only(rclpy_message_converter)
[21.226s] INFO:colcon.colcon_core.shell:Creating package script '/home/wings/Backscatter_UGV_ws/install/rclpy_message_converter/share/rclpy_message_converter/package.ps1'
[21.228s] INFO:colcon.colcon_core.shell:Creating package descriptor '/home/wings/Backscatter_UGV_ws/install/rclpy_message_converter/share/rclpy_message_converter/package.dsv'
[21.230s] INFO:colcon.colcon_core.shell:Creating package script '/home/wings/Backscatter_UGV_ws/install/rclpy_message_converter/share/rclpy_message_converter/package.sh'
[21.231s] INFO:colcon.colcon_core.shell:Creating package script '/home/wings/Backscatter_UGV_ws/install/rclpy_message_converter/share/rclpy_message_converter/package.bash'
[21.232s] INFO:colcon.colcon_core.shell:Creating package script '/home/wings/Backscatter_UGV_ws/install/rclpy_message_converter/share/rclpy_message_converter/package.zsh'
[21.233s] Level 1:colcon.colcon_core.environment:create_file_with_runtime_dependencies(/home/wings/Backscatter_UGV_ws/install/rclpy_message_converter/share/colcon-core/packages/rclpy_message_converter)
[27.485s] DEBUG:colcon.colcon_core.event_handler.log_command:Invoked command in '/home/wings/Backscatter_UGV_ws/build/slam_msgs' returned '0': CMAKE_PREFIX_PATH=/opt/ros/foxy /usr/bin/cmake --build /home/wings/Backscatter_UGV_ws/build/slam_msgs -- -j6 -l6
[27.494s] DEBUG:colcon.colcon_core.event_handler.log_command:Invoking command in '/home/wings/Backscatter_UGV_ws/build/slam_msgs': CMAKE_PREFIX_PATH=/opt/ros/foxy /usr/bin/cmake --install /home/wings/Backscatter_UGV_ws/build/slam_msgs
[27.654s] Level 1:colcon.colcon_core.environment:create_environment_scripts_only(slam_msgs)
[27.656s] Level 1:colcon.colcon_core.environment:checking '/home/wings/Backscatter_UGV_ws/install/slam_msgs' for CMake module files
[27.657s] DEBUG:colcon.colcon_core.event_handler.log_command:Invoked command in '/home/wings/Backscatter_UGV_ws/build/slam_msgs' returned '0': CMAKE_PREFIX_PATH=/opt/ros/foxy /usr/bin/cmake --install /home/wings/Backscatter_UGV_ws/build/slam_msgs
[27.659s] Level 1:colcon.colcon_core.environment:checking '/home/wings/Backscatter_UGV_ws/install/slam_msgs' for CMake config files
[27.662s] Level 1:colcon.colcon_core.shell:create_environment_hook('slam_msgs', 'cmake_prefix_path')
[27.663s] INFO:colcon.colcon_core.shell:Creating environment hook '/home/wings/Backscatter_UGV_ws/install/slam_msgs/share/slam_msgs/hook/cmake_prefix_path.ps1'
[27.665s] INFO:colcon.colcon_core.shell:Creating environment descriptor '/home/wings/Backscatter_UGV_ws/install/slam_msgs/share/slam_msgs/hook/cmake_prefix_path.dsv'
[27.666s] INFO:colcon.colcon_core.shell:Creating environment hook '/home/wings/Backscatter_UGV_ws/install/slam_msgs/share/slam_msgs/hook/cmake_prefix_path.sh'
[27.668s] Level 1:colcon.colcon_core.environment:checking '/home/wings/Backscatter_UGV_ws/install/slam_msgs/lib'
[27.668s] Level 1:colcon.colcon_core.shell:create_environment_hook('slam_msgs', 'ld_library_path_lib')
[27.669s] INFO:colcon.colcon_core.shell:Creating environment hook '/home/wings/Backscatter_UGV_ws/install/slam_msgs/share/slam_msgs/hook/ld_library_path_lib.ps1'
[27.670s] INFO:colcon.colcon_core.shell:Creating environment descriptor '/home/wings/Backscatter_UGV_ws/install/slam_msgs/share/slam_msgs/hook/ld_library_path_lib.dsv'
[27.672s] INFO:colcon.colcon_core.shell:Creating environment hook '/home/wings/Backscatter_UGV_ws/install/slam_msgs/share/slam_msgs/hook/ld_library_path_lib.sh'
[27.673s] Level 1:colcon.colcon_core.environment:checking '/home/wings/Backscatter_UGV_ws/install/slam_msgs/bin'
[27.673s] Level 1:colcon.colcon_core.environment:checking '/home/wings/Backscatter_UGV_ws/install/slam_msgs/lib/pkgconfig/slam_msgs.pc'
[27.674s] Level 1:colcon.colcon_core.environment:checking '/home/wings/Backscatter_UGV_ws/install/slam_msgs/lib/python3.8/site-packages'
[27.674s] Level 1:colcon.colcon_core.shell:create_environment_hook('slam_msgs', 'pythonpath')
[27.675s] INFO:colcon.colcon_core.shell:Creating environment hook '/home/wings/Backscatter_UGV_ws/install/slam_msgs/share/slam_msgs/hook/pythonpath.ps1'
[27.676s] INFO:colcon.colcon_core.shell:Creating environment descriptor '/home/wings/Backscatter_UGV_ws/install/slam_msgs/share/slam_msgs/hook/pythonpath.dsv'
[27.678s] INFO:colcon.colcon_core.shell:Creating environment hook '/home/wings/Backscatter_UGV_ws/install/slam_msgs/share/slam_msgs/hook/pythonpath.sh'
[27.680s] Level 1:colcon.colcon_core.environment:checking '/home/wings/Backscatter_UGV_ws/install/slam_msgs/bin'
[27.681s] INFO:colcon.colcon_core.shell:Creating package script '/home/wings/Backscatter_UGV_ws/install/slam_msgs/share/slam_msgs/package.ps1'
[27.683s] INFO:colcon.colcon_core.shell:Creating package descriptor '/home/wings/Backscatter_UGV_ws/install/slam_msgs/share/slam_msgs/package.dsv'
[27.685s] INFO:colcon.colcon_core.shell:Creating package script '/home/wings/Backscatter_UGV_ws/install/slam_msgs/share/slam_msgs/package.sh'
[27.687s] INFO:colcon.colcon_core.shell:Creating package script '/home/wings/Backscatter_UGV_ws/install/slam_msgs/share/slam_msgs/package.bash'
[27.688s] INFO:colcon.colcon_core.shell:Creating package script '/home/wings/Backscatter_UGV_ws/install/slam_msgs/share/slam_msgs/package.zsh'
[27.689s] Level 1:colcon.colcon_core.environment:create_file_with_runtime_dependencies(/home/wings/Backscatter_UGV_ws/install/slam_msgs/share/colcon-core/packages/slam_msgs)
[27.691s] Level 1:colcon.colcon_core.environment:create_environment_scripts_only(slam_msgs)
[27.692s] Level 1:colcon.colcon_core.environment:checking '/home/wings/Backscatter_UGV_ws/install/slam_msgs' for CMake module files
[27.694s] Level 1:colcon.colcon_core.environment:checking '/home/wings/Backscatter_UGV_ws/install/slam_msgs' for CMake config files
[27.696s] Level 1:colcon.colcon_core.shell:create_environment_hook('slam_msgs', 'cmake_prefix_path')
[27.697s] INFO:colcon.colcon_core.shell:Creating environment hook '/home/wings/Backscatter_UGV_ws/install/slam_msgs/share/slam_msgs/hook/cmake_prefix_path.ps1'
[27.698s] INFO:colcon.colcon_core.shell:Creating environment descriptor '/home/wings/Backscatter_UGV_ws/install/slam_msgs/share/slam_msgs/hook/cmake_prefix_path.dsv'
[27.699s] INFO:colcon.colcon_core.shell:Creating environment hook '/home/wings/Backscatter_UGV_ws/install/slam_msgs/share/slam_msgs/hook/cmake_prefix_path.sh'
[27.701s] Level 1:colcon.colcon_core.environment:checking '/home/wings/Backscatter_UGV_ws/install/slam_msgs/lib'
[27.701s] Level 1:colcon.colcon_core.shell:create_environment_hook('slam_msgs', 'ld_library_path_lib')
[27.702s] INFO:colcon.colcon_core.shell:Creating environment hook '/home/wings/Backscatter_UGV_ws/install/slam_msgs/share/slam_msgs/hook/ld_library_path_lib.ps1'
[27.703s] INFO:colcon.colcon_core.shell:Creating environment descriptor '/home/wings/Backscatter_UGV_ws/install/slam_msgs/share/slam_msgs/hook/ld_library_path_lib.dsv'
[27.704s] INFO:colcon.colcon_core.shell:Creating environment hook '/home/wings/Backscatter_UGV_ws/install/slam_msgs/share/slam_msgs/hook/ld_library_path_lib.sh'
[27.705s] Level 1:colcon.colcon_core.environment:checking '/home/wings/Backscatter_UGV_ws/install/slam_msgs/bin'
[27.705s] Level 1:colcon.colcon_core.environment:checking '/home/wings/Backscatter_UGV_ws/install/slam_msgs/lib/pkgconfig/slam_msgs.pc'
[27.705s] Level 1:colcon.colcon_core.environment:checking '/home/wings/Backscatter_UGV_ws/install/slam_msgs/lib/python3.8/site-packages'
[27.706s] Level 1:colcon.colcon_core.shell:create_environment_hook('slam_msgs', 'pythonpath')
[27.706s] INFO:colcon.colcon_core.shell:Creating environment hook '/home/wings/Backscatter_UGV_ws/install/slam_msgs/share/slam_msgs/hook/pythonpath.ps1'
[27.707s] INFO:colcon.colcon_core.shell:Creating environment descriptor '/home/wings/Backscatter_UGV_ws/install/slam_msgs/share/slam_msgs/hook/pythonpath.dsv'
[27.708s] INFO:colcon.colcon_core.shell:Creating environment hook '/home/wings/Backscatter_UGV_ws/install/slam_msgs/share/slam_msgs/hook/pythonpath.sh'
[27.709s] Level 1:colcon.colcon_core.environment:checking '/home/wings/Backscatter_UGV_ws/install/slam_msgs/bin'
[27.710s] INFO:colcon.colcon_core.shell:Creating package script '/home/wings/Backscatter_UGV_ws/install/slam_msgs/share/slam_msgs/package.ps1'
[27.712s] INFO:colcon.colcon_core.shell:Creating package descriptor '/home/wings/Backscatter_UGV_ws/install/slam_msgs/share/slam_msgs/package.dsv'
[27.713s] INFO:colcon.colcon_core.shell:Creating package script '/home/wings/Backscatter_UGV_ws/install/slam_msgs/share/slam_msgs/package.sh'
[27.714s] INFO:colcon.colcon_core.shell:Creating package script '/home/wings/Backscatter_UGV_ws/install/slam_msgs/share/slam_msgs/package.bash'
[27.715s] INFO:colcon.colcon_core.shell:Creating package script '/home/wings/Backscatter_UGV_ws/install/slam_msgs/share/slam_msgs/package.zsh'
[27.716s] Level 1:colcon.colcon_core.environment:create_file_with_runtime_dependencies(/home/wings/Backscatter_UGV_ws/install/slam_msgs/share/colcon-core/packages/slam_msgs)
[27.717s] INFO:colcon.colcon_ros.task.ament_cmake.build:Building ROS package in '/home/wings/Backscatter_UGV_ws/src/ORB-SLAM3-ROS2-Docker/orb_slam3_ros2_wrapper' with build type 'ament_cmake'
[27.717s] INFO:colcon.colcon_cmake.task.cmake.build:Building CMake package in '/home/wings/Backscatter_UGV_ws/src/ORB-SLAM3-ROS2-Docker/orb_slam3_ros2_wrapper'
[27.718s] INFO:colcon.colcon_core.shell:Skip shell extension 'powershell' for command environment: Not usable outside of PowerShell
[27.718s] DEBUG:colcon.colcon_core.shell:Skip shell extension 'dsv' for command environment
[27.744s] DEBUG:colcon.colcon_core.event_handler.log_command:Invoking command in '/home/wings/Backscatter_UGV_ws/build/orb_slam3_ros2_wrapper': AMENT_PREFIX_PATH=/home/wings/Backscatter_UGV_ws/install/slam_msgs:${AMENT_PREFIX_PATH} CMAKE_PREFIX_PATH=/home/wings/Backscatter_UGV_ws/install/slam_msgs:/opt/ros/foxy LD_LIBRARY_PATH=/home/wings/Backscatter_UGV_ws/install/slam_msgs/lib:${LD_LIBRARY_PATH} PYTHONPATH=/home/wings/Backscatter_UGV_ws/install/slam_msgs/lib/python3.8/site-packages:${PYTHONPATH} /usr/bin/cmake /home/wings/Backscatter_UGV_ws/src/ORB-SLAM3-ROS2-Docker/orb_slam3_ros2_wrapper -DCMAKE_INSTALL_PREFIX=/home/wings/Backscatter_UGV_ws/install/orb_slam3_ros2_wrapper
[30.818s] DEBUG:colcon.colcon_core.event_handler.log_command:Invoked command in '/home/wings/Backscatter_UGV_ws/build/orb_slam3_ros2_wrapper' returned '1': AMENT_PREFIX_PATH=/home/wings/Backscatter_UGV_ws/install/slam_msgs:${AMENT_PREFIX_PATH} CMAKE_PREFIX_PATH=/home/wings/Backscatter_UGV_ws/install/slam_msgs:/opt/ros/foxy LD_LIBRARY_PATH=/home/wings/Backscatter_UGV_ws/install/slam_msgs/lib:${LD_LIBRARY_PATH} PYTHONPATH=/home/wings/Backscatter_UGV_ws/install/slam_msgs/lib/python3.8/site-packages:${PYTHONPATH} /usr/bin/cmake /home/wings/Backscatter_UGV_ws/src/ORB-SLAM3-ROS2-Docker/orb_slam3_ros2_wrapper -DCMAKE_INSTALL_PREFIX=/home/wings/Backscatter_UGV_ws/install/orb_slam3_ros2_wrapper
[30.847s] Level 1:colcon.colcon_core.environment:create_environment_scripts_only(orb_slam3_ros2_wrapper)
[30.849s] Level 1:colcon.colcon_core.environment:checking '/home/wings/Backscatter_UGV_ws/install/orb_slam3_ros2_wrapper' for CMake module files
[30.850s] Level 1:colcon.colcon_core.environment:checking '/home/wings/Backscatter_UGV_ws/install/orb_slam3_ros2_wrapper' for CMake config files
[30.851s] Level 1:colcon.colcon_core.environment:checking '/home/wings/Backscatter_UGV_ws/install/orb_slam3_ros2_wrapper/bin'
[30.851s] Level 1:colcon.colcon_core.environment:checking '/home/wings/Backscatter_UGV_ws/install/orb_slam3_ros2_wrapper/lib/pkgconfig/orb_slam3_ros2_wrapper.pc'
[30.852s] Level 1:colcon.colcon_core.environment:checking '/home/wings/Backscatter_UGV_ws/install/orb_slam3_ros2_wrapper/lib/python3.8/site-packages'
[30.853s] Level 1:colcon.colcon_core.environment:checking '/home/wings/Backscatter_UGV_ws/install/orb_slam3_ros2_wrapper/bin'
[30.854s] INFO:colcon.colcon_core.shell:Creating package script '/home/wings/Backscatter_UGV_ws/install/orb_slam3_ros2_wrapper/share/orb_slam3_ros2_wrapper/package.ps1'
[30.856s] INFO:colcon.colcon_core.shell:Creating package descriptor '/home/wings/Backscatter_UGV_ws/install/orb_slam3_ros2_wrapper/share/orb_slam3_ros2_wrapper/package.dsv'
[30.857s] INFO:colcon.colcon_core.shell:Creating package script '/home/wings/Backscatter_UGV_ws/install/orb_slam3_ros2_wrapper/share/orb_slam3_ros2_wrapper/package.sh'
[30.858s] INFO:colcon.colcon_core.shell:Creating package script '/home/wings/Backscatter_UGV_ws/install/orb_slam3_ros2_wrapper/share/orb_slam3_ros2_wrapper/package.bash'
[30.860s] INFO:colcon.colcon_core.shell:Creating package script '/home/wings/Backscatter_UGV_ws/install/orb_slam3_ros2_wrapper/share/orb_slam3_ros2_wrapper/package.zsh'
[30.861s] Level 1:colcon.colcon_core.environment:create_file_with_runtime_dependencies(/home/wings/Backscatter_UGV_ws/install/orb_slam3_ros2_wrapper/share/colcon-core/packages/orb_slam3_ros2_wrapper)
[30.872s] DEBUG:colcon.colcon_parallel_executor.executor.parallel:closing loop
[30.873s] DEBUG:colcon.colcon_parallel_executor.executor.parallel:loop closed
[30.873s] DEBUG:colcon.colcon_parallel_executor.executor.parallel:run_until_complete finished with '1'
[30.874s] DEBUG:colcon.colcon_core.event_reactor:joining thread
[30.892s] INFO:colcon.colcon_core.plugin_system:Skipping extension 'colcon_notification.desktop_notification.terminal_notifier': Not used on non-Darwin systems
[30.892s] INFO:colcon.colcon_core.plugin_system:Skipping extension 'colcon_notification.desktop_notification.win32': Not used on non-Windows systems
[30.894s] INFO:colcon.colcon_notification.desktop_notification:Sending desktop notification using 'notify2'
[30.940s] DEBUG:colcon.colcon_core.event_reactor:joined thread
[30.943s] INFO:colcon.colcon_core.shell:Creating prefix script '/home/wings/Backscatter_UGV_ws/install/local_setup.ps1'
[30.947s] INFO:colcon.colcon_core.shell:Creating prefix util module '/home/wings/Backscatter_UGV_ws/install/_local_setup_util_ps1.py'
[30.953s] INFO:colcon.colcon_core.shell:Creating prefix chain script '/home/wings/Backscatter_UGV_ws/install/setup.ps1'
[30.956s] INFO:colcon.colcon_core.shell:Creating prefix script '/home/wings/Backscatter_UGV_ws/install/local_setup.sh'
[30.958s] INFO:colcon.colcon_core.shell:Creating prefix util module '/home/wings/Backscatter_UGV_ws/install/_local_setup_util_sh.py'
[30.960s] INFO:colcon.colcon_core.shell:Creating prefix chain script '/home/wings/Backscatter_UGV_ws/install/setup.sh'
[30.963s] INFO:colcon.colcon_core.shell:Creating prefix script '/home/wings/Backscatter_UGV_ws/install/local_setup.bash'
[30.964s] INFO:colcon.colcon_core.shell:Creating prefix chain script '/home/wings/Backscatter_UGV_ws/install/setup.bash'
[30.967s] INFO:colcon.colcon_core.shell:Creating prefix script '/home/wings/Backscatter_UGV_ws/install/local_setup.zsh'
[30.968s] INFO:colcon.colcon_core.shell:Creating prefix chain script '/home/wings/Backscatter_UGV_ws/install/setup.zsh'
