[1.494s] Invoking command in '/home/wings/Backscatter_UGV_ws/src/backscatter_rover_data_recorder': PYTHONPATH=/home/wings/Backscatter_UGV_ws/build/backscatter_rover_data_recorder/prefix_override:/usr/lib/python3/dist-packages/colcon_core/task/python/colcon_distutils_commands:/home/wings/Backscatter_UGV_ws/install/backscatter_rover_data_recorder/lib/python3.8/site-packages:${PYTHONPATH} /usr/bin/python3 -W ignore:setup.py install is deprecated -W ignore:easy_install command is deprecated setup.py egg_info --egg-base ../../build/backscatter_rover_data_recorder build --build-base /home/wings/Backscatter_UGV_ws/build/backscatter_rover_data_recorder/build install --record /home/wings/Backscatter_UGV_ws/build/backscatter_rover_data_recorder/install.log --install-scripts $base/lib/backscatter_rover_data_recorder --single-version-externally-managed install_data
[1.966s] running egg_info
[1.967s] writing ../../build/backscatter_rover_data_recorder/backscatter_rover_data_recorder.egg-info/PKG-INFO
[1.968s] writing dependency_links to ../../build/backscatter_rover_data_recorder/backscatter_rover_data_recorder.egg-info/dependency_links.txt
[1.968s] writing entry points to ../../build/backscatter_rover_data_recorder/backscatter_rover_data_recorder.egg-info/entry_points.txt
[1.969s] writing requirements to ../../build/backscatter_rover_data_recorder/backscatter_rover_data_recorder.egg-info/requires.txt
[1.969s] writing top-level names to ../../build/backscatter_rover_data_recorder/backscatter_rover_data_recorder.egg-info/top_level.txt
[2.039s] reading manifest file '../../build/backscatter_rover_data_recorder/backscatter_rover_data_recorder.egg-info/SOURCES.txt'
[2.041s] writing manifest file '../../build/backscatter_rover_data_recorder/backscatter_rover_data_recorder.egg-info/SOURCES.txt'
[2.042s] running build
[2.042s] running build_py
[2.043s] running install
[2.045s] running install_lib
[2.049s] running install_data
[2.049s] running install_egg_info
[2.053s] removing '/home/wings/Backscatter_UGV_ws/install/backscatter_rover_data_recorder/lib/python3.8/site-packages/backscatter_rover_data_recorder-0.0.0-py3.8.egg-info' (and everything under it)
[2.054s] Copying ../../build/backscatter_rover_data_recorder/backscatter_rover_data_recorder.egg-info to /home/wings/Backscatter_UGV_ws/install/backscatter_rover_data_recorder/lib/python3.8/site-packages/backscatter_rover_data_recorder-0.0.0-py3.8.egg-info
[2.056s] running install_scripts
[2.095s] Installing controller script to /home/wings/Backscatter_UGV_ws/install/backscatter_rover_data_recorder/lib/backscatter_rover_data_recorder
[2.095s] Installing recorder_service script to /home/wings/Backscatter_UGV_ws/install/backscatter_rover_data_recorder/lib/backscatter_rover_data_recorder
[2.096s] writing list of installed files to '/home/wings/Backscatter_UGV_ws/build/backscatter_rover_data_recorder/install.log'
[2.164s] Invoked command in '/home/wings/Backscatter_UGV_ws/src/backscatter_rover_data_recorder' returned '0': PYTHONPATH=/home/wings/Backscatter_UGV_ws/build/backscatter_rover_data_recorder/prefix_override:/usr/lib/python3/dist-packages/colcon_core/task/python/colcon_distutils_commands:/home/wings/Backscatter_UGV_ws/install/backscatter_rover_data_recorder/lib/python3.8/site-packages:${PYTHONPATH} /usr/bin/python3 -W ignore:setup.py install is deprecated -W ignore:easy_install command is deprecated setup.py egg_info --egg-base ../../build/backscatter_rover_data_recorder build --build-base /home/wings/Backscatter_UGV_ws/build/backscatter_rover_data_recorder/build install --record /home/wings/Backscatter_UGV_ws/build/backscatter_rover_data_recorder/install.log --install-scripts $base/lib/backscatter_rover_data_recorder --single-version-externally-managed install_data
