[  2%] Built target backscatter_movement_record_msgs_srvs__cpp
[ 12%] Built target backscatter_movement_record_msgs_srvs__rosidl_generator_c
[ 23%] Built target backscatter_movement_record_msgs_srvs__rosidl_typesupport_cpp
[ 33%] Built target backscatter_movement_record_msgs_srvs__rosidl_typesupport_introspection_cpp
[ 43%] Built target backscatter_movement_record_msgs_srvs__rosidl_typesupport_fastrtps_cpp
[ 53%] Built target backscatter_movement_record_msgs_srvs__rosidl_typesupport_c
[ 64%] Built target backscatter_movement_record_msgs_srvs__rosidl_typesupport_introspection_c
[ 74%] Built target backscatter_movement_record_msgs_srvs__rosidl_typesupport_fastrtps_c
[ 74%] Built target backscatter_movement_record_msgs_srvs
[ 76%] Built target backscatter_movement_record_msgs_srvs__py
[ 84%] Built target backscatter_movement_record_msgs_srvs__python
[100%] Built target backscatter_movement_record_msgs_srvs__rosidl_typesupport_introspection_c__pyext
[100%] Built target backscatter_movement_record_msgs_srvs__rosidl_typesupport_fastrtps_c__pyext
[100%] Built target backscatter_movement_record_msgs_srvs__rosidl_typesupport_c__pyext
-- Install configuration: ""
-- Up-to-date: /home/wings/Backscatter_UGV_ws/install/backscatter_movement_record_msgs_srvs/share/ament_index/resource_index/rosidl_interfaces/backscatter_movement_record_msgs_srvs
-- Up-to-date: /home/wings/Backscatter_UGV_ws/install/backscatter_movement_record_msgs_srvs/include/backscatter_movement_record_msgs_srvs
-- Up-to-date: /home/wings/Backscatter_UGV_ws/install/backscatter_movement_record_msgs_srvs/include/backscatter_movement_record_msgs_srvs/srv
-- Up-to-date: /home/wings/Backscatter_UGV_ws/install/backscatter_movement_record_msgs_srvs/include/backscatter_movement_record_msgs_srvs/srv/detail
-- Up-to-date: /home/wings/Backscatter_UGV_ws/install/backscatter_movement_record_msgs_srvs/include/backscatter_movement_record_msgs_srvs/srv/detail/odom_record__struct.h
-- Up-to-date: /home/wings/Backscatter_UGV_ws/install/backscatter_movement_record_msgs_srvs/include/backscatter_movement_record_msgs_srvs/srv/detail/odom_record__type_support.h
-- Up-to-date: /home/wings/Backscatter_UGV_ws/install/backscatter_movement_record_msgs_srvs/include/backscatter_movement_record_msgs_srvs/srv/detail/odom_record__functions.h
-- Up-to-date: /home/wings/Backscatter_UGV_ws/install/backscatter_movement_record_msgs_srvs/include/backscatter_movement_record_msgs_srvs/srv/detail/odom_record__functions.c
-- Up-to-date: /home/wings/Backscatter_UGV_ws/install/backscatter_movement_record_msgs_srvs/include/backscatter_movement_record_msgs_srvs/srv/odom_record.h
-- Up-to-date: /home/wings/Backscatter_UGV_ws/install/backscatter_movement_record_msgs_srvs/include/backscatter_movement_record_msgs_srvs/msg
-- Up-to-date: /home/wings/Backscatter_UGV_ws/install/backscatter_movement_record_msgs_srvs/include/backscatter_movement_record_msgs_srvs/msg/detail
-- Up-to-date: /home/wings/Backscatter_UGV_ws/install/backscatter_movement_record_msgs_srvs/include/backscatter_movement_record_msgs_srvs/msg/detail/odom_with_expmt_flag__functions.c
-- Up-to-date: /home/wings/Backscatter_UGV_ws/install/backscatter_movement_record_msgs_srvs/include/backscatter_movement_record_msgs_srvs/msg/detail/odom_with_expmt_flag__type_support.h
-- Up-to-date: /home/wings/Backscatter_UGV_ws/install/backscatter_movement_record_msgs_srvs/include/backscatter_movement_record_msgs_srvs/msg/detail/odom_with_expmt_flag__functions.h
-- Up-to-date: /home/wings/Backscatter_UGV_ws/install/backscatter_movement_record_msgs_srvs/include/backscatter_movement_record_msgs_srvs/msg/detail/odom_with_expmt_flag__struct.h
-- Up-to-date: /home/wings/Backscatter_UGV_ws/install/backscatter_movement_record_msgs_srvs/include/backscatter_movement_record_msgs_srvs/msg/rosidl_generator_c__visibility_control.h
-- Up-to-date: /home/wings/Backscatter_UGV_ws/install/backscatter_movement_record_msgs_srvs/include/backscatter_movement_record_msgs_srvs/msg/odom_with_expmt_flag.h
-- Up-to-date: /home/wings/Backscatter_UGV_ws/install/backscatter_movement_record_msgs_srvs/share/backscatter_movement_record_msgs_srvs/environment/library_path.sh
-- Up-to-date: /home/wings/Backscatter_UGV_ws/install/backscatter_movement_record_msgs_srvs/share/backscatter_movement_record_msgs_srvs/environment/library_path.dsv
-- Up-to-date: /home/wings/Backscatter_UGV_ws/install/backscatter_movement_record_msgs_srvs/lib/libbackscatter_movement_record_msgs_srvs__rosidl_generator_c.so
-- Up-to-date: /home/wings/Backscatter_UGV_ws/install/backscatter_movement_record_msgs_srvs/include/backscatter_movement_record_msgs_srvs
-- Up-to-date: /home/wings/Backscatter_UGV_ws/install/backscatter_movement_record_msgs_srvs/include/backscatter_movement_record_msgs_srvs/srv
-- Up-to-date: /home/wings/Backscatter_UGV_ws/install/backscatter_movement_record_msgs_srvs/include/backscatter_movement_record_msgs_srvs/srv/detail
-- Up-to-date: /home/wings/Backscatter_UGV_ws/install/backscatter_movement_record_msgs_srvs/include/backscatter_movement_record_msgs_srvs/srv/detail/odom_record__rosidl_typesupport_fastrtps_c.h
-- Up-to-date: /home/wings/Backscatter_UGV_ws/install/backscatter_movement_record_msgs_srvs/include/backscatter_movement_record_msgs_srvs/msg
-- Up-to-date: /home/wings/Backscatter_UGV_ws/install/backscatter_movement_record_msgs_srvs/include/backscatter_movement_record_msgs_srvs/msg/detail
-- Up-to-date: /home/wings/Backscatter_UGV_ws/install/backscatter_movement_record_msgs_srvs/include/backscatter_movement_record_msgs_srvs/msg/detail/odom_with_expmt_flag__rosidl_typesupport_fastrtps_c.h
-- Up-to-date: /home/wings/Backscatter_UGV_ws/install/backscatter_movement_record_msgs_srvs/include/backscatter_movement_record_msgs_srvs/msg/rosidl_typesupport_fastrtps_c__visibility_control.h
-- Up-to-date: /home/wings/Backscatter_UGV_ws/install/backscatter_movement_record_msgs_srvs/lib/libbackscatter_movement_record_msgs_srvs__rosidl_typesupport_fastrtps_c.so
-- Up-to-date: /home/wings/Backscatter_UGV_ws/install/backscatter_movement_record_msgs_srvs/include/backscatter_movement_record_msgs_srvs
-- Up-to-date: /home/wings/Backscatter_UGV_ws/install/backscatter_movement_record_msgs_srvs/include/backscatter_movement_record_msgs_srvs/srv
-- Up-to-date: /home/wings/Backscatter_UGV_ws/install/backscatter_movement_record_msgs_srvs/include/backscatter_movement_record_msgs_srvs/srv/detail
-- Up-to-date: /home/wings/Backscatter_UGV_ws/install/backscatter_movement_record_msgs_srvs/include/backscatter_movement_record_msgs_srvs/srv/detail/odom_record__rosidl_typesupport_fastrtps_cpp.hpp
-- Up-to-date: /home/wings/Backscatter_UGV_ws/install/backscatter_movement_record_msgs_srvs/include/backscatter_movement_record_msgs_srvs/srv/detail/dds_fastrtps
-- Up-to-date: /home/wings/Backscatter_UGV_ws/install/backscatter_movement_record_msgs_srvs/include/backscatter_movement_record_msgs_srvs/msg
-- Up-to-date: /home/wings/Backscatter_UGV_ws/install/backscatter_movement_record_msgs_srvs/include/backscatter_movement_record_msgs_srvs/msg/detail
-- Up-to-date: /home/wings/Backscatter_UGV_ws/install/backscatter_movement_record_msgs_srvs/include/backscatter_movement_record_msgs_srvs/msg/detail/odom_with_expmt_flag__rosidl_typesupport_fastrtps_cpp.hpp
-- Up-to-date: /home/wings/Backscatter_UGV_ws/install/backscatter_movement_record_msgs_srvs/include/backscatter_movement_record_msgs_srvs/msg/detail/dds_fastrtps
-- Up-to-date: /home/wings/Backscatter_UGV_ws/install/backscatter_movement_record_msgs_srvs/include/backscatter_movement_record_msgs_srvs/msg/rosidl_typesupport_fastrtps_cpp__visibility_control.h
-- Up-to-date: /home/wings/Backscatter_UGV_ws/install/backscatter_movement_record_msgs_srvs/lib/libbackscatter_movement_record_msgs_srvs__rosidl_typesupport_fastrtps_cpp.so
-- Up-to-date: /home/wings/Backscatter_UGV_ws/install/backscatter_movement_record_msgs_srvs/include/backscatter_movement_record_msgs_srvs
-- Up-to-date: /home/wings/Backscatter_UGV_ws/install/backscatter_movement_record_msgs_srvs/include/backscatter_movement_record_msgs_srvs/srv
-- Up-to-date: /home/wings/Backscatter_UGV_ws/install/backscatter_movement_record_msgs_srvs/include/backscatter_movement_record_msgs_srvs/srv/detail
-- Up-to-date: /home/wings/Backscatter_UGV_ws/install/backscatter_movement_record_msgs_srvs/include/backscatter_movement_record_msgs_srvs/srv/detail/odom_record__type_support.c
-- Up-to-date: /home/wings/Backscatter_UGV_ws/install/backscatter_movement_record_msgs_srvs/include/backscatter_movement_record_msgs_srvs/srv/detail/odom_record__rosidl_typesupport_introspection_c.h
-- Up-to-date: /home/wings/Backscatter_UGV_ws/install/backscatter_movement_record_msgs_srvs/include/backscatter_movement_record_msgs_srvs/msg
-- Up-to-date: /home/wings/Backscatter_UGV_ws/install/backscatter_movement_record_msgs_srvs/include/backscatter_movement_record_msgs_srvs/msg/rosidl_typesupport_introspection_c__visibility_control.h
-- Up-to-date: /home/wings/Backscatter_UGV_ws/install/backscatter_movement_record_msgs_srvs/include/backscatter_movement_record_msgs_srvs/msg/detail
-- Up-to-date: /home/wings/Backscatter_UGV_ws/install/backscatter_movement_record_msgs_srvs/include/backscatter_movement_record_msgs_srvs/msg/detail/odom_with_expmt_flag__rosidl_typesupport_introspection_c.h
-- Up-to-date: /home/wings/Backscatter_UGV_ws/install/backscatter_movement_record_msgs_srvs/include/backscatter_movement_record_msgs_srvs/msg/detail/odom_with_expmt_flag__type_support.c
-- Up-to-date: /home/wings/Backscatter_UGV_ws/install/backscatter_movement_record_msgs_srvs/lib/libbackscatter_movement_record_msgs_srvs__rosidl_typesupport_introspection_c.so
-- Up-to-date: /home/wings/Backscatter_UGV_ws/install/backscatter_movement_record_msgs_srvs/lib/libbackscatter_movement_record_msgs_srvs__rosidl_typesupport_c.so
-- Up-to-date: /home/wings/Backscatter_UGV_ws/install/backscatter_movement_record_msgs_srvs/include/backscatter_movement_record_msgs_srvs
-- Up-to-date: /home/wings/Backscatter_UGV_ws/install/backscatter_movement_record_msgs_srvs/include/backscatter_movement_record_msgs_srvs/srv
-- Up-to-date: /home/wings/Backscatter_UGV_ws/install/backscatter_movement_record_msgs_srvs/include/backscatter_movement_record_msgs_srvs/srv/detail
-- Up-to-date: /home/wings/Backscatter_UGV_ws/install/backscatter_movement_record_msgs_srvs/include/backscatter_movement_record_msgs_srvs/srv/detail/odom_record__type_support.hpp
-- Up-to-date: /home/wings/Backscatter_UGV_ws/install/backscatter_movement_record_msgs_srvs/include/backscatter_movement_record_msgs_srvs/srv/detail/odom_record__struct.hpp
-- Up-to-date: /home/wings/Backscatter_UGV_ws/install/backscatter_movement_record_msgs_srvs/include/backscatter_movement_record_msgs_srvs/srv/detail/odom_record__builder.hpp
-- Up-to-date: /home/wings/Backscatter_UGV_ws/install/backscatter_movement_record_msgs_srvs/include/backscatter_movement_record_msgs_srvs/srv/detail/odom_record__traits.hpp
-- Up-to-date: /home/wings/Backscatter_UGV_ws/install/backscatter_movement_record_msgs_srvs/include/backscatter_movement_record_msgs_srvs/srv/odom_record.hpp
-- Up-to-date: /home/wings/Backscatter_UGV_ws/install/backscatter_movement_record_msgs_srvs/include/backscatter_movement_record_msgs_srvs/msg
-- Up-to-date: /home/wings/Backscatter_UGV_ws/install/backscatter_movement_record_msgs_srvs/include/backscatter_movement_record_msgs_srvs/msg/detail
-- Up-to-date: /home/wings/Backscatter_UGV_ws/install/backscatter_movement_record_msgs_srvs/include/backscatter_movement_record_msgs_srvs/msg/detail/odom_with_expmt_flag__traits.hpp
-- Up-to-date: /home/wings/Backscatter_UGV_ws/install/backscatter_movement_record_msgs_srvs/include/backscatter_movement_record_msgs_srvs/msg/detail/odom_with_expmt_flag__struct.hpp
-- Up-to-date: /home/wings/Backscatter_UGV_ws/install/backscatter_movement_record_msgs_srvs/include/backscatter_movement_record_msgs_srvs/msg/detail/odom_with_expmt_flag__builder.hpp
-- Up-to-date: /home/wings/Backscatter_UGV_ws/install/backscatter_movement_record_msgs_srvs/include/backscatter_movement_record_msgs_srvs/msg/detail/odom_with_expmt_flag__type_support.hpp
-- Up-to-date: /home/wings/Backscatter_UGV_ws/install/backscatter_movement_record_msgs_srvs/include/backscatter_movement_record_msgs_srvs/msg/rosidl_generator_cpp__visibility_control.hpp
-- Up-to-date: /home/wings/Backscatter_UGV_ws/install/backscatter_movement_record_msgs_srvs/include/backscatter_movement_record_msgs_srvs/msg/odom_with_expmt_flag.hpp
-- Up-to-date: /home/wings/Backscatter_UGV_ws/install/backscatter_movement_record_msgs_srvs/include/backscatter_movement_record_msgs_srvs
-- Up-to-date: /home/wings/Backscatter_UGV_ws/install/backscatter_movement_record_msgs_srvs/include/backscatter_movement_record_msgs_srvs/srv
-- Up-to-date: /home/wings/Backscatter_UGV_ws/install/backscatter_movement_record_msgs_srvs/include/backscatter_movement_record_msgs_srvs/srv/detail
-- Up-to-date: /home/wings/Backscatter_UGV_ws/install/backscatter_movement_record_msgs_srvs/include/backscatter_movement_record_msgs_srvs/srv/detail/odom_record__type_support.cpp
-- Up-to-date: /home/wings/Backscatter_UGV_ws/install/backscatter_movement_record_msgs_srvs/include/backscatter_movement_record_msgs_srvs/srv/detail/odom_record__rosidl_typesupport_introspection_cpp.hpp
-- Up-to-date: /home/wings/Backscatter_UGV_ws/install/backscatter_movement_record_msgs_srvs/include/backscatter_movement_record_msgs_srvs/msg
-- Up-to-date: /home/wings/Backscatter_UGV_ws/install/backscatter_movement_record_msgs_srvs/include/backscatter_movement_record_msgs_srvs/msg/detail
-- Up-to-date: /home/wings/Backscatter_UGV_ws/install/backscatter_movement_record_msgs_srvs/include/backscatter_movement_record_msgs_srvs/msg/detail/odom_with_expmt_flag__type_support.cpp
-- Up-to-date: /home/wings/Backscatter_UGV_ws/install/backscatter_movement_record_msgs_srvs/include/backscatter_movement_record_msgs_srvs/msg/detail/odom_with_expmt_flag__rosidl_typesupport_introspection_cpp.hpp
-- Up-to-date: /home/wings/Backscatter_UGV_ws/install/backscatter_movement_record_msgs_srvs/lib/libbackscatter_movement_record_msgs_srvs__rosidl_typesupport_introspection_cpp.so
-- Up-to-date: /home/wings/Backscatter_UGV_ws/install/backscatter_movement_record_msgs_srvs/lib/libbackscatter_movement_record_msgs_srvs__rosidl_typesupport_cpp.so
-- Up-to-date: /home/wings/Backscatter_UGV_ws/install/backscatter_movement_record_msgs_srvs/share/backscatter_movement_record_msgs_srvs/environment/pythonpath.sh
-- Up-to-date: /home/wings/Backscatter_UGV_ws/install/backscatter_movement_record_msgs_srvs/share/backscatter_movement_record_msgs_srvs/environment/pythonpath.dsv
-- Up-to-date: /home/wings/Backscatter_UGV_ws/install/backscatter_movement_record_msgs_srvs/lib/python3.8/site-packages/backscatter_movement_record_msgs_srvs/__init__.py
-- Up-to-date: /home/wings/Backscatter_UGV_ws/install/backscatter_movement_record_msgs_srvs/lib/python3.8/site-packages/backscatter_movement_record_msgs_srvs/srv
-- Up-to-date: /home/wings/Backscatter_UGV_ws/install/backscatter_movement_record_msgs_srvs/lib/python3.8/site-packages/backscatter_movement_record_msgs_srvs/srv/_odom_record_s.c
-- Up-to-date: /home/wings/Backscatter_UGV_ws/install/backscatter_movement_record_msgs_srvs/lib/python3.8/site-packages/backscatter_movement_record_msgs_srvs/srv/__init__.py
-- Up-to-date: /home/wings/Backscatter_UGV_ws/install/backscatter_movement_record_msgs_srvs/lib/python3.8/site-packages/backscatter_movement_record_msgs_srvs/srv/_odom_record.py
-- Up-to-date: /home/wings/Backscatter_UGV_ws/install/backscatter_movement_record_msgs_srvs/lib/python3.8/site-packages/backscatter_movement_record_msgs_srvs/msg
-- Up-to-date: /home/wings/Backscatter_UGV_ws/install/backscatter_movement_record_msgs_srvs/lib/python3.8/site-packages/backscatter_movement_record_msgs_srvs/msg/_odom_with_expmt_flag_s.c
-- Up-to-date: /home/wings/Backscatter_UGV_ws/install/backscatter_movement_record_msgs_srvs/lib/python3.8/site-packages/backscatter_movement_record_msgs_srvs/msg/_odom_with_expmt_flag.py
-- Up-to-date: /home/wings/Backscatter_UGV_ws/install/backscatter_movement_record_msgs_srvs/lib/python3.8/site-packages/backscatter_movement_record_msgs_srvs/msg/__init__.py
-- Up-to-date: /home/wings/Backscatter_UGV_ws/install/backscatter_movement_record_msgs_srvs/lib/python3.8/site-packages/backscatter_movement_record_msgs_srvs/backscatter_movement_record_msgs_srvs_s__rosidl_typesupport_fastrtps_c.cpython-38-aarch64-linux-gnu.so
-- Up-to-date: /home/wings/Backscatter_UGV_ws/install/backscatter_movement_record_msgs_srvs/lib/python3.8/site-packages/backscatter_movement_record_msgs_srvs/backscatter_movement_record_msgs_srvs_s__rosidl_typesupport_introspection_c.cpython-38-aarch64-linux-gnu.so
-- Up-to-date: /home/wings/Backscatter_UGV_ws/install/backscatter_movement_record_msgs_srvs/lib/python3.8/site-packages/backscatter_movement_record_msgs_srvs/backscatter_movement_record_msgs_srvs_s__rosidl_typesupport_c.cpython-38-aarch64-linux-gnu.so
-- Up-to-date: /home/wings/Backscatter_UGV_ws/install/backscatter_movement_record_msgs_srvs/lib/libbackscatter_movement_record_msgs_srvs__python.so
-- Up-to-date: /home/wings/Backscatter_UGV_ws/install/backscatter_movement_record_msgs_srvs/share/backscatter_movement_record_msgs_srvs/srv/OdomRecord.idl
-- Up-to-date: /home/wings/Backscatter_UGV_ws/install/backscatter_movement_record_msgs_srvs/share/backscatter_movement_record_msgs_srvs/msg/OdomWithExpmtFlag.idl
-- Up-to-date: /home/wings/Backscatter_UGV_ws/install/backscatter_movement_record_msgs_srvs/share/backscatter_movement_record_msgs_srvs/srv/OdomRecord.srv
-- Up-to-date: /home/wings/Backscatter_UGV_ws/install/backscatter_movement_record_msgs_srvs/share/backscatter_movement_record_msgs_srvs/srv/OdomRecord_Request.msg
-- Up-to-date: /home/wings/Backscatter_UGV_ws/install/backscatter_movement_record_msgs_srvs/share/backscatter_movement_record_msgs_srvs/srv/OdomRecord_Response.msg
-- Up-to-date: /home/wings/Backscatter_UGV_ws/install/backscatter_movement_record_msgs_srvs/share/backscatter_movement_record_msgs_srvs/msg/OdomWithExpmtFlag.msg
-- Up-to-date: /home/wings/Backscatter_UGV_ws/install/backscatter_movement_record_msgs_srvs/share/ament_index/resource_index/package_run_dependencies/backscatter_movement_record_msgs_srvs
-- Up-to-date: /home/wings/Backscatter_UGV_ws/install/backscatter_movement_record_msgs_srvs/share/ament_index/resource_index/parent_prefix_path/backscatter_movement_record_msgs_srvs
-- Up-to-date: /home/wings/Backscatter_UGV_ws/install/backscatter_movement_record_msgs_srvs/share/backscatter_movement_record_msgs_srvs/environment/ament_prefix_path.sh
-- Up-to-date: /home/wings/Backscatter_UGV_ws/install/backscatter_movement_record_msgs_srvs/share/backscatter_movement_record_msgs_srvs/environment/ament_prefix_path.dsv
-- Up-to-date: /home/wings/Backscatter_UGV_ws/install/backscatter_movement_record_msgs_srvs/share/backscatter_movement_record_msgs_srvs/environment/path.sh
-- Up-to-date: /home/wings/Backscatter_UGV_ws/install/backscatter_movement_record_msgs_srvs/share/backscatter_movement_record_msgs_srvs/environment/path.dsv
-- Up-to-date: /home/wings/Backscatter_UGV_ws/install/backscatter_movement_record_msgs_srvs/share/backscatter_movement_record_msgs_srvs/local_setup.bash
-- Up-to-date: /home/wings/Backscatter_UGV_ws/install/backscatter_movement_record_msgs_srvs/share/backscatter_movement_record_msgs_srvs/local_setup.sh
-- Up-to-date: /home/wings/Backscatter_UGV_ws/install/backscatter_movement_record_msgs_srvs/share/backscatter_movement_record_msgs_srvs/local_setup.zsh
-- Up-to-date: /home/wings/Backscatter_UGV_ws/install/backscatter_movement_record_msgs_srvs/share/backscatter_movement_record_msgs_srvs/local_setup.dsv
-- Installing: /home/wings/Backscatter_UGV_ws/install/backscatter_movement_record_msgs_srvs/share/backscatter_movement_record_msgs_srvs/package.dsv
-- Up-to-date: /home/wings/Backscatter_UGV_ws/install/backscatter_movement_record_msgs_srvs/share/ament_index/resource_index/packages/backscatter_movement_record_msgs_srvs
-- Up-to-date: /home/wings/Backscatter_UGV_ws/install/backscatter_movement_record_msgs_srvs/share/backscatter_movement_record_msgs_srvs/cmake/backscatter_movement_record_msgs_srvs__rosidl_generator_cExport.cmake
-- Up-to-date: /home/wings/Backscatter_UGV_ws/install/backscatter_movement_record_msgs_srvs/share/backscatter_movement_record_msgs_srvs/cmake/backscatter_movement_record_msgs_srvs__rosidl_generator_cExport-noconfig.cmake
-- Up-to-date: /home/wings/Backscatter_UGV_ws/install/backscatter_movement_record_msgs_srvs/share/backscatter_movement_record_msgs_srvs/cmake/backscatter_movement_record_msgs_srvs__rosidl_typesupport_introspection_cExport.cmake
-- Up-to-date: /home/wings/Backscatter_UGV_ws/install/backscatter_movement_record_msgs_srvs/share/backscatter_movement_record_msgs_srvs/cmake/backscatter_movement_record_msgs_srvs__rosidl_typesupport_introspection_cExport-noconfig.cmake
-- Up-to-date: /home/wings/Backscatter_UGV_ws/install/backscatter_movement_record_msgs_srvs/share/backscatter_movement_record_msgs_srvs/cmake/backscatter_movement_record_msgs_srvs__rosidl_typesupport_cExport.cmake
-- Up-to-date: /home/wings/Backscatter_UGV_ws/install/backscatter_movement_record_msgs_srvs/share/backscatter_movement_record_msgs_srvs/cmake/backscatter_movement_record_msgs_srvs__rosidl_typesupport_cExport-noconfig.cmake
-- Up-to-date: /home/wings/Backscatter_UGV_ws/install/backscatter_movement_record_msgs_srvs/share/backscatter_movement_record_msgs_srvs/cmake/backscatter_movement_record_msgs_srvs__rosidl_generator_cppExport.cmake
-- Up-to-date: /home/wings/Backscatter_UGV_ws/install/backscatter_movement_record_msgs_srvs/share/backscatter_movement_record_msgs_srvs/cmake/backscatter_movement_record_msgs_srvs__rosidl_typesupport_introspection_cppExport.cmake
-- Up-to-date: /home/wings/Backscatter_UGV_ws/install/backscatter_movement_record_msgs_srvs/share/backscatter_movement_record_msgs_srvs/cmake/backscatter_movement_record_msgs_srvs__rosidl_typesupport_introspection_cppExport-noconfig.cmake
-- Up-to-date: /home/wings/Backscatter_UGV_ws/install/backscatter_movement_record_msgs_srvs/share/backscatter_movement_record_msgs_srvs/cmake/backscatter_movement_record_msgs_srvs__rosidl_typesupport_cppExport.cmake
-- Up-to-date: /home/wings/Backscatter_UGV_ws/install/backscatter_movement_record_msgs_srvs/share/backscatter_movement_record_msgs_srvs/cmake/backscatter_movement_record_msgs_srvs__rosidl_typesupport_cppExport-noconfig.cmake
-- Up-to-date: /home/wings/Backscatter_UGV_ws/install/backscatter_movement_record_msgs_srvs/share/backscatter_movement_record_msgs_srvs/cmake/rosidl_cmake-extras.cmake
-- Up-to-date: /home/wings/Backscatter_UGV_ws/install/backscatter_movement_record_msgs_srvs/share/backscatter_movement_record_msgs_srvs/cmake/ament_cmake_export_dependencies-extras.cmake
-- Up-to-date: /home/wings/Backscatter_UGV_ws/install/backscatter_movement_record_msgs_srvs/share/backscatter_movement_record_msgs_srvs/cmake/ament_cmake_export_libraries-extras.cmake
-- Up-to-date: /home/wings/Backscatter_UGV_ws/install/backscatter_movement_record_msgs_srvs/share/backscatter_movement_record_msgs_srvs/cmake/ament_cmake_export_targets-extras.cmake
-- Up-to-date: /home/wings/Backscatter_UGV_ws/install/backscatter_movement_record_msgs_srvs/share/backscatter_movement_record_msgs_srvs/cmake/ament_cmake_export_include_directories-extras.cmake
-- Up-to-date: /home/wings/Backscatter_UGV_ws/install/backscatter_movement_record_msgs_srvs/share/backscatter_movement_record_msgs_srvs/cmake/rosidl_cmake_export_typesupport_libraries-extras.cmake
-- Up-to-date: /home/wings/Backscatter_UGV_ws/install/backscatter_movement_record_msgs_srvs/share/backscatter_movement_record_msgs_srvs/cmake/rosidl_cmake_export_typesupport_targets-extras.cmake
-- Up-to-date: /home/wings/Backscatter_UGV_ws/install/backscatter_movement_record_msgs_srvs/share/backscatter_movement_record_msgs_srvs/cmake/backscatter_movement_record_msgs_srvsConfig.cmake
-- Up-to-date: /home/wings/Backscatter_UGV_ws/install/backscatter_movement_record_msgs_srvs/share/backscatter_movement_record_msgs_srvs/cmake/backscatter_movement_record_msgs_srvsConfig-version.cmake
-- Up-to-date: /home/wings/Backscatter_UGV_ws/install/backscatter_movement_record_msgs_srvs/share/backscatter_movement_record_msgs_srvs/package.xml
