[0.050s] Invoking command in '/home/wings/Backscatter_UGV_ws/build/backscatter_movement_record_msgs_srvs': CMAKE_PREFIX_PATH=${CMAKE_PREFIX_PATH}:/home/wings/Backscatter_UGV_ws/install/rclpy_message_converter:/home/wings/Backscatter_UGV_ws/install/backscatter_rover_data_recorder:/opt/ros/foxy /usr/bin/cmake --build /home/wings/Backscatter_UGV_ws/build/backscatter_movement_record_msgs_srvs -- -j6 -l6
[0.150s] [  2%] Built target backscatter_movement_record_msgs_srvs__cpp
[0.158s] [ 12%] Built target backscatter_movement_record_msgs_srvs__rosidl_generator_c
[0.224s] [ 23%] Built target backscatter_movement_record_msgs_srvs__rosidl_typesupport_cpp
[0.235s] [ 33%] Built target backscatter_movement_record_msgs_srvs__rosidl_typesupport_introspection_cpp
[0.255s] [ 43%] Built target backscatter_movement_record_msgs_srvs__rosidl_typesupport_fastrtps_cpp
[0.255s] [ 53%] Built target backscatter_movement_record_msgs_srvs__rosidl_typesupport_c
[0.264s] [ 64%] Built target backscatter_movement_record_msgs_srvs__rosidl_typesupport_introspection_c
[0.312s] [ 74%] Built target backscatter_movement_record_msgs_srvs__rosidl_typesupport_fastrtps_c
[0.348s] [ 74%] Built target backscatter_movement_record_msgs_srvs
[0.391s] [ 76%] Built target backscatter_movement_record_msgs_srvs__py
[0.446s] [ 84%] Built target backscatter_movement_record_msgs_srvs__python
[0.509s] [100%] Built target backscatter_movement_record_msgs_srvs__rosidl_typesupport_introspection_c__pyext
[0.509s] [100%] Built target backscatter_movement_record_msgs_srvs__rosidl_typesupport_fastrtps_c__pyext
[0.509s] [100%] Built target backscatter_movement_record_msgs_srvs__rosidl_typesupport_c__pyext
[0.604s] Invoked command in '/home/wings/Backscatter_UGV_ws/build/backscatter_movement_record_msgs_srvs' returned '0': CMAKE_PREFIX_PATH=${CMAKE_PREFIX_PATH}:/home/wings/Backscatter_UGV_ws/install/rclpy_message_converter:/home/wings/Backscatter_UGV_ws/install/backscatter_rover_data_recorder:/opt/ros/foxy /usr/bin/cmake --build /home/wings/Backscatter_UGV_ws/build/backscatter_movement_record_msgs_srvs -- -j6 -l6
[0.608s] Invoking command in '/home/wings/Backscatter_UGV_ws/build/backscatter_movement_record_msgs_srvs': CMAKE_PREFIX_PATH=${CMAKE_PREFIX_PATH}:/home/wings/Backscatter_UGV_ws/install/rclpy_message_converter:/home/wings/Backscatter_UGV_ws/install/backscatter_rover_data_recorder:/opt/ros/foxy /usr/bin/cmake --install /home/wings/Backscatter_UGV_ws/build/backscatter_movement_record_msgs_srvs
[0.637s] -- Install configuration: ""
[0.638s] -- Up-to-date: /home/wings/Backscatter_UGV_ws/install/backscatter_movement_record_msgs_srvs/share/ament_index/resource_index/rosidl_interfaces/backscatter_movement_record_msgs_srvs
[0.638s] -- Up-to-date: /home/wings/Backscatter_UGV_ws/install/backscatter_movement_record_msgs_srvs/include/backscatter_movement_record_msgs_srvs
[0.639s] -- Up-to-date: /home/wings/Backscatter_UGV_ws/install/backscatter_movement_record_msgs_srvs/include/backscatter_movement_record_msgs_srvs/srv
[0.639s] -- Up-to-date: /home/wings/Backscatter_UGV_ws/install/backscatter_movement_record_msgs_srvs/include/backscatter_movement_record_msgs_srvs/srv/detail
[0.640s] -- Up-to-date: /home/wings/Backscatter_UGV_ws/install/backscatter_movement_record_msgs_srvs/include/backscatter_movement_record_msgs_srvs/srv/detail/odom_record__struct.h
[0.640s] -- Up-to-date: /home/wings/Backscatter_UGV_ws/install/backscatter_movement_record_msgs_srvs/include/backscatter_movement_record_msgs_srvs/srv/detail/odom_record__type_support.h
[0.640s] -- Up-to-date: /home/wings/Backscatter_UGV_ws/install/backscatter_movement_record_msgs_srvs/include/backscatter_movement_record_msgs_srvs/srv/detail/odom_record__functions.h
[0.640s] -- Up-to-date: /home/wings/Backscatter_UGV_ws/install/backscatter_movement_record_msgs_srvs/include/backscatter_movement_record_msgs_srvs/srv/detail/odom_record__functions.c
[0.640s] -- Up-to-date: /home/wings/Backscatter_UGV_ws/install/backscatter_movement_record_msgs_srvs/include/backscatter_movement_record_msgs_srvs/srv/odom_record.h
[0.640s] -- Up-to-date: /home/wings/Backscatter_UGV_ws/install/backscatter_movement_record_msgs_srvs/include/backscatter_movement_record_msgs_srvs/msg
[0.640s] -- Up-to-date: /home/wings/Backscatter_UGV_ws/install/backscatter_movement_record_msgs_srvs/include/backscatter_movement_record_msgs_srvs/msg/detail
[0.640s] -- Up-to-date: /home/wings/Backscatter_UGV_ws/install/backscatter_movement_record_msgs_srvs/include/backscatter_movement_record_msgs_srvs/msg/detail/odom_with_expmt_flag__functions.c
[0.641s] -- Up-to-date: /home/wings/Backscatter_UGV_ws/install/backscatter_movement_record_msgs_srvs/include/backscatter_movement_record_msgs_srvs/msg/detail/odom_with_expmt_flag__type_support.h
[0.641s] -- Up-to-date: /home/wings/Backscatter_UGV_ws/install/backscatter_movement_record_msgs_srvs/include/backscatter_movement_record_msgs_srvs/msg/detail/odom_with_expmt_flag__functions.h
[0.641s] -- Up-to-date: /home/wings/Backscatter_UGV_ws/install/backscatter_movement_record_msgs_srvs/include/backscatter_movement_record_msgs_srvs/msg/detail/odom_with_expmt_flag__struct.h
[0.641s] -- Up-to-date: /home/wings/Backscatter_UGV_ws/install/backscatter_movement_record_msgs_srvs/include/backscatter_movement_record_msgs_srvs/msg/rosidl_generator_c__visibility_control.h
[0.641s] -- Up-to-date: /home/wings/Backscatter_UGV_ws/install/backscatter_movement_record_msgs_srvs/include/backscatter_movement_record_msgs_srvs/msg/odom_with_expmt_flag.h
[0.641s] -- Up-to-date: /home/wings/Backscatter_UGV_ws/install/backscatter_movement_record_msgs_srvs/share/backscatter_movement_record_msgs_srvs/environment/library_path.sh
[0.642s] -- Up-to-date: /home/wings/Backscatter_UGV_ws/install/backscatter_movement_record_msgs_srvs/share/backscatter_movement_record_msgs_srvs/environment/library_path.dsv
[0.642s] -- Up-to-date: /home/wings/Backscatter_UGV_ws/install/backscatter_movement_record_msgs_srvs/lib/libbackscatter_movement_record_msgs_srvs__rosidl_generator_c.so
[0.642s] -- Up-to-date: /home/wings/Backscatter_UGV_ws/install/backscatter_movement_record_msgs_srvs/include/backscatter_movement_record_msgs_srvs
[0.643s] -- Up-to-date: /home/wings/Backscatter_UGV_ws/install/backscatter_movement_record_msgs_srvs/include/backscatter_movement_record_msgs_srvs/srv
[0.643s] -- Up-to-date: /home/wings/Backscatter_UGV_ws/install/backscatter_movement_record_msgs_srvs/include/backscatter_movement_record_msgs_srvs/srv/detail
[0.643s] -- Up-to-date: /home/wings/Backscatter_UGV_ws/install/backscatter_movement_record_msgs_srvs/include/backscatter_movement_record_msgs_srvs/srv/detail/odom_record__rosidl_typesupport_fastrtps_c.h
[0.644s] -- Up-to-date: /home/wings/Backscatter_UGV_ws/install/backscatter_movement_record_msgs_srvs/include/backscatter_movement_record_msgs_srvs/msg
[0.645s] -- Up-to-date: /home/wings/Backscatter_UGV_ws/install/backscatter_movement_record_msgs_srvs/include/backscatter_movement_record_msgs_srvs/msg/detail
[0.645s] -- Up-to-date: /home/wings/Backscatter_UGV_ws/install/backscatter_movement_record_msgs_srvs/include/backscatter_movement_record_msgs_srvs/msg/detail/odom_with_expmt_flag__rosidl_typesupport_fastrtps_c.h
[0.645s] -- Up-to-date: /home/wings/Backscatter_UGV_ws/install/backscatter_movement_record_msgs_srvs/include/backscatter_movement_record_msgs_srvs/msg/rosidl_typesupport_fastrtps_c__visibility_control.h
[0.646s] -- Up-to-date: /home/wings/Backscatter_UGV_ws/install/backscatter_movement_record_msgs_srvs/lib/libbackscatter_movement_record_msgs_srvs__rosidl_typesupport_fastrtps_c.so
[0.647s] -- Up-to-date: /home/wings/Backscatter_UGV_ws/install/backscatter_movement_record_msgs_srvs/include/backscatter_movement_record_msgs_srvs
[0.647s] -- Up-to-date: /home/wings/Backscatter_UGV_ws/install/backscatter_movement_record_msgs_srvs/include/backscatter_movement_record_msgs_srvs/srv
[0.648s] -- Up-to-date: /home/wings/Backscatter_UGV_ws/install/backscatter_movement_record_msgs_srvs/include/backscatter_movement_record_msgs_srvs/srv/detail
[0.648s] -- Up-to-date: /home/wings/Backscatter_UGV_ws/install/backscatter_movement_record_msgs_srvs/include/backscatter_movement_record_msgs_srvs/srv/detail/odom_record__rosidl_typesupport_fastrtps_cpp.hpp
[0.648s] -- Up-to-date: /home/wings/Backscatter_UGV_ws/install/backscatter_movement_record_msgs_srvs/include/backscatter_movement_record_msgs_srvs/srv/detail/dds_fastrtps
[0.648s] -- Up-to-date: /home/wings/Backscatter_UGV_ws/install/backscatter_movement_record_msgs_srvs/include/backscatter_movement_record_msgs_srvs/msg
[0.649s] -- Up-to-date: /home/wings/Backscatter_UGV_ws/install/backscatter_movement_record_msgs_srvs/include/backscatter_movement_record_msgs_srvs/msg/detail
[0.649s] -- Up-to-date: /home/wings/Backscatter_UGV_ws/install/backscatter_movement_record_msgs_srvs/include/backscatter_movement_record_msgs_srvs/msg/detail/odom_with_expmt_flag__rosidl_typesupport_fastrtps_cpp.hpp
[0.649s] -- Up-to-date: /home/wings/Backscatter_UGV_ws/install/backscatter_movement_record_msgs_srvs/include/backscatter_movement_record_msgs_srvs/msg/detail/dds_fastrtps
[0.650s] -- Up-to-date: /home/wings/Backscatter_UGV_ws/install/backscatter_movement_record_msgs_srvs/include/backscatter_movement_record_msgs_srvs/msg/rosidl_typesupport_fastrtps_cpp__visibility_control.h
[0.650s] -- Up-to-date: /home/wings/Backscatter_UGV_ws/install/backscatter_movement_record_msgs_srvs/lib/libbackscatter_movement_record_msgs_srvs__rosidl_typesupport_fastrtps_cpp.so
[0.650s] -- Up-to-date: /home/wings/Backscatter_UGV_ws/install/backscatter_movement_record_msgs_srvs/include/backscatter_movement_record_msgs_srvs
[0.650s] -- Up-to-date: /home/wings/Backscatter_UGV_ws/install/backscatter_movement_record_msgs_srvs/include/backscatter_movement_record_msgs_srvs/srv
[0.651s] -- Up-to-date: /home/wings/Backscatter_UGV_ws/install/backscatter_movement_record_msgs_srvs/include/backscatter_movement_record_msgs_srvs/srv/detail
[0.651s] -- Up-to-date: /home/wings/Backscatter_UGV_ws/install/backscatter_movement_record_msgs_srvs/include/backscatter_movement_record_msgs_srvs/srv/detail/odom_record__type_support.c
[0.651s] -- Up-to-date: /home/wings/Backscatter_UGV_ws/install/backscatter_movement_record_msgs_srvs/include/backscatter_movement_record_msgs_srvs/srv/detail/odom_record__rosidl_typesupport_introspection_c.h
[0.651s] -- Up-to-date: /home/wings/Backscatter_UGV_ws/install/backscatter_movement_record_msgs_srvs/include/backscatter_movement_record_msgs_srvs/msg
[0.651s] -- Up-to-date: /home/wings/Backscatter_UGV_ws/install/backscatter_movement_record_msgs_srvs/include/backscatter_movement_record_msgs_srvs/msg/rosidl_typesupport_introspection_c__visibility_control.h
[0.651s] -- Up-to-date: /home/wings/Backscatter_UGV_ws/install/backscatter_movement_record_msgs_srvs/include/backscatter_movement_record_msgs_srvs/msg/detail
[0.651s] -- Up-to-date: /home/wings/Backscatter_UGV_ws/install/backscatter_movement_record_msgs_srvs/include/backscatter_movement_record_msgs_srvs/msg/detail/odom_with_expmt_flag__rosidl_typesupport_introspection_c.h
[0.652s] -- Up-to-date: /home/wings/Backscatter_UGV_ws/install/backscatter_movement_record_msgs_srvs/include/backscatter_movement_record_msgs_srvs/msg/detail/odom_with_expmt_flag__type_support.c
[0.652s] -- Up-to-date: /home/wings/Backscatter_UGV_ws/install/backscatter_movement_record_msgs_srvs/lib/libbackscatter_movement_record_msgs_srvs__rosidl_typesupport_introspection_c.so
[0.652s] -- Up-to-date: /home/wings/Backscatter_UGV_ws/install/backscatter_movement_record_msgs_srvs/lib/libbackscatter_movement_record_msgs_srvs__rosidl_typesupport_c.so
[0.652s] -- Up-to-date: /home/wings/Backscatter_UGV_ws/install/backscatter_movement_record_msgs_srvs/include/backscatter_movement_record_msgs_srvs
[0.652s] -- Up-to-date: /home/wings/Backscatter_UGV_ws/install/backscatter_movement_record_msgs_srvs/include/backscatter_movement_record_msgs_srvs/srv
[0.653s] -- Up-to-date: /home/wings/Backscatter_UGV_ws/install/backscatter_movement_record_msgs_srvs/include/backscatter_movement_record_msgs_srvs/srv/detail
[0.653s] -- Up-to-date: /home/wings/Backscatter_UGV_ws/install/backscatter_movement_record_msgs_srvs/include/backscatter_movement_record_msgs_srvs/srv/detail/odom_record__type_support.hpp
[0.653s] -- Up-to-date: /home/wings/Backscatter_UGV_ws/install/backscatter_movement_record_msgs_srvs/include/backscatter_movement_record_msgs_srvs/srv/detail/odom_record__struct.hpp
[0.653s] -- Up-to-date: /home/wings/Backscatter_UGV_ws/install/backscatter_movement_record_msgs_srvs/include/backscatter_movement_record_msgs_srvs/srv/detail/odom_record__builder.hpp
[0.653s] -- Up-to-date: /home/wings/Backscatter_UGV_ws/install/backscatter_movement_record_msgs_srvs/include/backscatter_movement_record_msgs_srvs/srv/detail/odom_record__traits.hpp
[0.653s] -- Up-to-date: /home/wings/Backscatter_UGV_ws/install/backscatter_movement_record_msgs_srvs/include/backscatter_movement_record_msgs_srvs/srv/odom_record.hpp
[0.653s] -- Up-to-date: /home/wings/Backscatter_UGV_ws/install/backscatter_movement_record_msgs_srvs/include/backscatter_movement_record_msgs_srvs/msg
[0.653s] -- Up-to-date: /home/wings/Backscatter_UGV_ws/install/backscatter_movement_record_msgs_srvs/include/backscatter_movement_record_msgs_srvs/msg/detail
[0.654s] -- Up-to-date: /home/wings/Backscatter_UGV_ws/install/backscatter_movement_record_msgs_srvs/include/backscatter_movement_record_msgs_srvs/msg/detail/odom_with_expmt_flag__traits.hpp
[0.654s] -- Up-to-date: /home/wings/Backscatter_UGV_ws/install/backscatter_movement_record_msgs_srvs/include/backscatter_movement_record_msgs_srvs/msg/detail/odom_with_expmt_flag__struct.hpp
[0.654s] -- Up-to-date: /home/wings/Backscatter_UGV_ws/install/backscatter_movement_record_msgs_srvs/include/backscatter_movement_record_msgs_srvs/msg/detail/odom_with_expmt_flag__builder.hpp
[0.654s] -- Up-to-date: /home/wings/Backscatter_UGV_ws/install/backscatter_movement_record_msgs_srvs/include/backscatter_movement_record_msgs_srvs/msg/detail/odom_with_expmt_flag__type_support.hpp
[0.654s] -- Up-to-date: /home/wings/Backscatter_UGV_ws/install/backscatter_movement_record_msgs_srvs/include/backscatter_movement_record_msgs_srvs/msg/rosidl_generator_cpp__visibility_control.hpp
[0.654s] -- Up-to-date: /home/wings/Backscatter_UGV_ws/install/backscatter_movement_record_msgs_srvs/include/backscatter_movement_record_msgs_srvs/msg/odom_with_expmt_flag.hpp
[0.654s] -- Up-to-date: /home/wings/Backscatter_UGV_ws/install/backscatter_movement_record_msgs_srvs/include/backscatter_movement_record_msgs_srvs
[0.654s] -- Up-to-date: /home/wings/Backscatter_UGV_ws/install/backscatter_movement_record_msgs_srvs/include/backscatter_movement_record_msgs_srvs/srv
[0.655s] -- Up-to-date: /home/wings/Backscatter_UGV_ws/install/backscatter_movement_record_msgs_srvs/include/backscatter_movement_record_msgs_srvs/srv/detail
[0.655s] -- Up-to-date: /home/wings/Backscatter_UGV_ws/install/backscatter_movement_record_msgs_srvs/include/backscatter_movement_record_msgs_srvs/srv/detail/odom_record__type_support.cpp
[0.655s] -- Up-to-date: /home/wings/Backscatter_UGV_ws/install/backscatter_movement_record_msgs_srvs/include/backscatter_movement_record_msgs_srvs/srv/detail/odom_record__rosidl_typesupport_introspection_cpp.hpp
[0.655s] -- Up-to-date: /home/wings/Backscatter_UGV_ws/install/backscatter_movement_record_msgs_srvs/include/backscatter_movement_record_msgs_srvs/msg
[0.655s] -- Up-to-date: /home/wings/Backscatter_UGV_ws/install/backscatter_movement_record_msgs_srvs/include/backscatter_movement_record_msgs_srvs/msg/detail
[0.655s] -- Up-to-date: /home/wings/Backscatter_UGV_ws/install/backscatter_movement_record_msgs_srvs/include/backscatter_movement_record_msgs_srvs/msg/detail/odom_with_expmt_flag__type_support.cpp
[0.655s] -- Up-to-date: /home/wings/Backscatter_UGV_ws/install/backscatter_movement_record_msgs_srvs/include/backscatter_movement_record_msgs_srvs/msg/detail/odom_with_expmt_flag__rosidl_typesupport_introspection_cpp.hpp
[0.655s] -- Up-to-date: /home/wings/Backscatter_UGV_ws/install/backscatter_movement_record_msgs_srvs/lib/libbackscatter_movement_record_msgs_srvs__rosidl_typesupport_introspection_cpp.so
[0.655s] -- Up-to-date: /home/wings/Backscatter_UGV_ws/install/backscatter_movement_record_msgs_srvs/lib/libbackscatter_movement_record_msgs_srvs__rosidl_typesupport_cpp.so
[0.656s] -- Up-to-date: /home/wings/Backscatter_UGV_ws/install/backscatter_movement_record_msgs_srvs/share/backscatter_movement_record_msgs_srvs/environment/pythonpath.sh
[0.656s] -- Up-to-date: /home/wings/Backscatter_UGV_ws/install/backscatter_movement_record_msgs_srvs/share/backscatter_movement_record_msgs_srvs/environment/pythonpath.dsv
[0.656s] -- Up-to-date: /home/wings/Backscatter_UGV_ws/install/backscatter_movement_record_msgs_srvs/lib/python3.8/site-packages/backscatter_movement_record_msgs_srvs/__init__.py
[0.713s] -- Up-to-date: /home/wings/Backscatter_UGV_ws/install/backscatter_movement_record_msgs_srvs/lib/python3.8/site-packages/backscatter_movement_record_msgs_srvs/srv
[0.713s] -- Up-to-date: /home/wings/Backscatter_UGV_ws/install/backscatter_movement_record_msgs_srvs/lib/python3.8/site-packages/backscatter_movement_record_msgs_srvs/srv/_odom_record_s.c
[0.714s] -- Up-to-date: /home/wings/Backscatter_UGV_ws/install/backscatter_movement_record_msgs_srvs/lib/python3.8/site-packages/backscatter_movement_record_msgs_srvs/srv/__init__.py
[0.714s] -- Up-to-date: /home/wings/Backscatter_UGV_ws/install/backscatter_movement_record_msgs_srvs/lib/python3.8/site-packages/backscatter_movement_record_msgs_srvs/srv/_odom_record.py
[0.714s] -- Up-to-date: /home/wings/Backscatter_UGV_ws/install/backscatter_movement_record_msgs_srvs/lib/python3.8/site-packages/backscatter_movement_record_msgs_srvs/msg
[0.715s] -- Up-to-date: /home/wings/Backscatter_UGV_ws/install/backscatter_movement_record_msgs_srvs/lib/python3.8/site-packages/backscatter_movement_record_msgs_srvs/msg/_odom_with_expmt_flag_s.c
[0.715s] -- Up-to-date: /home/wings/Backscatter_UGV_ws/install/backscatter_movement_record_msgs_srvs/lib/python3.8/site-packages/backscatter_movement_record_msgs_srvs/msg/_odom_with_expmt_flag.py
[0.715s] -- Up-to-date: /home/wings/Backscatter_UGV_ws/install/backscatter_movement_record_msgs_srvs/lib/python3.8/site-packages/backscatter_movement_record_msgs_srvs/msg/__init__.py
[0.716s] -- Up-to-date: /home/wings/Backscatter_UGV_ws/install/backscatter_movement_record_msgs_srvs/lib/python3.8/site-packages/backscatter_movement_record_msgs_srvs/backscatter_movement_record_msgs_srvs_s__rosidl_typesupport_fastrtps_c.cpython-38-aarch64-linux-gnu.so
[0.717s] -- Up-to-date: /home/wings/Backscatter_UGV_ws/install/backscatter_movement_record_msgs_srvs/lib/python3.8/site-packages/backscatter_movement_record_msgs_srvs/backscatter_movement_record_msgs_srvs_s__rosidl_typesupport_introspection_c.cpython-38-aarch64-linux-gnu.so
[0.719s] -- Up-to-date: /home/wings/Backscatter_UGV_ws/install/backscatter_movement_record_msgs_srvs/lib/python3.8/site-packages/backscatter_movement_record_msgs_srvs/backscatter_movement_record_msgs_srvs_s__rosidl_typesupport_c.cpython-38-aarch64-linux-gnu.so
[0.720s] -- Up-to-date: /home/wings/Backscatter_UGV_ws/install/backscatter_movement_record_msgs_srvs/lib/libbackscatter_movement_record_msgs_srvs__python.so
[0.721s] -- Up-to-date: /home/wings/Backscatter_UGV_ws/install/backscatter_movement_record_msgs_srvs/share/backscatter_movement_record_msgs_srvs/srv/OdomRecord.idl
[0.721s] -- Up-to-date: /home/wings/Backscatter_UGV_ws/install/backscatter_movement_record_msgs_srvs/share/backscatter_movement_record_msgs_srvs/msg/OdomWithExpmtFlag.idl
[0.721s] -- Up-to-date: /home/wings/Backscatter_UGV_ws/install/backscatter_movement_record_msgs_srvs/share/backscatter_movement_record_msgs_srvs/srv/OdomRecord.srv
[0.721s] -- Up-to-date: /home/wings/Backscatter_UGV_ws/install/backscatter_movement_record_msgs_srvs/share/backscatter_movement_record_msgs_srvs/srv/OdomRecord_Request.msg
[0.721s] -- Up-to-date: /home/wings/Backscatter_UGV_ws/install/backscatter_movement_record_msgs_srvs/share/backscatter_movement_record_msgs_srvs/srv/OdomRecord_Response.msg
[0.721s] -- Up-to-date: /home/wings/Backscatter_UGV_ws/install/backscatter_movement_record_msgs_srvs/share/backscatter_movement_record_msgs_srvs/msg/OdomWithExpmtFlag.msg
[0.722s] -- Up-to-date: /home/wings/Backscatter_UGV_ws/install/backscatter_movement_record_msgs_srvs/share/ament_index/resource_index/package_run_dependencies/backscatter_movement_record_msgs_srvs
[0.722s] -- Up-to-date: /home/wings/Backscatter_UGV_ws/install/backscatter_movement_record_msgs_srvs/share/ament_index/resource_index/parent_prefix_path/backscatter_movement_record_msgs_srvs
[0.723s] -- Up-to-date: /home/wings/Backscatter_UGV_ws/install/backscatter_movement_record_msgs_srvs/share/backscatter_movement_record_msgs_srvs/environment/ament_prefix_path.sh
[0.724s] -- Up-to-date: /home/wings/Backscatter_UGV_ws/install/backscatter_movement_record_msgs_srvs/share/backscatter_movement_record_msgs_srvs/environment/ament_prefix_path.dsv
[0.725s] -- Up-to-date: /home/wings/Backscatter_UGV_ws/install/backscatter_movement_record_msgs_srvs/share/backscatter_movement_record_msgs_srvs/environment/path.sh
[0.726s] -- Up-to-date: /home/wings/Backscatter_UGV_ws/install/backscatter_movement_record_msgs_srvs/share/backscatter_movement_record_msgs_srvs/environment/path.dsv
[0.726s] -- Up-to-date: /home/wings/Backscatter_UGV_ws/install/backscatter_movement_record_msgs_srvs/share/backscatter_movement_record_msgs_srvs/local_setup.bash
[0.726s] -- Up-to-date: /home/wings/Backscatter_UGV_ws/install/backscatter_movement_record_msgs_srvs/share/backscatter_movement_record_msgs_srvs/local_setup.sh
[0.727s] -- Up-to-date: /home/wings/Backscatter_UGV_ws/install/backscatter_movement_record_msgs_srvs/share/backscatter_movement_record_msgs_srvs/local_setup.zsh
[0.727s] -- Up-to-date: /home/wings/Backscatter_UGV_ws/install/backscatter_movement_record_msgs_srvs/share/backscatter_movement_record_msgs_srvs/local_setup.dsv
[0.728s] -- Installing: /home/wings/Backscatter_UGV_ws/install/backscatter_movement_record_msgs_srvs/share/backscatter_movement_record_msgs_srvs/package.dsv
[0.728s] -- Up-to-date: /home/wings/Backscatter_UGV_ws/install/backscatter_movement_record_msgs_srvs/share/ament_index/resource_index/packages/backscatter_movement_record_msgs_srvs
[0.728s] -- Up-to-date: /home/wings/Backscatter_UGV_ws/install/backscatter_movement_record_msgs_srvs/share/backscatter_movement_record_msgs_srvs/cmake/backscatter_movement_record_msgs_srvs__rosidl_generator_cExport.cmake
[0.728s] -- Up-to-date: /home/wings/Backscatter_UGV_ws/install/backscatter_movement_record_msgs_srvs/share/backscatter_movement_record_msgs_srvs/cmake/backscatter_movement_record_msgs_srvs__rosidl_generator_cExport-noconfig.cmake
[0.729s] -- Up-to-date: /home/wings/Backscatter_UGV_ws/install/backscatter_movement_record_msgs_srvs/share/backscatter_movement_record_msgs_srvs/cmake/backscatter_movement_record_msgs_srvs__rosidl_typesupport_introspection_cExport.cmake
[0.729s] -- Up-to-date: /home/wings/Backscatter_UGV_ws/install/backscatter_movement_record_msgs_srvs/share/backscatter_movement_record_msgs_srvs/cmake/backscatter_movement_record_msgs_srvs__rosidl_typesupport_introspection_cExport-noconfig.cmake
[0.729s] -- Up-to-date: /home/wings/Backscatter_UGV_ws/install/backscatter_movement_record_msgs_srvs/share/backscatter_movement_record_msgs_srvs/cmake/backscatter_movement_record_msgs_srvs__rosidl_typesupport_cExport.cmake
[0.729s] -- Up-to-date: /home/wings/Backscatter_UGV_ws/install/backscatter_movement_record_msgs_srvs/share/backscatter_movement_record_msgs_srvs/cmake/backscatter_movement_record_msgs_srvs__rosidl_typesupport_cExport-noconfig.cmake
[0.730s] -- Up-to-date: /home/wings/Backscatter_UGV_ws/install/backscatter_movement_record_msgs_srvs/share/backscatter_movement_record_msgs_srvs/cmake/backscatter_movement_record_msgs_srvs__rosidl_generator_cppExport.cmake
[0.731s] -- Up-to-date: /home/wings/Backscatter_UGV_ws/install/backscatter_movement_record_msgs_srvs/share/backscatter_movement_record_msgs_srvs/cmake/backscatter_movement_record_msgs_srvs__rosidl_typesupport_introspection_cppExport.cmake
[0.731s] -- Up-to-date: /home/wings/Backscatter_UGV_ws/install/backscatter_movement_record_msgs_srvs/share/backscatter_movement_record_msgs_srvs/cmake/backscatter_movement_record_msgs_srvs__rosidl_typesupport_introspection_cppExport-noconfig.cmake
[0.732s] -- Up-to-date: /home/wings/Backscatter_UGV_ws/install/backscatter_movement_record_msgs_srvs/share/backscatter_movement_record_msgs_srvs/cmake/backscatter_movement_record_msgs_srvs__rosidl_typesupport_cppExport.cmake
[0.732s] -- Up-to-date: /home/wings/Backscatter_UGV_ws/install/backscatter_movement_record_msgs_srvs/share/backscatter_movement_record_msgs_srvs/cmake/backscatter_movement_record_msgs_srvs__rosidl_typesupport_cppExport-noconfig.cmake
[0.732s] -- Up-to-date: /home/wings/Backscatter_UGV_ws/install/backscatter_movement_record_msgs_srvs/share/backscatter_movement_record_msgs_srvs/cmake/rosidl_cmake-extras.cmake
[0.733s] -- Up-to-date: /home/wings/Backscatter_UGV_ws/install/backscatter_movement_record_msgs_srvs/share/backscatter_movement_record_msgs_srvs/cmake/ament_cmake_export_dependencies-extras.cmake
[0.733s] -- Up-to-date: /home/wings/Backscatter_UGV_ws/install/backscatter_movement_record_msgs_srvs/share/backscatter_movement_record_msgs_srvs/cmake/ament_cmake_export_libraries-extras.cmake
[0.733s] -- Up-to-date: /home/wings/Backscatter_UGV_ws/install/backscatter_movement_record_msgs_srvs/share/backscatter_movement_record_msgs_srvs/cmake/ament_cmake_export_targets-extras.cmake
[0.734s] -- Up-to-date: /home/wings/Backscatter_UGV_ws/install/backscatter_movement_record_msgs_srvs/share/backscatter_movement_record_msgs_srvs/cmake/ament_cmake_export_include_directories-extras.cmake
[0.734s] -- Up-to-date: /home/wings/Backscatter_UGV_ws/install/backscatter_movement_record_msgs_srvs/share/backscatter_movement_record_msgs_srvs/cmake/rosidl_cmake_export_typesupport_libraries-extras.cmake
[0.734s] -- Up-to-date: /home/wings/Backscatter_UGV_ws/install/backscatter_movement_record_msgs_srvs/share/backscatter_movement_record_msgs_srvs/cmake/rosidl_cmake_export_typesupport_targets-extras.cmake
[0.734s] -- Up-to-date: /home/wings/Backscatter_UGV_ws/install/backscatter_movement_record_msgs_srvs/share/backscatter_movement_record_msgs_srvs/cmake/backscatter_movement_record_msgs_srvsConfig.cmake
[0.734s] -- Up-to-date: /home/wings/Backscatter_UGV_ws/install/backscatter_movement_record_msgs_srvs/share/backscatter_movement_record_msgs_srvs/cmake/backscatter_movement_record_msgs_srvsConfig-version.cmake
[0.735s] -- Up-to-date: /home/wings/Backscatter_UGV_ws/install/backscatter_movement_record_msgs_srvs/share/backscatter_movement_record_msgs_srvs/package.xml
[0.802s] Invoked command in '/home/wings/Backscatter_UGV_ws/build/backscatter_movement_record_msgs_srvs' returned '0': CMAKE_PREFIX_PATH=${CMAKE_PREFIX_PATH}:/home/wings/Backscatter_UGV_ws/install/rclpy_message_converter:/home/wings/Backscatter_UGV_ws/install/backscatter_rover_data_recorder:/opt/ros/foxy /usr/bin/cmake --install /home/wings/Backscatter_UGV_ws/build/backscatter_movement_record_msgs_srvs
