[0.057s] Invoking command in '/home/wings/Backscatter_UGV_ws/build/rclpy_message_converter_msgs': CMAKE_PREFIX_PATH=${CMAKE_PREFIX_PATH}:/home/wings/Backscatter_UGV_ws/install/rclpy_message_converter:/home/wings/Backscatter_UGV_ws/install/backscatter_rover_data_recorder:/opt/ros/foxy /usr/bin/cmake --build /home/wings/Backscatter_UGV_ws/build/rclpy_message_converter_msgs -- -j6 -l6
[0.165s] [  4%] Built target rclpy_message_converter_msgs__cpp
[0.165s] [ 12%] Built target rclpy_message_converter_msgs__rosidl_generator_c
[0.227s] [ 23%] Built target rclpy_message_converter_msgs__rosidl_typesupport_introspection_cpp
[0.234s] [ 34%] Built target rclpy_message_converter_msgs__rosidl_typesupport_introspection_c
[0.238s] [ 46%] Built target rclpy_message_converter_msgs__rosidl_typesupport_cpp
[0.253s] [ 57%] Built target rclpy_message_converter_msgs__rosidl_typesupport_c
[0.267s] [ 68%] Built target rclpy_message_converter_msgs__rosidl_typesupport_fastrtps_cpp
[0.324s] [ 79%] Built target rclpy_message_converter_msgs__rosidl_typesupport_fastrtps_c
[0.366s] [ 79%] Built target rclpy_message_converter_msgs
[0.410s] [ 80%] Built target rclpy_message_converter_msgs__py
[0.466s] [ 90%] Built target rclpy_message_converter_msgs__python
[0.528s] [ 93%] Built target rclpy_message_converter_msgs__rosidl_typesupport_c__pyext
[0.529s] [ 96%] Built target rclpy_message_converter_msgs__rosidl_typesupport_introspection_c__pyext
[0.545s] [100%] Built target rclpy_message_converter_msgs__rosidl_typesupport_fastrtps_c__pyext
[0.657s] Invoked command in '/home/wings/Backscatter_UGV_ws/build/rclpy_message_converter_msgs' returned '0': CMAKE_PREFIX_PATH=${CMAKE_PREFIX_PATH}:/home/wings/Backscatter_UGV_ws/install/rclpy_message_converter:/home/wings/Backscatter_UGV_ws/install/backscatter_rover_data_recorder:/opt/ros/foxy /usr/bin/cmake --build /home/wings/Backscatter_UGV_ws/build/rclpy_message_converter_msgs -- -j6 -l6
[0.662s] Invoking command in '/home/wings/Backscatter_UGV_ws/build/rclpy_message_converter_msgs': CMAKE_PREFIX_PATH=${CMAKE_PREFIX_PATH}:/home/wings/Backscatter_UGV_ws/install/rclpy_message_converter:/home/wings/Backscatter_UGV_ws/install/backscatter_rover_data_recorder:/opt/ros/foxy /usr/bin/cmake --install /home/wings/Backscatter_UGV_ws/build/rclpy_message_converter_msgs
[0.686s] -- Install configuration: ""
[0.687s] -- Up-to-date: /home/wings/Backscatter_UGV_ws/install/rclpy_message_converter_msgs/share/ament_index/resource_index/rosidl_interfaces/rclpy_message_converter_msgs
[0.688s] -- Up-to-date: /home/wings/Backscatter_UGV_ws/install/rclpy_message_converter_msgs/include/rclpy_message_converter_msgs
[0.689s] -- Up-to-date: /home/wings/Backscatter_UGV_ws/install/rclpy_message_converter_msgs/include/rclpy_message_converter_msgs/srv
[0.689s] -- Up-to-date: /home/wings/Backscatter_UGV_ws/install/rclpy_message_converter_msgs/include/rclpy_message_converter_msgs/srv/nested_uint8_array_test_service.h
[0.689s] -- Up-to-date: /home/wings/Backscatter_UGV_ws/install/rclpy_message_converter_msgs/include/rclpy_message_converter_msgs/srv/detail
[0.689s] -- Up-to-date: /home/wings/Backscatter_UGV_ws/install/rclpy_message_converter_msgs/include/rclpy_message_converter_msgs/srv/detail/nested_uint8_array_test_service__type_support.h
[0.690s] -- Up-to-date: /home/wings/Backscatter_UGV_ws/install/rclpy_message_converter_msgs/include/rclpy_message_converter_msgs/srv/detail/nested_uint8_array_test_service__struct.h
[0.691s] -- Up-to-date: /home/wings/Backscatter_UGV_ws/install/rclpy_message_converter_msgs/include/rclpy_message_converter_msgs/srv/detail/nested_uint8_array_test_service__functions.h
[0.691s] -- Up-to-date: /home/wings/Backscatter_UGV_ws/install/rclpy_message_converter_msgs/include/rclpy_message_converter_msgs/srv/detail/nested_uint8_array_test_service__functions.c
[0.692s] -- Up-to-date: /home/wings/Backscatter_UGV_ws/install/rclpy_message_converter_msgs/include/rclpy_message_converter_msgs/msg
[0.692s] -- Up-to-date: /home/wings/Backscatter_UGV_ws/install/rclpy_message_converter_msgs/include/rclpy_message_converter_msgs/msg/uint8_array_test_message.h
[0.692s] -- Up-to-date: /home/wings/Backscatter_UGV_ws/install/rclpy_message_converter_msgs/include/rclpy_message_converter_msgs/msg/detail
[0.693s] -- Up-to-date: /home/wings/Backscatter_UGV_ws/install/rclpy_message_converter_msgs/include/rclpy_message_converter_msgs/msg/detail/uint8_array3_test_message__functions.c
[0.693s] -- Up-to-date: /home/wings/Backscatter_UGV_ws/install/rclpy_message_converter_msgs/include/rclpy_message_converter_msgs/msg/detail/uint8_array_test_message__functions.h
[0.693s] -- Up-to-date: /home/wings/Backscatter_UGV_ws/install/rclpy_message_converter_msgs/include/rclpy_message_converter_msgs/msg/detail/nested_uint8_array_test_message__functions.c
[0.693s] -- Up-to-date: /home/wings/Backscatter_UGV_ws/install/rclpy_message_converter_msgs/include/rclpy_message_converter_msgs/msg/detail/test_array__functions.c
[0.693s] -- Up-to-date: /home/wings/Backscatter_UGV_ws/install/rclpy_message_converter_msgs/include/rclpy_message_converter_msgs/msg/detail/test_array__functions.h
[0.693s] -- Up-to-date: /home/wings/Backscatter_UGV_ws/install/rclpy_message_converter_msgs/include/rclpy_message_converter_msgs/msg/detail/uint8_array3_test_message__functions.h
[0.693s] -- Up-to-date: /home/wings/Backscatter_UGV_ws/install/rclpy_message_converter_msgs/include/rclpy_message_converter_msgs/msg/detail/uint8_array3_test_message__struct.h
[0.694s] -- Up-to-date: /home/wings/Backscatter_UGV_ws/install/rclpy_message_converter_msgs/include/rclpy_message_converter_msgs/msg/detail/nested_uint8_array_test_message__type_support.h
[0.694s] -- Up-to-date: /home/wings/Backscatter_UGV_ws/install/rclpy_message_converter_msgs/include/rclpy_message_converter_msgs/msg/detail/test_array__struct.h
[0.694s] -- Up-to-date: /home/wings/Backscatter_UGV_ws/install/rclpy_message_converter_msgs/include/rclpy_message_converter_msgs/msg/detail/uint8_array_test_message__functions.c
[0.694s] -- Up-to-date: /home/wings/Backscatter_UGV_ws/install/rclpy_message_converter_msgs/include/rclpy_message_converter_msgs/msg/detail/uint8_array3_test_message__type_support.h
[0.694s] -- Up-to-date: /home/wings/Backscatter_UGV_ws/install/rclpy_message_converter_msgs/include/rclpy_message_converter_msgs/msg/detail/test_array__type_support.h
[0.694s] -- Up-to-date: /home/wings/Backscatter_UGV_ws/install/rclpy_message_converter_msgs/include/rclpy_message_converter_msgs/msg/detail/uint8_array_test_message__type_support.h
[0.694s] -- Up-to-date: /home/wings/Backscatter_UGV_ws/install/rclpy_message_converter_msgs/include/rclpy_message_converter_msgs/msg/detail/uint8_array_test_message__struct.h
[0.695s] -- Up-to-date: /home/wings/Backscatter_UGV_ws/install/rclpy_message_converter_msgs/include/rclpy_message_converter_msgs/msg/detail/nested_uint8_array_test_message__functions.h
[0.695s] -- Up-to-date: /home/wings/Backscatter_UGV_ws/install/rclpy_message_converter_msgs/include/rclpy_message_converter_msgs/msg/detail/nested_uint8_array_test_message__struct.h
[0.695s] -- Up-to-date: /home/wings/Backscatter_UGV_ws/install/rclpy_message_converter_msgs/include/rclpy_message_converter_msgs/msg/rosidl_generator_c__visibility_control.h
[0.695s] -- Up-to-date: /home/wings/Backscatter_UGV_ws/install/rclpy_message_converter_msgs/include/rclpy_message_converter_msgs/msg/nested_uint8_array_test_message.h
[0.695s] -- Up-to-date: /home/wings/Backscatter_UGV_ws/install/rclpy_message_converter_msgs/include/rclpy_message_converter_msgs/msg/test_array.h
[0.695s] -- Up-to-date: /home/wings/Backscatter_UGV_ws/install/rclpy_message_converter_msgs/include/rclpy_message_converter_msgs/msg/uint8_array3_test_message.h
[0.695s] -- Up-to-date: /home/wings/Backscatter_UGV_ws/install/rclpy_message_converter_msgs/share/rclpy_message_converter_msgs/environment/library_path.sh
[0.695s] -- Up-to-date: /home/wings/Backscatter_UGV_ws/install/rclpy_message_converter_msgs/share/rclpy_message_converter_msgs/environment/library_path.dsv
[0.696s] -- Up-to-date: /home/wings/Backscatter_UGV_ws/install/rclpy_message_converter_msgs/lib/librclpy_message_converter_msgs__rosidl_generator_c.so
[0.696s] -- Up-to-date: /home/wings/Backscatter_UGV_ws/install/rclpy_message_converter_msgs/include/rclpy_message_converter_msgs
[0.696s] -- Up-to-date: /home/wings/Backscatter_UGV_ws/install/rclpy_message_converter_msgs/include/rclpy_message_converter_msgs/srv
[0.696s] -- Up-to-date: /home/wings/Backscatter_UGV_ws/install/rclpy_message_converter_msgs/include/rclpy_message_converter_msgs/srv/detail
[0.697s] -- Up-to-date: /home/wings/Backscatter_UGV_ws/install/rclpy_message_converter_msgs/include/rclpy_message_converter_msgs/srv/detail/nested_uint8_array_test_service__rosidl_typesupport_fastrtps_c.h
[0.697s] -- Up-to-date: /home/wings/Backscatter_UGV_ws/install/rclpy_message_converter_msgs/include/rclpy_message_converter_msgs/msg
[0.697s] -- Up-to-date: /home/wings/Backscatter_UGV_ws/install/rclpy_message_converter_msgs/include/rclpy_message_converter_msgs/msg/detail
[0.697s] -- Up-to-date: /home/wings/Backscatter_UGV_ws/install/rclpy_message_converter_msgs/include/rclpy_message_converter_msgs/msg/detail/uint8_array_test_message__rosidl_typesupport_fastrtps_c.h
[0.697s] -- Up-to-date: /home/wings/Backscatter_UGV_ws/install/rclpy_message_converter_msgs/include/rclpy_message_converter_msgs/msg/detail/test_array__rosidl_typesupport_fastrtps_c.h
[0.697s] -- Up-to-date: /home/wings/Backscatter_UGV_ws/install/rclpy_message_converter_msgs/include/rclpy_message_converter_msgs/msg/detail/nested_uint8_array_test_message__rosidl_typesupport_fastrtps_c.h
[0.697s] -- Up-to-date: /home/wings/Backscatter_UGV_ws/install/rclpy_message_converter_msgs/include/rclpy_message_converter_msgs/msg/detail/uint8_array3_test_message__rosidl_typesupport_fastrtps_c.h
[0.697s] -- Up-to-date: /home/wings/Backscatter_UGV_ws/install/rclpy_message_converter_msgs/include/rclpy_message_converter_msgs/msg/rosidl_typesupport_fastrtps_c__visibility_control.h
[0.697s] -- Up-to-date: /home/wings/Backscatter_UGV_ws/install/rclpy_message_converter_msgs/lib/librclpy_message_converter_msgs__rosidl_typesupport_fastrtps_c.so
[0.698s] -- Up-to-date: /home/wings/Backscatter_UGV_ws/install/rclpy_message_converter_msgs/include/rclpy_message_converter_msgs
[0.698s] -- Up-to-date: /home/wings/Backscatter_UGV_ws/install/rclpy_message_converter_msgs/include/rclpy_message_converter_msgs/srv
[0.698s] -- Up-to-date: /home/wings/Backscatter_UGV_ws/install/rclpy_message_converter_msgs/include/rclpy_message_converter_msgs/srv/detail
[0.698s] -- Up-to-date: /home/wings/Backscatter_UGV_ws/install/rclpy_message_converter_msgs/include/rclpy_message_converter_msgs/srv/detail/nested_uint8_array_test_service__rosidl_typesupport_fastrtps_cpp.hpp
[0.698s] -- Up-to-date: /home/wings/Backscatter_UGV_ws/install/rclpy_message_converter_msgs/include/rclpy_message_converter_msgs/srv/detail/dds_fastrtps
[0.698s] -- Up-to-date: /home/wings/Backscatter_UGV_ws/install/rclpy_message_converter_msgs/include/rclpy_message_converter_msgs/msg
[0.698s] -- Up-to-date: /home/wings/Backscatter_UGV_ws/install/rclpy_message_converter_msgs/include/rclpy_message_converter_msgs/msg/detail
[0.698s] -- Up-to-date: /home/wings/Backscatter_UGV_ws/install/rclpy_message_converter_msgs/include/rclpy_message_converter_msgs/msg/detail/uint8_array3_test_message__rosidl_typesupport_fastrtps_cpp.hpp
[0.699s] -- Up-to-date: /home/wings/Backscatter_UGV_ws/install/rclpy_message_converter_msgs/include/rclpy_message_converter_msgs/msg/detail/uint8_array_test_message__rosidl_typesupport_fastrtps_cpp.hpp
[0.699s] -- Up-to-date: /home/wings/Backscatter_UGV_ws/install/rclpy_message_converter_msgs/include/rclpy_message_converter_msgs/msg/detail/nested_uint8_array_test_message__rosidl_typesupport_fastrtps_cpp.hpp
[0.699s] -- Up-to-date: /home/wings/Backscatter_UGV_ws/install/rclpy_message_converter_msgs/include/rclpy_message_converter_msgs/msg/detail/test_array__rosidl_typesupport_fastrtps_cpp.hpp
[0.699s] -- Up-to-date: /home/wings/Backscatter_UGV_ws/install/rclpy_message_converter_msgs/include/rclpy_message_converter_msgs/msg/detail/dds_fastrtps
[0.699s] -- Up-to-date: /home/wings/Backscatter_UGV_ws/install/rclpy_message_converter_msgs/include/rclpy_message_converter_msgs/msg/rosidl_typesupport_fastrtps_cpp__visibility_control.h
[0.699s] -- Up-to-date: /home/wings/Backscatter_UGV_ws/install/rclpy_message_converter_msgs/lib/librclpy_message_converter_msgs__rosidl_typesupport_fastrtps_cpp.so
[0.699s] -- Up-to-date: /home/wings/Backscatter_UGV_ws/install/rclpy_message_converter_msgs/include/rclpy_message_converter_msgs
[0.699s] -- Up-to-date: /home/wings/Backscatter_UGV_ws/install/rclpy_message_converter_msgs/include/rclpy_message_converter_msgs/srv
[0.699s] -- Up-to-date: /home/wings/Backscatter_UGV_ws/install/rclpy_message_converter_msgs/include/rclpy_message_converter_msgs/srv/detail
[0.700s] -- Up-to-date: /home/wings/Backscatter_UGV_ws/install/rclpy_message_converter_msgs/include/rclpy_message_converter_msgs/srv/detail/nested_uint8_array_test_service__type_support.c
[0.700s] -- Up-to-date: /home/wings/Backscatter_UGV_ws/install/rclpy_message_converter_msgs/include/rclpy_message_converter_msgs/srv/detail/nested_uint8_array_test_service__rosidl_typesupport_introspection_c.h
[0.700s] -- Up-to-date: /home/wings/Backscatter_UGV_ws/install/rclpy_message_converter_msgs/include/rclpy_message_converter_msgs/msg
[0.700s] -- Up-to-date: /home/wings/Backscatter_UGV_ws/install/rclpy_message_converter_msgs/include/rclpy_message_converter_msgs/msg/rosidl_typesupport_introspection_c__visibility_control.h
[0.700s] -- Up-to-date: /home/wings/Backscatter_UGV_ws/install/rclpy_message_converter_msgs/include/rclpy_message_converter_msgs/msg/detail
[0.701s] -- Up-to-date: /home/wings/Backscatter_UGV_ws/install/rclpy_message_converter_msgs/include/rclpy_message_converter_msgs/msg/detail/uint8_array3_test_message__type_support.c
[0.701s] -- Up-to-date: /home/wings/Backscatter_UGV_ws/install/rclpy_message_converter_msgs/include/rclpy_message_converter_msgs/msg/detail/test_array__type_support.c
[0.701s] -- Up-to-date: /home/wings/Backscatter_UGV_ws/install/rclpy_message_converter_msgs/include/rclpy_message_converter_msgs/msg/detail/nested_uint8_array_test_message__rosidl_typesupport_introspection_c.h
[0.701s] -- Up-to-date: /home/wings/Backscatter_UGV_ws/install/rclpy_message_converter_msgs/include/rclpy_message_converter_msgs/msg/detail/nested_uint8_array_test_message__type_support.c
[0.701s] -- Up-to-date: /home/wings/Backscatter_UGV_ws/install/rclpy_message_converter_msgs/include/rclpy_message_converter_msgs/msg/detail/test_array__rosidl_typesupport_introspection_c.h
[0.701s] -- Up-to-date: /home/wings/Backscatter_UGV_ws/install/rclpy_message_converter_msgs/include/rclpy_message_converter_msgs/msg/detail/uint8_array_test_message__type_support.c
[0.701s] -- Up-to-date: /home/wings/Backscatter_UGV_ws/install/rclpy_message_converter_msgs/include/rclpy_message_converter_msgs/msg/detail/uint8_array_test_message__rosidl_typesupport_introspection_c.h
[0.702s] -- Up-to-date: /home/wings/Backscatter_UGV_ws/install/rclpy_message_converter_msgs/include/rclpy_message_converter_msgs/msg/detail/uint8_array3_test_message__rosidl_typesupport_introspection_c.h
[0.702s] -- Up-to-date: /home/wings/Backscatter_UGV_ws/install/rclpy_message_converter_msgs/lib/librclpy_message_converter_msgs__rosidl_typesupport_introspection_c.so
[0.702s] -- Up-to-date: /home/wings/Backscatter_UGV_ws/install/rclpy_message_converter_msgs/lib/librclpy_message_converter_msgs__rosidl_typesupport_c.so
[0.702s] -- Up-to-date: /home/wings/Backscatter_UGV_ws/install/rclpy_message_converter_msgs/include/rclpy_message_converter_msgs
[0.702s] -- Up-to-date: /home/wings/Backscatter_UGV_ws/install/rclpy_message_converter_msgs/include/rclpy_message_converter_msgs/srv
[0.702s] -- Up-to-date: /home/wings/Backscatter_UGV_ws/install/rclpy_message_converter_msgs/include/rclpy_message_converter_msgs/srv/detail
[0.702s] -- Up-to-date: /home/wings/Backscatter_UGV_ws/install/rclpy_message_converter_msgs/include/rclpy_message_converter_msgs/srv/detail/nested_uint8_array_test_service__type_support.hpp
[0.702s] -- Up-to-date: /home/wings/Backscatter_UGV_ws/install/rclpy_message_converter_msgs/include/rclpy_message_converter_msgs/srv/detail/nested_uint8_array_test_service__struct.hpp
[0.702s] -- Up-to-date: /home/wings/Backscatter_UGV_ws/install/rclpy_message_converter_msgs/include/rclpy_message_converter_msgs/srv/detail/nested_uint8_array_test_service__builder.hpp
[0.703s] -- Up-to-date: /home/wings/Backscatter_UGV_ws/install/rclpy_message_converter_msgs/include/rclpy_message_converter_msgs/srv/detail/nested_uint8_array_test_service__traits.hpp
[0.703s] -- Up-to-date: /home/wings/Backscatter_UGV_ws/install/rclpy_message_converter_msgs/include/rclpy_message_converter_msgs/srv/nested_uint8_array_test_service.hpp
[0.703s] -- Up-to-date: /home/wings/Backscatter_UGV_ws/install/rclpy_message_converter_msgs/include/rclpy_message_converter_msgs/msg
[0.703s] -- Up-to-date: /home/wings/Backscatter_UGV_ws/install/rclpy_message_converter_msgs/include/rclpy_message_converter_msgs/msg/nested_uint8_array_test_message.hpp
[0.703s] -- Up-to-date: /home/wings/Backscatter_UGV_ws/install/rclpy_message_converter_msgs/include/rclpy_message_converter_msgs/msg/test_array.hpp
[0.703s] -- Up-to-date: /home/wings/Backscatter_UGV_ws/install/rclpy_message_converter_msgs/include/rclpy_message_converter_msgs/msg/uint8_array_test_message.hpp
[0.703s] -- Up-to-date: /home/wings/Backscatter_UGV_ws/install/rclpy_message_converter_msgs/include/rclpy_message_converter_msgs/msg/uint8_array3_test_message.hpp
[0.703s] -- Up-to-date: /home/wings/Backscatter_UGV_ws/install/rclpy_message_converter_msgs/include/rclpy_message_converter_msgs/msg/detail
[0.704s] -- Up-to-date: /home/wings/Backscatter_UGV_ws/install/rclpy_message_converter_msgs/include/rclpy_message_converter_msgs/msg/detail/test_array__builder.hpp
[0.704s] -- Up-to-date: /home/wings/Backscatter_UGV_ws/install/rclpy_message_converter_msgs/include/rclpy_message_converter_msgs/msg/detail/test_array__struct.hpp
[0.704s] -- Up-to-date: /home/wings/Backscatter_UGV_ws/install/rclpy_message_converter_msgs/include/rclpy_message_converter_msgs/msg/detail/test_array__type_support.hpp
[0.704s] -- Up-to-date: /home/wings/Backscatter_UGV_ws/install/rclpy_message_converter_msgs/include/rclpy_message_converter_msgs/msg/detail/nested_uint8_array_test_message__traits.hpp
[0.704s] -- Up-to-date: /home/wings/Backscatter_UGV_ws/install/rclpy_message_converter_msgs/include/rclpy_message_converter_msgs/msg/detail/nested_uint8_array_test_message__type_support.hpp
[0.704s] -- Up-to-date: /home/wings/Backscatter_UGV_ws/install/rclpy_message_converter_msgs/include/rclpy_message_converter_msgs/msg/detail/uint8_array3_test_message__struct.hpp
[0.704s] -- Up-to-date: /home/wings/Backscatter_UGV_ws/install/rclpy_message_converter_msgs/include/rclpy_message_converter_msgs/msg/detail/uint8_array_test_message__struct.hpp
[0.704s] -- Up-to-date: /home/wings/Backscatter_UGV_ws/install/rclpy_message_converter_msgs/include/rclpy_message_converter_msgs/msg/detail/uint8_array_test_message__type_support.hpp
[0.705s] -- Up-to-date: /home/wings/Backscatter_UGV_ws/install/rclpy_message_converter_msgs/include/rclpy_message_converter_msgs/msg/detail/uint8_array_test_message__builder.hpp
[0.705s] -- Up-to-date: /home/wings/Backscatter_UGV_ws/install/rclpy_message_converter_msgs/include/rclpy_message_converter_msgs/msg/detail/test_array__traits.hpp
[0.705s] -- Up-to-date: /home/wings/Backscatter_UGV_ws/install/rclpy_message_converter_msgs/include/rclpy_message_converter_msgs/msg/detail/uint8_array3_test_message__type_support.hpp
[0.705s] -- Up-to-date: /home/wings/Backscatter_UGV_ws/install/rclpy_message_converter_msgs/include/rclpy_message_converter_msgs/msg/detail/uint8_array3_test_message__builder.hpp
[0.705s] -- Up-to-date: /home/wings/Backscatter_UGV_ws/install/rclpy_message_converter_msgs/include/rclpy_message_converter_msgs/msg/detail/uint8_array_test_message__traits.hpp
[0.705s] -- Up-to-date: /home/wings/Backscatter_UGV_ws/install/rclpy_message_converter_msgs/include/rclpy_message_converter_msgs/msg/detail/nested_uint8_array_test_message__struct.hpp
[0.705s] -- Up-to-date: /home/wings/Backscatter_UGV_ws/install/rclpy_message_converter_msgs/include/rclpy_message_converter_msgs/msg/detail/nested_uint8_array_test_message__builder.hpp
[0.705s] -- Up-to-date: /home/wings/Backscatter_UGV_ws/install/rclpy_message_converter_msgs/include/rclpy_message_converter_msgs/msg/detail/uint8_array3_test_message__traits.hpp
[0.706s] -- Up-to-date: /home/wings/Backscatter_UGV_ws/install/rclpy_message_converter_msgs/include/rclpy_message_converter_msgs/msg/rosidl_generator_cpp__visibility_control.hpp
[0.706s] -- Up-to-date: /home/wings/Backscatter_UGV_ws/install/rclpy_message_converter_msgs/include/rclpy_message_converter_msgs
[0.706s] -- Up-to-date: /home/wings/Backscatter_UGV_ws/install/rclpy_message_converter_msgs/include/rclpy_message_converter_msgs/srv
[0.706s] -- Up-to-date: /home/wings/Backscatter_UGV_ws/install/rclpy_message_converter_msgs/include/rclpy_message_converter_msgs/srv/detail
[0.706s] -- Up-to-date: /home/wings/Backscatter_UGV_ws/install/rclpy_message_converter_msgs/include/rclpy_message_converter_msgs/srv/detail/nested_uint8_array_test_service__type_support.cpp
[0.706s] -- Up-to-date: /home/wings/Backscatter_UGV_ws/install/rclpy_message_converter_msgs/include/rclpy_message_converter_msgs/srv/detail/nested_uint8_array_test_service__rosidl_typesupport_introspection_cpp.hpp
[0.706s] -- Up-to-date: /home/wings/Backscatter_UGV_ws/install/rclpy_message_converter_msgs/include/rclpy_message_converter_msgs/msg
[0.706s] -- Up-to-date: /home/wings/Backscatter_UGV_ws/install/rclpy_message_converter_msgs/include/rclpy_message_converter_msgs/msg/detail
[0.706s] -- Up-to-date: /home/wings/Backscatter_UGV_ws/install/rclpy_message_converter_msgs/include/rclpy_message_converter_msgs/msg/detail/test_array__type_support.cpp
[0.707s] -- Up-to-date: /home/wings/Backscatter_UGV_ws/install/rclpy_message_converter_msgs/include/rclpy_message_converter_msgs/msg/detail/nested_uint8_array_test_message__type_support.cpp
[0.707s] -- Up-to-date: /home/wings/Backscatter_UGV_ws/install/rclpy_message_converter_msgs/include/rclpy_message_converter_msgs/msg/detail/uint8_array_test_message__rosidl_typesupport_introspection_cpp.hpp
[0.707s] -- Up-to-date: /home/wings/Backscatter_UGV_ws/install/rclpy_message_converter_msgs/include/rclpy_message_converter_msgs/msg/detail/nested_uint8_array_test_message__rosidl_typesupport_introspection_cpp.hpp
[0.707s] -- Up-to-date: /home/wings/Backscatter_UGV_ws/install/rclpy_message_converter_msgs/include/rclpy_message_converter_msgs/msg/detail/uint8_array3_test_message__type_support.cpp
[0.707s] -- Up-to-date: /home/wings/Backscatter_UGV_ws/install/rclpy_message_converter_msgs/include/rclpy_message_converter_msgs/msg/detail/uint8_array_test_message__type_support.cpp
[0.707s] -- Up-to-date: /home/wings/Backscatter_UGV_ws/install/rclpy_message_converter_msgs/include/rclpy_message_converter_msgs/msg/detail/uint8_array3_test_message__rosidl_typesupport_introspection_cpp.hpp
[0.707s] -- Up-to-date: /home/wings/Backscatter_UGV_ws/install/rclpy_message_converter_msgs/include/rclpy_message_converter_msgs/msg/detail/test_array__rosidl_typesupport_introspection_cpp.hpp
[0.707s] -- Up-to-date: /home/wings/Backscatter_UGV_ws/install/rclpy_message_converter_msgs/lib/librclpy_message_converter_msgs__rosidl_typesupport_introspection_cpp.so
[0.708s] -- Up-to-date: /home/wings/Backscatter_UGV_ws/install/rclpy_message_converter_msgs/lib/librclpy_message_converter_msgs__rosidl_typesupport_cpp.so
[0.708s] -- Up-to-date: /home/wings/Backscatter_UGV_ws/install/rclpy_message_converter_msgs/share/rclpy_message_converter_msgs/environment/pythonpath.sh
[0.708s] -- Up-to-date: /home/wings/Backscatter_UGV_ws/install/rclpy_message_converter_msgs/share/rclpy_message_converter_msgs/environment/pythonpath.dsv
[0.708s] -- Up-to-date: /home/wings/Backscatter_UGV_ws/install/rclpy_message_converter_msgs/lib/python3.8/site-packages/rclpy_message_converter_msgs/__init__.py
[0.766s] -- Up-to-date: /home/wings/Backscatter_UGV_ws/install/rclpy_message_converter_msgs/lib/python3.8/site-packages/rclpy_message_converter_msgs/msg
[0.766s] -- Up-to-date: /home/wings/Backscatter_UGV_ws/install/rclpy_message_converter_msgs/lib/python3.8/site-packages/rclpy_message_converter_msgs/msg/_uint8_array_test_message_s.c
[0.767s] -- Up-to-date: /home/wings/Backscatter_UGV_ws/install/rclpy_message_converter_msgs/lib/python3.8/site-packages/rclpy_message_converter_msgs/msg/_nested_uint8_array_test_message_s.c
[0.767s] -- Up-to-date: /home/wings/Backscatter_UGV_ws/install/rclpy_message_converter_msgs/lib/python3.8/site-packages/rclpy_message_converter_msgs/msg/_uint8_array3_test_message.py
[0.767s] -- Up-to-date: /home/wings/Backscatter_UGV_ws/install/rclpy_message_converter_msgs/lib/python3.8/site-packages/rclpy_message_converter_msgs/msg/_test_array_s.c
[0.768s] -- Up-to-date: /home/wings/Backscatter_UGV_ws/install/rclpy_message_converter_msgs/lib/python3.8/site-packages/rclpy_message_converter_msgs/msg/_test_array.py
[0.768s] -- Up-to-date: /home/wings/Backscatter_UGV_ws/install/rclpy_message_converter_msgs/lib/python3.8/site-packages/rclpy_message_converter_msgs/msg/_uint8_array_test_message.py
[0.768s] -- Up-to-date: /home/wings/Backscatter_UGV_ws/install/rclpy_message_converter_msgs/lib/python3.8/site-packages/rclpy_message_converter_msgs/msg/__init__.py
[0.769s] -- Up-to-date: /home/wings/Backscatter_UGV_ws/install/rclpy_message_converter_msgs/lib/python3.8/site-packages/rclpy_message_converter_msgs/msg/_uint8_array3_test_message_s.c
[0.769s] -- Up-to-date: /home/wings/Backscatter_UGV_ws/install/rclpy_message_converter_msgs/lib/python3.8/site-packages/rclpy_message_converter_msgs/msg/_nested_uint8_array_test_message.py
[0.769s] -- Up-to-date: /home/wings/Backscatter_UGV_ws/install/rclpy_message_converter_msgs/lib/python3.8/site-packages/rclpy_message_converter_msgs/srv
[0.770s] -- Up-to-date: /home/wings/Backscatter_UGV_ws/install/rclpy_message_converter_msgs/lib/python3.8/site-packages/rclpy_message_converter_msgs/srv/_nested_uint8_array_test_service_s.c
[0.770s] -- Up-to-date: /home/wings/Backscatter_UGV_ws/install/rclpy_message_converter_msgs/lib/python3.8/site-packages/rclpy_message_converter_msgs/srv/__init__.py
[0.771s] -- Up-to-date: /home/wings/Backscatter_UGV_ws/install/rclpy_message_converter_msgs/lib/python3.8/site-packages/rclpy_message_converter_msgs/srv/_nested_uint8_array_test_service.py
[0.771s] -- Up-to-date: /home/wings/Backscatter_UGV_ws/install/rclpy_message_converter_msgs/lib/python3.8/site-packages/rclpy_message_converter_msgs/rclpy_message_converter_msgs_s__rosidl_typesupport_fastrtps_c.cpython-38-aarch64-linux-gnu.so
[0.773s] -- Up-to-date: /home/wings/Backscatter_UGV_ws/install/rclpy_message_converter_msgs/lib/python3.8/site-packages/rclpy_message_converter_msgs/rclpy_message_converter_msgs_s__rosidl_typesupport_introspection_c.cpython-38-aarch64-linux-gnu.so
[0.774s] -- Up-to-date: /home/wings/Backscatter_UGV_ws/install/rclpy_message_converter_msgs/lib/python3.8/site-packages/rclpy_message_converter_msgs/rclpy_message_converter_msgs_s__rosidl_typesupport_c.cpython-38-aarch64-linux-gnu.so
[0.781s] -- Up-to-date: /home/wings/Backscatter_UGV_ws/install/rclpy_message_converter_msgs/lib/librclpy_message_converter_msgs__python.so
[0.782s] -- Up-to-date: /home/wings/Backscatter_UGV_ws/install/rclpy_message_converter_msgs/share/rclpy_message_converter_msgs/msg/NestedUint8ArrayTestMessage.idl
[0.782s] -- Up-to-date: /home/wings/Backscatter_UGV_ws/install/rclpy_message_converter_msgs/share/rclpy_message_converter_msgs/msg/TestArray.idl
[0.782s] -- Up-to-date: /home/wings/Backscatter_UGV_ws/install/rclpy_message_converter_msgs/share/rclpy_message_converter_msgs/msg/Uint8Array3TestMessage.idl
[0.783s] -- Up-to-date: /home/wings/Backscatter_UGV_ws/install/rclpy_message_converter_msgs/share/rclpy_message_converter_msgs/msg/Uint8ArrayTestMessage.idl
[0.783s] -- Up-to-date: /home/wings/Backscatter_UGV_ws/install/rclpy_message_converter_msgs/share/rclpy_message_converter_msgs/srv/NestedUint8ArrayTestService.idl
[0.783s] -- Up-to-date: /home/wings/Backscatter_UGV_ws/install/rclpy_message_converter_msgs/share/rclpy_message_converter_msgs/msg/NestedUint8ArrayTestMessage.msg
[0.783s] -- Up-to-date: /home/wings/Backscatter_UGV_ws/install/rclpy_message_converter_msgs/share/rclpy_message_converter_msgs/msg/TestArray.msg
[0.784s] -- Up-to-date: /home/wings/Backscatter_UGV_ws/install/rclpy_message_converter_msgs/share/rclpy_message_converter_msgs/msg/Uint8Array3TestMessage.msg
[0.784s] -- Up-to-date: /home/wings/Backscatter_UGV_ws/install/rclpy_message_converter_msgs/share/rclpy_message_converter_msgs/msg/Uint8ArrayTestMessage.msg
[0.784s] -- Up-to-date: /home/wings/Backscatter_UGV_ws/install/rclpy_message_converter_msgs/share/rclpy_message_converter_msgs/srv/NestedUint8ArrayTestService.srv
[0.785s] -- Up-to-date: /home/wings/Backscatter_UGV_ws/install/rclpy_message_converter_msgs/share/rclpy_message_converter_msgs/srv/NestedUint8ArrayTestService_Request.msg
[0.785s] -- Up-to-date: /home/wings/Backscatter_UGV_ws/install/rclpy_message_converter_msgs/share/rclpy_message_converter_msgs/srv/NestedUint8ArrayTestService_Response.msg
[0.785s] -- Up-to-date: /home/wings/Backscatter_UGV_ws/install/rclpy_message_converter_msgs/share/ament_index/resource_index/package_run_dependencies/rclpy_message_converter_msgs
[0.786s] -- Up-to-date: /home/wings/Backscatter_UGV_ws/install/rclpy_message_converter_msgs/share/ament_index/resource_index/parent_prefix_path/rclpy_message_converter_msgs
[0.786s] -- Up-to-date: /home/wings/Backscatter_UGV_ws/install/rclpy_message_converter_msgs/share/rclpy_message_converter_msgs/environment/ament_prefix_path.sh
[0.786s] -- Up-to-date: /home/wings/Backscatter_UGV_ws/install/rclpy_message_converter_msgs/share/rclpy_message_converter_msgs/environment/ament_prefix_path.dsv
[0.786s] -- Up-to-date: /home/wings/Backscatter_UGV_ws/install/rclpy_message_converter_msgs/share/rclpy_message_converter_msgs/environment/path.sh
[0.787s] -- Up-to-date: /home/wings/Backscatter_UGV_ws/install/rclpy_message_converter_msgs/share/rclpy_message_converter_msgs/environment/path.dsv
[0.787s] -- Up-to-date: /home/wings/Backscatter_UGV_ws/install/rclpy_message_converter_msgs/share/rclpy_message_converter_msgs/local_setup.bash
[0.787s] -- Up-to-date: /home/wings/Backscatter_UGV_ws/install/rclpy_message_converter_msgs/share/rclpy_message_converter_msgs/local_setup.sh
[0.787s] -- Up-to-date: /home/wings/Backscatter_UGV_ws/install/rclpy_message_converter_msgs/share/rclpy_message_converter_msgs/local_setup.zsh
[0.788s] -- Up-to-date: /home/wings/Backscatter_UGV_ws/install/rclpy_message_converter_msgs/share/rclpy_message_converter_msgs/local_setup.dsv
[0.788s] -- Installing: /home/wings/Backscatter_UGV_ws/install/rclpy_message_converter_msgs/share/rclpy_message_converter_msgs/package.dsv
[0.788s] -- Up-to-date: /home/wings/Backscatter_UGV_ws/install/rclpy_message_converter_msgs/share/ament_index/resource_index/packages/rclpy_message_converter_msgs
[0.789s] -- Up-to-date: /home/wings/Backscatter_UGV_ws/install/rclpy_message_converter_msgs/share/rclpy_message_converter_msgs/cmake/rclpy_message_converter_msgs__rosidl_generator_cExport.cmake
[0.789s] -- Up-to-date: /home/wings/Backscatter_UGV_ws/install/rclpy_message_converter_msgs/share/rclpy_message_converter_msgs/cmake/rclpy_message_converter_msgs__rosidl_generator_cExport-noconfig.cmake
[0.790s] -- Up-to-date: /home/wings/Backscatter_UGV_ws/install/rclpy_message_converter_msgs/share/rclpy_message_converter_msgs/cmake/rclpy_message_converter_msgs__rosidl_typesupport_introspection_cExport.cmake
[0.790s] -- Up-to-date: /home/wings/Backscatter_UGV_ws/install/rclpy_message_converter_msgs/share/rclpy_message_converter_msgs/cmake/rclpy_message_converter_msgs__rosidl_typesupport_introspection_cExport-noconfig.cmake
[0.791s] -- Up-to-date: /home/wings/Backscatter_UGV_ws/install/rclpy_message_converter_msgs/share/rclpy_message_converter_msgs/cmake/rclpy_message_converter_msgs__rosidl_typesupport_cExport.cmake
[0.791s] -- Up-to-date: /home/wings/Backscatter_UGV_ws/install/rclpy_message_converter_msgs/share/rclpy_message_converter_msgs/cmake/rclpy_message_converter_msgs__rosidl_typesupport_cExport-noconfig.cmake
[0.791s] -- Up-to-date: /home/wings/Backscatter_UGV_ws/install/rclpy_message_converter_msgs/share/rclpy_message_converter_msgs/cmake/rclpy_message_converter_msgs__rosidl_generator_cppExport.cmake
[0.792s] -- Up-to-date: /home/wings/Backscatter_UGV_ws/install/rclpy_message_converter_msgs/share/rclpy_message_converter_msgs/cmake/rclpy_message_converter_msgs__rosidl_typesupport_introspection_cppExport.cmake
[0.792s] -- Up-to-date: /home/wings/Backscatter_UGV_ws/install/rclpy_message_converter_msgs/share/rclpy_message_converter_msgs/cmake/rclpy_message_converter_msgs__rosidl_typesupport_introspection_cppExport-noconfig.cmake
[0.792s] -- Up-to-date: /home/wings/Backscatter_UGV_ws/install/rclpy_message_converter_msgs/share/rclpy_message_converter_msgs/cmake/rclpy_message_converter_msgs__rosidl_typesupport_cppExport.cmake
[0.793s] -- Up-to-date: /home/wings/Backscatter_UGV_ws/install/rclpy_message_converter_msgs/share/rclpy_message_converter_msgs/cmake/rclpy_message_converter_msgs__rosidl_typesupport_cppExport-noconfig.cmake
[0.793s] -- Up-to-date: /home/wings/Backscatter_UGV_ws/install/rclpy_message_converter_msgs/share/rclpy_message_converter_msgs/cmake/rosidl_cmake-extras.cmake
[0.793s] -- Up-to-date: /home/wings/Backscatter_UGV_ws/install/rclpy_message_converter_msgs/share/rclpy_message_converter_msgs/cmake/ament_cmake_export_dependencies-extras.cmake
[0.793s] -- Up-to-date: /home/wings/Backscatter_UGV_ws/install/rclpy_message_converter_msgs/share/rclpy_message_converter_msgs/cmake/ament_cmake_export_libraries-extras.cmake
[0.794s] -- Up-to-date: /home/wings/Backscatter_UGV_ws/install/rclpy_message_converter_msgs/share/rclpy_message_converter_msgs/cmake/ament_cmake_export_targets-extras.cmake
[0.794s] -- Up-to-date: /home/wings/Backscatter_UGV_ws/install/rclpy_message_converter_msgs/share/rclpy_message_converter_msgs/cmake/ament_cmake_export_include_directories-extras.cmake
[0.794s] -- Up-to-date: /home/wings/Backscatter_UGV_ws/install/rclpy_message_converter_msgs/share/rclpy_message_converter_msgs/cmake/rosidl_cmake_export_typesupport_libraries-extras.cmake
[0.794s] -- Up-to-date: /home/wings/Backscatter_UGV_ws/install/rclpy_message_converter_msgs/share/rclpy_message_converter_msgs/cmake/rosidl_cmake_export_typesupport_targets-extras.cmake
[0.795s] -- Up-to-date: /home/wings/Backscatter_UGV_ws/install/rclpy_message_converter_msgs/share/rclpy_message_converter_msgs/cmake/rclpy_message_converter_msgsConfig.cmake
[0.795s] -- Up-to-date: /home/wings/Backscatter_UGV_ws/install/rclpy_message_converter_msgs/share/rclpy_message_converter_msgs/cmake/rclpy_message_converter_msgsConfig-version.cmake
[0.795s] -- Up-to-date: /home/wings/Backscatter_UGV_ws/install/rclpy_message_converter_msgs/share/rclpy_message_converter_msgs/package.xml
[0.843s] Invoked command in '/home/wings/Backscatter_UGV_ws/build/rclpy_message_converter_msgs' returned '0': CMAKE_PREFIX_PATH=${CMAKE_PREFIX_PATH}:/home/wings/Backscatter_UGV_ws/install/rclpy_message_converter:/home/wings/Backscatter_UGV_ws/install/backscatter_rover_data_recorder:/opt/ros/foxy /usr/bin/cmake --install /home/wings/Backscatter_UGV_ws/build/rclpy_message_converter_msgs
