[0.440s] DEBUG:colcon:Command line arguments: ['/usr/bin/colcon', 'build']
[0.440s] DEBUG:colcon:Parsed command line arguments: Namespace(allow_overriding=[], ament_cmake_args=None, base_paths=['.'], build_base='build', catkin_cmake_args=None, catkin_skip_building_tests=False, cmake_args=None, cmake_clean_cache=False, cmake_clean_first=False, cmake_force_configure=False, cmake_target=None, cmake_target_skip_unavailable=False, continue_on_error=False, event_handlers=None, executor='parallel', ignore_user_meta=False, install_base='install', log_base=None, log_level=None, main=<bound method BuildVerb.main of <colcon_core.verb.build.BuildVerb object at 0xffff8a56cc10>>, merge_install=False, metas=['./colcon.meta'], mixin=None, mixin_files=None, mixin_verb=('build',), packages_above=None, packages_above_and_dependencies=None, packages_above_depth=None, packages_end=None, packages_ignore=None, packages_ignore_regex=None, packages_select=None, packages_select_build_failed=False, packages_select_by_dep=None, packages_select_regex=None, packages_select_test_failures=False, packages_skip=None, packages_skip_build_finished=False, packages_skip_by_dep=None, packages_skip_regex=None, packages_skip_test_passed=False, packages_skip_up_to=None, packages_start=None, packages_up_to=None, packages_up_to_regex=None, parallel_workers=6, paths=None, symlink_install=False, test_result_base=None, verb_extension=<colcon_core.verb.build.BuildVerb object at 0xffff8a56cc10>, verb_name='build', verb_parser=<colcon_mixin.mixin.mixin_argument.MixinArgumentDecorator object at 0xffff8a581a00>)
[0.770s] Level 1:colcon.colcon_core.package_discovery:discover_packages(colcon_meta) check parameters
[0.771s] Level 1:colcon.colcon_core.package_discovery:discover_packages(recursive) check parameters
[0.771s] Level 1:colcon.colcon_core.package_discovery:discover_packages(ignore) check parameters
[0.771s] Level 1:colcon.colcon_core.package_discovery:discover_packages(path) check parameters
[0.771s] Level 1:colcon.colcon_core.package_discovery:discover_packages(colcon_meta) discover
[0.771s] Level 1:colcon.colcon_core.package_discovery:discover_packages(recursive) discover
[0.771s] INFO:colcon.colcon_core.package_discovery:Crawling recursively for packages in '/home/wings/Backscatter_UGV_ws'
[0.771s] Level 1:colcon.colcon_core.package_identification:_identify(.) by extensions ['ignore', 'ignore_ament_install']
[0.772s] Level 1:colcon.colcon_core.package_identification:_identify(.) by extension 'ignore'
[0.772s] Level 1:colcon.colcon_core.package_identification:_identify(.) by extension 'ignore_ament_install'
[0.772s] Level 1:colcon.colcon_core.package_identification:_identify(.) by extensions ['colcon_pkg']
[0.772s] Level 1:colcon.colcon_core.package_identification:_identify(.) by extension 'colcon_pkg'
[0.772s] Level 1:colcon.colcon_core.package_identification:_identify(.) by extensions ['colcon_meta']
[0.772s] Level 1:colcon.colcon_core.package_identification:_identify(.) by extension 'colcon_meta'
[0.772s] Level 1:colcon.colcon_core.package_identification:_identify(.) by extensions ['ros']
[0.772s] Level 1:colcon.colcon_core.package_identification:_identify(.) by extension 'ros'
[0.795s] Level 1:colcon.colcon_core.package_identification:_identify(.) by extensions ['cmake', 'python']
[0.795s] Level 1:colcon.colcon_core.package_identification:_identify(.) by extension 'cmake'
[0.795s] Level 1:colcon.colcon_core.package_identification:_identify(.) by extension 'python'
[0.795s] Level 1:colcon.colcon_core.package_identification:_identify(.) by extensions ['python_setup_py']
[0.795s] Level 1:colcon.colcon_core.package_identification:_identify(.) by extension 'python_setup_py'
[0.795s] Level 1:colcon.colcon_core.package_identification:_identify(TestTry) by extensions ['ignore', 'ignore_ament_install']
[0.796s] Level 1:colcon.colcon_core.package_identification:_identify(TestTry) by extension 'ignore'
[0.796s] Level 1:colcon.colcon_core.package_identification:_identify(TestTry) by extension 'ignore_ament_install'
[0.796s] Level 1:colcon.colcon_core.package_identification:_identify(TestTry) by extensions ['colcon_pkg']
[0.796s] Level 1:colcon.colcon_core.package_identification:_identify(TestTry) by extension 'colcon_pkg'
[0.796s] Level 1:colcon.colcon_core.package_identification:_identify(TestTry) by extensions ['colcon_meta']
[0.796s] Level 1:colcon.colcon_core.package_identification:_identify(TestTry) by extension 'colcon_meta'
[0.796s] Level 1:colcon.colcon_core.package_identification:_identify(TestTry) by extensions ['ros']
[0.796s] Level 1:colcon.colcon_core.package_identification:_identify(TestTry) by extension 'ros'
[0.796s] Level 1:colcon.colcon_core.package_identification:_identify(TestTry) by extensions ['cmake', 'python']
[0.797s] Level 1:colcon.colcon_core.package_identification:_identify(TestTry) by extension 'cmake'
[0.797s] Level 1:colcon.colcon_core.package_identification:_identify(TestTry) by extension 'python'
[0.797s] Level 1:colcon.colcon_core.package_identification:_identify(TestTry) by extensions ['python_setup_py']
[0.797s] Level 1:colcon.colcon_core.package_identification:_identify(TestTry) by extension 'python_setup_py'
[0.797s] Level 1:colcon.colcon_core.package_identification:_identify(TestTry/subset) by extensions ['ignore', 'ignore_ament_install']
[0.797s] Level 1:colcon.colcon_core.package_identification:_identify(TestTry/subset) by extension 'ignore'
[0.797s] Level 1:colcon.colcon_core.package_identification:_identify(TestTry/subset) by extension 'ignore_ament_install'
[0.797s] Level 1:colcon.colcon_core.package_identification:_identify(TestTry/subset) by extensions ['colcon_pkg']
[0.797s] Level 1:colcon.colcon_core.package_identification:_identify(TestTry/subset) by extension 'colcon_pkg'
[0.798s] Level 1:colcon.colcon_core.package_identification:_identify(TestTry/subset) by extensions ['colcon_meta']
[0.798s] Level 1:colcon.colcon_core.package_identification:_identify(TestTry/subset) by extension 'colcon_meta'
[0.798s] Level 1:colcon.colcon_core.package_identification:_identify(TestTry/subset) by extensions ['ros']
[0.798s] Level 1:colcon.colcon_core.package_identification:_identify(TestTry/subset) by extension 'ros'
[0.798s] Level 1:colcon.colcon_core.package_identification:_identify(TestTry/subset) by extensions ['cmake', 'python']
[0.798s] Level 1:colcon.colcon_core.package_identification:_identify(TestTry/subset) by extension 'cmake'
[0.798s] Level 1:colcon.colcon_core.package_identification:_identify(TestTry/subset) by extension 'python'
[0.798s] Level 1:colcon.colcon_core.package_identification:_identify(TestTry/subset) by extensions ['python_setup_py']
[0.798s] Level 1:colcon.colcon_core.package_identification:_identify(TestTry/subset) by extension 'python_setup_py'
[0.798s] Level 1:colcon.colcon_core.package_identification:_identify(build) by extensions ['ignore', 'ignore_ament_install']
[0.799s] Level 1:colcon.colcon_core.package_identification:_identify(build) by extension 'ignore'
[0.799s] Level 1:colcon.colcon_core.package_identification:_identify(build) ignored
[0.799s] Level 1:colcon.colcon_core.package_identification:_identify(install) by extensions ['ignore', 'ignore_ament_install']
[0.799s] Level 1:colcon.colcon_core.package_identification:_identify(install) by extension 'ignore'
[0.799s] Level 1:colcon.colcon_core.package_identification:_identify(install) ignored
[0.800s] Level 1:colcon.colcon_core.package_identification:_identify(log) by extensions ['ignore', 'ignore_ament_install']
[0.800s] Level 1:colcon.colcon_core.package_identification:_identify(log) by extension 'ignore'
[0.800s] Level 1:colcon.colcon_core.package_identification:_identify(log) ignored
[0.800s] Level 1:colcon.colcon_core.package_identification:_identify(record_only) by extensions ['ignore', 'ignore_ament_install']
[0.800s] Level 1:colcon.colcon_core.package_identification:_identify(record_only) by extension 'ignore'
[0.800s] Level 1:colcon.colcon_core.package_identification:_identify(record_only) by extension 'ignore_ament_install'
[0.800s] Level 1:colcon.colcon_core.package_identification:_identify(record_only) by extensions ['colcon_pkg']
[0.800s] Level 1:colcon.colcon_core.package_identification:_identify(record_only) by extension 'colcon_pkg'
[0.801s] Level 1:colcon.colcon_core.package_identification:_identify(record_only) by extensions ['colcon_meta']
[0.801s] Level 1:colcon.colcon_core.package_identification:_identify(record_only) by extension 'colcon_meta'
[0.801s] Level 1:colcon.colcon_core.package_identification:_identify(record_only) by extensions ['ros']
[0.801s] Level 1:colcon.colcon_core.package_identification:_identify(record_only) by extension 'ros'
[0.801s] Level 1:colcon.colcon_core.package_identification:_identify(record_only) by extensions ['cmake', 'python']
[0.801s] Level 1:colcon.colcon_core.package_identification:_identify(record_only) by extension 'cmake'
[0.801s] Level 1:colcon.colcon_core.package_identification:_identify(record_only) by extension 'python'
[0.801s] Level 1:colcon.colcon_core.package_identification:_identify(record_only) by extensions ['python_setup_py']
[0.801s] Level 1:colcon.colcon_core.package_identification:_identify(record_only) by extension 'python_setup_py'
[0.801s] Level 1:colcon.colcon_core.package_identification:_identify(record_only/subset) by extensions ['ignore', 'ignore_ament_install']
[0.802s] Level 1:colcon.colcon_core.package_identification:_identify(record_only/subset) by extension 'ignore'
[0.802s] Level 1:colcon.colcon_core.package_identification:_identify(record_only/subset) by extension 'ignore_ament_install'
[0.802s] Level 1:colcon.colcon_core.package_identification:_identify(record_only/subset) by extensions ['colcon_pkg']
[0.802s] Level 1:colcon.colcon_core.package_identification:_identify(record_only/subset) by extension 'colcon_pkg'
[0.802s] Level 1:colcon.colcon_core.package_identification:_identify(record_only/subset) by extensions ['colcon_meta']
[0.802s] Level 1:colcon.colcon_core.package_identification:_identify(record_only/subset) by extension 'colcon_meta'
[0.802s] Level 1:colcon.colcon_core.package_identification:_identify(record_only/subset) by extensions ['ros']
[0.802s] Level 1:colcon.colcon_core.package_identification:_identify(record_only/subset) by extension 'ros'
[0.802s] Level 1:colcon.colcon_core.package_identification:_identify(record_only/subset) by extensions ['cmake', 'python']
[0.802s] Level 1:colcon.colcon_core.package_identification:_identify(record_only/subset) by extension 'cmake'
[0.802s] Level 1:colcon.colcon_core.package_identification:_identify(record_only/subset) by extension 'python'
[0.803s] Level 1:colcon.colcon_core.package_identification:_identify(record_only/subset) by extensions ['python_setup_py']
[0.803s] Level 1:colcon.colcon_core.package_identification:_identify(record_only/subset) by extension 'python_setup_py'
[0.803s] Level 1:colcon.colcon_core.package_identification:_identify(src) by extensions ['ignore', 'ignore_ament_install']
[0.803s] Level 1:colcon.colcon_core.package_identification:_identify(src) by extension 'ignore'
[0.803s] Level 1:colcon.colcon_core.package_identification:_identify(src) by extension 'ignore_ament_install'
[0.803s] Level 1:colcon.colcon_core.package_identification:_identify(src) by extensions ['colcon_pkg']
[0.803s] Level 1:colcon.colcon_core.package_identification:_identify(src) by extension 'colcon_pkg'
[0.803s] Level 1:colcon.colcon_core.package_identification:_identify(src) by extensions ['colcon_meta']
[0.803s] Level 1:colcon.colcon_core.package_identification:_identify(src) by extension 'colcon_meta'
[0.804s] Level 1:colcon.colcon_core.package_identification:_identify(src) by extensions ['ros']
[0.804s] Level 1:colcon.colcon_core.package_identification:_identify(src) by extension 'ros'
[0.804s] Level 1:colcon.colcon_core.package_identification:_identify(src) by extensions ['cmake', 'python']
[0.804s] Level 1:colcon.colcon_core.package_identification:_identify(src) by extension 'cmake'
[0.804s] Level 1:colcon.colcon_core.package_identification:_identify(src) by extension 'python'
[0.804s] Level 1:colcon.colcon_core.package_identification:_identify(src) by extensions ['python_setup_py']
[0.804s] Level 1:colcon.colcon_core.package_identification:_identify(src) by extension 'python_setup_py'
[0.804s] Level 1:colcon.colcon_core.package_identification:_identify(src/backscatter_movement_record_msgs_srvs) by extensions ['ignore', 'ignore_ament_install']
[0.804s] Level 1:colcon.colcon_core.package_identification:_identify(src/backscatter_movement_record_msgs_srvs) by extension 'ignore'
[0.805s] Level 1:colcon.colcon_core.package_identification:_identify(src/backscatter_movement_record_msgs_srvs) by extension 'ignore_ament_install'
[0.805s] Level 1:colcon.colcon_core.package_identification:_identify(src/backscatter_movement_record_msgs_srvs) by extensions ['colcon_pkg']
[0.805s] Level 1:colcon.colcon_core.package_identification:_identify(src/backscatter_movement_record_msgs_srvs) by extension 'colcon_pkg'
[0.805s] Level 1:colcon.colcon_core.package_identification:_identify(src/backscatter_movement_record_msgs_srvs) by extensions ['colcon_meta']
[0.805s] Level 1:colcon.colcon_core.package_identification:_identify(src/backscatter_movement_record_msgs_srvs) by extension 'colcon_meta'
[0.805s] Level 1:colcon.colcon_core.package_identification:_identify(src/backscatter_movement_record_msgs_srvs) by extensions ['ros']
[0.805s] Level 1:colcon.colcon_core.package_identification:_identify(src/backscatter_movement_record_msgs_srvs) by extension 'ros'
[0.810s] DEBUG:colcon.colcon_core.package_identification:Package 'src/backscatter_movement_record_msgs_srvs' with type 'ros.ament_cmake' and name 'backscatter_movement_record_msgs_srvs'
[0.811s] Level 1:colcon.colcon_core.package_identification:_identify(src/backscatter_rover_data_recorder) by extensions ['ignore', 'ignore_ament_install']
[0.811s] Level 1:colcon.colcon_core.package_identification:_identify(src/backscatter_rover_data_recorder) by extension 'ignore'
[0.811s] Level 1:colcon.colcon_core.package_identification:_identify(src/backscatter_rover_data_recorder) by extension 'ignore_ament_install'
[0.811s] Level 1:colcon.colcon_core.package_identification:_identify(src/backscatter_rover_data_recorder) by extensions ['colcon_pkg']
[0.811s] Level 1:colcon.colcon_core.package_identification:_identify(src/backscatter_rover_data_recorder) by extension 'colcon_pkg'
[0.811s] Level 1:colcon.colcon_core.package_identification:_identify(src/backscatter_rover_data_recorder) by extensions ['colcon_meta']
[0.811s] Level 1:colcon.colcon_core.package_identification:_identify(src/backscatter_rover_data_recorder) by extension 'colcon_meta'
[0.812s] Level 1:colcon.colcon_core.package_identification:_identify(src/backscatter_rover_data_recorder) by extensions ['ros']
[0.812s] Level 1:colcon.colcon_core.package_identification:_identify(src/backscatter_rover_data_recorder) by extension 'ros'
[0.813s] DEBUG:colcon.colcon_core.package_identification:Package 'src/backscatter_rover_data_recorder' with type 'ros.ament_python' and name 'backscatter_rover_data_recorder'
[0.813s] Level 1:colcon.colcon_core.package_identification:_identify(src/rosbag2_py) by extensions ['ignore', 'ignore_ament_install']
[0.813s] Level 1:colcon.colcon_core.package_identification:_identify(src/rosbag2_py) by extension 'ignore'
[0.814s] Level 1:colcon.colcon_core.package_identification:_identify(src/rosbag2_py) by extension 'ignore_ament_install'
[0.814s] Level 1:colcon.colcon_core.package_identification:_identify(src/rosbag2_py) by extensions ['colcon_pkg']
[0.814s] Level 1:colcon.colcon_core.package_identification:_identify(src/rosbag2_py) by extension 'colcon_pkg'
[0.814s] Level 1:colcon.colcon_core.package_identification:_identify(src/rosbag2_py) by extensions ['colcon_meta']
[0.814s] Level 1:colcon.colcon_core.package_identification:_identify(src/rosbag2_py) by extension 'colcon_meta'
[0.814s] Level 1:colcon.colcon_core.package_identification:_identify(src/rosbag2_py) by extensions ['ros']
[0.814s] Level 1:colcon.colcon_core.package_identification:_identify(src/rosbag2_py) by extension 'ros'
[0.816s] DEBUG:colcon.colcon_core.package_identification:Package 'src/rosbag2_py' with type 'ros.ament_cmake' and name 'rosbag2_py'
[0.816s] Level 1:colcon.colcon_core.package_identification:_identify(src/rospy_message_converter) by extensions ['ignore', 'ignore_ament_install']
[0.817s] Level 1:colcon.colcon_core.package_identification:_identify(src/rospy_message_converter) by extension 'ignore'
[0.817s] Level 1:colcon.colcon_core.package_identification:_identify(src/rospy_message_converter) by extension 'ignore_ament_install'
[0.817s] Level 1:colcon.colcon_core.package_identification:_identify(src/rospy_message_converter) by extensions ['colcon_pkg']
[0.817s] Level 1:colcon.colcon_core.package_identification:_identify(src/rospy_message_converter) by extension 'colcon_pkg'
[0.817s] Level 1:colcon.colcon_core.package_identification:_identify(src/rospy_message_converter) by extensions ['colcon_meta']
[0.817s] Level 1:colcon.colcon_core.package_identification:_identify(src/rospy_message_converter) by extension 'colcon_meta'
[0.817s] Level 1:colcon.colcon_core.package_identification:_identify(src/rospy_message_converter) by extensions ['ros']
[0.817s] Level 1:colcon.colcon_core.package_identification:_identify(src/rospy_message_converter) by extension 'ros'
[0.817s] Level 1:colcon.colcon_core.package_identification:_identify(src/rospy_message_converter) by extensions ['cmake', 'python']
[0.818s] Level 1:colcon.colcon_core.package_identification:_identify(src/rospy_message_converter) by extension 'cmake'
[0.818s] Level 1:colcon.colcon_core.package_identification:_identify(src/rospy_message_converter) by extension 'python'
[0.818s] Level 1:colcon.colcon_core.package_identification:_identify(src/rospy_message_converter) by extensions ['python_setup_py']
[0.818s] Level 1:colcon.colcon_core.package_identification:_identify(src/rospy_message_converter) by extension 'python_setup_py'
[0.818s] Level 1:colcon.colcon_core.package_identification:_identify(src/rospy_message_converter/rclpy_message_converter) by extensions ['ignore', 'ignore_ament_install']
[0.818s] Level 1:colcon.colcon_core.package_identification:_identify(src/rospy_message_converter/rclpy_message_converter) by extension 'ignore'
[0.818s] Level 1:colcon.colcon_core.package_identification:_identify(src/rospy_message_converter/rclpy_message_converter) by extension 'ignore_ament_install'
[0.818s] Level 1:colcon.colcon_core.package_identification:_identify(src/rospy_message_converter/rclpy_message_converter) by extensions ['colcon_pkg']
[0.818s] Level 1:colcon.colcon_core.package_identification:_identify(src/rospy_message_converter/rclpy_message_converter) by extension 'colcon_pkg'
[0.819s] Level 1:colcon.colcon_core.package_identification:_identify(src/rospy_message_converter/rclpy_message_converter) by extensions ['colcon_meta']
[0.819s] Level 1:colcon.colcon_core.package_identification:_identify(src/rospy_message_converter/rclpy_message_converter) by extension 'colcon_meta'
[0.819s] Level 1:colcon.colcon_core.package_identification:_identify(src/rospy_message_converter/rclpy_message_converter) by extensions ['ros']
[0.819s] Level 1:colcon.colcon_core.package_identification:_identify(src/rospy_message_converter/rclpy_message_converter) by extension 'ros'
[0.820s] DEBUG:colcon.colcon_core.package_identification:Package 'src/rospy_message_converter/rclpy_message_converter' with type 'ros.ament_python' and name 'rclpy_message_converter'
[0.821s] Level 1:colcon.colcon_core.package_identification:_identify(src/rospy_message_converter/rclpy_message_converter_msgs) by extensions ['ignore', 'ignore_ament_install']
[0.821s] Level 1:colcon.colcon_core.package_identification:_identify(src/rospy_message_converter/rclpy_message_converter_msgs) by extension 'ignore'
[0.821s] Level 1:colcon.colcon_core.package_identification:_identify(src/rospy_message_converter/rclpy_message_converter_msgs) by extension 'ignore_ament_install'
[0.821s] Level 1:colcon.colcon_core.package_identification:_identify(src/rospy_message_converter/rclpy_message_converter_msgs) by extensions ['colcon_pkg']
[0.821s] Level 1:colcon.colcon_core.package_identification:_identify(src/rospy_message_converter/rclpy_message_converter_msgs) by extension 'colcon_pkg'
[0.821s] Level 1:colcon.colcon_core.package_identification:_identify(src/rospy_message_converter/rclpy_message_converter_msgs) by extensions ['colcon_meta']
[0.821s] Level 1:colcon.colcon_core.package_identification:_identify(src/rospy_message_converter/rclpy_message_converter_msgs) by extension 'colcon_meta'
[0.822s] Level 1:colcon.colcon_core.package_identification:_identify(src/rospy_message_converter/rclpy_message_converter_msgs) by extensions ['ros']
[0.822s] Level 1:colcon.colcon_core.package_identification:_identify(src/rospy_message_converter/rclpy_message_converter_msgs) by extension 'ros'
[0.823s] DEBUG:colcon.colcon_core.package_identification:Package 'src/rospy_message_converter/rclpy_message_converter_msgs' with type 'ros.ament_cmake' and name 'rclpy_message_converter_msgs'
[0.823s] Level 1:colcon.colcon_core.package_identification:_identify(subset) by extensions ['ignore', 'ignore_ament_install']
[0.823s] Level 1:colcon.colcon_core.package_identification:_identify(subset) by extension 'ignore'
[0.823s] Level 1:colcon.colcon_core.package_identification:_identify(subset) by extension 'ignore_ament_install'
[0.823s] Level 1:colcon.colcon_core.package_identification:_identify(subset) by extensions ['colcon_pkg']
[0.823s] Level 1:colcon.colcon_core.package_identification:_identify(subset) by extension 'colcon_pkg'
[0.823s] Level 1:colcon.colcon_core.package_identification:_identify(subset) by extensions ['colcon_meta']
[0.824s] Level 1:colcon.colcon_core.package_identification:_identify(subset) by extension 'colcon_meta'
[0.824s] Level 1:colcon.colcon_core.package_identification:_identify(subset) by extensions ['ros']
[0.824s] Level 1:colcon.colcon_core.package_identification:_identify(subset) by extension 'ros'
[0.824s] Level 1:colcon.colcon_core.package_identification:_identify(subset) by extensions ['cmake', 'python']
[0.824s] Level 1:colcon.colcon_core.package_identification:_identify(subset) by extension 'cmake'
[0.824s] Level 1:colcon.colcon_core.package_identification:_identify(subset) by extension 'python'
[0.824s] Level 1:colcon.colcon_core.package_identification:_identify(subset) by extensions ['python_setup_py']
[0.824s] Level 1:colcon.colcon_core.package_identification:_identify(subset) by extension 'python_setup_py'
[0.824s] Level 1:colcon.colcon_core.package_discovery:discover_packages(recursive) using defaults
[0.824s] Level 1:colcon.colcon_core.package_discovery:discover_packages(ignore) discover
[0.824s] Level 1:colcon.colcon_core.package_discovery:discover_packages(ignore) using defaults
[0.825s] Level 1:colcon.colcon_core.package_discovery:discover_packages(path) discover
[0.825s] Level 1:colcon.colcon_core.package_discovery:discover_packages(path) using defaults
[0.887s] Level 1:colcon.colcon_core.package_discovery:discover_packages(prefix_path) check parameters
[0.887s] Level 1:colcon.colcon_core.package_discovery:discover_packages(prefix_path) discover
[0.891s] DEBUG:colcon.colcon_installed_package_information.package_discovery:Found 10 installed packages in /home/wings/Backscatter_UGV_ws/install
[0.894s] DEBUG:colcon.colcon_installed_package_information.package_discovery:Found 333 installed packages in /opt/ros/foxy
[0.898s] Level 1:colcon.colcon_core.package_discovery:discover_packages(prefix_path) using defaults
[1.039s] Level 5:colcon.colcon_core.verb:set package 'backscatter_movement_record_msgs_srvs' build argument 'cmake_args' from command line to 'None'
[1.039s] Level 5:colcon.colcon_core.verb:set package 'backscatter_movement_record_msgs_srvs' build argument 'cmake_target' from command line to 'None'
[1.039s] Level 5:colcon.colcon_core.verb:set package 'backscatter_movement_record_msgs_srvs' build argument 'cmake_target_skip_unavailable' from command line to 'False'
[1.039s] Level 5:colcon.colcon_core.verb:set package 'backscatter_movement_record_msgs_srvs' build argument 'cmake_clean_cache' from command line to 'False'
[1.039s] Level 5:colcon.colcon_core.verb:set package 'backscatter_movement_record_msgs_srvs' build argument 'cmake_clean_first' from command line to 'False'
[1.039s] Level 5:colcon.colcon_core.verb:set package 'backscatter_movement_record_msgs_srvs' build argument 'cmake_force_configure' from command line to 'False'
[1.039s] Level 5:colcon.colcon_core.verb:set package 'backscatter_movement_record_msgs_srvs' build argument 'ament_cmake_args' from command line to 'None'
[1.039s] Level 5:colcon.colcon_core.verb:set package 'backscatter_movement_record_msgs_srvs' build argument 'catkin_cmake_args' from command line to 'None'
[1.040s] Level 5:colcon.colcon_core.verb:set package 'backscatter_movement_record_msgs_srvs' build argument 'catkin_skip_building_tests' from command line to 'False'
[1.040s] DEBUG:colcon.colcon_core.verb:Building package 'backscatter_movement_record_msgs_srvs' with the following arguments: {'ament_cmake_args': None, 'build_base': '/home/wings/Backscatter_UGV_ws/build/backscatter_movement_record_msgs_srvs', 'catkin_cmake_args': None, 'catkin_skip_building_tests': False, 'cmake_args': None, 'cmake_clean_cache': False, 'cmake_clean_first': False, 'cmake_force_configure': False, 'cmake_target': None, 'cmake_target_skip_unavailable': False, 'install_base': '/home/wings/Backscatter_UGV_ws/install/backscatter_movement_record_msgs_srvs', 'merge_install': False, 'path': '/home/wings/Backscatter_UGV_ws/src/backscatter_movement_record_msgs_srvs', 'symlink_install': False, 'test_result_base': None}
[1.040s] Level 5:colcon.colcon_core.verb:set package 'backscatter_rover_data_recorder' build argument 'cmake_args' from command line to 'None'
[1.040s] Level 5:colcon.colcon_core.verb:set package 'backscatter_rover_data_recorder' build argument 'cmake_target' from command line to 'None'
[1.040s] Level 5:colcon.colcon_core.verb:set package 'backscatter_rover_data_recorder' build argument 'cmake_target_skip_unavailable' from command line to 'False'
[1.041s] Level 5:colcon.colcon_core.verb:set package 'backscatter_rover_data_recorder' build argument 'cmake_clean_cache' from command line to 'False'
[1.041s] Level 5:colcon.colcon_core.verb:set package 'backscatter_rover_data_recorder' build argument 'cmake_clean_first' from command line to 'False'
[1.041s] Level 5:colcon.colcon_core.verb:set package 'backscatter_rover_data_recorder' build argument 'cmake_force_configure' from command line to 'False'
[1.041s] Level 5:colcon.colcon_core.verb:set package 'backscatter_rover_data_recorder' build argument 'ament_cmake_args' from command line to 'None'
[1.041s] Level 5:colcon.colcon_core.verb:set package 'backscatter_rover_data_recorder' build argument 'catkin_cmake_args' from command line to 'None'
[1.041s] Level 5:colcon.colcon_core.verb:set package 'backscatter_rover_data_recorder' build argument 'catkin_skip_building_tests' from command line to 'False'
[1.041s] DEBUG:colcon.colcon_core.verb:Building package 'backscatter_rover_data_recorder' with the following arguments: {'ament_cmake_args': None, 'build_base': '/home/wings/Backscatter_UGV_ws/build/backscatter_rover_data_recorder', 'catkin_cmake_args': None, 'catkin_skip_building_tests': False, 'cmake_args': None, 'cmake_clean_cache': False, 'cmake_clean_first': False, 'cmake_force_configure': False, 'cmake_target': None, 'cmake_target_skip_unavailable': False, 'install_base': '/home/wings/Backscatter_UGV_ws/install/backscatter_rover_data_recorder', 'merge_install': False, 'path': '/home/wings/Backscatter_UGV_ws/src/backscatter_rover_data_recorder', 'symlink_install': False, 'test_result_base': None}
[1.041s] Level 5:colcon.colcon_core.verb:set package 'rclpy_message_converter_msgs' build argument 'cmake_args' from command line to 'None'
[1.042s] Level 5:colcon.colcon_core.verb:set package 'rclpy_message_converter_msgs' build argument 'cmake_target' from command line to 'None'
[1.042s] Level 5:colcon.colcon_core.verb:set package 'rclpy_message_converter_msgs' build argument 'cmake_target_skip_unavailable' from command line to 'False'
[1.042s] Level 5:colcon.colcon_core.verb:set package 'rclpy_message_converter_msgs' build argument 'cmake_clean_cache' from command line to 'False'
[1.042s] Level 5:colcon.colcon_core.verb:set package 'rclpy_message_converter_msgs' build argument 'cmake_clean_first' from command line to 'False'
[1.042s] Level 5:colcon.colcon_core.verb:set package 'rclpy_message_converter_msgs' build argument 'cmake_force_configure' from command line to 'False'
[1.042s] Level 5:colcon.colcon_core.verb:set package 'rclpy_message_converter_msgs' build argument 'ament_cmake_args' from command line to 'None'
[1.042s] Level 5:colcon.colcon_core.verb:set package 'rclpy_message_converter_msgs' build argument 'catkin_cmake_args' from command line to 'None'
[1.042s] Level 5:colcon.colcon_core.verb:set package 'rclpy_message_converter_msgs' build argument 'catkin_skip_building_tests' from command line to 'False'
[1.042s] DEBUG:colcon.colcon_core.verb:Building package 'rclpy_message_converter_msgs' with the following arguments: {'ament_cmake_args': None, 'build_base': '/home/wings/Backscatter_UGV_ws/build/rclpy_message_converter_msgs', 'catkin_cmake_args': None, 'catkin_skip_building_tests': False, 'cmake_args': None, 'cmake_clean_cache': False, 'cmake_clean_first': False, 'cmake_force_configure': False, 'cmake_target': None, 'cmake_target_skip_unavailable': False, 'install_base': '/home/wings/Backscatter_UGV_ws/install/rclpy_message_converter_msgs', 'merge_install': False, 'path': '/home/wings/Backscatter_UGV_ws/src/rospy_message_converter/rclpy_message_converter_msgs', 'symlink_install': False, 'test_result_base': None}
[1.043s] Level 5:colcon.colcon_core.verb:set package 'rosbag2_py' build argument 'cmake_args' from command line to 'None'
[1.043s] Level 5:colcon.colcon_core.verb:set package 'rosbag2_py' build argument 'cmake_target' from command line to 'None'
[1.043s] Level 5:colcon.colcon_core.verb:set package 'rosbag2_py' build argument 'cmake_target_skip_unavailable' from command line to 'False'
[1.043s] Level 5:colcon.colcon_core.verb:set package 'rosbag2_py' build argument 'cmake_clean_cache' from command line to 'False'
[1.043s] Level 5:colcon.colcon_core.verb:set package 'rosbag2_py' build argument 'cmake_clean_first' from command line to 'False'
[1.043s] Level 5:colcon.colcon_core.verb:set package 'rosbag2_py' build argument 'cmake_force_configure' from command line to 'False'
[1.043s] Level 5:colcon.colcon_core.verb:set package 'rosbag2_py' build argument 'ament_cmake_args' from command line to 'None'
[1.043s] Level 5:colcon.colcon_core.verb:set package 'rosbag2_py' build argument 'catkin_cmake_args' from command line to 'None'
[1.043s] Level 5:colcon.colcon_core.verb:set package 'rosbag2_py' build argument 'catkin_skip_building_tests' from command line to 'False'
[1.043s] DEBUG:colcon.colcon_core.verb:Building package 'rosbag2_py' with the following arguments: {'ament_cmake_args': None, 'build_base': '/home/wings/Backscatter_UGV_ws/build/rosbag2_py', 'catkin_cmake_args': None, 'catkin_skip_building_tests': False, 'cmake_args': None, 'cmake_clean_cache': False, 'cmake_clean_first': False, 'cmake_force_configure': False, 'cmake_target': None, 'cmake_target_skip_unavailable': False, 'install_base': '/home/wings/Backscatter_UGV_ws/install/rosbag2_py', 'merge_install': False, 'path': '/home/wings/Backscatter_UGV_ws/src/rosbag2_py', 'symlink_install': False, 'test_result_base': None}
[1.044s] Level 5:colcon.colcon_core.verb:set package 'rclpy_message_converter' build argument 'cmake_args' from command line to 'None'
[1.044s] Level 5:colcon.colcon_core.verb:set package 'rclpy_message_converter' build argument 'cmake_target' from command line to 'None'
[1.044s] Level 5:colcon.colcon_core.verb:set package 'rclpy_message_converter' build argument 'cmake_target_skip_unavailable' from command line to 'False'
[1.044s] Level 5:colcon.colcon_core.verb:set package 'rclpy_message_converter' build argument 'cmake_clean_cache' from command line to 'False'
[1.044s] Level 5:colcon.colcon_core.verb:set package 'rclpy_message_converter' build argument 'cmake_clean_first' from command line to 'False'
[1.044s] Level 5:colcon.colcon_core.verb:set package 'rclpy_message_converter' build argument 'cmake_force_configure' from command line to 'False'
[1.044s] Level 5:colcon.colcon_core.verb:set package 'rclpy_message_converter' build argument 'ament_cmake_args' from command line to 'None'
[1.044s] Level 5:colcon.colcon_core.verb:set package 'rclpy_message_converter' build argument 'catkin_cmake_args' from command line to 'None'
[1.044s] Level 5:colcon.colcon_core.verb:set package 'rclpy_message_converter' build argument 'catkin_skip_building_tests' from command line to 'False'
[1.044s] DEBUG:colcon.colcon_core.verb:Building package 'rclpy_message_converter' with the following arguments: {'ament_cmake_args': None, 'build_base': '/home/wings/Backscatter_UGV_ws/build/rclpy_message_converter', 'catkin_cmake_args': None, 'catkin_skip_building_tests': False, 'cmake_args': None, 'cmake_clean_cache': False, 'cmake_clean_first': False, 'cmake_force_configure': False, 'cmake_target': None, 'cmake_target_skip_unavailable': False, 'install_base': '/home/wings/Backscatter_UGV_ws/install/rclpy_message_converter', 'merge_install': False, 'path': '/home/wings/Backscatter_UGV_ws/src/rospy_message_converter/rclpy_message_converter', 'symlink_install': False, 'test_result_base': None}
[1.045s] INFO:colcon.colcon_core.executor:Executing jobs using 'parallel' executor
[1.047s] DEBUG:colcon.colcon_parallel_executor.executor.parallel:run_until_complete
[1.047s] INFO:colcon.colcon_ros.task.ament_cmake.build:Building ROS package in '/home/wings/Backscatter_UGV_ws/src/rospy_message_converter/rclpy_message_converter_msgs' with build type 'ament_cmake'
[1.048s] INFO:colcon.colcon_cmake.task.cmake.build:Building CMake package in '/home/wings/Backscatter_UGV_ws/src/rospy_message_converter/rclpy_message_converter_msgs'
[1.052s] INFO:colcon.colcon_core.plugin_system:Skipping extension 'colcon_core.shell.bat': Not used on non-Windows systems
[1.052s] INFO:colcon.colcon_core.shell:Skip shell extension 'powershell' for command environment: Not usable outside of PowerShell
[1.052s] DEBUG:colcon.colcon_core.shell:Skip shell extension 'dsv' for command environment
[1.063s] INFO:colcon.colcon_ros.task.ament_cmake.build:Building ROS package in '/home/wings/Backscatter_UGV_ws/src/backscatter_movement_record_msgs_srvs' with build type 'ament_cmake'
[1.064s] INFO:colcon.colcon_cmake.task.cmake.build:Building CMake package in '/home/wings/Backscatter_UGV_ws/src/backscatter_movement_record_msgs_srvs'
[1.065s] INFO:colcon.colcon_core.shell:Skip shell extension 'powershell' for command environment: Not usable outside of PowerShell
[1.065s] DEBUG:colcon.colcon_core.shell:Skip shell extension 'dsv' for command environment
[1.077s] INFO:colcon.colcon_ros.task.ament_python.build:Building ROS package in '/home/wings/Backscatter_UGV_ws/src/backscatter_rover_data_recorder' with build type 'ament_python'
[1.077s] Level 1:colcon.colcon_core.shell:create_environment_hook('backscatter_rover_data_recorder', 'ament_prefix_path')
[1.078s] INFO:colcon.colcon_core.shell:Creating environment hook '/home/wings/Backscatter_UGV_ws/install/backscatter_rover_data_recorder/share/backscatter_rover_data_recorder/hook/ament_prefix_path.ps1'
[1.080s] INFO:colcon.colcon_core.shell:Creating environment descriptor '/home/wings/Backscatter_UGV_ws/install/backscatter_rover_data_recorder/share/backscatter_rover_data_recorder/hook/ament_prefix_path.dsv'
[1.081s] INFO:colcon.colcon_core.shell:Creating environment hook '/home/wings/Backscatter_UGV_ws/install/backscatter_rover_data_recorder/share/backscatter_rover_data_recorder/hook/ament_prefix_path.sh'
[1.082s] INFO:colcon.colcon_core.shell:Skip shell extension 'powershell' for command environment: Not usable outside of PowerShell
[1.083s] DEBUG:colcon.colcon_core.shell:Skip shell extension 'dsv' for command environment
[1.094s] INFO:colcon.colcon_ros.task.ament_cmake.build:Building ROS package in '/home/wings/Backscatter_UGV_ws/src/rosbag2_py' with build type 'ament_cmake'
[1.094s] INFO:colcon.colcon_cmake.task.cmake.build:Building CMake package in '/home/wings/Backscatter_UGV_ws/src/rosbag2_py'
[1.095s] INFO:colcon.colcon_core.shell:Skip shell extension 'powershell' for command environment: Not usable outside of PowerShell
[1.095s] DEBUG:colcon.colcon_core.shell:Skip shell extension 'dsv' for command environment
[1.114s] DEBUG:colcon.colcon_core.event_handler.log_command:Invoking command in '/home/wings/Backscatter_UGV_ws/build/rclpy_message_converter_msgs': CMAKE_PREFIX_PATH=${CMAKE_PREFIX_PATH}:/home/wings/Backscatter_UGV_ws/install/rclpy_message_converter_msgs:/home/wings/Backscatter_UGV_ws/install/rclpy_message_converter:/home/wings/Backscatter_UGV_ws/install/backscatter_rover_data_recorder:/home/wings/Backscatter_UGV_ws/install/backscatter_movement_record_msgs_srvs:/opt/ros/foxy /usr/bin/cmake --build /home/wings/Backscatter_UGV_ws/build/rclpy_message_converter_msgs -- -j6 -l6
[1.126s] DEBUG:colcon.colcon_core.event_handler.log_command:Invoking command in '/home/wings/Backscatter_UGV_ws/build/backscatter_movement_record_msgs_srvs': CMAKE_PREFIX_PATH=${CMAKE_PREFIX_PATH}:/home/wings/Backscatter_UGV_ws/install/rclpy_message_converter_msgs:/home/wings/Backscatter_UGV_ws/install/rclpy_message_converter:/home/wings/Backscatter_UGV_ws/install/backscatter_rover_data_recorder:/home/wings/Backscatter_UGV_ws/install/backscatter_movement_record_msgs_srvs:/opt/ros/foxy /usr/bin/cmake --build /home/wings/Backscatter_UGV_ws/build/backscatter_movement_record_msgs_srvs -- -j6 -l6
[1.659s] INFO:colcon.colcon_core.task.python.build:Building Python package in '/home/wings/Backscatter_UGV_ws/src/backscatter_rover_data_recorder'
[1.660s] INFO:colcon.colcon_core.shell:Skip shell extension 'powershell' for command environment: Not usable outside of PowerShell
[1.660s] DEBUG:colcon.colcon_core.shell:Skip shell extension 'dsv' for command environment
[1.677s] DEBUG:colcon.colcon_core.event_handler.log_command:Invoking command in '/home/wings/Backscatter_UGV_ws/build/rosbag2_py': CMAKE_PREFIX_PATH=${CMAKE_PREFIX_PATH}:/home/wings/Backscatter_UGV_ws/install/rclpy_message_converter_msgs:/home/wings/Backscatter_UGV_ws/install/rclpy_message_converter:/home/wings/Backscatter_UGV_ws/install/backscatter_rover_data_recorder:/home/wings/Backscatter_UGV_ws/install/backscatter_movement_record_msgs_srvs:/opt/ros/foxy /usr/bin/cmake /home/wings/Backscatter_UGV_ws/src/rosbag2_py -DCMAKE_INSTALL_PREFIX=/home/wings/Backscatter_UGV_ws/install/rosbag2_py
[1.693s] DEBUG:colcon.colcon_core.event_handler.log_command:Invoked command in '/home/wings/Backscatter_UGV_ws/build/rclpy_message_converter_msgs' returned '0': CMAKE_PREFIX_PATH=${CMAKE_PREFIX_PATH}:/home/wings/Backscatter_UGV_ws/install/rclpy_message_converter_msgs:/home/wings/Backscatter_UGV_ws/install/rclpy_message_converter:/home/wings/Backscatter_UGV_ws/install/backscatter_rover_data_recorder:/home/wings/Backscatter_UGV_ws/install/backscatter_movement_record_msgs_srvs:/opt/ros/foxy /usr/bin/cmake --build /home/wings/Backscatter_UGV_ws/build/rclpy_message_converter_msgs -- -j6 -l6
[1.712s] DEBUG:colcon.colcon_core.event_handler.log_command:Invoking command in '/home/wings/Backscatter_UGV_ws/build/rclpy_message_converter_msgs': CMAKE_PREFIX_PATH=${CMAKE_PREFIX_PATH}:/home/wings/Backscatter_UGV_ws/install/rclpy_message_converter_msgs:/home/wings/Backscatter_UGV_ws/install/rclpy_message_converter:/home/wings/Backscatter_UGV_ws/install/backscatter_rover_data_recorder:/home/wings/Backscatter_UGV_ws/install/backscatter_movement_record_msgs_srvs:/opt/ros/foxy /usr/bin/cmake --install /home/wings/Backscatter_UGV_ws/build/rclpy_message_converter_msgs
[1.715s] DEBUG:colcon.colcon_core.event_handler.log_command:Invoked command in '/home/wings/Backscatter_UGV_ws/build/backscatter_movement_record_msgs_srvs' returned '0': CMAKE_PREFIX_PATH=${CMAKE_PREFIX_PATH}:/home/wings/Backscatter_UGV_ws/install/rclpy_message_converter_msgs:/home/wings/Backscatter_UGV_ws/install/rclpy_message_converter:/home/wings/Backscatter_UGV_ws/install/backscatter_rover_data_recorder:/home/wings/Backscatter_UGV_ws/install/backscatter_movement_record_msgs_srvs:/opt/ros/foxy /usr/bin/cmake --build /home/wings/Backscatter_UGV_ws/build/backscatter_movement_record_msgs_srvs -- -j6 -l6
[1.719s] DEBUG:colcon.colcon_core.event_handler.log_command:Invoking command in '/home/wings/Backscatter_UGV_ws/build/backscatter_movement_record_msgs_srvs': CMAKE_PREFIX_PATH=${CMAKE_PREFIX_PATH}:/home/wings/Backscatter_UGV_ws/install/rclpy_message_converter_msgs:/home/wings/Backscatter_UGV_ws/install/rclpy_message_converter:/home/wings/Backscatter_UGV_ws/install/backscatter_rover_data_recorder:/home/wings/Backscatter_UGV_ws/install/backscatter_movement_record_msgs_srvs:/opt/ros/foxy /usr/bin/cmake --install /home/wings/Backscatter_UGV_ws/build/backscatter_movement_record_msgs_srvs
[1.844s] Level 1:colcon.colcon_core.environment:create_environment_scripts_only(backscatter_movement_record_msgs_srvs)
[1.858s] Level 1:colcon.colcon_core.environment:checking '/home/wings/Backscatter_UGV_ws/install/backscatter_movement_record_msgs_srvs' for CMake module files
[1.862s] Level 1:colcon.colcon_core.environment:checking '/home/wings/Backscatter_UGV_ws/install/backscatter_movement_record_msgs_srvs' for CMake config files
[1.868s] DEBUG:colcon.colcon_core.event_handler.log_command:Invoked command in '/home/wings/Backscatter_UGV_ws/build/backscatter_movement_record_msgs_srvs' returned '0': CMAKE_PREFIX_PATH=${CMAKE_PREFIX_PATH}:/home/wings/Backscatter_UGV_ws/install/rclpy_message_converter_msgs:/home/wings/Backscatter_UGV_ws/install/rclpy_message_converter:/home/wings/Backscatter_UGV_ws/install/backscatter_rover_data_recorder:/home/wings/Backscatter_UGV_ws/install/backscatter_movement_record_msgs_srvs:/opt/ros/foxy /usr/bin/cmake --install /home/wings/Backscatter_UGV_ws/build/backscatter_movement_record_msgs_srvs
[1.869s] Level 1:colcon.colcon_core.shell:create_environment_hook('backscatter_movement_record_msgs_srvs', 'cmake_prefix_path')
[1.870s] INFO:colcon.colcon_core.shell:Creating environment hook '/home/wings/Backscatter_UGV_ws/install/backscatter_movement_record_msgs_srvs/share/backscatter_movement_record_msgs_srvs/hook/cmake_prefix_path.ps1'
[1.871s] INFO:colcon.colcon_core.shell:Creating environment descriptor '/home/wings/Backscatter_UGV_ws/install/backscatter_movement_record_msgs_srvs/share/backscatter_movement_record_msgs_srvs/hook/cmake_prefix_path.dsv'
[1.872s] INFO:colcon.colcon_core.shell:Creating environment hook '/home/wings/Backscatter_UGV_ws/install/backscatter_movement_record_msgs_srvs/share/backscatter_movement_record_msgs_srvs/hook/cmake_prefix_path.sh'
[1.874s] Level 1:colcon.colcon_core.environment:checking '/home/wings/Backscatter_UGV_ws/install/backscatter_movement_record_msgs_srvs/lib'
[1.874s] Level 1:colcon.colcon_core.shell:create_environment_hook('backscatter_movement_record_msgs_srvs', 'ld_library_path_lib')
[1.875s] INFO:colcon.colcon_core.shell:Creating environment hook '/home/wings/Backscatter_UGV_ws/install/backscatter_movement_record_msgs_srvs/share/backscatter_movement_record_msgs_srvs/hook/ld_library_path_lib.ps1'
[1.876s] INFO:colcon.colcon_core.shell:Creating environment descriptor '/home/wings/Backscatter_UGV_ws/install/backscatter_movement_record_msgs_srvs/share/backscatter_movement_record_msgs_srvs/hook/ld_library_path_lib.dsv'
[1.877s] INFO:colcon.colcon_core.shell:Creating environment hook '/home/wings/Backscatter_UGV_ws/install/backscatter_movement_record_msgs_srvs/share/backscatter_movement_record_msgs_srvs/hook/ld_library_path_lib.sh'
[1.878s] Level 1:colcon.colcon_core.environment:checking '/home/wings/Backscatter_UGV_ws/install/backscatter_movement_record_msgs_srvs/bin'
[1.878s] Level 1:colcon.colcon_core.environment:checking '/home/wings/Backscatter_UGV_ws/install/backscatter_movement_record_msgs_srvs/lib/pkgconfig/backscatter_movement_record_msgs_srvs.pc'
[1.878s] Level 1:colcon.colcon_core.environment:checking '/home/wings/Backscatter_UGV_ws/install/backscatter_movement_record_msgs_srvs/lib/python3.8/site-packages'
[1.879s] Level 1:colcon.colcon_core.shell:create_environment_hook('backscatter_movement_record_msgs_srvs', 'pythonpath')
[1.879s] INFO:colcon.colcon_core.shell:Creating environment hook '/home/wings/Backscatter_UGV_ws/install/backscatter_movement_record_msgs_srvs/share/backscatter_movement_record_msgs_srvs/hook/pythonpath.ps1'
[1.880s] INFO:colcon.colcon_core.shell:Creating environment descriptor '/home/wings/Backscatter_UGV_ws/install/backscatter_movement_record_msgs_srvs/share/backscatter_movement_record_msgs_srvs/hook/pythonpath.dsv'
[1.881s] INFO:colcon.colcon_core.shell:Creating environment hook '/home/wings/Backscatter_UGV_ws/install/backscatter_movement_record_msgs_srvs/share/backscatter_movement_record_msgs_srvs/hook/pythonpath.sh'
[1.882s] Level 1:colcon.colcon_core.environment:checking '/home/wings/Backscatter_UGV_ws/install/backscatter_movement_record_msgs_srvs/bin'
[1.883s] INFO:colcon.colcon_core.shell:Creating package script '/home/wings/Backscatter_UGV_ws/install/backscatter_movement_record_msgs_srvs/share/backscatter_movement_record_msgs_srvs/package.ps1'
[1.885s] INFO:colcon.colcon_core.shell:Creating package descriptor '/home/wings/Backscatter_UGV_ws/install/backscatter_movement_record_msgs_srvs/share/backscatter_movement_record_msgs_srvs/package.dsv'
[1.888s] INFO:colcon.colcon_core.shell:Creating package script '/home/wings/Backscatter_UGV_ws/install/backscatter_movement_record_msgs_srvs/share/backscatter_movement_record_msgs_srvs/package.sh'
[1.890s] INFO:colcon.colcon_core.shell:Creating package script '/home/wings/Backscatter_UGV_ws/install/backscatter_movement_record_msgs_srvs/share/backscatter_movement_record_msgs_srvs/package.bash'
[1.892s] INFO:colcon.colcon_core.shell:Creating package script '/home/wings/Backscatter_UGV_ws/install/backscatter_movement_record_msgs_srvs/share/backscatter_movement_record_msgs_srvs/package.zsh'
[1.893s] Level 1:colcon.colcon_core.environment:create_file_with_runtime_dependencies(/home/wings/Backscatter_UGV_ws/install/backscatter_movement_record_msgs_srvs/share/colcon-core/packages/backscatter_movement_record_msgs_srvs)
[1.895s] Level 1:colcon.colcon_core.environment:create_environment_scripts_only(backscatter_movement_record_msgs_srvs)
[1.895s] Level 1:colcon.colcon_core.environment:checking '/home/wings/Backscatter_UGV_ws/install/backscatter_movement_record_msgs_srvs' for CMake module files
[1.896s] Level 1:colcon.colcon_core.environment:checking '/home/wings/Backscatter_UGV_ws/install/backscatter_movement_record_msgs_srvs' for CMake config files
[1.898s] Level 1:colcon.colcon_core.shell:create_environment_hook('backscatter_movement_record_msgs_srvs', 'cmake_prefix_path')
[1.898s] INFO:colcon.colcon_core.shell:Creating environment hook '/home/wings/Backscatter_UGV_ws/install/backscatter_movement_record_msgs_srvs/share/backscatter_movement_record_msgs_srvs/hook/cmake_prefix_path.ps1'
[1.899s] INFO:colcon.colcon_core.shell:Creating environment descriptor '/home/wings/Backscatter_UGV_ws/install/backscatter_movement_record_msgs_srvs/share/backscatter_movement_record_msgs_srvs/hook/cmake_prefix_path.dsv'
[1.900s] INFO:colcon.colcon_core.shell:Creating environment hook '/home/wings/Backscatter_UGV_ws/install/backscatter_movement_record_msgs_srvs/share/backscatter_movement_record_msgs_srvs/hook/cmake_prefix_path.sh'
[1.901s] Level 1:colcon.colcon_core.environment:checking '/home/wings/Backscatter_UGV_ws/install/backscatter_movement_record_msgs_srvs/lib'
[1.901s] Level 1:colcon.colcon_core.shell:create_environment_hook('backscatter_movement_record_msgs_srvs', 'ld_library_path_lib')
[1.902s] INFO:colcon.colcon_core.shell:Creating environment hook '/home/wings/Backscatter_UGV_ws/install/backscatter_movement_record_msgs_srvs/share/backscatter_movement_record_msgs_srvs/hook/ld_library_path_lib.ps1'
[1.902s] INFO:colcon.colcon_core.shell:Creating environment descriptor '/home/wings/Backscatter_UGV_ws/install/backscatter_movement_record_msgs_srvs/share/backscatter_movement_record_msgs_srvs/hook/ld_library_path_lib.dsv'
[1.903s] INFO:colcon.colcon_core.shell:Creating environment hook '/home/wings/Backscatter_UGV_ws/install/backscatter_movement_record_msgs_srvs/share/backscatter_movement_record_msgs_srvs/hook/ld_library_path_lib.sh'
[1.904s] Level 1:colcon.colcon_core.environment:checking '/home/wings/Backscatter_UGV_ws/install/backscatter_movement_record_msgs_srvs/bin'
[1.904s] Level 1:colcon.colcon_core.environment:checking '/home/wings/Backscatter_UGV_ws/install/backscatter_movement_record_msgs_srvs/lib/pkgconfig/backscatter_movement_record_msgs_srvs.pc'
[1.904s] Level 1:colcon.colcon_core.environment:checking '/home/wings/Backscatter_UGV_ws/install/backscatter_movement_record_msgs_srvs/lib/python3.8/site-packages'
[1.905s] Level 1:colcon.colcon_core.shell:create_environment_hook('backscatter_movement_record_msgs_srvs', 'pythonpath')
[1.905s] INFO:colcon.colcon_core.shell:Creating environment hook '/home/wings/Backscatter_UGV_ws/install/backscatter_movement_record_msgs_srvs/share/backscatter_movement_record_msgs_srvs/hook/pythonpath.ps1'
[1.906s] INFO:colcon.colcon_core.shell:Creating environment descriptor '/home/wings/Backscatter_UGV_ws/install/backscatter_movement_record_msgs_srvs/share/backscatter_movement_record_msgs_srvs/hook/pythonpath.dsv'
[1.907s] INFO:colcon.colcon_core.shell:Creating environment hook '/home/wings/Backscatter_UGV_ws/install/backscatter_movement_record_msgs_srvs/share/backscatter_movement_record_msgs_srvs/hook/pythonpath.sh'
[1.908s] Level 1:colcon.colcon_core.environment:checking '/home/wings/Backscatter_UGV_ws/install/backscatter_movement_record_msgs_srvs/bin'
[1.909s] INFO:colcon.colcon_core.shell:Creating package script '/home/wings/Backscatter_UGV_ws/install/backscatter_movement_record_msgs_srvs/share/backscatter_movement_record_msgs_srvs/package.ps1'
[1.910s] INFO:colcon.colcon_core.shell:Creating package descriptor '/home/wings/Backscatter_UGV_ws/install/backscatter_movement_record_msgs_srvs/share/backscatter_movement_record_msgs_srvs/package.dsv'
[1.911s] INFO:colcon.colcon_core.shell:Creating package script '/home/wings/Backscatter_UGV_ws/install/backscatter_movement_record_msgs_srvs/share/backscatter_movement_record_msgs_srvs/package.sh'
[1.912s] INFO:colcon.colcon_core.shell:Creating package script '/home/wings/Backscatter_UGV_ws/install/backscatter_movement_record_msgs_srvs/share/backscatter_movement_record_msgs_srvs/package.bash'
[1.913s] INFO:colcon.colcon_core.shell:Creating package script '/home/wings/Backscatter_UGV_ws/install/backscatter_movement_record_msgs_srvs/share/backscatter_movement_record_msgs_srvs/package.zsh'
[1.914s] Level 1:colcon.colcon_core.environment:create_file_with_runtime_dependencies(/home/wings/Backscatter_UGV_ws/install/backscatter_movement_record_msgs_srvs/share/colcon-core/packages/backscatter_movement_record_msgs_srvs)
[1.915s] Level 1:colcon.colcon_core.environment:create_environment_scripts_only(rclpy_message_converter_msgs)
[1.915s] Level 1:colcon.colcon_core.environment:checking '/home/wings/Backscatter_UGV_ws/install/rclpy_message_converter_msgs' for CMake module files
[1.917s] DEBUG:colcon.colcon_core.event_handler.log_command:Invoked command in '/home/wings/Backscatter_UGV_ws/build/rclpy_message_converter_msgs' returned '0': CMAKE_PREFIX_PATH=${CMAKE_PREFIX_PATH}:/home/wings/Backscatter_UGV_ws/install/rclpy_message_converter_msgs:/home/wings/Backscatter_UGV_ws/install/rclpy_message_converter:/home/wings/Backscatter_UGV_ws/install/backscatter_rover_data_recorder:/home/wings/Backscatter_UGV_ws/install/backscatter_movement_record_msgs_srvs:/opt/ros/foxy /usr/bin/cmake --install /home/wings/Backscatter_UGV_ws/build/rclpy_message_converter_msgs
[1.918s] Level 1:colcon.colcon_core.environment:checking '/home/wings/Backscatter_UGV_ws/install/rclpy_message_converter_msgs' for CMake config files
[1.921s] Level 1:colcon.colcon_core.shell:create_environment_hook('rclpy_message_converter_msgs', 'cmake_prefix_path')
[1.921s] INFO:colcon.colcon_core.shell:Creating environment hook '/home/wings/Backscatter_UGV_ws/install/rclpy_message_converter_msgs/share/rclpy_message_converter_msgs/hook/cmake_prefix_path.ps1'
[1.922s] INFO:colcon.colcon_core.shell:Creating environment descriptor '/home/wings/Backscatter_UGV_ws/install/rclpy_message_converter_msgs/share/rclpy_message_converter_msgs/hook/cmake_prefix_path.dsv'
[1.923s] INFO:colcon.colcon_core.shell:Creating environment hook '/home/wings/Backscatter_UGV_ws/install/rclpy_message_converter_msgs/share/rclpy_message_converter_msgs/hook/cmake_prefix_path.sh'
[1.924s] Level 1:colcon.colcon_core.environment:checking '/home/wings/Backscatter_UGV_ws/install/rclpy_message_converter_msgs/lib'
[1.924s] Level 1:colcon.colcon_core.shell:create_environment_hook('rclpy_message_converter_msgs', 'ld_library_path_lib')
[1.925s] INFO:colcon.colcon_core.shell:Creating environment hook '/home/wings/Backscatter_UGV_ws/install/rclpy_message_converter_msgs/share/rclpy_message_converter_msgs/hook/ld_library_path_lib.ps1'
[1.926s] INFO:colcon.colcon_core.shell:Creating environment descriptor '/home/wings/Backscatter_UGV_ws/install/rclpy_message_converter_msgs/share/rclpy_message_converter_msgs/hook/ld_library_path_lib.dsv'
[1.926s] INFO:colcon.colcon_core.shell:Creating environment hook '/home/wings/Backscatter_UGV_ws/install/rclpy_message_converter_msgs/share/rclpy_message_converter_msgs/hook/ld_library_path_lib.sh'
[1.927s] Level 1:colcon.colcon_core.environment:checking '/home/wings/Backscatter_UGV_ws/install/rclpy_message_converter_msgs/bin'
[1.927s] Level 1:colcon.colcon_core.environment:checking '/home/wings/Backscatter_UGV_ws/install/rclpy_message_converter_msgs/lib/pkgconfig/rclpy_message_converter_msgs.pc'
[1.928s] Level 1:colcon.colcon_core.environment:checking '/home/wings/Backscatter_UGV_ws/install/rclpy_message_converter_msgs/lib/python3.8/site-packages'
[1.928s] Level 1:colcon.colcon_core.shell:create_environment_hook('rclpy_message_converter_msgs', 'pythonpath')
[1.928s] INFO:colcon.colcon_core.shell:Creating environment hook '/home/wings/Backscatter_UGV_ws/install/rclpy_message_converter_msgs/share/rclpy_message_converter_msgs/hook/pythonpath.ps1'
[1.929s] INFO:colcon.colcon_core.shell:Creating environment descriptor '/home/wings/Backscatter_UGV_ws/install/rclpy_message_converter_msgs/share/rclpy_message_converter_msgs/hook/pythonpath.dsv'
[1.930s] INFO:colcon.colcon_core.shell:Creating environment hook '/home/wings/Backscatter_UGV_ws/install/rclpy_message_converter_msgs/share/rclpy_message_converter_msgs/hook/pythonpath.sh'
[1.931s] Level 1:colcon.colcon_core.environment:checking '/home/wings/Backscatter_UGV_ws/install/rclpy_message_converter_msgs/bin'
[1.932s] INFO:colcon.colcon_core.shell:Creating package script '/home/wings/Backscatter_UGV_ws/install/rclpy_message_converter_msgs/share/rclpy_message_converter_msgs/package.ps1'
[1.933s] INFO:colcon.colcon_core.shell:Creating package descriptor '/home/wings/Backscatter_UGV_ws/install/rclpy_message_converter_msgs/share/rclpy_message_converter_msgs/package.dsv'
[1.934s] INFO:colcon.colcon_core.shell:Creating package script '/home/wings/Backscatter_UGV_ws/install/rclpy_message_converter_msgs/share/rclpy_message_converter_msgs/package.sh'
[1.935s] INFO:colcon.colcon_core.shell:Creating package script '/home/wings/Backscatter_UGV_ws/install/rclpy_message_converter_msgs/share/rclpy_message_converter_msgs/package.bash'
[1.936s] INFO:colcon.colcon_core.shell:Creating package script '/home/wings/Backscatter_UGV_ws/install/rclpy_message_converter_msgs/share/rclpy_message_converter_msgs/package.zsh'
[1.937s] Level 1:colcon.colcon_core.environment:create_file_with_runtime_dependencies(/home/wings/Backscatter_UGV_ws/install/rclpy_message_converter_msgs/share/colcon-core/packages/rclpy_message_converter_msgs)
[1.938s] Level 1:colcon.colcon_core.environment:create_environment_scripts_only(rclpy_message_converter_msgs)
[1.938s] Level 1:colcon.colcon_core.environment:checking '/home/wings/Backscatter_UGV_ws/install/rclpy_message_converter_msgs' for CMake module files
[1.940s] Level 1:colcon.colcon_core.environment:checking '/home/wings/Backscatter_UGV_ws/install/rclpy_message_converter_msgs' for CMake config files
[1.941s] Level 1:colcon.colcon_core.shell:create_environment_hook('rclpy_message_converter_msgs', 'cmake_prefix_path')
[1.941s] INFO:colcon.colcon_core.shell:Creating environment hook '/home/wings/Backscatter_UGV_ws/install/rclpy_message_converter_msgs/share/rclpy_message_converter_msgs/hook/cmake_prefix_path.ps1'
[1.942s] INFO:colcon.colcon_core.shell:Creating environment descriptor '/home/wings/Backscatter_UGV_ws/install/rclpy_message_converter_msgs/share/rclpy_message_converter_msgs/hook/cmake_prefix_path.dsv'
[1.943s] INFO:colcon.colcon_core.shell:Creating environment hook '/home/wings/Backscatter_UGV_ws/install/rclpy_message_converter_msgs/share/rclpy_message_converter_msgs/hook/cmake_prefix_path.sh'
[1.944s] Level 1:colcon.colcon_core.environment:checking '/home/wings/Backscatter_UGV_ws/install/rclpy_message_converter_msgs/lib'
[1.944s] Level 1:colcon.colcon_core.shell:create_environment_hook('rclpy_message_converter_msgs', 'ld_library_path_lib')
[1.945s] INFO:colcon.colcon_core.shell:Creating environment hook '/home/wings/Backscatter_UGV_ws/install/rclpy_message_converter_msgs/share/rclpy_message_converter_msgs/hook/ld_library_path_lib.ps1'
[1.945s] INFO:colcon.colcon_core.shell:Creating environment descriptor '/home/wings/Backscatter_UGV_ws/install/rclpy_message_converter_msgs/share/rclpy_message_converter_msgs/hook/ld_library_path_lib.dsv'
[1.946s] INFO:colcon.colcon_core.shell:Creating environment hook '/home/wings/Backscatter_UGV_ws/install/rclpy_message_converter_msgs/share/rclpy_message_converter_msgs/hook/ld_library_path_lib.sh'
[1.947s] Level 1:colcon.colcon_core.environment:checking '/home/wings/Backscatter_UGV_ws/install/rclpy_message_converter_msgs/bin'
[1.947s] Level 1:colcon.colcon_core.environment:checking '/home/wings/Backscatter_UGV_ws/install/rclpy_message_converter_msgs/lib/pkgconfig/rclpy_message_converter_msgs.pc'
[1.947s] Level 1:colcon.colcon_core.environment:checking '/home/wings/Backscatter_UGV_ws/install/rclpy_message_converter_msgs/lib/python3.8/site-packages'
[1.948s] Level 1:colcon.colcon_core.shell:create_environment_hook('rclpy_message_converter_msgs', 'pythonpath')
[1.948s] INFO:colcon.colcon_core.shell:Creating environment hook '/home/wings/Backscatter_UGV_ws/install/rclpy_message_converter_msgs/share/rclpy_message_converter_msgs/hook/pythonpath.ps1'
[1.949s] INFO:colcon.colcon_core.shell:Creating environment descriptor '/home/wings/Backscatter_UGV_ws/install/rclpy_message_converter_msgs/share/rclpy_message_converter_msgs/hook/pythonpath.dsv'
[1.949s] INFO:colcon.colcon_core.shell:Creating environment hook '/home/wings/Backscatter_UGV_ws/install/rclpy_message_converter_msgs/share/rclpy_message_converter_msgs/hook/pythonpath.sh'
[1.951s] Level 1:colcon.colcon_core.environment:checking '/home/wings/Backscatter_UGV_ws/install/rclpy_message_converter_msgs/bin'
[1.952s] INFO:colcon.colcon_core.shell:Creating package script '/home/wings/Backscatter_UGV_ws/install/rclpy_message_converter_msgs/share/rclpy_message_converter_msgs/package.ps1'
[1.953s] INFO:colcon.colcon_core.shell:Creating package descriptor '/home/wings/Backscatter_UGV_ws/install/rclpy_message_converter_msgs/share/rclpy_message_converter_msgs/package.dsv'
[1.954s] INFO:colcon.colcon_core.shell:Creating package script '/home/wings/Backscatter_UGV_ws/install/rclpy_message_converter_msgs/share/rclpy_message_converter_msgs/package.sh'
[1.955s] INFO:colcon.colcon_core.shell:Creating package script '/home/wings/Backscatter_UGV_ws/install/rclpy_message_converter_msgs/share/rclpy_message_converter_msgs/package.bash'
[1.956s] INFO:colcon.colcon_core.shell:Creating package script '/home/wings/Backscatter_UGV_ws/install/rclpy_message_converter_msgs/share/rclpy_message_converter_msgs/package.zsh'
[1.957s] Level 1:colcon.colcon_core.environment:create_file_with_runtime_dependencies(/home/wings/Backscatter_UGV_ws/install/rclpy_message_converter_msgs/share/colcon-core/packages/rclpy_message_converter_msgs)
[1.958s] INFO:colcon.colcon_ros.task.ament_python.build:Building ROS package in '/home/wings/Backscatter_UGV_ws/src/rospy_message_converter/rclpy_message_converter' with build type 'ament_python'
[1.958s] Level 1:colcon.colcon_core.shell:create_environment_hook('rclpy_message_converter', 'ament_prefix_path')
[1.959s] INFO:colcon.colcon_core.shell:Creating environment hook '/home/wings/Backscatter_UGV_ws/install/rclpy_message_converter/share/rclpy_message_converter/hook/ament_prefix_path.ps1'
[1.961s] INFO:colcon.colcon_core.shell:Creating environment descriptor '/home/wings/Backscatter_UGV_ws/install/rclpy_message_converter/share/rclpy_message_converter/hook/ament_prefix_path.dsv'
[1.961s] INFO:colcon.colcon_core.shell:Creating environment hook '/home/wings/Backscatter_UGV_ws/install/rclpy_message_converter/share/rclpy_message_converter/hook/ament_prefix_path.sh'
[1.963s] INFO:colcon.colcon_core.shell:Skip shell extension 'powershell' for command environment: Not usable outside of PowerShell
[1.963s] DEBUG:colcon.colcon_core.shell:Skip shell extension 'dsv' for command environment
[2.488s] INFO:colcon.colcon_core.task.python.build:Building Python package in '/home/wings/Backscatter_UGV_ws/src/rospy_message_converter/rclpy_message_converter'
[2.490s] INFO:colcon.colcon_core.shell:Skip shell extension 'powershell' for command environment: Not usable outside of PowerShell
[2.490s] DEBUG:colcon.colcon_core.shell:Skip shell extension 'dsv' for command environment
[2.571s] DEBUG:colcon.colcon_core.event_handler.log_command:Invoking command in '/home/wings/Backscatter_UGV_ws/src/backscatter_rover_data_recorder': PYTHONPATH=/home/wings/Backscatter_UGV_ws/build/backscatter_rover_data_recorder/prefix_override:/usr/lib/python3/dist-packages/colcon_core/task/python/colcon_distutils_commands:/home/wings/Backscatter_UGV_ws/install/backscatter_rover_data_recorder/lib/python3.8/site-packages:${PYTHONPATH} /usr/bin/python3 -W ignore:setup.py install is deprecated -W ignore:easy_install command is deprecated setup.py egg_info --egg-base ../../build/backscatter_rover_data_recorder build --build-base /home/wings/Backscatter_UGV_ws/build/backscatter_rover_data_recorder/build install --record /home/wings/Backscatter_UGV_ws/build/backscatter_rover_data_recorder/install.log --install-scripts $base/lib/backscatter_rover_data_recorder --single-version-externally-managed install_data
[3.240s] Level 1:colcon.colcon_core.environment:checking '/home/wings/Backscatter_UGV_ws/install/backscatter_rover_data_recorder' for CMake module files
[3.241s] DEBUG:colcon.colcon_core.event_handler.log_command:Invoked command in '/home/wings/Backscatter_UGV_ws/src/backscatter_rover_data_recorder' returned '0': PYTHONPATH=/home/wings/Backscatter_UGV_ws/build/backscatter_rover_data_recorder/prefix_override:/usr/lib/python3/dist-packages/colcon_core/task/python/colcon_distutils_commands:/home/wings/Backscatter_UGV_ws/install/backscatter_rover_data_recorder/lib/python3.8/site-packages:${PYTHONPATH} /usr/bin/python3 -W ignore:setup.py install is deprecated -W ignore:easy_install command is deprecated setup.py egg_info --egg-base ../../build/backscatter_rover_data_recorder build --build-base /home/wings/Backscatter_UGV_ws/build/backscatter_rover_data_recorder/build install --record /home/wings/Backscatter_UGV_ws/build/backscatter_rover_data_recorder/install.log --install-scripts $base/lib/backscatter_rover_data_recorder --single-version-externally-managed install_data
[3.242s] Level 1:colcon.colcon_core.environment:checking '/home/wings/Backscatter_UGV_ws/install/backscatter_rover_data_recorder' for CMake config files
[3.244s] Level 1:colcon.colcon_core.environment:checking '/home/wings/Backscatter_UGV_ws/install/backscatter_rover_data_recorder/lib'
[3.244s] Level 1:colcon.colcon_core.environment:checking '/home/wings/Backscatter_UGV_ws/install/backscatter_rover_data_recorder/bin'
[3.245s] Level 1:colcon.colcon_core.environment:checking '/home/wings/Backscatter_UGV_ws/install/backscatter_rover_data_recorder/lib/pkgconfig/backscatter_rover_data_recorder.pc'
[3.245s] Level 1:colcon.colcon_core.environment:checking '/home/wings/Backscatter_UGV_ws/install/backscatter_rover_data_recorder/lib/python3.8/site-packages'
[3.245s] Level 1:colcon.colcon_core.shell:create_environment_hook('backscatter_rover_data_recorder', 'pythonpath')
[3.246s] INFO:colcon.colcon_core.shell:Creating environment hook '/home/wings/Backscatter_UGV_ws/install/backscatter_rover_data_recorder/share/backscatter_rover_data_recorder/hook/pythonpath.ps1'
[3.248s] INFO:colcon.colcon_core.shell:Creating environment descriptor '/home/wings/Backscatter_UGV_ws/install/backscatter_rover_data_recorder/share/backscatter_rover_data_recorder/hook/pythonpath.dsv'
[3.249s] INFO:colcon.colcon_core.shell:Creating environment hook '/home/wings/Backscatter_UGV_ws/install/backscatter_rover_data_recorder/share/backscatter_rover_data_recorder/hook/pythonpath.sh'
[3.250s] Level 1:colcon.colcon_core.environment:checking '/home/wings/Backscatter_UGV_ws/install/backscatter_rover_data_recorder/bin'
[3.251s] Level 1:colcon.colcon_core.environment:create_environment_scripts_only(backscatter_rover_data_recorder)
[3.251s] INFO:colcon.colcon_core.shell:Creating package script '/home/wings/Backscatter_UGV_ws/install/backscatter_rover_data_recorder/share/backscatter_rover_data_recorder/package.ps1'
[3.253s] INFO:colcon.colcon_core.shell:Creating package descriptor '/home/wings/Backscatter_UGV_ws/install/backscatter_rover_data_recorder/share/backscatter_rover_data_recorder/package.dsv'
[3.254s] INFO:colcon.colcon_core.shell:Creating package script '/home/wings/Backscatter_UGV_ws/install/backscatter_rover_data_recorder/share/backscatter_rover_data_recorder/package.sh'
[3.256s] INFO:colcon.colcon_core.shell:Creating package script '/home/wings/Backscatter_UGV_ws/install/backscatter_rover_data_recorder/share/backscatter_rover_data_recorder/package.bash'
[3.256s] INFO:colcon.colcon_core.shell:Creating package script '/home/wings/Backscatter_UGV_ws/install/backscatter_rover_data_recorder/share/backscatter_rover_data_recorder/package.zsh'
[3.257s] Level 1:colcon.colcon_core.environment:create_file_with_runtime_dependencies(/home/wings/Backscatter_UGV_ws/install/backscatter_rover_data_recorder/share/colcon-core/packages/backscatter_rover_data_recorder)
[3.388s] DEBUG:colcon.colcon_core.event_handler.log_command:Invoking command in '/home/wings/Backscatter_UGV_ws/src/rospy_message_converter/rclpy_message_converter': CMAKE_PREFIX_PATH=/home/wings/Backscatter_UGV_ws/install/rclpy_message_converter_msgs:${CMAKE_PREFIX_PATH} LD_LIBRARY_PATH=/home/wings/Backscatter_UGV_ws/install/rclpy_message_converter_msgs/lib:/home/wings/Backscatter_UGV_ws/install/slam_msgs/lib:/home/wings/Backscatter_UGV_ws/install/backscatter_movement_record_msgs_srvs/lib:/opt/ros/foxy/opt/yaml_cpp_vendor/lib:/opt/ros/foxy/opt/rviz_ogre_vendor/lib:/opt/ros/foxy/lib/aarch64-linux-gnu:/opt/ros/foxy/lib PYTHONPATH=/home/wings/Backscatter_UGV_ws/build/rclpy_message_converter/prefix_override:/usr/lib/python3/dist-packages/colcon_core/task/python/colcon_distutils_commands:/home/wings/Backscatter_UGV_ws/install/rclpy_message_converter/lib/python3.8/site-packages:/home/wings/Backscatter_UGV_ws/install/rclpy_message_converter_msgs/lib/python3.8/site-packages:/home/wings/Backscatter_UGV_ws/install/slam_msgs/lib/python3.8/site-packages:/home/wings/Backscatter_UGV_ws/install/rclpy_message_converter/lib/python3.8/site-packages:/home/wings/Backscatter_UGV_ws/install/backscatter_rover_data_recorder/lib/python3.8/site-packages:/home/wings/Backscatter_UGV_ws/install/backscatter_movement_record_msgs_srvs/lib/python3.8/site-packages:/opt/ros/foxy/lib/python3.8/site-packages /usr/bin/python3 -W ignore:setup.py install is deprecated -W ignore:easy_install command is deprecated setup.py egg_info --egg-base ../../../build/rclpy_message_converter build --build-base /home/wings/Backscatter_UGV_ws/build/rclpy_message_converter/build install --record /home/wings/Backscatter_UGV_ws/build/rclpy_message_converter/install.log --single-version-externally-managed install_data
[4.013s] Level 1:colcon.colcon_core.environment:checking '/home/wings/Backscatter_UGV_ws/install/rclpy_message_converter' for CMake module files
[4.014s] DEBUG:colcon.colcon_core.event_handler.log_command:Invoked command in '/home/wings/Backscatter_UGV_ws/src/rospy_message_converter/rclpy_message_converter' returned '0': CMAKE_PREFIX_PATH=/home/wings/Backscatter_UGV_ws/install/rclpy_message_converter_msgs:${CMAKE_PREFIX_PATH} LD_LIBRARY_PATH=/home/wings/Backscatter_UGV_ws/install/rclpy_message_converter_msgs/lib:/home/wings/Backscatter_UGV_ws/install/slam_msgs/lib:/home/wings/Backscatter_UGV_ws/install/backscatter_movement_record_msgs_srvs/lib:/opt/ros/foxy/opt/yaml_cpp_vendor/lib:/opt/ros/foxy/opt/rviz_ogre_vendor/lib:/opt/ros/foxy/lib/aarch64-linux-gnu:/opt/ros/foxy/lib PYTHONPATH=/home/wings/Backscatter_UGV_ws/build/rclpy_message_converter/prefix_override:/usr/lib/python3/dist-packages/colcon_core/task/python/colcon_distutils_commands:/home/wings/Backscatter_UGV_ws/install/rclpy_message_converter/lib/python3.8/site-packages:/home/wings/Backscatter_UGV_ws/install/rclpy_message_converter_msgs/lib/python3.8/site-packages:/home/wings/Backscatter_UGV_ws/install/slam_msgs/lib/python3.8/site-packages:/home/wings/Backscatter_UGV_ws/install/rclpy_message_converter/lib/python3.8/site-packages:/home/wings/Backscatter_UGV_ws/install/backscatter_rover_data_recorder/lib/python3.8/site-packages:/home/wings/Backscatter_UGV_ws/install/backscatter_movement_record_msgs_srvs/lib/python3.8/site-packages:/opt/ros/foxy/lib/python3.8/site-packages /usr/bin/python3 -W ignore:setup.py install is deprecated -W ignore:easy_install command is deprecated setup.py egg_info --egg-base ../../../build/rclpy_message_converter build --build-base /home/wings/Backscatter_UGV_ws/build/rclpy_message_converter/build install --record /home/wings/Backscatter_UGV_ws/build/rclpy_message_converter/install.log --single-version-externally-managed install_data
[4.015s] Level 1:colcon.colcon_core.environment:checking '/home/wings/Backscatter_UGV_ws/install/rclpy_message_converter' for CMake config files
[4.016s] Level 1:colcon.colcon_core.environment:checking '/home/wings/Backscatter_UGV_ws/install/rclpy_message_converter/lib'
[4.017s] Level 1:colcon.colcon_core.environment:checking '/home/wings/Backscatter_UGV_ws/install/rclpy_message_converter/bin'
[4.017s] Level 1:colcon.colcon_core.environment:checking '/home/wings/Backscatter_UGV_ws/install/rclpy_message_converter/lib/pkgconfig/rclpy_message_converter.pc'
[4.017s] Level 1:colcon.colcon_core.environment:checking '/home/wings/Backscatter_UGV_ws/install/rclpy_message_converter/lib/python3.8/site-packages'
[4.017s] Level 1:colcon.colcon_core.shell:create_environment_hook('rclpy_message_converter', 'pythonpath')
[4.018s] INFO:colcon.colcon_core.shell:Creating environment hook '/home/wings/Backscatter_UGV_ws/install/rclpy_message_converter/share/rclpy_message_converter/hook/pythonpath.ps1'
[4.019s] INFO:colcon.colcon_core.shell:Creating environment descriptor '/home/wings/Backscatter_UGV_ws/install/rclpy_message_converter/share/rclpy_message_converter/hook/pythonpath.dsv'
[4.020s] INFO:colcon.colcon_core.shell:Creating environment hook '/home/wings/Backscatter_UGV_ws/install/rclpy_message_converter/share/rclpy_message_converter/hook/pythonpath.sh'
[4.021s] Level 1:colcon.colcon_core.environment:checking '/home/wings/Backscatter_UGV_ws/install/rclpy_message_converter/bin'
[4.022s] Level 1:colcon.colcon_core.environment:create_environment_scripts_only(rclpy_message_converter)
[4.022s] INFO:colcon.colcon_core.shell:Creating package script '/home/wings/Backscatter_UGV_ws/install/rclpy_message_converter/share/rclpy_message_converter/package.ps1'
[4.023s] INFO:colcon.colcon_core.shell:Creating package descriptor '/home/wings/Backscatter_UGV_ws/install/rclpy_message_converter/share/rclpy_message_converter/package.dsv'
[4.024s] INFO:colcon.colcon_core.shell:Creating package script '/home/wings/Backscatter_UGV_ws/install/rclpy_message_converter/share/rclpy_message_converter/package.sh'
[4.025s] INFO:colcon.colcon_core.shell:Creating package script '/home/wings/Backscatter_UGV_ws/install/rclpy_message_converter/share/rclpy_message_converter/package.bash'
[4.026s] INFO:colcon.colcon_core.shell:Creating package script '/home/wings/Backscatter_UGV_ws/install/rclpy_message_converter/share/rclpy_message_converter/package.zsh'
[4.027s] Level 1:colcon.colcon_core.environment:create_file_with_runtime_dependencies(/home/wings/Backscatter_UGV_ws/install/rclpy_message_converter/share/colcon-core/packages/rclpy_message_converter)
[4.525s] DEBUG:colcon.colcon_core.event_handler.log_command:Invoked command in '/home/wings/Backscatter_UGV_ws/build/rosbag2_py' returned '1': CMAKE_PREFIX_PATH=${CMAKE_PREFIX_PATH}:/home/wings/Backscatter_UGV_ws/install/rclpy_message_converter_msgs:/home/wings/Backscatter_UGV_ws/install/rclpy_message_converter:/home/wings/Backscatter_UGV_ws/install/backscatter_rover_data_recorder:/home/wings/Backscatter_UGV_ws/install/backscatter_movement_record_msgs_srvs:/opt/ros/foxy /usr/bin/cmake /home/wings/Backscatter_UGV_ws/src/rosbag2_py -DCMAKE_INSTALL_PREFIX=/home/wings/Backscatter_UGV_ws/install/rosbag2_py
[4.554s] Level 1:colcon.colcon_core.environment:create_environment_scripts_only(rosbag2_py)
[4.555s] Level 1:colcon.colcon_core.environment:checking '/home/wings/Backscatter_UGV_ws/install/rosbag2_py' for CMake module files
[4.555s] Level 1:colcon.colcon_core.environment:checking '/home/wings/Backscatter_UGV_ws/install/rosbag2_py' for CMake config files
[4.557s] Level 1:colcon.colcon_core.environment:checking '/home/wings/Backscatter_UGV_ws/install/rosbag2_py/bin'
[4.557s] Level 1:colcon.colcon_core.environment:checking '/home/wings/Backscatter_UGV_ws/install/rosbag2_py/lib/pkgconfig/rosbag2_py.pc'
[4.557s] Level 1:colcon.colcon_core.environment:checking '/home/wings/Backscatter_UGV_ws/install/rosbag2_py/lib/python3.8/site-packages'
[4.558s] Level 1:colcon.colcon_core.environment:checking '/home/wings/Backscatter_UGV_ws/install/rosbag2_py/bin'
[4.558s] INFO:colcon.colcon_core.shell:Creating package script '/home/wings/Backscatter_UGV_ws/install/rosbag2_py/share/rosbag2_py/package.ps1'
[4.560s] INFO:colcon.colcon_core.shell:Creating package descriptor '/home/wings/Backscatter_UGV_ws/install/rosbag2_py/share/rosbag2_py/package.dsv'
[4.561s] INFO:colcon.colcon_core.shell:Creating package script '/home/wings/Backscatter_UGV_ws/install/rosbag2_py/share/rosbag2_py/package.sh'
[4.562s] INFO:colcon.colcon_core.shell:Creating package script '/home/wings/Backscatter_UGV_ws/install/rosbag2_py/share/rosbag2_py/package.bash'
[4.564s] INFO:colcon.colcon_core.shell:Creating package script '/home/wings/Backscatter_UGV_ws/install/rosbag2_py/share/rosbag2_py/package.zsh'
[4.565s] Level 1:colcon.colcon_core.environment:create_file_with_runtime_dependencies(/home/wings/Backscatter_UGV_ws/install/rosbag2_py/share/colcon-core/packages/rosbag2_py)
[4.576s] DEBUG:colcon.colcon_parallel_executor.executor.parallel:closing loop
[4.577s] DEBUG:colcon.colcon_parallel_executor.executor.parallel:loop closed
[4.577s] DEBUG:colcon.colcon_parallel_executor.executor.parallel:run_until_complete finished with '1'
[4.577s] DEBUG:colcon.colcon_core.event_reactor:joining thread
[4.595s] INFO:colcon.colcon_core.plugin_system:Skipping extension 'colcon_notification.desktop_notification.terminal_notifier': Not used on non-Darwin systems
[4.595s] INFO:colcon.colcon_core.plugin_system:Skipping extension 'colcon_notification.desktop_notification.win32': Not used on non-Windows systems
[4.595s] INFO:colcon.colcon_notification.desktop_notification:Sending desktop notification using 'notify2'
[4.618s] DEBUG:colcon.colcon_notification.desktop_notification.notify2:Failed to initialize notify2: org.freedesktop.DBus.Error.Spawn.ChildExited: Process org.freedesktop.Notifications exited with status 1
[4.618s] DEBUG:colcon.colcon_core.event_reactor:joined thread
[4.620s] INFO:colcon.colcon_core.shell:Creating prefix script '/home/wings/Backscatter_UGV_ws/install/local_setup.ps1'
[4.624s] INFO:colcon.colcon_core.shell:Creating prefix util module '/home/wings/Backscatter_UGV_ws/install/_local_setup_util_ps1.py'
[4.629s] INFO:colcon.colcon_core.shell:Creating prefix chain script '/home/wings/Backscatter_UGV_ws/install/setup.ps1'
[4.633s] INFO:colcon.colcon_core.shell:Creating prefix script '/home/wings/Backscatter_UGV_ws/install/local_setup.sh'
[4.635s] INFO:colcon.colcon_core.shell:Creating prefix util module '/home/wings/Backscatter_UGV_ws/install/_local_setup_util_sh.py'
[4.637s] INFO:colcon.colcon_core.shell:Creating prefix chain script '/home/wings/Backscatter_UGV_ws/install/setup.sh'
[4.641s] INFO:colcon.colcon_core.shell:Creating prefix script '/home/wings/Backscatter_UGV_ws/install/local_setup.bash'
[4.643s] INFO:colcon.colcon_core.shell:Creating prefix chain script '/home/wings/Backscatter_UGV_ws/install/setup.bash'
[4.646s] INFO:colcon.colcon_core.shell:Creating prefix script '/home/wings/Backscatter_UGV_ws/install/local_setup.zsh'
[4.648s] INFO:colcon.colcon_core.shell:Creating prefix chain script '/home/wings/Backscatter_UGV_ws/install/setup.zsh'
