[0.643s] DEBUG:colcon:Command line arguments: ['/usr/bin/colcon', 'build']
[0.643s] DEBUG:colcon:Parsed command line arguments: Namespace(allow_overriding=[], ament_cmake_args=None, base_paths=['.'], build_base='build', catkin_cmake_args=None, catkin_skip_building_tests=False, cmake_args=None, cmake_clean_cache=False, cmake_clean_first=False, cmake_force_configure=False, cmake_target=None, cmake_target_skip_unavailable=False, continue_on_error=False, event_handlers=None, executor='parallel', ignore_user_meta=False, install_base='install', log_base=None, log_level=None, main=<bound method BuildVerb.main of <colcon_core.verb.build.BuildVerb object at 0xffff98c069a0>>, merge_install=False, metas=['./colcon.meta'], mixin=None, mixin_files=None, mixin_verb=('build',), packages_above=None, packages_above_and_dependencies=None, packages_above_depth=None, packages_end=None, packages_ignore=None, packages_ignore_regex=None, packages_select=None, packages_select_build_failed=False, packages_select_by_dep=None, packages_select_regex=None, packages_select_test_failures=False, packages_skip=None, packages_skip_build_finished=False, packages_skip_by_dep=None, packages_skip_regex=None, packages_skip_test_passed=False, packages_skip_up_to=None, packages_start=None, packages_up_to=None, packages_up_to_regex=None, parallel_workers=6, paths=None, symlink_install=False, test_result_base=None, verb_extension=<colcon_core.verb.build.BuildVerb object at 0xffff98c069a0>, verb_name='build', verb_parser=<colcon_mixin.mixin.mixin_argument.MixinArgumentDecorator object at 0xffff98b504c0>)
[1.003s] Level 1:colcon.colcon_core.package_discovery:discover_packages(colcon_meta) check parameters
[1.003s] Level 1:colcon.colcon_core.package_discovery:discover_packages(recursive) check parameters
[1.003s] Level 1:colcon.colcon_core.package_discovery:discover_packages(ignore) check parameters
[1.003s] Level 1:colcon.colcon_core.package_discovery:discover_packages(path) check parameters
[1.003s] Level 1:colcon.colcon_core.package_discovery:discover_packages(colcon_meta) discover
[1.003s] Level 1:colcon.colcon_core.package_discovery:discover_packages(recursive) discover
[1.004s] INFO:colcon.colcon_core.package_discovery:Crawling recursively for packages in '/home/wings/Backscatter_UGV_ws'
[1.004s] Level 1:colcon.colcon_core.package_identification:_identify(.) by extensions ['ignore', 'ignore_ament_install']
[1.004s] Level 1:colcon.colcon_core.package_identification:_identify(.) by extension 'ignore'
[1.004s] Level 1:colcon.colcon_core.package_identification:_identify(.) by extension 'ignore_ament_install'
[1.004s] Level 1:colcon.colcon_core.package_identification:_identify(.) by extensions ['colcon_pkg']
[1.004s] Level 1:colcon.colcon_core.package_identification:_identify(.) by extension 'colcon_pkg'
[1.004s] Level 1:colcon.colcon_core.package_identification:_identify(.) by extensions ['colcon_meta']
[1.005s] Level 1:colcon.colcon_core.package_identification:_identify(.) by extension 'colcon_meta'
[1.005s] Level 1:colcon.colcon_core.package_identification:_identify(.) by extensions ['ros']
[1.005s] Level 1:colcon.colcon_core.package_identification:_identify(.) by extension 'ros'
[1.031s] Level 1:colcon.colcon_core.package_identification:_identify(.) by extensions ['cmake', 'python']
[1.031s] Level 1:colcon.colcon_core.package_identification:_identify(.) by extension 'cmake'
[1.031s] Level 1:colcon.colcon_core.package_identification:_identify(.) by extension 'python'
[1.031s] Level 1:colcon.colcon_core.package_identification:_identify(.) by extensions ['python_setup_py']
[1.031s] Level 1:colcon.colcon_core.package_identification:_identify(.) by extension 'python_setup_py'
[1.032s] Level 1:colcon.colcon_core.package_identification:_identify(build) by extensions ['ignore', 'ignore_ament_install']
[1.032s] Level 1:colcon.colcon_core.package_identification:_identify(build) by extension 'ignore'
[1.032s] Level 1:colcon.colcon_core.package_identification:_identify(build) ignored
[1.032s] Level 1:colcon.colcon_core.package_identification:_identify(install) by extensions ['ignore', 'ignore_ament_install']
[1.033s] Level 1:colcon.colcon_core.package_identification:_identify(install) by extension 'ignore'
[1.033s] Level 1:colcon.colcon_core.package_identification:_identify(install) ignored
[1.033s] Level 1:colcon.colcon_core.package_identification:_identify(log) by extensions ['ignore', 'ignore_ament_install']
[1.033s] Level 1:colcon.colcon_core.package_identification:_identify(log) by extension 'ignore'
[1.033s] Level 1:colcon.colcon_core.package_identification:_identify(log) ignored
[1.033s] Level 1:colcon.colcon_core.package_identification:_identify(src) by extensions ['ignore', 'ignore_ament_install']
[1.034s] Level 1:colcon.colcon_core.package_identification:_identify(src) by extension 'ignore'
[1.034s] Level 1:colcon.colcon_core.package_identification:_identify(src) by extension 'ignore_ament_install'
[1.034s] Level 1:colcon.colcon_core.package_identification:_identify(src) by extensions ['colcon_pkg']
[1.034s] Level 1:colcon.colcon_core.package_identification:_identify(src) by extension 'colcon_pkg'
[1.034s] Level 1:colcon.colcon_core.package_identification:_identify(src) by extensions ['colcon_meta']
[1.034s] Level 1:colcon.colcon_core.package_identification:_identify(src) by extension 'colcon_meta'
[1.034s] Level 1:colcon.colcon_core.package_identification:_identify(src) by extensions ['ros']
[1.034s] Level 1:colcon.colcon_core.package_identification:_identify(src) by extension 'ros'
[1.034s] Level 1:colcon.colcon_core.package_identification:_identify(src) by extensions ['cmake', 'python']
[1.034s] Level 1:colcon.colcon_core.package_identification:_identify(src) by extension 'cmake'
[1.035s] Level 1:colcon.colcon_core.package_identification:_identify(src) by extension 'python'
[1.035s] Level 1:colcon.colcon_core.package_identification:_identify(src) by extensions ['python_setup_py']
[1.035s] Level 1:colcon.colcon_core.package_identification:_identify(src) by extension 'python_setup_py'
[1.035s] Level 1:colcon.colcon_core.package_identification:_identify(src/backscatter_movement_record_msgs_srvs) by extensions ['ignore', 'ignore_ament_install']
[1.035s] Level 1:colcon.colcon_core.package_identification:_identify(src/backscatter_movement_record_msgs_srvs) by extension 'ignore'
[1.035s] Level 1:colcon.colcon_core.package_identification:_identify(src/backscatter_movement_record_msgs_srvs) by extension 'ignore_ament_install'
[1.036s] Level 1:colcon.colcon_core.package_identification:_identify(src/backscatter_movement_record_msgs_srvs) by extensions ['colcon_pkg']
[1.036s] Level 1:colcon.colcon_core.package_identification:_identify(src/backscatter_movement_record_msgs_srvs) by extension 'colcon_pkg'
[1.036s] Level 1:colcon.colcon_core.package_identification:_identify(src/backscatter_movement_record_msgs_srvs) by extensions ['colcon_meta']
[1.036s] Level 1:colcon.colcon_core.package_identification:_identify(src/backscatter_movement_record_msgs_srvs) by extension 'colcon_meta'
[1.036s] Level 1:colcon.colcon_core.package_identification:_identify(src/backscatter_movement_record_msgs_srvs) by extensions ['ros']
[1.036s] Level 1:colcon.colcon_core.package_identification:_identify(src/backscatter_movement_record_msgs_srvs) by extension 'ros'
[1.042s] DEBUG:colcon.colcon_core.package_identification:Package 'src/backscatter_movement_record_msgs_srvs' with type 'ros.ament_cmake' and name 'backscatter_movement_record_msgs_srvs'
[1.043s] Level 1:colcon.colcon_core.package_identification:_identify(src/backscatter_rover_data_recorder) by extensions ['ignore', 'ignore_ament_install']
[1.043s] Level 1:colcon.colcon_core.package_identification:_identify(src/backscatter_rover_data_recorder) by extension 'ignore'
[1.043s] Level 1:colcon.colcon_core.package_identification:_identify(src/backscatter_rover_data_recorder) by extension 'ignore_ament_install'
[1.043s] Level 1:colcon.colcon_core.package_identification:_identify(src/backscatter_rover_data_recorder) by extensions ['colcon_pkg']
[1.043s] Level 1:colcon.colcon_core.package_identification:_identify(src/backscatter_rover_data_recorder) by extension 'colcon_pkg'
[1.043s] Level 1:colcon.colcon_core.package_identification:_identify(src/backscatter_rover_data_recorder) by extensions ['colcon_meta']
[1.044s] Level 1:colcon.colcon_core.package_identification:_identify(src/backscatter_rover_data_recorder) by extension 'colcon_meta'
[1.044s] Level 1:colcon.colcon_core.package_identification:_identify(src/backscatter_rover_data_recorder) by extensions ['ros']
[1.044s] Level 1:colcon.colcon_core.package_identification:_identify(src/backscatter_rover_data_recorder) by extension 'ros'
[1.045s] DEBUG:colcon.colcon_core.package_identification:Package 'src/backscatter_rover_data_recorder' with type 'ros.ament_python' and name 'backscatter_rover_data_recorder'
[1.046s] Level 1:colcon.colcon_core.package_identification:_identify(src/log) by extensions ['ignore', 'ignore_ament_install']
[1.046s] Level 1:colcon.colcon_core.package_identification:_identify(src/log) by extension 'ignore'
[1.046s] Level 1:colcon.colcon_core.package_identification:_identify(src/log) ignored
[1.047s] Level 1:colcon.colcon_core.package_identification:_identify(src/rospy_message_converter) by extensions ['ignore', 'ignore_ament_install']
[1.047s] Level 1:colcon.colcon_core.package_identification:_identify(src/rospy_message_converter) by extension 'ignore'
[1.047s] Level 1:colcon.colcon_core.package_identification:_identify(src/rospy_message_converter) by extension 'ignore_ament_install'
[1.047s] Level 1:colcon.colcon_core.package_identification:_identify(src/rospy_message_converter) by extensions ['colcon_pkg']
[1.047s] Level 1:colcon.colcon_core.package_identification:_identify(src/rospy_message_converter) by extension 'colcon_pkg'
[1.047s] Level 1:colcon.colcon_core.package_identification:_identify(src/rospy_message_converter) by extensions ['colcon_meta']
[1.047s] Level 1:colcon.colcon_core.package_identification:_identify(src/rospy_message_converter) by extension 'colcon_meta'
[1.047s] Level 1:colcon.colcon_core.package_identification:_identify(src/rospy_message_converter) by extensions ['ros']
[1.047s] Level 1:colcon.colcon_core.package_identification:_identify(src/rospy_message_converter) by extension 'ros'
[1.048s] Level 1:colcon.colcon_core.package_identification:_identify(src/rospy_message_converter) by extensions ['cmake', 'python']
[1.048s] Level 1:colcon.colcon_core.package_identification:_identify(src/rospy_message_converter) by extension 'cmake'
[1.048s] Level 1:colcon.colcon_core.package_identification:_identify(src/rospy_message_converter) by extension 'python'
[1.048s] Level 1:colcon.colcon_core.package_identification:_identify(src/rospy_message_converter) by extensions ['python_setup_py']
[1.048s] Level 1:colcon.colcon_core.package_identification:_identify(src/rospy_message_converter) by extension 'python_setup_py'
[1.048s] Level 1:colcon.colcon_core.package_identification:_identify(src/rospy_message_converter/rclpy_message_converter) by extensions ['ignore', 'ignore_ament_install']
[1.049s] Level 1:colcon.colcon_core.package_identification:_identify(src/rospy_message_converter/rclpy_message_converter) by extension 'ignore'
[1.049s] Level 1:colcon.colcon_core.package_identification:_identify(src/rospy_message_converter/rclpy_message_converter) by extension 'ignore_ament_install'
[1.049s] Level 1:colcon.colcon_core.package_identification:_identify(src/rospy_message_converter/rclpy_message_converter) by extensions ['colcon_pkg']
[1.049s] Level 1:colcon.colcon_core.package_identification:_identify(src/rospy_message_converter/rclpy_message_converter) by extension 'colcon_pkg'
[1.049s] Level 1:colcon.colcon_core.package_identification:_identify(src/rospy_message_converter/rclpy_message_converter) by extensions ['colcon_meta']
[1.049s] Level 1:colcon.colcon_core.package_identification:_identify(src/rospy_message_converter/rclpy_message_converter) by extension 'colcon_meta'
[1.049s] Level 1:colcon.colcon_core.package_identification:_identify(src/rospy_message_converter/rclpy_message_converter) by extensions ['ros']
[1.049s] Level 1:colcon.colcon_core.package_identification:_identify(src/rospy_message_converter/rclpy_message_converter) by extension 'ros'
[1.051s] DEBUG:colcon.colcon_core.package_identification:Package 'src/rospy_message_converter/rclpy_message_converter' with type 'ros.ament_python' and name 'rclpy_message_converter'
[1.052s] Level 1:colcon.colcon_core.package_identification:_identify(src/rospy_message_converter/rclpy_message_converter_msgs) by extensions ['ignore', 'ignore_ament_install']
[1.052s] Level 1:colcon.colcon_core.package_identification:_identify(src/rospy_message_converter/rclpy_message_converter_msgs) by extension 'ignore'
[1.052s] Level 1:colcon.colcon_core.package_identification:_identify(src/rospy_message_converter/rclpy_message_converter_msgs) by extension 'ignore_ament_install'
[1.052s] Level 1:colcon.colcon_core.package_identification:_identify(src/rospy_message_converter/rclpy_message_converter_msgs) by extensions ['colcon_pkg']
[1.052s] Level 1:colcon.colcon_core.package_identification:_identify(src/rospy_message_converter/rclpy_message_converter_msgs) by extension 'colcon_pkg'
[1.052s] Level 1:colcon.colcon_core.package_identification:_identify(src/rospy_message_converter/rclpy_message_converter_msgs) by extensions ['colcon_meta']
[1.052s] Level 1:colcon.colcon_core.package_identification:_identify(src/rospy_message_converter/rclpy_message_converter_msgs) by extension 'colcon_meta'
[1.052s] Level 1:colcon.colcon_core.package_identification:_identify(src/rospy_message_converter/rclpy_message_converter_msgs) by extensions ['ros']
[1.052s] Level 1:colcon.colcon_core.package_identification:_identify(src/rospy_message_converter/rclpy_message_converter_msgs) by extension 'ros'
[1.054s] DEBUG:colcon.colcon_core.package_identification:Package 'src/rospy_message_converter/rclpy_message_converter_msgs' with type 'ros.ament_cmake' and name 'rclpy_message_converter_msgs'
[1.054s] Level 1:colcon.colcon_core.package_discovery:discover_packages(recursive) using defaults
[1.054s] Level 1:colcon.colcon_core.package_discovery:discover_packages(ignore) discover
[1.054s] Level 1:colcon.colcon_core.package_discovery:discover_packages(ignore) using defaults
[1.054s] Level 1:colcon.colcon_core.package_discovery:discover_packages(path) discover
[1.054s] Level 1:colcon.colcon_core.package_discovery:discover_packages(path) using defaults
[1.102s] Level 1:colcon.colcon_core.package_discovery:discover_packages(prefix_path) check parameters
[1.102s] Level 1:colcon.colcon_core.package_discovery:discover_packages(prefix_path) discover
[1.108s] DEBUG:colcon.colcon_installed_package_information.package_discovery:Found 6 installed packages in /home/wings/Backscatter_UGV_ws/install
[1.111s] DEBUG:colcon.colcon_installed_package_information.package_discovery:Found 331 installed packages in /opt/ros/foxy
[1.140s] Level 1:colcon.colcon_core.package_discovery:discover_packages(prefix_path) using defaults
[1.293s] Level 5:colcon.colcon_core.verb:set package 'backscatter_movement_record_msgs_srvs' build argument 'cmake_args' from command line to 'None'
[1.293s] Level 5:colcon.colcon_core.verb:set package 'backscatter_movement_record_msgs_srvs' build argument 'cmake_target' from command line to 'None'
[1.293s] Level 5:colcon.colcon_core.verb:set package 'backscatter_movement_record_msgs_srvs' build argument 'cmake_target_skip_unavailable' from command line to 'False'
[1.294s] Level 5:colcon.colcon_core.verb:set package 'backscatter_movement_record_msgs_srvs' build argument 'cmake_clean_cache' from command line to 'False'
[1.294s] Level 5:colcon.colcon_core.verb:set package 'backscatter_movement_record_msgs_srvs' build argument 'cmake_clean_first' from command line to 'False'
[1.294s] Level 5:colcon.colcon_core.verb:set package 'backscatter_movement_record_msgs_srvs' build argument 'cmake_force_configure' from command line to 'False'
[1.294s] Level 5:colcon.colcon_core.verb:set package 'backscatter_movement_record_msgs_srvs' build argument 'ament_cmake_args' from command line to 'None'
[1.294s] Level 5:colcon.colcon_core.verb:set package 'backscatter_movement_record_msgs_srvs' build argument 'catkin_cmake_args' from command line to 'None'
[1.294s] Level 5:colcon.colcon_core.verb:set package 'backscatter_movement_record_msgs_srvs' build argument 'catkin_skip_building_tests' from command line to 'False'
[1.294s] DEBUG:colcon.colcon_core.verb:Building package 'backscatter_movement_record_msgs_srvs' with the following arguments: {'ament_cmake_args': None, 'build_base': '/home/wings/Backscatter_UGV_ws/build/backscatter_movement_record_msgs_srvs', 'catkin_cmake_args': None, 'catkin_skip_building_tests': False, 'cmake_args': None, 'cmake_clean_cache': False, 'cmake_clean_first': False, 'cmake_force_configure': False, 'cmake_target': None, 'cmake_target_skip_unavailable': False, 'install_base': '/home/wings/Backscatter_UGV_ws/install/backscatter_movement_record_msgs_srvs', 'merge_install': False, 'path': '/home/wings/Backscatter_UGV_ws/src/backscatter_movement_record_msgs_srvs', 'symlink_install': False, 'test_result_base': None}
[1.295s] Level 5:colcon.colcon_core.verb:set package 'backscatter_rover_data_recorder' build argument 'cmake_args' from command line to 'None'
[1.295s] Level 5:colcon.colcon_core.verb:set package 'backscatter_rover_data_recorder' build argument 'cmake_target' from command line to 'None'
[1.295s] Level 5:colcon.colcon_core.verb:set package 'backscatter_rover_data_recorder' build argument 'cmake_target_skip_unavailable' from command line to 'False'
[1.295s] Level 5:colcon.colcon_core.verb:set package 'backscatter_rover_data_recorder' build argument 'cmake_clean_cache' from command line to 'False'
[1.295s] Level 5:colcon.colcon_core.verb:set package 'backscatter_rover_data_recorder' build argument 'cmake_clean_first' from command line to 'False'
[1.295s] Level 5:colcon.colcon_core.verb:set package 'backscatter_rover_data_recorder' build argument 'cmake_force_configure' from command line to 'False'
[1.295s] Level 5:colcon.colcon_core.verb:set package 'backscatter_rover_data_recorder' build argument 'ament_cmake_args' from command line to 'None'
[1.295s] Level 5:colcon.colcon_core.verb:set package 'backscatter_rover_data_recorder' build argument 'catkin_cmake_args' from command line to 'None'
[1.295s] Level 5:colcon.colcon_core.verb:set package 'backscatter_rover_data_recorder' build argument 'catkin_skip_building_tests' from command line to 'False'
[1.295s] DEBUG:colcon.colcon_core.verb:Building package 'backscatter_rover_data_recorder' with the following arguments: {'ament_cmake_args': None, 'build_base': '/home/wings/Backscatter_UGV_ws/build/backscatter_rover_data_recorder', 'catkin_cmake_args': None, 'catkin_skip_building_tests': False, 'cmake_args': None, 'cmake_clean_cache': False, 'cmake_clean_first': False, 'cmake_force_configure': False, 'cmake_target': None, 'cmake_target_skip_unavailable': False, 'install_base': '/home/wings/Backscatter_UGV_ws/install/backscatter_rover_data_recorder', 'merge_install': False, 'path': '/home/wings/Backscatter_UGV_ws/src/backscatter_rover_data_recorder', 'symlink_install': False, 'test_result_base': None}
[1.296s] Level 5:colcon.colcon_core.verb:set package 'rclpy_message_converter_msgs' build argument 'cmake_args' from command line to 'None'
[1.296s] Level 5:colcon.colcon_core.verb:set package 'rclpy_message_converter_msgs' build argument 'cmake_target' from command line to 'None'
[1.296s] Level 5:colcon.colcon_core.verb:set package 'rclpy_message_converter_msgs' build argument 'cmake_target_skip_unavailable' from command line to 'False'
[1.296s] Level 5:colcon.colcon_core.verb:set package 'rclpy_message_converter_msgs' build argument 'cmake_clean_cache' from command line to 'False'
[1.296s] Level 5:colcon.colcon_core.verb:set package 'rclpy_message_converter_msgs' build argument 'cmake_clean_first' from command line to 'False'
[1.296s] Level 5:colcon.colcon_core.verb:set package 'rclpy_message_converter_msgs' build argument 'cmake_force_configure' from command line to 'False'
[1.296s] Level 5:colcon.colcon_core.verb:set package 'rclpy_message_converter_msgs' build argument 'ament_cmake_args' from command line to 'None'
[1.296s] Level 5:colcon.colcon_core.verb:set package 'rclpy_message_converter_msgs' build argument 'catkin_cmake_args' from command line to 'None'
[1.296s] Level 5:colcon.colcon_core.verb:set package 'rclpy_message_converter_msgs' build argument 'catkin_skip_building_tests' from command line to 'False'
[1.296s] DEBUG:colcon.colcon_core.verb:Building package 'rclpy_message_converter_msgs' with the following arguments: {'ament_cmake_args': None, 'build_base': '/home/wings/Backscatter_UGV_ws/build/rclpy_message_converter_msgs', 'catkin_cmake_args': None, 'catkin_skip_building_tests': False, 'cmake_args': None, 'cmake_clean_cache': False, 'cmake_clean_first': False, 'cmake_force_configure': False, 'cmake_target': None, 'cmake_target_skip_unavailable': False, 'install_base': '/home/wings/Backscatter_UGV_ws/install/rclpy_message_converter_msgs', 'merge_install': False, 'path': '/home/wings/Backscatter_UGV_ws/src/rospy_message_converter/rclpy_message_converter_msgs', 'symlink_install': False, 'test_result_base': None}
[1.297s] Level 5:colcon.colcon_core.verb:set package 'rclpy_message_converter' build argument 'cmake_args' from command line to 'None'
[1.297s] Level 5:colcon.colcon_core.verb:set package 'rclpy_message_converter' build argument 'cmake_target' from command line to 'None'
[1.297s] Level 5:colcon.colcon_core.verb:set package 'rclpy_message_converter' build argument 'cmake_target_skip_unavailable' from command line to 'False'
[1.297s] Level 5:colcon.colcon_core.verb:set package 'rclpy_message_converter' build argument 'cmake_clean_cache' from command line to 'False'
[1.297s] Level 5:colcon.colcon_core.verb:set package 'rclpy_message_converter' build argument 'cmake_clean_first' from command line to 'False'
[1.297s] Level 5:colcon.colcon_core.verb:set package 'rclpy_message_converter' build argument 'cmake_force_configure' from command line to 'False'
[1.297s] Level 5:colcon.colcon_core.verb:set package 'rclpy_message_converter' build argument 'ament_cmake_args' from command line to 'None'
[1.297s] Level 5:colcon.colcon_core.verb:set package 'rclpy_message_converter' build argument 'catkin_cmake_args' from command line to 'None'
[1.297s] Level 5:colcon.colcon_core.verb:set package 'rclpy_message_converter' build argument 'catkin_skip_building_tests' from command line to 'False'
[1.297s] DEBUG:colcon.colcon_core.verb:Building package 'rclpy_message_converter' with the following arguments: {'ament_cmake_args': None, 'build_base': '/home/wings/Backscatter_UGV_ws/build/rclpy_message_converter', 'catkin_cmake_args': None, 'catkin_skip_building_tests': False, 'cmake_args': None, 'cmake_clean_cache': False, 'cmake_clean_first': False, 'cmake_force_configure': False, 'cmake_target': None, 'cmake_target_skip_unavailable': False, 'install_base': '/home/wings/Backscatter_UGV_ws/install/rclpy_message_converter', 'merge_install': False, 'path': '/home/wings/Backscatter_UGV_ws/src/rospy_message_converter/rclpy_message_converter', 'symlink_install': False, 'test_result_base': None}
[1.298s] INFO:colcon.colcon_core.executor:Executing jobs using 'parallel' executor
[1.300s] DEBUG:colcon.colcon_parallel_executor.executor.parallel:run_until_complete
[1.301s] INFO:colcon.colcon_ros.task.ament_cmake.build:Building ROS package in '/home/wings/Backscatter_UGV_ws/src/rospy_message_converter/rclpy_message_converter_msgs' with build type 'ament_cmake'
[1.301s] INFO:colcon.colcon_cmake.task.cmake.build:Building CMake package in '/home/wings/Backscatter_UGV_ws/src/rospy_message_converter/rclpy_message_converter_msgs'
[1.308s] INFO:colcon.colcon_core.plugin_system:Skipping extension 'colcon_core.shell.bat': Not used on non-Windows systems
[1.309s] INFO:colcon.colcon_core.shell:Skip shell extension 'powershell' for command environment: Not usable outside of PowerShell
[1.309s] DEBUG:colcon.colcon_core.shell:Skip shell extension 'dsv' for command environment
[1.321s] INFO:colcon.colcon_ros.task.ament_cmake.build:Building ROS package in '/home/wings/Backscatter_UGV_ws/src/backscatter_movement_record_msgs_srvs' with build type 'ament_cmake'
[1.321s] INFO:colcon.colcon_cmake.task.cmake.build:Building CMake package in '/home/wings/Backscatter_UGV_ws/src/backscatter_movement_record_msgs_srvs'
[1.322s] INFO:colcon.colcon_core.shell:Skip shell extension 'powershell' for command environment: Not usable outside of PowerShell
[1.322s] DEBUG:colcon.colcon_core.shell:Skip shell extension 'dsv' for command environment
[1.332s] INFO:colcon.colcon_ros.task.ament_python.build:Building ROS package in '/home/wings/Backscatter_UGV_ws/src/backscatter_rover_data_recorder' with build type 'ament_python'
[1.333s] Level 1:colcon.colcon_core.shell:create_environment_hook('backscatter_rover_data_recorder', 'ament_prefix_path')
[1.334s] INFO:colcon.colcon_core.shell:Creating environment hook '/home/wings/Backscatter_UGV_ws/install/backscatter_rover_data_recorder/share/backscatter_rover_data_recorder/hook/ament_prefix_path.ps1'
[1.336s] INFO:colcon.colcon_core.shell:Creating environment descriptor '/home/wings/Backscatter_UGV_ws/install/backscatter_rover_data_recorder/share/backscatter_rover_data_recorder/hook/ament_prefix_path.dsv'
[1.337s] INFO:colcon.colcon_core.shell:Creating environment hook '/home/wings/Backscatter_UGV_ws/install/backscatter_rover_data_recorder/share/backscatter_rover_data_recorder/hook/ament_prefix_path.sh'
[1.338s] INFO:colcon.colcon_core.shell:Skip shell extension 'powershell' for command environment: Not usable outside of PowerShell
[1.338s] DEBUG:colcon.colcon_core.shell:Skip shell extension 'dsv' for command environment
[1.357s] DEBUG:colcon.colcon_core.event_handler.log_command:Invoking command in '/home/wings/Backscatter_UGV_ws/build/rclpy_message_converter_msgs': CMAKE_PREFIX_PATH=${CMAKE_PREFIX_PATH}:/home/wings/Backscatter_UGV_ws/install/rclpy_message_converter:/home/wings/Backscatter_UGV_ws/install/backscatter_rover_data_recorder:/opt/ros/foxy /usr/bin/cmake --build /home/wings/Backscatter_UGV_ws/build/rclpy_message_converter_msgs -- -j6 -l6
[1.372s] DEBUG:colcon.colcon_core.event_handler.log_command:Invoking command in '/home/wings/Backscatter_UGV_ws/build/backscatter_movement_record_msgs_srvs': CMAKE_PREFIX_PATH=${CMAKE_PREFIX_PATH}:/home/wings/Backscatter_UGV_ws/install/rclpy_message_converter:/home/wings/Backscatter_UGV_ws/install/backscatter_rover_data_recorder:/opt/ros/foxy /usr/bin/cmake --build /home/wings/Backscatter_UGV_ws/build/backscatter_movement_record_msgs_srvs -- -j6 -l6
[1.861s] INFO:colcon.colcon_core.task.python.build:Building Python package in '/home/wings/Backscatter_UGV_ws/src/backscatter_rover_data_recorder'
[1.863s] INFO:colcon.colcon_core.shell:Skip shell extension 'powershell' for command environment: Not usable outside of PowerShell
[1.863s] DEBUG:colcon.colcon_core.shell:Skip shell extension 'dsv' for command environment
[1.944s] DEBUG:colcon.colcon_core.event_handler.log_command:Invoked command in '/home/wings/Backscatter_UGV_ws/build/rclpy_message_converter_msgs' returned '0': CMAKE_PREFIX_PATH=${CMAKE_PREFIX_PATH}:/home/wings/Backscatter_UGV_ws/install/rclpy_message_converter:/home/wings/Backscatter_UGV_ws/install/backscatter_rover_data_recorder:/opt/ros/foxy /usr/bin/cmake --build /home/wings/Backscatter_UGV_ws/build/rclpy_message_converter_msgs -- -j6 -l6
[1.972s] DEBUG:colcon.colcon_core.event_handler.log_command:Invoking command in '/home/wings/Backscatter_UGV_ws/build/rclpy_message_converter_msgs': CMAKE_PREFIX_PATH=${CMAKE_PREFIX_PATH}:/home/wings/Backscatter_UGV_ws/install/rclpy_message_converter:/home/wings/Backscatter_UGV_ws/install/backscatter_rover_data_recorder:/opt/ros/foxy /usr/bin/cmake --install /home/wings/Backscatter_UGV_ws/build/rclpy_message_converter_msgs
[1.976s] DEBUG:colcon.colcon_core.event_handler.log_command:Invoked command in '/home/wings/Backscatter_UGV_ws/build/backscatter_movement_record_msgs_srvs' returned '0': CMAKE_PREFIX_PATH=${CMAKE_PREFIX_PATH}:/home/wings/Backscatter_UGV_ws/install/rclpy_message_converter:/home/wings/Backscatter_UGV_ws/install/backscatter_rover_data_recorder:/opt/ros/foxy /usr/bin/cmake --build /home/wings/Backscatter_UGV_ws/build/backscatter_movement_record_msgs_srvs -- -j6 -l6
[1.981s] DEBUG:colcon.colcon_core.event_handler.log_command:Invoking command in '/home/wings/Backscatter_UGV_ws/build/backscatter_movement_record_msgs_srvs': CMAKE_PREFIX_PATH=${CMAKE_PREFIX_PATH}:/home/wings/Backscatter_UGV_ws/install/rclpy_message_converter:/home/wings/Backscatter_UGV_ws/install/backscatter_rover_data_recorder:/opt/ros/foxy /usr/bin/cmake --install /home/wings/Backscatter_UGV_ws/build/backscatter_movement_record_msgs_srvs
[2.118s] Level 1:colcon.colcon_core.environment:create_environment_scripts_only(rclpy_message_converter_msgs)
[2.123s] DEBUG:colcon.colcon_core.event_handler.log_command:Invoked command in '/home/wings/Backscatter_UGV_ws/build/rclpy_message_converter_msgs' returned '0': CMAKE_PREFIX_PATH=${CMAKE_PREFIX_PATH}:/home/wings/Backscatter_UGV_ws/install/rclpy_message_converter:/home/wings/Backscatter_UGV_ws/install/backscatter_rover_data_recorder:/opt/ros/foxy /usr/bin/cmake --install /home/wings/Backscatter_UGV_ws/build/rclpy_message_converter_msgs
[2.129s] Level 1:colcon.colcon_core.environment:checking '/home/wings/Backscatter_UGV_ws/install/rclpy_message_converter_msgs' for CMake module files
[2.131s] Level 1:colcon.colcon_core.environment:checking '/home/wings/Backscatter_UGV_ws/install/rclpy_message_converter_msgs' for CMake config files
[2.132s] Level 1:colcon.colcon_core.shell:create_environment_hook('rclpy_message_converter_msgs', 'cmake_prefix_path')
[2.133s] INFO:colcon.colcon_core.shell:Creating environment hook '/home/wings/Backscatter_UGV_ws/install/rclpy_message_converter_msgs/share/rclpy_message_converter_msgs/hook/cmake_prefix_path.ps1'
[2.134s] INFO:colcon.colcon_core.shell:Creating environment descriptor '/home/wings/Backscatter_UGV_ws/install/rclpy_message_converter_msgs/share/rclpy_message_converter_msgs/hook/cmake_prefix_path.dsv'
[2.135s] INFO:colcon.colcon_core.shell:Creating environment hook '/home/wings/Backscatter_UGV_ws/install/rclpy_message_converter_msgs/share/rclpy_message_converter_msgs/hook/cmake_prefix_path.sh'
[2.137s] Level 1:colcon.colcon_core.environment:checking '/home/wings/Backscatter_UGV_ws/install/rclpy_message_converter_msgs/lib'
[2.137s] Level 1:colcon.colcon_core.shell:create_environment_hook('rclpy_message_converter_msgs', 'ld_library_path_lib')
[2.138s] INFO:colcon.colcon_core.shell:Creating environment hook '/home/wings/Backscatter_UGV_ws/install/rclpy_message_converter_msgs/share/rclpy_message_converter_msgs/hook/ld_library_path_lib.ps1'
[2.139s] INFO:colcon.colcon_core.shell:Creating environment descriptor '/home/wings/Backscatter_UGV_ws/install/rclpy_message_converter_msgs/share/rclpy_message_converter_msgs/hook/ld_library_path_lib.dsv'
[2.139s] INFO:colcon.colcon_core.shell:Creating environment hook '/home/wings/Backscatter_UGV_ws/install/rclpy_message_converter_msgs/share/rclpy_message_converter_msgs/hook/ld_library_path_lib.sh'
[2.140s] Level 1:colcon.colcon_core.environment:checking '/home/wings/Backscatter_UGV_ws/install/rclpy_message_converter_msgs/bin'
[2.140s] Level 1:colcon.colcon_core.environment:checking '/home/wings/Backscatter_UGV_ws/install/rclpy_message_converter_msgs/lib/pkgconfig/rclpy_message_converter_msgs.pc'
[2.141s] Level 1:colcon.colcon_core.environment:checking '/home/wings/Backscatter_UGV_ws/install/rclpy_message_converter_msgs/lib/python3.8/site-packages'
[2.141s] Level 1:colcon.colcon_core.shell:create_environment_hook('rclpy_message_converter_msgs', 'pythonpath')
[2.141s] INFO:colcon.colcon_core.shell:Creating environment hook '/home/wings/Backscatter_UGV_ws/install/rclpy_message_converter_msgs/share/rclpy_message_converter_msgs/hook/pythonpath.ps1'
[2.142s] INFO:colcon.colcon_core.shell:Creating environment descriptor '/home/wings/Backscatter_UGV_ws/install/rclpy_message_converter_msgs/share/rclpy_message_converter_msgs/hook/pythonpath.dsv'
[2.143s] INFO:colcon.colcon_core.shell:Creating environment hook '/home/wings/Backscatter_UGV_ws/install/rclpy_message_converter_msgs/share/rclpy_message_converter_msgs/hook/pythonpath.sh'
[2.144s] Level 1:colcon.colcon_core.environment:checking '/home/wings/Backscatter_UGV_ws/install/rclpy_message_converter_msgs/bin'
[2.145s] INFO:colcon.colcon_core.shell:Creating package script '/home/wings/Backscatter_UGV_ws/install/rclpy_message_converter_msgs/share/rclpy_message_converter_msgs/package.ps1'
[2.147s] INFO:colcon.colcon_core.shell:Creating package descriptor '/home/wings/Backscatter_UGV_ws/install/rclpy_message_converter_msgs/share/rclpy_message_converter_msgs/package.dsv'
[2.148s] INFO:colcon.colcon_core.shell:Creating package script '/home/wings/Backscatter_UGV_ws/install/rclpy_message_converter_msgs/share/rclpy_message_converter_msgs/package.sh'
[2.151s] INFO:colcon.colcon_core.shell:Creating package script '/home/wings/Backscatter_UGV_ws/install/rclpy_message_converter_msgs/share/rclpy_message_converter_msgs/package.bash'
[2.152s] INFO:colcon.colcon_core.shell:Creating package script '/home/wings/Backscatter_UGV_ws/install/rclpy_message_converter_msgs/share/rclpy_message_converter_msgs/package.zsh'
[2.154s] Level 1:colcon.colcon_core.environment:create_file_with_runtime_dependencies(/home/wings/Backscatter_UGV_ws/install/rclpy_message_converter_msgs/share/colcon-core/packages/rclpy_message_converter_msgs)
[2.155s] Level 1:colcon.colcon_core.environment:create_environment_scripts_only(rclpy_message_converter_msgs)
[2.156s] Level 1:colcon.colcon_core.environment:checking '/home/wings/Backscatter_UGV_ws/install/rclpy_message_converter_msgs' for CMake module files
[2.157s] Level 1:colcon.colcon_core.environment:checking '/home/wings/Backscatter_UGV_ws/install/rclpy_message_converter_msgs' for CMake config files
[2.158s] Level 1:colcon.colcon_core.shell:create_environment_hook('rclpy_message_converter_msgs', 'cmake_prefix_path')
[2.159s] INFO:colcon.colcon_core.shell:Creating environment hook '/home/wings/Backscatter_UGV_ws/install/rclpy_message_converter_msgs/share/rclpy_message_converter_msgs/hook/cmake_prefix_path.ps1'
[2.160s] INFO:colcon.colcon_core.shell:Creating environment descriptor '/home/wings/Backscatter_UGV_ws/install/rclpy_message_converter_msgs/share/rclpy_message_converter_msgs/hook/cmake_prefix_path.dsv'
[2.160s] INFO:colcon.colcon_core.shell:Creating environment hook '/home/wings/Backscatter_UGV_ws/install/rclpy_message_converter_msgs/share/rclpy_message_converter_msgs/hook/cmake_prefix_path.sh'
[2.161s] Level 1:colcon.colcon_core.environment:checking '/home/wings/Backscatter_UGV_ws/install/rclpy_message_converter_msgs/lib'
[2.162s] Level 1:colcon.colcon_core.shell:create_environment_hook('rclpy_message_converter_msgs', 'ld_library_path_lib')
[2.162s] INFO:colcon.colcon_core.shell:Creating environment hook '/home/wings/Backscatter_UGV_ws/install/rclpy_message_converter_msgs/share/rclpy_message_converter_msgs/hook/ld_library_path_lib.ps1'
[2.163s] INFO:colcon.colcon_core.shell:Creating environment descriptor '/home/wings/Backscatter_UGV_ws/install/rclpy_message_converter_msgs/share/rclpy_message_converter_msgs/hook/ld_library_path_lib.dsv'
[2.163s] INFO:colcon.colcon_core.shell:Creating environment hook '/home/wings/Backscatter_UGV_ws/install/rclpy_message_converter_msgs/share/rclpy_message_converter_msgs/hook/ld_library_path_lib.sh'
[2.164s] Level 1:colcon.colcon_core.environment:checking '/home/wings/Backscatter_UGV_ws/install/rclpy_message_converter_msgs/bin'
[2.164s] Level 1:colcon.colcon_core.environment:checking '/home/wings/Backscatter_UGV_ws/install/rclpy_message_converter_msgs/lib/pkgconfig/rclpy_message_converter_msgs.pc'
[2.165s] Level 1:colcon.colcon_core.environment:checking '/home/wings/Backscatter_UGV_ws/install/rclpy_message_converter_msgs/lib/python3.8/site-packages'
[2.165s] Level 1:colcon.colcon_core.shell:create_environment_hook('rclpy_message_converter_msgs', 'pythonpath')
[2.165s] INFO:colcon.colcon_core.shell:Creating environment hook '/home/wings/Backscatter_UGV_ws/install/rclpy_message_converter_msgs/share/rclpy_message_converter_msgs/hook/pythonpath.ps1'
[2.166s] INFO:colcon.colcon_core.shell:Creating environment descriptor '/home/wings/Backscatter_UGV_ws/install/rclpy_message_converter_msgs/share/rclpy_message_converter_msgs/hook/pythonpath.dsv'
[2.168s] INFO:colcon.colcon_core.shell:Creating environment hook '/home/wings/Backscatter_UGV_ws/install/rclpy_message_converter_msgs/share/rclpy_message_converter_msgs/hook/pythonpath.sh'
[2.169s] Level 1:colcon.colcon_core.environment:checking '/home/wings/Backscatter_UGV_ws/install/rclpy_message_converter_msgs/bin'
[2.170s] INFO:colcon.colcon_core.shell:Creating package script '/home/wings/Backscatter_UGV_ws/install/rclpy_message_converter_msgs/share/rclpy_message_converter_msgs/package.ps1'
[2.171s] INFO:colcon.colcon_core.shell:Creating package descriptor '/home/wings/Backscatter_UGV_ws/install/rclpy_message_converter_msgs/share/rclpy_message_converter_msgs/package.dsv'
[2.172s] INFO:colcon.colcon_core.shell:Creating package script '/home/wings/Backscatter_UGV_ws/install/rclpy_message_converter_msgs/share/rclpy_message_converter_msgs/package.sh'
[2.173s] INFO:colcon.colcon_core.shell:Creating package script '/home/wings/Backscatter_UGV_ws/install/rclpy_message_converter_msgs/share/rclpy_message_converter_msgs/package.bash'
[2.174s] INFO:colcon.colcon_core.shell:Creating package script '/home/wings/Backscatter_UGV_ws/install/rclpy_message_converter_msgs/share/rclpy_message_converter_msgs/package.zsh'
[2.175s] Level 1:colcon.colcon_core.environment:create_file_with_runtime_dependencies(/home/wings/Backscatter_UGV_ws/install/rclpy_message_converter_msgs/share/colcon-core/packages/rclpy_message_converter_msgs)
[2.177s] INFO:colcon.colcon_ros.task.ament_python.build:Building ROS package in '/home/wings/Backscatter_UGV_ws/src/rospy_message_converter/rclpy_message_converter' with build type 'ament_python'
[2.177s] Level 1:colcon.colcon_core.shell:create_environment_hook('rclpy_message_converter', 'ament_prefix_path')
[2.178s] INFO:colcon.colcon_core.shell:Creating environment hook '/home/wings/Backscatter_UGV_ws/install/rclpy_message_converter/share/rclpy_message_converter/hook/ament_prefix_path.ps1'
[2.179s] INFO:colcon.colcon_core.shell:Creating environment descriptor '/home/wings/Backscatter_UGV_ws/install/rclpy_message_converter/share/rclpy_message_converter/hook/ament_prefix_path.dsv'
[2.180s] INFO:colcon.colcon_core.shell:Creating environment hook '/home/wings/Backscatter_UGV_ws/install/rclpy_message_converter/share/rclpy_message_converter/hook/ament_prefix_path.sh'
[2.181s] INFO:colcon.colcon_core.shell:Skip shell extension 'powershell' for command environment: Not usable outside of PowerShell
[2.181s] DEBUG:colcon.colcon_core.shell:Skip shell extension 'dsv' for command environment
[2.193s] Level 1:colcon.colcon_core.environment:create_environment_scripts_only(backscatter_movement_record_msgs_srvs)
[2.194s] Level 1:colcon.colcon_core.environment:checking '/home/wings/Backscatter_UGV_ws/install/backscatter_movement_record_msgs_srvs' for CMake module files
[2.195s] DEBUG:colcon.colcon_core.event_handler.log_command:Invoked command in '/home/wings/Backscatter_UGV_ws/build/backscatter_movement_record_msgs_srvs' returned '0': CMAKE_PREFIX_PATH=${CMAKE_PREFIX_PATH}:/home/wings/Backscatter_UGV_ws/install/rclpy_message_converter:/home/wings/Backscatter_UGV_ws/install/backscatter_rover_data_recorder:/opt/ros/foxy /usr/bin/cmake --install /home/wings/Backscatter_UGV_ws/build/backscatter_movement_record_msgs_srvs
[2.196s] Level 1:colcon.colcon_core.environment:checking '/home/wings/Backscatter_UGV_ws/install/backscatter_movement_record_msgs_srvs' for CMake config files
[2.198s] Level 1:colcon.colcon_core.shell:create_environment_hook('backscatter_movement_record_msgs_srvs', 'cmake_prefix_path')
[2.199s] INFO:colcon.colcon_core.shell:Creating environment hook '/home/wings/Backscatter_UGV_ws/install/backscatter_movement_record_msgs_srvs/share/backscatter_movement_record_msgs_srvs/hook/cmake_prefix_path.ps1'
[2.200s] INFO:colcon.colcon_core.shell:Creating environment descriptor '/home/wings/Backscatter_UGV_ws/install/backscatter_movement_record_msgs_srvs/share/backscatter_movement_record_msgs_srvs/hook/cmake_prefix_path.dsv'
[2.201s] INFO:colcon.colcon_core.shell:Creating environment hook '/home/wings/Backscatter_UGV_ws/install/backscatter_movement_record_msgs_srvs/share/backscatter_movement_record_msgs_srvs/hook/cmake_prefix_path.sh'
[2.202s] Level 1:colcon.colcon_core.environment:checking '/home/wings/Backscatter_UGV_ws/install/backscatter_movement_record_msgs_srvs/lib'
[2.202s] Level 1:colcon.colcon_core.shell:create_environment_hook('backscatter_movement_record_msgs_srvs', 'ld_library_path_lib')
[2.203s] INFO:colcon.colcon_core.shell:Creating environment hook '/home/wings/Backscatter_UGV_ws/install/backscatter_movement_record_msgs_srvs/share/backscatter_movement_record_msgs_srvs/hook/ld_library_path_lib.ps1'
[2.204s] INFO:colcon.colcon_core.shell:Creating environment descriptor '/home/wings/Backscatter_UGV_ws/install/backscatter_movement_record_msgs_srvs/share/backscatter_movement_record_msgs_srvs/hook/ld_library_path_lib.dsv'
[2.204s] INFO:colcon.colcon_core.shell:Creating environment hook '/home/wings/Backscatter_UGV_ws/install/backscatter_movement_record_msgs_srvs/share/backscatter_movement_record_msgs_srvs/hook/ld_library_path_lib.sh'
[2.205s] Level 1:colcon.colcon_core.environment:checking '/home/wings/Backscatter_UGV_ws/install/backscatter_movement_record_msgs_srvs/bin'
[2.205s] Level 1:colcon.colcon_core.environment:checking '/home/wings/Backscatter_UGV_ws/install/backscatter_movement_record_msgs_srvs/lib/pkgconfig/backscatter_movement_record_msgs_srvs.pc'
[2.206s] Level 1:colcon.colcon_core.environment:checking '/home/wings/Backscatter_UGV_ws/install/backscatter_movement_record_msgs_srvs/lib/python3.8/site-packages'
[2.206s] Level 1:colcon.colcon_core.shell:create_environment_hook('backscatter_movement_record_msgs_srvs', 'pythonpath')
[2.206s] INFO:colcon.colcon_core.shell:Creating environment hook '/home/wings/Backscatter_UGV_ws/install/backscatter_movement_record_msgs_srvs/share/backscatter_movement_record_msgs_srvs/hook/pythonpath.ps1'
[2.207s] INFO:colcon.colcon_core.shell:Creating environment descriptor '/home/wings/Backscatter_UGV_ws/install/backscatter_movement_record_msgs_srvs/share/backscatter_movement_record_msgs_srvs/hook/pythonpath.dsv'
[2.208s] INFO:colcon.colcon_core.shell:Creating environment hook '/home/wings/Backscatter_UGV_ws/install/backscatter_movement_record_msgs_srvs/share/backscatter_movement_record_msgs_srvs/hook/pythonpath.sh'
[2.209s] Level 1:colcon.colcon_core.environment:checking '/home/wings/Backscatter_UGV_ws/install/backscatter_movement_record_msgs_srvs/bin'
[2.210s] INFO:colcon.colcon_core.shell:Creating package script '/home/wings/Backscatter_UGV_ws/install/backscatter_movement_record_msgs_srvs/share/backscatter_movement_record_msgs_srvs/package.ps1'
[2.211s] INFO:colcon.colcon_core.shell:Creating package descriptor '/home/wings/Backscatter_UGV_ws/install/backscatter_movement_record_msgs_srvs/share/backscatter_movement_record_msgs_srvs/package.dsv'
[2.212s] INFO:colcon.colcon_core.shell:Creating package script '/home/wings/Backscatter_UGV_ws/install/backscatter_movement_record_msgs_srvs/share/backscatter_movement_record_msgs_srvs/package.sh'
[2.213s] INFO:colcon.colcon_core.shell:Creating package script '/home/wings/Backscatter_UGV_ws/install/backscatter_movement_record_msgs_srvs/share/backscatter_movement_record_msgs_srvs/package.bash'
[2.213s] INFO:colcon.colcon_core.shell:Creating package script '/home/wings/Backscatter_UGV_ws/install/backscatter_movement_record_msgs_srvs/share/backscatter_movement_record_msgs_srvs/package.zsh'
[2.214s] Level 1:colcon.colcon_core.environment:create_file_with_runtime_dependencies(/home/wings/Backscatter_UGV_ws/install/backscatter_movement_record_msgs_srvs/share/colcon-core/packages/backscatter_movement_record_msgs_srvs)
[2.215s] Level 1:colcon.colcon_core.environment:create_environment_scripts_only(backscatter_movement_record_msgs_srvs)
[2.216s] Level 1:colcon.colcon_core.environment:checking '/home/wings/Backscatter_UGV_ws/install/backscatter_movement_record_msgs_srvs' for CMake module files
[2.217s] Level 1:colcon.colcon_core.environment:checking '/home/wings/Backscatter_UGV_ws/install/backscatter_movement_record_msgs_srvs' for CMake config files
[2.218s] Level 1:colcon.colcon_core.shell:create_environment_hook('backscatter_movement_record_msgs_srvs', 'cmake_prefix_path')
[2.218s] INFO:colcon.colcon_core.shell:Creating environment hook '/home/wings/Backscatter_UGV_ws/install/backscatter_movement_record_msgs_srvs/share/backscatter_movement_record_msgs_srvs/hook/cmake_prefix_path.ps1'
[2.219s] INFO:colcon.colcon_core.shell:Creating environment descriptor '/home/wings/Backscatter_UGV_ws/install/backscatter_movement_record_msgs_srvs/share/backscatter_movement_record_msgs_srvs/hook/cmake_prefix_path.dsv'
[2.220s] INFO:colcon.colcon_core.shell:Creating environment hook '/home/wings/Backscatter_UGV_ws/install/backscatter_movement_record_msgs_srvs/share/backscatter_movement_record_msgs_srvs/hook/cmake_prefix_path.sh'
[2.221s] Level 1:colcon.colcon_core.environment:checking '/home/wings/Backscatter_UGV_ws/install/backscatter_movement_record_msgs_srvs/lib'
[2.221s] Level 1:colcon.colcon_core.shell:create_environment_hook('backscatter_movement_record_msgs_srvs', 'ld_library_path_lib')
[2.222s] INFO:colcon.colcon_core.shell:Creating environment hook '/home/wings/Backscatter_UGV_ws/install/backscatter_movement_record_msgs_srvs/share/backscatter_movement_record_msgs_srvs/hook/ld_library_path_lib.ps1'
[2.222s] INFO:colcon.colcon_core.shell:Creating environment descriptor '/home/wings/Backscatter_UGV_ws/install/backscatter_movement_record_msgs_srvs/share/backscatter_movement_record_msgs_srvs/hook/ld_library_path_lib.dsv'
[2.223s] INFO:colcon.colcon_core.shell:Creating environment hook '/home/wings/Backscatter_UGV_ws/install/backscatter_movement_record_msgs_srvs/share/backscatter_movement_record_msgs_srvs/hook/ld_library_path_lib.sh'
[2.224s] Level 1:colcon.colcon_core.environment:checking '/home/wings/Backscatter_UGV_ws/install/backscatter_movement_record_msgs_srvs/bin'
[2.224s] Level 1:colcon.colcon_core.environment:checking '/home/wings/Backscatter_UGV_ws/install/backscatter_movement_record_msgs_srvs/lib/pkgconfig/backscatter_movement_record_msgs_srvs.pc'
[2.224s] Level 1:colcon.colcon_core.environment:checking '/home/wings/Backscatter_UGV_ws/install/backscatter_movement_record_msgs_srvs/lib/python3.8/site-packages'
[2.224s] Level 1:colcon.colcon_core.shell:create_environment_hook('backscatter_movement_record_msgs_srvs', 'pythonpath')
[2.225s] INFO:colcon.colcon_core.shell:Creating environment hook '/home/wings/Backscatter_UGV_ws/install/backscatter_movement_record_msgs_srvs/share/backscatter_movement_record_msgs_srvs/hook/pythonpath.ps1'
[2.226s] INFO:colcon.colcon_core.shell:Creating environment descriptor '/home/wings/Backscatter_UGV_ws/install/backscatter_movement_record_msgs_srvs/share/backscatter_movement_record_msgs_srvs/hook/pythonpath.dsv'
[2.226s] INFO:colcon.colcon_core.shell:Creating environment hook '/home/wings/Backscatter_UGV_ws/install/backscatter_movement_record_msgs_srvs/share/backscatter_movement_record_msgs_srvs/hook/pythonpath.sh'
[2.228s] Level 1:colcon.colcon_core.environment:checking '/home/wings/Backscatter_UGV_ws/install/backscatter_movement_record_msgs_srvs/bin'
[2.229s] INFO:colcon.colcon_core.shell:Creating package script '/home/wings/Backscatter_UGV_ws/install/backscatter_movement_record_msgs_srvs/share/backscatter_movement_record_msgs_srvs/package.ps1'
[2.230s] INFO:colcon.colcon_core.shell:Creating package descriptor '/home/wings/Backscatter_UGV_ws/install/backscatter_movement_record_msgs_srvs/share/backscatter_movement_record_msgs_srvs/package.dsv'
[2.231s] INFO:colcon.colcon_core.shell:Creating package script '/home/wings/Backscatter_UGV_ws/install/backscatter_movement_record_msgs_srvs/share/backscatter_movement_record_msgs_srvs/package.sh'
[2.232s] INFO:colcon.colcon_core.shell:Creating package script '/home/wings/Backscatter_UGV_ws/install/backscatter_movement_record_msgs_srvs/share/backscatter_movement_record_msgs_srvs/package.bash'
[2.233s] INFO:colcon.colcon_core.shell:Creating package script '/home/wings/Backscatter_UGV_ws/install/backscatter_movement_record_msgs_srvs/share/backscatter_movement_record_msgs_srvs/package.zsh'
[2.233s] Level 1:colcon.colcon_core.environment:create_file_with_runtime_dependencies(/home/wings/Backscatter_UGV_ws/install/backscatter_movement_record_msgs_srvs/share/colcon-core/packages/backscatter_movement_record_msgs_srvs)
[2.710s] INFO:colcon.colcon_core.task.python.build:Building Python package in '/home/wings/Backscatter_UGV_ws/src/rospy_message_converter/rclpy_message_converter'
[2.711s] INFO:colcon.colcon_core.shell:Skip shell extension 'powershell' for command environment: Not usable outside of PowerShell
[2.711s] DEBUG:colcon.colcon_core.shell:Skip shell extension 'dsv' for command environment
[2.791s] DEBUG:colcon.colcon_core.event_handler.log_command:Invoking command in '/home/wings/Backscatter_UGV_ws/src/backscatter_rover_data_recorder': PYTHONPATH=/home/wings/Backscatter_UGV_ws/build/backscatter_rover_data_recorder/prefix_override:/usr/lib/python3/dist-packages/colcon_core/task/python/colcon_distutils_commands:/home/wings/Backscatter_UGV_ws/install/backscatter_rover_data_recorder/lib/python3.8/site-packages:${PYTHONPATH} /usr/bin/python3 -W ignore:setup.py install is deprecated -W ignore:easy_install command is deprecated setup.py egg_info --egg-base ../../build/backscatter_rover_data_recorder build --build-base /home/wings/Backscatter_UGV_ws/build/backscatter_rover_data_recorder/build install --record /home/wings/Backscatter_UGV_ws/build/backscatter_rover_data_recorder/install.log --install-scripts $base/lib/backscatter_rover_data_recorder --single-version-externally-managed install_data
[3.437s] Level 1:colcon.colcon_core.environment:checking '/home/wings/Backscatter_UGV_ws/install/backscatter_rover_data_recorder' for CMake module files
[3.439s] DEBUG:colcon.colcon_core.event_handler.log_command:Invoked command in '/home/wings/Backscatter_UGV_ws/src/backscatter_rover_data_recorder' returned '0': PYTHONPATH=/home/wings/Backscatter_UGV_ws/build/backscatter_rover_data_recorder/prefix_override:/usr/lib/python3/dist-packages/colcon_core/task/python/colcon_distutils_commands:/home/wings/Backscatter_UGV_ws/install/backscatter_rover_data_recorder/lib/python3.8/site-packages:${PYTHONPATH} /usr/bin/python3 -W ignore:setup.py install is deprecated -W ignore:easy_install command is deprecated setup.py egg_info --egg-base ../../build/backscatter_rover_data_recorder build --build-base /home/wings/Backscatter_UGV_ws/build/backscatter_rover_data_recorder/build install --record /home/wings/Backscatter_UGV_ws/build/backscatter_rover_data_recorder/install.log --install-scripts $base/lib/backscatter_rover_data_recorder --single-version-externally-managed install_data
[3.440s] Level 1:colcon.colcon_core.environment:checking '/home/wings/Backscatter_UGV_ws/install/backscatter_rover_data_recorder' for CMake config files
[3.442s] Level 1:colcon.colcon_core.environment:checking '/home/wings/Backscatter_UGV_ws/install/backscatter_rover_data_recorder/lib'
[3.442s] Level 1:colcon.colcon_core.environment:checking '/home/wings/Backscatter_UGV_ws/install/backscatter_rover_data_recorder/bin'
[3.443s] Level 1:colcon.colcon_core.environment:checking '/home/wings/Backscatter_UGV_ws/install/backscatter_rover_data_recorder/lib/pkgconfig/backscatter_rover_data_recorder.pc'
[3.444s] Level 1:colcon.colcon_core.environment:checking '/home/wings/Backscatter_UGV_ws/install/backscatter_rover_data_recorder/lib/python3.8/site-packages'
[3.444s] Level 1:colcon.colcon_core.shell:create_environment_hook('backscatter_rover_data_recorder', 'pythonpath')
[3.445s] INFO:colcon.colcon_core.shell:Creating environment hook '/home/wings/Backscatter_UGV_ws/install/backscatter_rover_data_recorder/share/backscatter_rover_data_recorder/hook/pythonpath.ps1'
[3.447s] INFO:colcon.colcon_core.shell:Creating environment descriptor '/home/wings/Backscatter_UGV_ws/install/backscatter_rover_data_recorder/share/backscatter_rover_data_recorder/hook/pythonpath.dsv'
[3.448s] INFO:colcon.colcon_core.shell:Creating environment hook '/home/wings/Backscatter_UGV_ws/install/backscatter_rover_data_recorder/share/backscatter_rover_data_recorder/hook/pythonpath.sh'
[3.450s] Level 1:colcon.colcon_core.environment:checking '/home/wings/Backscatter_UGV_ws/install/backscatter_rover_data_recorder/bin'
[3.451s] Level 1:colcon.colcon_core.environment:create_environment_scripts_only(backscatter_rover_data_recorder)
[3.452s] INFO:colcon.colcon_core.shell:Creating package script '/home/wings/Backscatter_UGV_ws/install/backscatter_rover_data_recorder/share/backscatter_rover_data_recorder/package.ps1'
[3.454s] INFO:colcon.colcon_core.shell:Creating package descriptor '/home/wings/Backscatter_UGV_ws/install/backscatter_rover_data_recorder/share/backscatter_rover_data_recorder/package.dsv'
[3.455s] INFO:colcon.colcon_core.shell:Creating package script '/home/wings/Backscatter_UGV_ws/install/backscatter_rover_data_recorder/share/backscatter_rover_data_recorder/package.sh'
[3.457s] INFO:colcon.colcon_core.shell:Creating package script '/home/wings/Backscatter_UGV_ws/install/backscatter_rover_data_recorder/share/backscatter_rover_data_recorder/package.bash'
[3.458s] INFO:colcon.colcon_core.shell:Creating package script '/home/wings/Backscatter_UGV_ws/install/backscatter_rover_data_recorder/share/backscatter_rover_data_recorder/package.zsh'
[3.460s] Level 1:colcon.colcon_core.environment:create_file_with_runtime_dependencies(/home/wings/Backscatter_UGV_ws/install/backscatter_rover_data_recorder/share/colcon-core/packages/backscatter_rover_data_recorder)
[3.562s] DEBUG:colcon.colcon_core.event_handler.log_command:Invoking command in '/home/wings/Backscatter_UGV_ws/src/rospy_message_converter/rclpy_message_converter': CMAKE_PREFIX_PATH=/home/wings/Backscatter_UGV_ws/install/rclpy_message_converter_msgs:/home/wings/Backscatter_UGV_ws/install/slam_msgs:/home/wings/Backscatter_UGV_ws/install/backscatter_movement_record_msgs_srvs LD_LIBRARY_PATH=/home/wings/Backscatter_UGV_ws/install/rclpy_message_converter_msgs/lib:/home/wings/Backscatter_UGV_ws/install/slam_msgs/lib:/home/wings/Backscatter_UGV_ws/install/backscatter_movement_record_msgs_srvs/lib:/opt/ros/foxy/opt/yaml_cpp_vendor/lib:/opt/ros/foxy/opt/rviz_ogre_vendor/lib:/opt/ros/foxy/lib/aarch64-linux-gnu:/opt/ros/foxy/lib PYTHONPATH=/home/wings/Backscatter_UGV_ws/build/rclpy_message_converter/prefix_override:/usr/lib/python3/dist-packages/colcon_core/task/python/colcon_distutils_commands:/home/wings/Backscatter_UGV_ws/install/rclpy_message_converter/lib/python3.8/site-packages:/home/wings/Backscatter_UGV_ws/install/rclpy_message_converter_msgs/lib/python3.8/site-packages:/home/wings/Backscatter_UGV_ws/install/slam_msgs/lib/python3.8/site-packages:/home/wings/Backscatter_UGV_ws/install/rclpy_message_converter/lib/python3.8/site-packages:/home/wings/Backscatter_UGV_ws/install/backscatter_rover_data_recorder/lib/python3.8/site-packages:/home/wings/Backscatter_UGV_ws/install/backscatter_movement_record_msgs_srvs/lib/python3.8/site-packages:/opt/ros/foxy/lib/python3.8/site-packages /usr/bin/python3 -W ignore:setup.py install is deprecated -W ignore:easy_install command is deprecated setup.py egg_info --egg-base ../../../build/rclpy_message_converter build --build-base /home/wings/Backscatter_UGV_ws/build/rclpy_message_converter/build install --record /home/wings/Backscatter_UGV_ws/build/rclpy_message_converter/install.log --single-version-externally-managed install_data
[4.162s] Level 1:colcon.colcon_core.environment:checking '/home/wings/Backscatter_UGV_ws/install/rclpy_message_converter' for CMake module files
[4.163s] DEBUG:colcon.colcon_core.event_handler.log_command:Invoked command in '/home/wings/Backscatter_UGV_ws/src/rospy_message_converter/rclpy_message_converter' returned '0': CMAKE_PREFIX_PATH=/home/wings/Backscatter_UGV_ws/install/rclpy_message_converter_msgs:/home/wings/Backscatter_UGV_ws/install/slam_msgs:/home/wings/Backscatter_UGV_ws/install/backscatter_movement_record_msgs_srvs LD_LIBRARY_PATH=/home/wings/Backscatter_UGV_ws/install/rclpy_message_converter_msgs/lib:/home/wings/Backscatter_UGV_ws/install/slam_msgs/lib:/home/wings/Backscatter_UGV_ws/install/backscatter_movement_record_msgs_srvs/lib:/opt/ros/foxy/opt/yaml_cpp_vendor/lib:/opt/ros/foxy/opt/rviz_ogre_vendor/lib:/opt/ros/foxy/lib/aarch64-linux-gnu:/opt/ros/foxy/lib PYTHONPATH=/home/wings/Backscatter_UGV_ws/build/rclpy_message_converter/prefix_override:/usr/lib/python3/dist-packages/colcon_core/task/python/colcon_distutils_commands:/home/wings/Backscatter_UGV_ws/install/rclpy_message_converter/lib/python3.8/site-packages:/home/wings/Backscatter_UGV_ws/install/rclpy_message_converter_msgs/lib/python3.8/site-packages:/home/wings/Backscatter_UGV_ws/install/slam_msgs/lib/python3.8/site-packages:/home/wings/Backscatter_UGV_ws/install/rclpy_message_converter/lib/python3.8/site-packages:/home/wings/Backscatter_UGV_ws/install/backscatter_rover_data_recorder/lib/python3.8/site-packages:/home/wings/Backscatter_UGV_ws/install/backscatter_movement_record_msgs_srvs/lib/python3.8/site-packages:/opt/ros/foxy/lib/python3.8/site-packages /usr/bin/python3 -W ignore:setup.py install is deprecated -W ignore:easy_install command is deprecated setup.py egg_info --egg-base ../../../build/rclpy_message_converter build --build-base /home/wings/Backscatter_UGV_ws/build/rclpy_message_converter/build install --record /home/wings/Backscatter_UGV_ws/build/rclpy_message_converter/install.log --single-version-externally-managed install_data
[4.165s] Level 1:colcon.colcon_core.environment:checking '/home/wings/Backscatter_UGV_ws/install/rclpy_message_converter' for CMake config files
[4.167s] Level 1:colcon.colcon_core.environment:checking '/home/wings/Backscatter_UGV_ws/install/rclpy_message_converter/lib'
[4.167s] Level 1:colcon.colcon_core.environment:checking '/home/wings/Backscatter_UGV_ws/install/rclpy_message_converter/bin'
[4.167s] Level 1:colcon.colcon_core.environment:checking '/home/wings/Backscatter_UGV_ws/install/rclpy_message_converter/lib/pkgconfig/rclpy_message_converter.pc'
[4.168s] Level 1:colcon.colcon_core.environment:checking '/home/wings/Backscatter_UGV_ws/install/rclpy_message_converter/lib/python3.8/site-packages'
[4.168s] Level 1:colcon.colcon_core.shell:create_environment_hook('rclpy_message_converter', 'pythonpath')
[4.169s] INFO:colcon.colcon_core.shell:Creating environment hook '/home/wings/Backscatter_UGV_ws/install/rclpy_message_converter/share/rclpy_message_converter/hook/pythonpath.ps1'
[4.171s] INFO:colcon.colcon_core.shell:Creating environment descriptor '/home/wings/Backscatter_UGV_ws/install/rclpy_message_converter/share/rclpy_message_converter/hook/pythonpath.dsv'
[4.173s] INFO:colcon.colcon_core.shell:Creating environment hook '/home/wings/Backscatter_UGV_ws/install/rclpy_message_converter/share/rclpy_message_converter/hook/pythonpath.sh'
[4.175s] Level 1:colcon.colcon_core.environment:checking '/home/wings/Backscatter_UGV_ws/install/rclpy_message_converter/bin'
[4.175s] Level 1:colcon.colcon_core.environment:create_environment_scripts_only(rclpy_message_converter)
[4.177s] INFO:colcon.colcon_core.shell:Creating package script '/home/wings/Backscatter_UGV_ws/install/rclpy_message_converter/share/rclpy_message_converter/package.ps1'
[4.179s] INFO:colcon.colcon_core.shell:Creating package descriptor '/home/wings/Backscatter_UGV_ws/install/rclpy_message_converter/share/rclpy_message_converter/package.dsv'
[4.180s] INFO:colcon.colcon_core.shell:Creating package script '/home/wings/Backscatter_UGV_ws/install/rclpy_message_converter/share/rclpy_message_converter/package.sh'
[4.182s] INFO:colcon.colcon_core.shell:Creating package script '/home/wings/Backscatter_UGV_ws/install/rclpy_message_converter/share/rclpy_message_converter/package.bash'
[4.183s] INFO:colcon.colcon_core.shell:Creating package script '/home/wings/Backscatter_UGV_ws/install/rclpy_message_converter/share/rclpy_message_converter/package.zsh'
[4.185s] Level 1:colcon.colcon_core.environment:create_file_with_runtime_dependencies(/home/wings/Backscatter_UGV_ws/install/rclpy_message_converter/share/colcon-core/packages/rclpy_message_converter)
[4.186s] DEBUG:colcon.colcon_parallel_executor.executor.parallel:closing loop
[4.187s] DEBUG:colcon.colcon_parallel_executor.executor.parallel:loop closed
[4.187s] DEBUG:colcon.colcon_parallel_executor.executor.parallel:run_until_complete finished with '0'
[4.188s] DEBUG:colcon.colcon_core.event_reactor:joining thread
[4.209s] INFO:colcon.colcon_core.plugin_system:Skipping extension 'colcon_notification.desktop_notification.terminal_notifier': Not used on non-Darwin systems
[4.209s] INFO:colcon.colcon_core.plugin_system:Skipping extension 'colcon_notification.desktop_notification.win32': Not used on non-Windows systems
[4.210s] INFO:colcon.colcon_notification.desktop_notification:Sending desktop notification using 'notify2'
[4.235s] DEBUG:colcon.colcon_notification.desktop_notification.notify2:Failed to initialize notify2: org.freedesktop.DBus.Error.Spawn.ChildExited: Process org.freedesktop.Notifications exited with status 1
[4.236s] DEBUG:colcon.colcon_core.event_reactor:joined thread
[4.237s] INFO:colcon.colcon_core.shell:Creating prefix script '/home/wings/Backscatter_UGV_ws/install/local_setup.ps1'
[4.240s] INFO:colcon.colcon_core.shell:Creating prefix util module '/home/wings/Backscatter_UGV_ws/install/_local_setup_util_ps1.py'
[4.246s] INFO:colcon.colcon_core.shell:Creating prefix chain script '/home/wings/Backscatter_UGV_ws/install/setup.ps1'
[4.251s] INFO:colcon.colcon_core.shell:Creating prefix script '/home/wings/Backscatter_UGV_ws/install/local_setup.sh'
[4.253s] INFO:colcon.colcon_core.shell:Creating prefix util module '/home/wings/Backscatter_UGV_ws/install/_local_setup_util_sh.py'
[4.255s] INFO:colcon.colcon_core.shell:Creating prefix chain script '/home/wings/Backscatter_UGV_ws/install/setup.sh'
[4.260s] INFO:colcon.colcon_core.shell:Creating prefix script '/home/wings/Backscatter_UGV_ws/install/local_setup.bash'
[4.262s] INFO:colcon.colcon_core.shell:Creating prefix chain script '/home/wings/Backscatter_UGV_ws/install/setup.bash'
[4.266s] INFO:colcon.colcon_core.shell:Creating prefix script '/home/wings/Backscatter_UGV_ws/install/local_setup.zsh'
[4.268s] INFO:colcon.colcon_core.shell:Creating prefix chain script '/home/wings/Backscatter_UGV_ws/install/setup.zsh'
