/home/wings/Backscatter_UGV_ws/install/backscatter_rover_data_recorder/lib/python3.8/site-packages/backscatter_rover_data_recorder/savingBagData.py
/home/wings/Backscatter_UGV_ws/install/backscatter_rover_data_recorder/lib/python3.8/site-packages/backscatter_rover_data_recorder/base_ctrl.py
/home/wings/Backscatter_UGV_ws/install/backscatter_rover_data_recorder/lib/python3.8/site-packages/backscatter_rover_data_recorder/controller.py
/home/wings/Backscatter_UGV_ws/install/backscatter_rover_data_recorder/lib/python3.8/site-packages/backscatter_rover_data_recorder/__init__.py
/home/wings/Backscatter_UGV_ws/install/backscatter_rover_data_recorder/lib/python3.8/site-packages/backscatter_rover_data_recorder/movementAPI.py
/home/wings/Backscatter_UGV_ws/install/backscatter_rover_data_recorder/lib/python3.8/site-packages/backscatter_rover_data_recorder/odomSubscriberService.py
/home/wings/Backscatter_UGV_ws/install/backscatter_rover_data_recorder/lib/python3.8/site-packages/backscatter_rover_data_recorder/__pycache__/savingBagData.cpython-38.pyc
/home/wings/Backscatter_UGV_ws/install/backscatter_rover_data_recorder/lib/python3.8/site-packages/backscatter_rover_data_recorder/__pycache__/base_ctrl.cpython-38.pyc
/home/wings/Backscatter_UGV_ws/install/backscatter_rover_data_recorder/lib/python3.8/site-packages/backscatter_rover_data_recorder/__pycache__/controller.cpython-38.pyc
/home/wings/Backscatter_UGV_ws/install/backscatter_rover_data_recorder/lib/python3.8/site-packages/backscatter_rover_data_recorder/__pycache__/__init__.cpython-38.pyc
/home/wings/Backscatter_UGV_ws/install/backscatter_rover_data_recorder/lib/python3.8/site-packages/backscatter_rover_data_recorder/__pycache__/movementAPI.cpython-38.pyc
/home/wings/Backscatter_UGV_ws/install/backscatter_rover_data_recorder/lib/python3.8/site-packages/backscatter_rover_data_recorder/__pycache__/odomSubscriberService.cpython-38.pyc
/home/wings/Backscatter_UGV_ws/install/backscatter_rover_data_recorder/share/ament_index/resource_index/packages/backscatter_rover_data_recorder
/home/wings/Backscatter_UGV_ws/install/backscatter_rover_data_recorder/share/backscatter_rover_data_recorder/package.xml
/home/wings/Backscatter_UGV_ws/install/backscatter_rover_data_recorder/lib/python3.8/site-packages/backscatter_rover_data_recorder-0.0.0-py3.8.egg-info/PKG-INFO
/home/wings/Backscatter_UGV_ws/install/backscatter_rover_data_recorder/lib/python3.8/site-packages/backscatter_rover_data_recorder-0.0.0-py3.8.egg-info/top_level.txt
/home/wings/Backscatter_UGV_ws/install/backscatter_rover_data_recorder/lib/python3.8/site-packages/backscatter_rover_data_recorder-0.0.0-py3.8.egg-info/dependency_links.txt
/home/wings/Backscatter_UGV_ws/install/backscatter_rover_data_recorder/lib/python3.8/site-packages/backscatter_rover_data_recorder-0.0.0-py3.8.egg-info/requires.txt
/home/wings/Backscatter_UGV_ws/install/backscatter_rover_data_recorder/lib/python3.8/site-packages/backscatter_rover_data_recorder-0.0.0-py3.8.egg-info/zip-safe
/home/wings/Backscatter_UGV_ws/install/backscatter_rover_data_recorder/lib/python3.8/site-packages/backscatter_rover_data_recorder-0.0.0-py3.8.egg-info/entry_points.txt
/home/wings/Backscatter_UGV_ws/install/backscatter_rover_data_recorder/lib/python3.8/site-packages/backscatter_rover_data_recorder-0.0.0-py3.8.egg-info/SOURCES.txt
/home/wings/Backscatter_UGV_ws/install/backscatter_rover_data_recorder/lib/backscatter_rover_data_recorder/controller
/home/wings/Backscatter_UGV_ws/install/backscatter_rover_data_recorder/lib/backscatter_rover_data_recorder/recorder_service
