[0.066s] Invoking command in '/home/wings/Backscatter_UGV_ws/build/backscatter_movement_record_msgs_srvs': CMAKE_PREFIX_PATH=${CMAKE_PREFIX_PATH}:/home/wings/Backscatter_UGV_ws/install/rclpy_message_converter_msgs:/home/wings/Backscatter_UGV_ws/install/rclpy_message_converter:/home/wings/Backscatter_UGV_ws/install/backscatter_rover_data_recorder:/home/wings/Backscatter_UGV_ws/install/backscatter_movement_record_msgs_srvs:/opt/ros/foxy /usr/bin/cmake --build /home/wings/Backscatter_UGV_ws/build/backscatter_movement_record_msgs_srvs -- -j6 -l6
[0.593s] [  2%] Built target backscatter_movement_record_msgs_srvs__cpp
[0.593s] [ 12%] Built target backscatter_movement_record_msgs_srvs__rosidl_generator_c
[0.593s] [ 23%] Built target backscatter_movement_record_msgs_srvs__rosidl_typesupport_cpp
[0.593s] [ 33%] Built target backscatter_movement_record_msgs_srvs__rosidl_typesupport_introspection_cpp
[0.593s] [ 43%] Built target backscatter_movement_record_msgs_srvs__rosidl_typesupport_fastrtps_cpp
[0.593s] [ 53%] Built target backscatter_movement_record_msgs_srvs__rosidl_typesupport_c
[0.594s] [ 64%] Built target backscatter_movement_record_msgs_srvs__rosidl_typesupport_introspection_c
[0.594s] [ 74%] Built target backscatter_movement_record_msgs_srvs__rosidl_typesupport_fastrtps_c
[0.594s] [ 74%] Built target backscatter_movement_record_msgs_srvs
[0.594s] [ 76%] Built target backscatter_movement_record_msgs_srvs__py
[0.594s] [ 84%] Built target backscatter_movement_record_msgs_srvs__python
[0.594s] [ 89%] Built target backscatter_movement_record_msgs_srvs__rosidl_typesupport_c__pyext
[0.594s] [100%] Built target backscatter_movement_record_msgs_srvs__rosidl_typesupport_introspection_c__pyext
[0.594s] [100%] Built target backscatter_movement_record_msgs_srvs__rosidl_typesupport_fastrtps_c__pyext
[0.619s] Invoked command in '/home/wings/Backscatter_UGV_ws/build/backscatter_movement_record_msgs_srvs' returned '0': CMAKE_PREFIX_PATH=${CMAKE_PREFIX_PATH}:/home/wings/Backscatter_UGV_ws/install/rclpy_message_converter_msgs:/home/wings/Backscatter_UGV_ws/install/rclpy_message_converter:/home/wings/Backscatter_UGV_ws/install/backscatter_rover_data_recorder:/home/wings/Backscatter_UGV_ws/install/backscatter_movement_record_msgs_srvs:/opt/ros/foxy /usr/bin/cmake --build /home/wings/Backscatter_UGV_ws/build/backscatter_movement_record_msgs_srvs -- -j6 -l6
[0.646s] Invoking command in '/home/wings/Backscatter_UGV_ws/build/backscatter_movement_record_msgs_srvs': CMAKE_PREFIX_PATH=${CMAKE_PREFIX_PATH}:/home/wings/Backscatter_UGV_ws/install/rclpy_message_converter_msgs:/home/wings/Backscatter_UGV_ws/install/rclpy_message_converter:/home/wings/Backscatter_UGV_ws/install/backscatter_rover_data_recorder:/home/wings/Backscatter_UGV_ws/install/backscatter_movement_record_msgs_srvs:/opt/ros/foxy /usr/bin/cmake --install /home/wings/Backscatter_UGV_ws/build/backscatter_movement_record_msgs_srvs
[0.668s] -- Install configuration: ""
[0.668s] -- Up-to-date: /home/wings/Backscatter_UGV_ws/install/backscatter_movement_record_msgs_srvs/share/ament_index/resource_index/rosidl_interfaces/backscatter_movement_record_msgs_srvs
[0.669s] -- Up-to-date: /home/wings/Backscatter_UGV_ws/install/backscatter_movement_record_msgs_srvs/include/backscatter_movement_record_msgs_srvs
[0.669s] -- Up-to-date: /home/wings/Backscatter_UGV_ws/install/backscatter_movement_record_msgs_srvs/include/backscatter_movement_record_msgs_srvs/srv
[0.669s] -- Up-to-date: /home/wings/Backscatter_UGV_ws/install/backscatter_movement_record_msgs_srvs/include/backscatter_movement_record_msgs_srvs/srv/detail
[0.669s] -- Up-to-date: /home/wings/Backscatter_UGV_ws/install/backscatter_movement_record_msgs_srvs/include/backscatter_movement_record_msgs_srvs/srv/detail/odom_record__struct.h
[0.669s] -- Up-to-date: /home/wings/Backscatter_UGV_ws/install/backscatter_movement_record_msgs_srvs/include/backscatter_movement_record_msgs_srvs/srv/detail/odom_record__type_support.h
[0.670s] -- Up-to-date: /home/wings/Backscatter_UGV_ws/install/backscatter_movement_record_msgs_srvs/include/backscatter_movement_record_msgs_srvs/srv/detail/odom_record__functions.h
[0.670s] -- Up-to-date: /home/wings/Backscatter_UGV_ws/install/backscatter_movement_record_msgs_srvs/include/backscatter_movement_record_msgs_srvs/srv/detail/odom_record__functions.c
[0.670s] -- Up-to-date: /home/wings/Backscatter_UGV_ws/install/backscatter_movement_record_msgs_srvs/include/backscatter_movement_record_msgs_srvs/srv/odom_record.h
[0.670s] -- Up-to-date: /home/wings/Backscatter_UGV_ws/install/backscatter_movement_record_msgs_srvs/include/backscatter_movement_record_msgs_srvs/msg
[0.671s] -- Up-to-date: /home/wings/Backscatter_UGV_ws/install/backscatter_movement_record_msgs_srvs/include/backscatter_movement_record_msgs_srvs/msg/detail
[0.671s] -- Up-to-date: /home/wings/Backscatter_UGV_ws/install/backscatter_movement_record_msgs_srvs/include/backscatter_movement_record_msgs_srvs/msg/detail/odom_with_expmt_flag__functions.c
[0.671s] -- Up-to-date: /home/wings/Backscatter_UGV_ws/install/backscatter_movement_record_msgs_srvs/include/backscatter_movement_record_msgs_srvs/msg/detail/odom_with_expmt_flag__type_support.h
[0.671s] -- Up-to-date: /home/wings/Backscatter_UGV_ws/install/backscatter_movement_record_msgs_srvs/include/backscatter_movement_record_msgs_srvs/msg/detail/odom_with_expmt_flag__functions.h
[0.671s] -- Up-to-date: /home/wings/Backscatter_UGV_ws/install/backscatter_movement_record_msgs_srvs/include/backscatter_movement_record_msgs_srvs/msg/detail/odom_with_expmt_flag__struct.h
[0.671s] -- Up-to-date: /home/wings/Backscatter_UGV_ws/install/backscatter_movement_record_msgs_srvs/include/backscatter_movement_record_msgs_srvs/msg/rosidl_generator_c__visibility_control.h
[0.672s] -- Up-to-date: /home/wings/Backscatter_UGV_ws/install/backscatter_movement_record_msgs_srvs/include/backscatter_movement_record_msgs_srvs/msg/odom_with_expmt_flag.h
[0.672s] -- Up-to-date: /home/wings/Backscatter_UGV_ws/install/backscatter_movement_record_msgs_srvs/share/backscatter_movement_record_msgs_srvs/environment/library_path.sh
[0.672s] -- Up-to-date: /home/wings/Backscatter_UGV_ws/install/backscatter_movement_record_msgs_srvs/share/backscatter_movement_record_msgs_srvs/environment/library_path.dsv
[0.672s] -- Up-to-date: /home/wings/Backscatter_UGV_ws/install/backscatter_movement_record_msgs_srvs/lib/libbackscatter_movement_record_msgs_srvs__rosidl_generator_c.so
[0.672s] -- Up-to-date: /home/wings/Backscatter_UGV_ws/install/backscatter_movement_record_msgs_srvs/include/backscatter_movement_record_msgs_srvs
[0.672s] -- Up-to-date: /home/wings/Backscatter_UGV_ws/install/backscatter_movement_record_msgs_srvs/include/backscatter_movement_record_msgs_srvs/srv
[0.673s] -- Up-to-date: /home/wings/Backscatter_UGV_ws/install/backscatter_movement_record_msgs_srvs/include/backscatter_movement_record_msgs_srvs/srv/detail
[0.673s] -- Up-to-date: /home/wings/Backscatter_UGV_ws/install/backscatter_movement_record_msgs_srvs/include/backscatter_movement_record_msgs_srvs/srv/detail/odom_record__rosidl_typesupport_fastrtps_c.h
[0.673s] -- Up-to-date: /home/wings/Backscatter_UGV_ws/install/backscatter_movement_record_msgs_srvs/include/backscatter_movement_record_msgs_srvs/msg
[0.674s] -- Up-to-date: /home/wings/Backscatter_UGV_ws/install/backscatter_movement_record_msgs_srvs/include/backscatter_movement_record_msgs_srvs/msg/detail
[0.675s] -- Up-to-date: /home/wings/Backscatter_UGV_ws/install/backscatter_movement_record_msgs_srvs/include/backscatter_movement_record_msgs_srvs/msg/detail/odom_with_expmt_flag__rosidl_typesupport_fastrtps_c.h
[0.676s] -- Up-to-date: /home/wings/Backscatter_UGV_ws/install/backscatter_movement_record_msgs_srvs/include/backscatter_movement_record_msgs_srvs/msg/rosidl_typesupport_fastrtps_c__visibility_control.h
[0.676s] -- Up-to-date: /home/wings/Backscatter_UGV_ws/install/backscatter_movement_record_msgs_srvs/lib/libbackscatter_movement_record_msgs_srvs__rosidl_typesupport_fastrtps_c.so
[0.676s] -- Up-to-date: /home/wings/Backscatter_UGV_ws/install/backscatter_movement_record_msgs_srvs/include/backscatter_movement_record_msgs_srvs
[0.676s] -- Up-to-date: /home/wings/Backscatter_UGV_ws/install/backscatter_movement_record_msgs_srvs/include/backscatter_movement_record_msgs_srvs/srv
[0.677s] -- Up-to-date: /home/wings/Backscatter_UGV_ws/install/backscatter_movement_record_msgs_srvs/include/backscatter_movement_record_msgs_srvs/srv/detail
[0.677s] -- Up-to-date: /home/wings/Backscatter_UGV_ws/install/backscatter_movement_record_msgs_srvs/include/backscatter_movement_record_msgs_srvs/srv/detail/odom_record__rosidl_typesupport_fastrtps_cpp.hpp
[0.678s] -- Up-to-date: /home/wings/Backscatter_UGV_ws/install/backscatter_movement_record_msgs_srvs/include/backscatter_movement_record_msgs_srvs/srv/detail/dds_fastrtps
[0.678s] -- Up-to-date: /home/wings/Backscatter_UGV_ws/install/backscatter_movement_record_msgs_srvs/include/backscatter_movement_record_msgs_srvs/msg
[0.678s] -- Up-to-date: /home/wings/Backscatter_UGV_ws/install/backscatter_movement_record_msgs_srvs/include/backscatter_movement_record_msgs_srvs/msg/detail
[0.679s] -- Up-to-date: /home/wings/Backscatter_UGV_ws/install/backscatter_movement_record_msgs_srvs/include/backscatter_movement_record_msgs_srvs/msg/detail/odom_with_expmt_flag__rosidl_typesupport_fastrtps_cpp.hpp
[0.679s] -- Up-to-date: /home/wings/Backscatter_UGV_ws/install/backscatter_movement_record_msgs_srvs/include/backscatter_movement_record_msgs_srvs/msg/detail/dds_fastrtps
[0.679s] -- Up-to-date: /home/wings/Backscatter_UGV_ws/install/backscatter_movement_record_msgs_srvs/include/backscatter_movement_record_msgs_srvs/msg/rosidl_typesupport_fastrtps_cpp__visibility_control.h
[0.679s] -- Up-to-date: /home/wings/Backscatter_UGV_ws/install/backscatter_movement_record_msgs_srvs/lib/libbackscatter_movement_record_msgs_srvs__rosidl_typesupport_fastrtps_cpp.so
[0.680s] -- Up-to-date: /home/wings/Backscatter_UGV_ws/install/backscatter_movement_record_msgs_srvs/include/backscatter_movement_record_msgs_srvs
[0.680s] -- Up-to-date: /home/wings/Backscatter_UGV_ws/install/backscatter_movement_record_msgs_srvs/include/backscatter_movement_record_msgs_srvs/srv
[0.680s] -- Up-to-date: /home/wings/Backscatter_UGV_ws/install/backscatter_movement_record_msgs_srvs/include/backscatter_movement_record_msgs_srvs/srv/detail
[0.680s] -- Up-to-date: /home/wings/Backscatter_UGV_ws/install/backscatter_movement_record_msgs_srvs/include/backscatter_movement_record_msgs_srvs/srv/detail/odom_record__type_support.c
[0.681s] -- Up-to-date: /home/wings/Backscatter_UGV_ws/install/backscatter_movement_record_msgs_srvs/include/backscatter_movement_record_msgs_srvs/srv/detail/odom_record__rosidl_typesupport_introspection_c.h
[0.681s] -- Up-to-date: /home/wings/Backscatter_UGV_ws/install/backscatter_movement_record_msgs_srvs/include/backscatter_movement_record_msgs_srvs/msg
[0.682s] -- Up-to-date: /home/wings/Backscatter_UGV_ws/install/backscatter_movement_record_msgs_srvs/include/backscatter_movement_record_msgs_srvs/msg/rosidl_typesupport_introspection_c__visibility_control.h
[0.682s] -- Up-to-date: /home/wings/Backscatter_UGV_ws/install/backscatter_movement_record_msgs_srvs/include/backscatter_movement_record_msgs_srvs/msg/detail
[0.682s] -- Up-to-date: /home/wings/Backscatter_UGV_ws/install/backscatter_movement_record_msgs_srvs/include/backscatter_movement_record_msgs_srvs/msg/detail/odom_with_expmt_flag__rosidl_typesupport_introspection_c.h
[0.682s] -- Up-to-date: /home/wings/Backscatter_UGV_ws/install/backscatter_movement_record_msgs_srvs/include/backscatter_movement_record_msgs_srvs/msg/detail/odom_with_expmt_flag__type_support.c
[0.683s] -- Up-to-date: /home/wings/Backscatter_UGV_ws/install/backscatter_movement_record_msgs_srvs/lib/libbackscatter_movement_record_msgs_srvs__rosidl_typesupport_introspection_c.so
[0.683s] -- Up-to-date: /home/wings/Backscatter_UGV_ws/install/backscatter_movement_record_msgs_srvs/lib/libbackscatter_movement_record_msgs_srvs__rosidl_typesupport_c.so
[0.683s] -- Up-to-date: /home/wings/Backscatter_UGV_ws/install/backscatter_movement_record_msgs_srvs/include/backscatter_movement_record_msgs_srvs
[0.684s] -- Up-to-date: /home/wings/Backscatter_UGV_ws/install/backscatter_movement_record_msgs_srvs/include/backscatter_movement_record_msgs_srvs/srv
[0.684s] -- Up-to-date: /home/wings/Backscatter_UGV_ws/install/backscatter_movement_record_msgs_srvs/include/backscatter_movement_record_msgs_srvs/srv/detail
[0.685s] -- Up-to-date: /home/wings/Backscatter_UGV_ws/install/backscatter_movement_record_msgs_srvs/include/backscatter_movement_record_msgs_srvs/srv/detail/odom_record__type_support.hpp
[0.685s] -- Up-to-date: /home/wings/Backscatter_UGV_ws/install/backscatter_movement_record_msgs_srvs/include/backscatter_movement_record_msgs_srvs/srv/detail/odom_record__struct.hpp
[0.685s] -- Up-to-date: /home/wings/Backscatter_UGV_ws/install/backscatter_movement_record_msgs_srvs/include/backscatter_movement_record_msgs_srvs/srv/detail/odom_record__builder.hpp
[0.686s] -- Up-to-date: /home/wings/Backscatter_UGV_ws/install/backscatter_movement_record_msgs_srvs/include/backscatter_movement_record_msgs_srvs/srv/detail/odom_record__traits.hpp
[0.687s] -- Up-to-date: /home/wings/Backscatter_UGV_ws/install/backscatter_movement_record_msgs_srvs/include/backscatter_movement_record_msgs_srvs/srv/odom_record.hpp
[0.687s] -- Up-to-date: /home/wings/Backscatter_UGV_ws/install/backscatter_movement_record_msgs_srvs/include/backscatter_movement_record_msgs_srvs/msg
[0.687s] -- Up-to-date: /home/wings/Backscatter_UGV_ws/install/backscatter_movement_record_msgs_srvs/include/backscatter_movement_record_msgs_srvs/msg/detail
[0.687s] -- Up-to-date: /home/wings/Backscatter_UGV_ws/install/backscatter_movement_record_msgs_srvs/include/backscatter_movement_record_msgs_srvs/msg/detail/odom_with_expmt_flag__traits.hpp
[0.687s] -- Up-to-date: /home/wings/Backscatter_UGV_ws/install/backscatter_movement_record_msgs_srvs/include/backscatter_movement_record_msgs_srvs/msg/detail/odom_with_expmt_flag__struct.hpp
[0.687s] -- Up-to-date: /home/wings/Backscatter_UGV_ws/install/backscatter_movement_record_msgs_srvs/include/backscatter_movement_record_msgs_srvs/msg/detail/odom_with_expmt_flag__builder.hpp
[0.688s] -- Up-to-date: /home/wings/Backscatter_UGV_ws/install/backscatter_movement_record_msgs_srvs/include/backscatter_movement_record_msgs_srvs/msg/detail/odom_with_expmt_flag__type_support.hpp
[0.688s] -- Up-to-date: /home/wings/Backscatter_UGV_ws/install/backscatter_movement_record_msgs_srvs/include/backscatter_movement_record_msgs_srvs/msg/rosidl_generator_cpp__visibility_control.hpp
[0.688s] -- Up-to-date: /home/wings/Backscatter_UGV_ws/install/backscatter_movement_record_msgs_srvs/include/backscatter_movement_record_msgs_srvs/msg/odom_with_expmt_flag.hpp
[0.688s] -- Up-to-date: /home/wings/Backscatter_UGV_ws/install/backscatter_movement_record_msgs_srvs/include/backscatter_movement_record_msgs_srvs
[0.688s] -- Up-to-date: /home/wings/Backscatter_UGV_ws/install/backscatter_movement_record_msgs_srvs/include/backscatter_movement_record_msgs_srvs/srv
[0.688s] -- Up-to-date: /home/wings/Backscatter_UGV_ws/install/backscatter_movement_record_msgs_srvs/include/backscatter_movement_record_msgs_srvs/srv/detail
[0.689s] -- Up-to-date: /home/wings/Backscatter_UGV_ws/install/backscatter_movement_record_msgs_srvs/include/backscatter_movement_record_msgs_srvs/srv/detail/odom_record__type_support.cpp
[0.689s] -- Up-to-date: /home/wings/Backscatter_UGV_ws/install/backscatter_movement_record_msgs_srvs/include/backscatter_movement_record_msgs_srvs/srv/detail/odom_record__rosidl_typesupport_introspection_cpp.hpp
[0.690s] -- Up-to-date: /home/wings/Backscatter_UGV_ws/install/backscatter_movement_record_msgs_srvs/include/backscatter_movement_record_msgs_srvs/msg
[0.690s] -- Up-to-date: /home/wings/Backscatter_UGV_ws/install/backscatter_movement_record_msgs_srvs/include/backscatter_movement_record_msgs_srvs/msg/detail
[0.691s] -- Up-to-date: /home/wings/Backscatter_UGV_ws/install/backscatter_movement_record_msgs_srvs/include/backscatter_movement_record_msgs_srvs/msg/detail/odom_with_expmt_flag__type_support.cpp
[0.691s] -- Up-to-date: /home/wings/Backscatter_UGV_ws/install/backscatter_movement_record_msgs_srvs/include/backscatter_movement_record_msgs_srvs/msg/detail/odom_with_expmt_flag__rosidl_typesupport_introspection_cpp.hpp
[0.692s] -- Up-to-date: /home/wings/Backscatter_UGV_ws/install/backscatter_movement_record_msgs_srvs/lib/libbackscatter_movement_record_msgs_srvs__rosidl_typesupport_introspection_cpp.so
[0.698s] -- Up-to-date: /home/wings/Backscatter_UGV_ws/install/backscatter_movement_record_msgs_srvs/lib/libbackscatter_movement_record_msgs_srvs__rosidl_typesupport_cpp.so
[0.702s] -- Up-to-date: /home/wings/Backscatter_UGV_ws/install/backscatter_movement_record_msgs_srvs/share/backscatter_movement_record_msgs_srvs/environment/pythonpath.sh
[0.710s] -- Up-to-date: /home/wings/Backscatter_UGV_ws/install/backscatter_movement_record_msgs_srvs/share/backscatter_movement_record_msgs_srvs/environment/pythonpath.dsv
[0.710s] -- Up-to-date: /home/wings/Backscatter_UGV_ws/install/backscatter_movement_record_msgs_srvs/lib/python3.8/site-packages/backscatter_movement_record_msgs_srvs/__init__.py
[0.761s] -- Up-to-date: /home/wings/Backscatter_UGV_ws/install/backscatter_movement_record_msgs_srvs/lib/python3.8/site-packages/backscatter_movement_record_msgs_srvs/srv
[0.761s] -- Up-to-date: /home/wings/Backscatter_UGV_ws/install/backscatter_movement_record_msgs_srvs/lib/python3.8/site-packages/backscatter_movement_record_msgs_srvs/srv/_odom_record_s.c
[0.761s] -- Up-to-date: /home/wings/Backscatter_UGV_ws/install/backscatter_movement_record_msgs_srvs/lib/python3.8/site-packages/backscatter_movement_record_msgs_srvs/srv/__init__.py
[0.762s] -- Up-to-date: /home/wings/Backscatter_UGV_ws/install/backscatter_movement_record_msgs_srvs/lib/python3.8/site-packages/backscatter_movement_record_msgs_srvs/srv/_odom_record.py
[0.762s] -- Up-to-date: /home/wings/Backscatter_UGV_ws/install/backscatter_movement_record_msgs_srvs/lib/python3.8/site-packages/backscatter_movement_record_msgs_srvs/msg
[0.762s] -- Up-to-date: /home/wings/Backscatter_UGV_ws/install/backscatter_movement_record_msgs_srvs/lib/python3.8/site-packages/backscatter_movement_record_msgs_srvs/msg/_odom_with_expmt_flag_s.c
[0.762s] -- Up-to-date: /home/wings/Backscatter_UGV_ws/install/backscatter_movement_record_msgs_srvs/lib/python3.8/site-packages/backscatter_movement_record_msgs_srvs/msg/_odom_with_expmt_flag.py
[0.762s] -- Up-to-date: /home/wings/Backscatter_UGV_ws/install/backscatter_movement_record_msgs_srvs/lib/python3.8/site-packages/backscatter_movement_record_msgs_srvs/msg/__init__.py
[0.763s] -- Up-to-date: /home/wings/Backscatter_UGV_ws/install/backscatter_movement_record_msgs_srvs/lib/python3.8/site-packages/backscatter_movement_record_msgs_srvs/backscatter_movement_record_msgs_srvs_s__rosidl_typesupport_fastrtps_c.cpython-38-aarch64-linux-gnu.so
[0.765s] -- Up-to-date: /home/wings/Backscatter_UGV_ws/install/backscatter_movement_record_msgs_srvs/lib/python3.8/site-packages/backscatter_movement_record_msgs_srvs/backscatter_movement_record_msgs_srvs_s__rosidl_typesupport_introspection_c.cpython-38-aarch64-linux-gnu.so
[0.767s] -- Up-to-date: /home/wings/Backscatter_UGV_ws/install/backscatter_movement_record_msgs_srvs/lib/python3.8/site-packages/backscatter_movement_record_msgs_srvs/backscatter_movement_record_msgs_srvs_s__rosidl_typesupport_c.cpython-38-aarch64-linux-gnu.so
[0.769s] -- Up-to-date: /home/wings/Backscatter_UGV_ws/install/backscatter_movement_record_msgs_srvs/lib/libbackscatter_movement_record_msgs_srvs__python.so
[0.770s] -- Up-to-date: /home/wings/Backscatter_UGV_ws/install/backscatter_movement_record_msgs_srvs/share/backscatter_movement_record_msgs_srvs/srv/OdomRecord.idl
[0.770s] -- Up-to-date: /home/wings/Backscatter_UGV_ws/install/backscatter_movement_record_msgs_srvs/share/backscatter_movement_record_msgs_srvs/msg/OdomWithExpmtFlag.idl
[0.770s] -- Up-to-date: /home/wings/Backscatter_UGV_ws/install/backscatter_movement_record_msgs_srvs/share/backscatter_movement_record_msgs_srvs/srv/OdomRecord.srv
[0.771s] -- Up-to-date: /home/wings/Backscatter_UGV_ws/install/backscatter_movement_record_msgs_srvs/share/backscatter_movement_record_msgs_srvs/srv/OdomRecord_Request.msg
[0.771s] -- Up-to-date: /home/wings/Backscatter_UGV_ws/install/backscatter_movement_record_msgs_srvs/share/backscatter_movement_record_msgs_srvs/srv/OdomRecord_Response.msg
[0.771s] -- Up-to-date: /home/wings/Backscatter_UGV_ws/install/backscatter_movement_record_msgs_srvs/share/backscatter_movement_record_msgs_srvs/msg/OdomWithExpmtFlag.msg
[0.771s] -- Up-to-date: /home/wings/Backscatter_UGV_ws/install/backscatter_movement_record_msgs_srvs/share/ament_index/resource_index/package_run_dependencies/backscatter_movement_record_msgs_srvs
[0.771s] -- Up-to-date: /home/wings/Backscatter_UGV_ws/install/backscatter_movement_record_msgs_srvs/share/ament_index/resource_index/parent_prefix_path/backscatter_movement_record_msgs_srvs
[0.771s] -- Up-to-date: /home/wings/Backscatter_UGV_ws/install/backscatter_movement_record_msgs_srvs/share/backscatter_movement_record_msgs_srvs/environment/ament_prefix_path.sh
[0.772s] -- Up-to-date: /home/wings/Backscatter_UGV_ws/install/backscatter_movement_record_msgs_srvs/share/backscatter_movement_record_msgs_srvs/environment/ament_prefix_path.dsv
[0.772s] -- Up-to-date: /home/wings/Backscatter_UGV_ws/install/backscatter_movement_record_msgs_srvs/share/backscatter_movement_record_msgs_srvs/environment/path.sh
[0.772s] -- Up-to-date: /home/wings/Backscatter_UGV_ws/install/backscatter_movement_record_msgs_srvs/share/backscatter_movement_record_msgs_srvs/environment/path.dsv
[0.772s] -- Up-to-date: /home/wings/Backscatter_UGV_ws/install/backscatter_movement_record_msgs_srvs/share/backscatter_movement_record_msgs_srvs/local_setup.bash
[0.772s] -- Up-to-date: /home/wings/Backscatter_UGV_ws/install/backscatter_movement_record_msgs_srvs/share/backscatter_movement_record_msgs_srvs/local_setup.sh
[0.772s] -- Up-to-date: /home/wings/Backscatter_UGV_ws/install/backscatter_movement_record_msgs_srvs/share/backscatter_movement_record_msgs_srvs/local_setup.zsh
[0.773s] -- Up-to-date: /home/wings/Backscatter_UGV_ws/install/backscatter_movement_record_msgs_srvs/share/backscatter_movement_record_msgs_srvs/local_setup.dsv
[0.773s] -- Up-to-date: /home/wings/Backscatter_UGV_ws/install/backscatter_movement_record_msgs_srvs/share/backscatter_movement_record_msgs_srvs/package.dsv
[0.773s] -- Up-to-date: /home/wings/Backscatter_UGV_ws/install/backscatter_movement_record_msgs_srvs/share/ament_index/resource_index/packages/backscatter_movement_record_msgs_srvs
[0.775s] -- Up-to-date: /home/wings/Backscatter_UGV_ws/install/backscatter_movement_record_msgs_srvs/share/backscatter_movement_record_msgs_srvs/cmake/backscatter_movement_record_msgs_srvs__rosidl_generator_cExport.cmake
[0.775s] -- Up-to-date: /home/wings/Backscatter_UGV_ws/install/backscatter_movement_record_msgs_srvs/share/backscatter_movement_record_msgs_srvs/cmake/backscatter_movement_record_msgs_srvs__rosidl_generator_cExport-noconfig.cmake
[0.776s] -- Up-to-date: /home/wings/Backscatter_UGV_ws/install/backscatter_movement_record_msgs_srvs/share/backscatter_movement_record_msgs_srvs/cmake/backscatter_movement_record_msgs_srvs__rosidl_typesupport_introspection_cExport.cmake
[0.776s] -- Up-to-date: /home/wings/Backscatter_UGV_ws/install/backscatter_movement_record_msgs_srvs/share/backscatter_movement_record_msgs_srvs/cmake/backscatter_movement_record_msgs_srvs__rosidl_typesupport_introspection_cExport-noconfig.cmake
[0.778s] -- Up-to-date: /home/wings/Backscatter_UGV_ws/install/backscatter_movement_record_msgs_srvs/share/backscatter_movement_record_msgs_srvs/cmake/backscatter_movement_record_msgs_srvs__rosidl_typesupport_cExport.cmake
[0.778s] -- Up-to-date: /home/wings/Backscatter_UGV_ws/install/backscatter_movement_record_msgs_srvs/share/backscatter_movement_record_msgs_srvs/cmake/backscatter_movement_record_msgs_srvs__rosidl_typesupport_cExport-noconfig.cmake
[0.779s] -- Up-to-date: /home/wings/Backscatter_UGV_ws/install/backscatter_movement_record_msgs_srvs/share/backscatter_movement_record_msgs_srvs/cmake/backscatter_movement_record_msgs_srvs__rosidl_generator_cppExport.cmake
[0.780s] -- Up-to-date: /home/wings/Backscatter_UGV_ws/install/backscatter_movement_record_msgs_srvs/share/backscatter_movement_record_msgs_srvs/cmake/backscatter_movement_record_msgs_srvs__rosidl_typesupport_introspection_cppExport.cmake
[0.780s] -- Up-to-date: /home/wings/Backscatter_UGV_ws/install/backscatter_movement_record_msgs_srvs/share/backscatter_movement_record_msgs_srvs/cmake/backscatter_movement_record_msgs_srvs__rosidl_typesupport_introspection_cppExport-noconfig.cmake
[0.783s] -- Up-to-date: /home/wings/Backscatter_UGV_ws/install/backscatter_movement_record_msgs_srvs/share/backscatter_movement_record_msgs_srvs/cmake/backscatter_movement_record_msgs_srvs__rosidl_typesupport_cppExport.cmake
[0.783s] -- Up-to-date: /home/wings/Backscatter_UGV_ws/install/backscatter_movement_record_msgs_srvs/share/backscatter_movement_record_msgs_srvs/cmake/backscatter_movement_record_msgs_srvs__rosidl_typesupport_cppExport-noconfig.cmake
[0.783s] -- Up-to-date: /home/wings/Backscatter_UGV_ws/install/backscatter_movement_record_msgs_srvs/share/backscatter_movement_record_msgs_srvs/cmake/rosidl_cmake-extras.cmake
[0.783s] -- Up-to-date: /home/wings/Backscatter_UGV_ws/install/backscatter_movement_record_msgs_srvs/share/backscatter_movement_record_msgs_srvs/cmake/ament_cmake_export_dependencies-extras.cmake
[0.784s] -- Up-to-date: /home/wings/Backscatter_UGV_ws/install/backscatter_movement_record_msgs_srvs/share/backscatter_movement_record_msgs_srvs/cmake/ament_cmake_export_libraries-extras.cmake
[0.784s] -- Up-to-date: /home/wings/Backscatter_UGV_ws/install/backscatter_movement_record_msgs_srvs/share/backscatter_movement_record_msgs_srvs/cmake/ament_cmake_export_targets-extras.cmake
[0.784s] -- Up-to-date: /home/wings/Backscatter_UGV_ws/install/backscatter_movement_record_msgs_srvs/share/backscatter_movement_record_msgs_srvs/cmake/ament_cmake_export_include_directories-extras.cmake
[0.784s] -- Up-to-date: /home/wings/Backscatter_UGV_ws/install/backscatter_movement_record_msgs_srvs/share/backscatter_movement_record_msgs_srvs/cmake/rosidl_cmake_export_typesupport_libraries-extras.cmake
[0.784s] -- Up-to-date: /home/wings/Backscatter_UGV_ws/install/backscatter_movement_record_msgs_srvs/share/backscatter_movement_record_msgs_srvs/cmake/rosidl_cmake_export_typesupport_targets-extras.cmake
[0.785s] -- Up-to-date: /home/wings/Backscatter_UGV_ws/install/backscatter_movement_record_msgs_srvs/share/backscatter_movement_record_msgs_srvs/cmake/backscatter_movement_record_msgs_srvsConfig.cmake
[0.785s] -- Up-to-date: /home/wings/Backscatter_UGV_ws/install/backscatter_movement_record_msgs_srvs/share/backscatter_movement_record_msgs_srvs/cmake/backscatter_movement_record_msgs_srvsConfig-version.cmake
[0.785s] -- Up-to-date: /home/wings/Backscatter_UGV_ws/install/backscatter_movement_record_msgs_srvs/share/backscatter_movement_record_msgs_srvs/package.xml
