[0.049s] Invoking command in '/home/wings/Backscatter_UGV_ws/build/backscatter_movement_record_msgs_srvs': CMAKE_PREFIX_PATH=/opt/ros/foxy /usr/bin/cmake /home/wings/Backscatter_UGV_ws/src/backscatter_movement_record_msgs_srvs -DCMAKE_INSTALL_PREFIX=/home/wings/Backscatter_UGV_ws/install/backscatter_movement_record_msgs_srvs
[0.562s] -- The C compiler identification is GNU 9.4.0
[0.563s] -- The CXX compiler identification is GNU 9.4.0
[0.563s] -- Check for working C compiler: /usr/bin/cc
[0.587s] -- Check for working C compiler: /usr/bin/cc -- works
[0.591s] -- Detecting C compiler ABI info
[0.728s] -- Detecting C compiler ABI info - done
[0.746s] -- Detecting C compile features
[0.747s] -- Detecting C compile features - done
[0.753s] -- Check for working CXX compiler: /usr/bin/c++
[0.903s] -- Check for working CXX compiler: /usr/bin/c++ -- works
[0.904s] -- Detecting CXX compiler ABI info
[1.058s] -- Detecting CXX compiler ABI info - done
[1.077s] -- Detecting CXX compile features
[1.078s] -- Detecting CXX compile features - done
[1.083s] -- Found ament_cmake: 0.9.12 (/opt/ros/foxy/share/ament_cmake/cmake)
[1.134s] -- Found PythonInterp: /usr/bin/python3 (found suitable version "3.8.10", minimum required is "3") 
[1.135s] -- Using PYTHON_EXECUTABLE: /usr/bin/python3
[1.574s] -- Found std_msgs: 2.0.5 (/opt/ros/foxy/share/std_msgs/cmake)
[1.630s] -- Using all available rosidl_typesupport_c: rosidl_typesupport_fastrtps_c;rosidl_typesupport_introspection_c
[1.644s] -- Found rosidl_adapter: 1.3.1 (/opt/ros/foxy/share/rosidl_adapter/cmake)
[1.825s] -- Found OpenSSL: /usr/lib/aarch64-linux-gnu/libcrypto.so (found version "1.1.1f")  
[1.884s] -- Found FastRTPS: /opt/ros/foxy/include  
[2.039s] -- Using all available rosidl_typesupport_cpp: rosidl_typesupport_fastrtps_cpp;rosidl_typesupport_introspection_cpp
[2.131s] -- Found nav_msgs: 2.0.5 (/opt/ros/foxy/share/nav_msgs/cmake)
[2.346s] -- Found rosidl_default_generators: 1.0.1 (/opt/ros/foxy/share/rosidl_default_generators/cmake)
[2.410s] -- Found PythonInterp: /usr/bin/python3 (found version "3.8.10") 
[2.778s] -- Found ament_cmake_ros: 0.9.2 (/opt/ros/foxy/share/ament_cmake_ros/cmake)
[3.270s] -- Using all available rosidl_typesupport_c: rosidl_typesupport_fastrtps_c;rosidl_typesupport_introspection_c
[3.491s] -- Using all available rosidl_typesupport_cpp: rosidl_typesupport_fastrtps_cpp;rosidl_typesupport_introspection_cpp
[3.541s] -- Found PythonInterp: /usr/bin/python3 (found suitable version "3.8.10", minimum required is "3.5") 
[3.544s] -- Found python_cmake_module: 0.8.1 (/opt/ros/foxy/share/python_cmake_module/cmake)
[3.596s] -- Found PythonLibs: /usr/lib/aarch64-linux-gnu/libpython3.8.so (found suitable version "3.8.10", minimum required is "3.5") 
[3.596s] -- Using PYTHON_EXECUTABLE: /usr/bin/python3
[3.596s] -- Using PYTHON_INCLUDE_DIRS: /usr/include/python3.8
[3.596s] -- Using PYTHON_LIBRARIES: /usr/lib/aarch64-linux-gnu/libpython3.8.so
[3.640s] -- Found PythonExtra: .so  
[3.799s] -- Found ament_lint_auto: 0.9.8 (/opt/ros/foxy/share/ament_lint_auto/cmake)
[3.841s] -- Added test 'copyright' to check source files copyright and LICENSE
[3.844s] -- Added test 'lint_cmake' to check CMake code style
[3.846s] -- Added test 'xmllint' to check XML markup files
[3.857s] -- Configuring done
[3.976s] -- Generating done
[4.018s] -- Build files have been written to: /home/wings/Backscatter_UGV_ws/build/backscatter_movement_record_msgs_srvs
[4.055s] Invoked command in '/home/wings/Backscatter_UGV_ws/build/backscatter_movement_record_msgs_srvs' returned '0': CMAKE_PREFIX_PATH=/opt/ros/foxy /usr/bin/cmake /home/wings/Backscatter_UGV_ws/src/backscatter_movement_record_msgs_srvs -DCMAKE_INSTALL_PREFIX=/home/wings/Backscatter_UGV_ws/install/backscatter_movement_record_msgs_srvs
[4.057s] Invoking command in '/home/wings/Backscatter_UGV_ws/build/backscatter_movement_record_msgs_srvs': CMAKE_PREFIX_PATH=/opt/ros/foxy /usr/bin/cmake --build /home/wings/Backscatter_UGV_ws/build/backscatter_movement_record_msgs_srvs -- -j6 -l6
[4.159s] [  2%] [34m[1mGenerating C code for ROS interfaces[0m
[4.159s] [35m[1mScanning dependencies of target backscatter_movement_record_msgs_srvs__cpp[0m
[4.182s] [  5%] [34m[1mGenerating C++ code for ROS interfaces[0m
[4.973s] [  5%] Built target backscatter_movement_record_msgs_srvs__cpp
[4.996s] [  7%] [34m[1mGenerating C++ type support dispatch for ROS interfaces[0m
[5.014s] [ 12%] [34m[1mGenerating C++ type support for eProsima Fast-RTPS[0m
[5.015s] [ 12%] [34m[1mGenerating C++ introspection for ROS interfaces[0m
[5.031s] [35m[1mScanning dependencies of target backscatter_movement_record_msgs_srvs__rosidl_generator_c[0m
[5.110s] [ 17%] [32mBuilding C object CMakeFiles/backscatter_movement_record_msgs_srvs__rosidl_generator_c.dir/rosidl_generator_c/backscatter_movement_record_msgs_srvs/srv/detail/odom_record__functions.c.o[0m
[5.111s] [ 17%] [32mBuilding C object CMakeFiles/backscatter_movement_record_msgs_srvs__rosidl_generator_c.dir/rosidl_generator_c/backscatter_movement_record_msgs_srvs/msg/detail/odom_with_expmt_flag__functions.c.o[0m
[5.450s] [ 20%] [32m[1mLinking C shared library libbackscatter_movement_record_msgs_srvs__rosidl_generator_c.so[0m
[5.663s] [ 20%] Built target backscatter_movement_record_msgs_srvs__rosidl_generator_c
[5.734s] [ 23%] [34m[1mGenerating C introspection for ROS interfaces[0m
[5.741s] [ 25%] [34m[1mGenerating C type support dispatch for ROS interfaces[0m
[5.814s] [35m[1mScanning dependencies of target backscatter_movement_record_msgs_srvs__rosidl_typesupport_fastrtps_cpp[0m
[5.851s] [35m[1mScanning dependencies of target backscatter_movement_record_msgs_srvs__rosidl_typesupport_introspection_cpp[0m
[5.942s] [ 30%] [32mBuilding CXX object CMakeFiles/backscatter_movement_record_msgs_srvs__rosidl_typesupport_introspection_cpp.dir/rosidl_typesupport_introspection_cpp/backscatter_movement_record_msgs_srvs/srv/detail/odom_record__type_support.cpp.o[0m
[5.943s] [ 30%] [32mBuilding CXX object CMakeFiles/backscatter_movement_record_msgs_srvs__rosidl_typesupport_fastrtps_cpp.dir/rosidl_typesupport_fastrtps_cpp/backscatter_movement_record_msgs_srvs/srv/detail/dds_fastrtps/odom_record__type_support.cpp.o[0m
[5.950s] [ 33%] [32mBuilding CXX object CMakeFiles/backscatter_movement_record_msgs_srvs__rosidl_typesupport_fastrtps_cpp.dir/rosidl_typesupport_fastrtps_cpp/backscatter_movement_record_msgs_srvs/msg/detail/dds_fastrtps/odom_with_expmt_flag__type_support.cpp.o[0m
[5.969s] [35m[1mScanning dependencies of target backscatter_movement_record_msgs_srvs__rosidl_typesupport_cpp[0m
[6.055s] [ 35%] [32mBuilding CXX object CMakeFiles/backscatter_movement_record_msgs_srvs__rosidl_typesupport_cpp.dir/rosidl_typesupport_cpp/backscatter_movement_record_msgs_srvs/srv/odom_record__type_support.cpp.o[0m
[6.808s] [35m[1mScanning dependencies of target backscatter_movement_record_msgs_srvs__rosidl_typesupport_c[0m
[6.920s] [ 38%] [32mBuilding CXX object CMakeFiles/backscatter_movement_record_msgs_srvs__rosidl_typesupport_c.dir/rosidl_typesupport_c/backscatter_movement_record_msgs_srvs/srv/odom_record__type_support.cpp.o[0m
[7.096s] [ 41%] [32mBuilding CXX object CMakeFiles/backscatter_movement_record_msgs_srvs__rosidl_typesupport_c.dir/rosidl_typesupport_c/backscatter_movement_record_msgs_srvs/msg/odom_with_expmt_flag__type_support.cpp.o[0m
[7.267s] [ 43%] [32m[1mLinking CXX shared library libbackscatter_movement_record_msgs_srvs__rosidl_typesupport_c.so[0m
[7.442s] [35m[1mScanning dependencies of target backscatter_movement_record_msgs_srvs__rosidl_typesupport_introspection_c[0m
[7.526s] [ 46%] [32mBuilding CXX object CMakeFiles/backscatter_movement_record_msgs_srvs__rosidl_typesupport_cpp.dir/rosidl_typesupport_cpp/backscatter_movement_record_msgs_srvs/msg/odom_with_expmt_flag__type_support.cpp.o[0m
[7.530s] [ 46%] Built target backscatter_movement_record_msgs_srvs__rosidl_typesupport_c
[7.535s] [ 48%] [32mBuilding C object CMakeFiles/backscatter_movement_record_msgs_srvs__rosidl_typesupport_introspection_c.dir/rosidl_typesupport_introspection_c/backscatter_movement_record_msgs_srvs/srv/detail/odom_record__type_support.c.o[0m
[7.568s] [ 51%] [32mBuilding CXX object CMakeFiles/backscatter_movement_record_msgs_srvs__rosidl_typesupport_introspection_cpp.dir/rosidl_typesupport_introspection_cpp/backscatter_movement_record_msgs_srvs/msg/detail/odom_with_expmt_flag__type_support.cpp.o[0m
[7.600s] [ 53%] [32mBuilding C object CMakeFiles/backscatter_movement_record_msgs_srvs__rosidl_typesupport_introspection_c.dir/rosidl_typesupport_introspection_c/backscatter_movement_record_msgs_srvs/msg/detail/odom_with_expmt_flag__type_support.c.o[0m
[7.730s] [ 56%] [32m[1mLinking C shared library libbackscatter_movement_record_msgs_srvs__rosidl_typesupport_introspection_c.so[0m
[7.935s] [ 56%] Built target backscatter_movement_record_msgs_srvs__rosidl_typesupport_introspection_c
[8.506s] [ 58%] [32m[1mLinking CXX shared library libbackscatter_movement_record_msgs_srvs__rosidl_typesupport_fastrtps_cpp.so[0m
[8.672s] [ 61%] [32m[1mLinking CXX shared library libbackscatter_movement_record_msgs_srvs__rosidl_typesupport_introspection_cpp.so[0m
[8.863s] [ 61%] Built target backscatter_movement_record_msgs_srvs__rosidl_typesupport_fastrtps_cpp
[8.924s] [ 64%] [34m[1mGenerating C type support for eProsima Fast-RTPS[0m
[8.941s] [ 66%] [32m[1mLinking CXX shared library libbackscatter_movement_record_msgs_srvs__rosidl_typesupport_cpp.so[0m
[8.967s] [ 66%] Built target backscatter_movement_record_msgs_srvs__rosidl_typesupport_introspection_cpp
[9.167s] [ 66%] Built target backscatter_movement_record_msgs_srvs__rosidl_typesupport_cpp
[10.134s] [35m[1mScanning dependencies of target backscatter_movement_record_msgs_srvs__rosidl_typesupport_fastrtps_c[0m
[10.221s] [ 69%] [32mBuilding CXX object CMakeFiles/backscatter_movement_record_msgs_srvs__rosidl_typesupport_fastrtps_c.dir/rosidl_typesupport_fastrtps_c/backscatter_movement_record_msgs_srvs/srv/detail/odom_record__type_support_c.cpp.o[0m
[10.241s] [ 71%] [32mBuilding CXX object CMakeFiles/backscatter_movement_record_msgs_srvs__rosidl_typesupport_fastrtps_c.dir/rosidl_typesupport_fastrtps_c/backscatter_movement_record_msgs_srvs/msg/detail/odom_with_expmt_flag__type_support_c.cpp.o[0m
[11.483s] [ 74%] [32m[1mLinking CXX shared library libbackscatter_movement_record_msgs_srvs__rosidl_typesupport_fastrtps_c.so[0m
[11.699s] [ 74%] Built target backscatter_movement_record_msgs_srvs__rosidl_typesupport_fastrtps_c
[11.771s] [35m[1mScanning dependencies of target backscatter_movement_record_msgs_srvs[0m
[11.830s] [ 74%] Built target backscatter_movement_record_msgs_srvs
[11.885s] [35m[1mScanning dependencies of target backscatter_movement_record_msgs_srvs__py[0m
[11.944s] [ 76%] [34m[1mGenerating Python code for ROS interfaces[0m
[14.048s] [ 76%] Built target backscatter_movement_record_msgs_srvs__py
[14.102s] [35m[1mScanning dependencies of target backscatter_movement_record_msgs_srvs__python[0m
[14.227s] [ 79%] [32mBuilding C object CMakeFiles/backscatter_movement_record_msgs_srvs__python.dir/rosidl_generator_py/backscatter_movement_record_msgs_srvs/srv/_odom_record_s.c.o[0m
[14.232s] [ 82%] [32mBuilding C object CMakeFiles/backscatter_movement_record_msgs_srvs__python.dir/rosidl_generator_py/backscatter_movement_record_msgs_srvs/msg/_odom_with_expmt_flag_s.c.o[0m
[14.654s] [ 84%] [32m[1mLinking C shared library rosidl_generator_py/backscatter_movement_record_msgs_srvs/libbackscatter_movement_record_msgs_srvs__python.so[0m
[14.783s] [ 84%] Built target backscatter_movement_record_msgs_srvs__python
[14.847s] [35m[1mScanning dependencies of target backscatter_movement_record_msgs_srvs__rosidl_typesupport_fastrtps_c__pyext[0m
[14.874s] [35m[1mScanning dependencies of target backscatter_movement_record_msgs_srvs__rosidl_typesupport_introspection_c__pyext[0m
[14.886s] [35m[1mScanning dependencies of target backscatter_movement_record_msgs_srvs__rosidl_typesupport_c__pyext[0m
[14.938s] [ 87%] [32mBuilding C object CMakeFiles/backscatter_movement_record_msgs_srvs__rosidl_typesupport_fastrtps_c__pyext.dir/rosidl_generator_py/backscatter_movement_record_msgs_srvs/_backscatter_movement_record_msgs_srvs_s.ep.rosidl_typesupport_fastrtps_c.c.o[0m
[14.992s] [ 89%] [32mBuilding C object CMakeFiles/backscatter_movement_record_msgs_srvs__rosidl_typesupport_c__pyext.dir/rosidl_generator_py/backscatter_movement_record_msgs_srvs/_backscatter_movement_record_msgs_srvs_s.ep.rosidl_typesupport_c.c.o[0m
[14.995s] [ 92%] [32mBuilding C object CMakeFiles/backscatter_movement_record_msgs_srvs__rosidl_typesupport_introspection_c__pyext.dir/rosidl_generator_py/backscatter_movement_record_msgs_srvs/_backscatter_movement_record_msgs_srvs_s.ep.rosidl_typesupport_introspection_c.c.o[0m
[15.257s] [ 94%] [32m[1mLinking CXX shared library rosidl_generator_py/backscatter_movement_record_msgs_srvs/backscatter_movement_record_msgs_srvs_s__rosidl_typesupport_fastrtps_c.cpython-38-aarch64-linux-gnu.so[0m
[15.314s] [ 97%] [32m[1mLinking C shared library rosidl_generator_py/backscatter_movement_record_msgs_srvs/backscatter_movement_record_msgs_srvs_s__rosidl_typesupport_introspection_c.cpython-38-aarch64-linux-gnu.so[0m
[15.340s] [100%] [32m[1mLinking C shared library rosidl_generator_py/backscatter_movement_record_msgs_srvs/backscatter_movement_record_msgs_srvs_s__rosidl_typesupport_c.cpython-38-aarch64-linux-gnu.so[0m
[15.448s] [100%] Built target backscatter_movement_record_msgs_srvs__rosidl_typesupport_fastrtps_c__pyext
[15.484s] [100%] Built target backscatter_movement_record_msgs_srvs__rosidl_typesupport_c__pyext
[15.503s] [100%] Built target backscatter_movement_record_msgs_srvs__rosidl_typesupport_introspection_c__pyext
[15.562s] Invoked command in '/home/wings/Backscatter_UGV_ws/build/backscatter_movement_record_msgs_srvs' returned '0': CMAKE_PREFIX_PATH=/opt/ros/foxy /usr/bin/cmake --build /home/wings/Backscatter_UGV_ws/build/backscatter_movement_record_msgs_srvs -- -j6 -l6
[15.597s] Invoking command in '/home/wings/Backscatter_UGV_ws/build/backscatter_movement_record_msgs_srvs': CMAKE_PREFIX_PATH=/opt/ros/foxy /usr/bin/cmake --install /home/wings/Backscatter_UGV_ws/build/backscatter_movement_record_msgs_srvs
[15.623s] -- Install configuration: ""
[15.624s] -- Installing: /home/wings/Backscatter_UGV_ws/install/backscatter_movement_record_msgs_srvs/share/ament_index/resource_index/rosidl_interfaces/backscatter_movement_record_msgs_srvs
[15.624s] -- Installing: /home/wings/Backscatter_UGV_ws/install/backscatter_movement_record_msgs_srvs/include/backscatter_movement_record_msgs_srvs
[15.624s] -- Installing: /home/wings/Backscatter_UGV_ws/install/backscatter_movement_record_msgs_srvs/include/backscatter_movement_record_msgs_srvs/srv
[15.625s] -- Installing: /home/wings/Backscatter_UGV_ws/install/backscatter_movement_record_msgs_srvs/include/backscatter_movement_record_msgs_srvs/srv/detail
[15.625s] -- Installing: /home/wings/Backscatter_UGV_ws/install/backscatter_movement_record_msgs_srvs/include/backscatter_movement_record_msgs_srvs/srv/detail/odom_record__struct.h
[15.626s] -- Installing: /home/wings/Backscatter_UGV_ws/install/backscatter_movement_record_msgs_srvs/include/backscatter_movement_record_msgs_srvs/srv/detail/odom_record__type_support.h
[15.626s] -- Installing: /home/wings/Backscatter_UGV_ws/install/backscatter_movement_record_msgs_srvs/include/backscatter_movement_record_msgs_srvs/srv/detail/odom_record__functions.h
[15.627s] -- Installing: /home/wings/Backscatter_UGV_ws/install/backscatter_movement_record_msgs_srvs/include/backscatter_movement_record_msgs_srvs/srv/detail/odom_record__functions.c
[15.627s] -- Installing: /home/wings/Backscatter_UGV_ws/install/backscatter_movement_record_msgs_srvs/include/backscatter_movement_record_msgs_srvs/srv/odom_record.h
[15.627s] -- Installing: /home/wings/Backscatter_UGV_ws/install/backscatter_movement_record_msgs_srvs/include/backscatter_movement_record_msgs_srvs/msg
[15.627s] -- Installing: /home/wings/Backscatter_UGV_ws/install/backscatter_movement_record_msgs_srvs/include/backscatter_movement_record_msgs_srvs/msg/detail
[15.627s] -- Installing: /home/wings/Backscatter_UGV_ws/install/backscatter_movement_record_msgs_srvs/include/backscatter_movement_record_msgs_srvs/msg/detail/odom_with_expmt_flag__functions.c
[15.627s] -- Installing: /home/wings/Backscatter_UGV_ws/install/backscatter_movement_record_msgs_srvs/include/backscatter_movement_record_msgs_srvs/msg/detail/odom_with_expmt_flag__type_support.h
[15.628s] -- Installing: /home/wings/Backscatter_UGV_ws/install/backscatter_movement_record_msgs_srvs/include/backscatter_movement_record_msgs_srvs/msg/detail/odom_with_expmt_flag__functions.h
[15.628s] -- Installing: /home/wings/Backscatter_UGV_ws/install/backscatter_movement_record_msgs_srvs/include/backscatter_movement_record_msgs_srvs/msg/detail/odom_with_expmt_flag__struct.h
[15.628s] -- Installing: /home/wings/Backscatter_UGV_ws/install/backscatter_movement_record_msgs_srvs/include/backscatter_movement_record_msgs_srvs/msg/rosidl_generator_c__visibility_control.h
[15.628s] -- Installing: /home/wings/Backscatter_UGV_ws/install/backscatter_movement_record_msgs_srvs/include/backscatter_movement_record_msgs_srvs/msg/odom_with_expmt_flag.h
[15.628s] -- Installing: /home/wings/Backscatter_UGV_ws/install/backscatter_movement_record_msgs_srvs/share/backscatter_movement_record_msgs_srvs/environment/library_path.sh
[15.628s] -- Installing: /home/wings/Backscatter_UGV_ws/install/backscatter_movement_record_msgs_srvs/share/backscatter_movement_record_msgs_srvs/environment/library_path.dsv
[15.629s] -- Installing: /home/wings/Backscatter_UGV_ws/install/backscatter_movement_record_msgs_srvs/lib/libbackscatter_movement_record_msgs_srvs__rosidl_generator_c.so
[15.629s] -- Set runtime path of "/home/wings/Backscatter_UGV_ws/install/backscatter_movement_record_msgs_srvs/lib/libbackscatter_movement_record_msgs_srvs__rosidl_generator_c.so" to ""
[15.630s] -- Up-to-date: /home/wings/Backscatter_UGV_ws/install/backscatter_movement_record_msgs_srvs/include/backscatter_movement_record_msgs_srvs
[15.630s] -- Up-to-date: /home/wings/Backscatter_UGV_ws/install/backscatter_movement_record_msgs_srvs/include/backscatter_movement_record_msgs_srvs/srv
[15.630s] -- Up-to-date: /home/wings/Backscatter_UGV_ws/install/backscatter_movement_record_msgs_srvs/include/backscatter_movement_record_msgs_srvs/srv/detail
[15.630s] -- Installing: /home/wings/Backscatter_UGV_ws/install/backscatter_movement_record_msgs_srvs/include/backscatter_movement_record_msgs_srvs/srv/detail/odom_record__rosidl_typesupport_fastrtps_c.h
[15.630s] -- Up-to-date: /home/wings/Backscatter_UGV_ws/install/backscatter_movement_record_msgs_srvs/include/backscatter_movement_record_msgs_srvs/msg
[15.631s] -- Up-to-date: /home/wings/Backscatter_UGV_ws/install/backscatter_movement_record_msgs_srvs/include/backscatter_movement_record_msgs_srvs/msg/detail
[15.631s] -- Installing: /home/wings/Backscatter_UGV_ws/install/backscatter_movement_record_msgs_srvs/include/backscatter_movement_record_msgs_srvs/msg/detail/odom_with_expmt_flag__rosidl_typesupport_fastrtps_c.h
[15.631s] -- Installing: /home/wings/Backscatter_UGV_ws/install/backscatter_movement_record_msgs_srvs/include/backscatter_movement_record_msgs_srvs/msg/rosidl_typesupport_fastrtps_c__visibility_control.h
[15.631s] -- Installing: /home/wings/Backscatter_UGV_ws/install/backscatter_movement_record_msgs_srvs/lib/libbackscatter_movement_record_msgs_srvs__rosidl_typesupport_fastrtps_c.so
[15.632s] -- Set runtime path of "/home/wings/Backscatter_UGV_ws/install/backscatter_movement_record_msgs_srvs/lib/libbackscatter_movement_record_msgs_srvs__rosidl_typesupport_fastrtps_c.so" to ""
[15.632s] -- Up-to-date: /home/wings/Backscatter_UGV_ws/install/backscatter_movement_record_msgs_srvs/include/backscatter_movement_record_msgs_srvs
[15.632s] -- Up-to-date: /home/wings/Backscatter_UGV_ws/install/backscatter_movement_record_msgs_srvs/include/backscatter_movement_record_msgs_srvs/srv
[15.632s] -- Up-to-date: /home/wings/Backscatter_UGV_ws/install/backscatter_movement_record_msgs_srvs/include/backscatter_movement_record_msgs_srvs/srv/detail
[15.633s] -- Installing: /home/wings/Backscatter_UGV_ws/install/backscatter_movement_record_msgs_srvs/include/backscatter_movement_record_msgs_srvs/srv/detail/odom_record__rosidl_typesupport_fastrtps_cpp.hpp
[15.633s] -- Installing: /home/wings/Backscatter_UGV_ws/install/backscatter_movement_record_msgs_srvs/include/backscatter_movement_record_msgs_srvs/srv/detail/dds_fastrtps
[15.633s] -- Up-to-date: /home/wings/Backscatter_UGV_ws/install/backscatter_movement_record_msgs_srvs/include/backscatter_movement_record_msgs_srvs/msg
[15.634s] -- Up-to-date: /home/wings/Backscatter_UGV_ws/install/backscatter_movement_record_msgs_srvs/include/backscatter_movement_record_msgs_srvs/msg/detail
[15.635s] -- Installing: /home/wings/Backscatter_UGV_ws/install/backscatter_movement_record_msgs_srvs/include/backscatter_movement_record_msgs_srvs/msg/detail/odom_with_expmt_flag__rosidl_typesupport_fastrtps_cpp.hpp
[15.635s] -- Installing: /home/wings/Backscatter_UGV_ws/install/backscatter_movement_record_msgs_srvs/include/backscatter_movement_record_msgs_srvs/msg/detail/dds_fastrtps
[15.636s] -- Installing: /home/wings/Backscatter_UGV_ws/install/backscatter_movement_record_msgs_srvs/include/backscatter_movement_record_msgs_srvs/msg/rosidl_typesupport_fastrtps_cpp__visibility_control.h
[15.636s] -- Installing: /home/wings/Backscatter_UGV_ws/install/backscatter_movement_record_msgs_srvs/lib/libbackscatter_movement_record_msgs_srvs__rosidl_typesupport_fastrtps_cpp.so
[15.636s] -- Set runtime path of "/home/wings/Backscatter_UGV_ws/install/backscatter_movement_record_msgs_srvs/lib/libbackscatter_movement_record_msgs_srvs__rosidl_typesupport_fastrtps_cpp.so" to ""
[15.637s] -- Up-to-date: /home/wings/Backscatter_UGV_ws/install/backscatter_movement_record_msgs_srvs/include/backscatter_movement_record_msgs_srvs
[15.637s] -- Up-to-date: /home/wings/Backscatter_UGV_ws/install/backscatter_movement_record_msgs_srvs/include/backscatter_movement_record_msgs_srvs/srv
[15.637s] -- Up-to-date: /home/wings/Backscatter_UGV_ws/install/backscatter_movement_record_msgs_srvs/include/backscatter_movement_record_msgs_srvs/srv/detail
[15.638s] -- Installing: /home/wings/Backscatter_UGV_ws/install/backscatter_movement_record_msgs_srvs/include/backscatter_movement_record_msgs_srvs/srv/detail/odom_record__type_support.c
[15.638s] -- Installing: /home/wings/Backscatter_UGV_ws/install/backscatter_movement_record_msgs_srvs/include/backscatter_movement_record_msgs_srvs/srv/detail/odom_record__rosidl_typesupport_introspection_c.h
[15.639s] -- Up-to-date: /home/wings/Backscatter_UGV_ws/install/backscatter_movement_record_msgs_srvs/include/backscatter_movement_record_msgs_srvs/msg
[15.640s] -- Installing: /home/wings/Backscatter_UGV_ws/install/backscatter_movement_record_msgs_srvs/include/backscatter_movement_record_msgs_srvs/msg/rosidl_typesupport_introspection_c__visibility_control.h
[15.641s] -- Up-to-date: /home/wings/Backscatter_UGV_ws/install/backscatter_movement_record_msgs_srvs/include/backscatter_movement_record_msgs_srvs/msg/detail
[15.641s] -- Installing: /home/wings/Backscatter_UGV_ws/install/backscatter_movement_record_msgs_srvs/include/backscatter_movement_record_msgs_srvs/msg/detail/odom_with_expmt_flag__rosidl_typesupport_introspection_c.h
[15.642s] -- Installing: /home/wings/Backscatter_UGV_ws/install/backscatter_movement_record_msgs_srvs/include/backscatter_movement_record_msgs_srvs/msg/detail/odom_with_expmt_flag__type_support.c
[15.643s] -- Installing: /home/wings/Backscatter_UGV_ws/install/backscatter_movement_record_msgs_srvs/lib/libbackscatter_movement_record_msgs_srvs__rosidl_typesupport_introspection_c.so
[15.643s] -- Set runtime path of "/home/wings/Backscatter_UGV_ws/install/backscatter_movement_record_msgs_srvs/lib/libbackscatter_movement_record_msgs_srvs__rosidl_typesupport_introspection_c.so" to ""
[15.644s] -- Installing: /home/wings/Backscatter_UGV_ws/install/backscatter_movement_record_msgs_srvs/lib/libbackscatter_movement_record_msgs_srvs__rosidl_typesupport_c.so
[15.645s] -- Set runtime path of "/home/wings/Backscatter_UGV_ws/install/backscatter_movement_record_msgs_srvs/lib/libbackscatter_movement_record_msgs_srvs__rosidl_typesupport_c.so" to ""
[15.645s] -- Up-to-date: /home/wings/Backscatter_UGV_ws/install/backscatter_movement_record_msgs_srvs/include/backscatter_movement_record_msgs_srvs
[15.645s] -- Up-to-date: /home/wings/Backscatter_UGV_ws/install/backscatter_movement_record_msgs_srvs/include/backscatter_movement_record_msgs_srvs/srv
[15.646s] -- Up-to-date: /home/wings/Backscatter_UGV_ws/install/backscatter_movement_record_msgs_srvs/include/backscatter_movement_record_msgs_srvs/srv/detail
[15.646s] -- Installing: /home/wings/Backscatter_UGV_ws/install/backscatter_movement_record_msgs_srvs/include/backscatter_movement_record_msgs_srvs/srv/detail/odom_record__type_support.hpp
[15.647s] -- Installing: /home/wings/Backscatter_UGV_ws/install/backscatter_movement_record_msgs_srvs/include/backscatter_movement_record_msgs_srvs/srv/detail/odom_record__struct.hpp
[15.647s] -- Installing: /home/wings/Backscatter_UGV_ws/install/backscatter_movement_record_msgs_srvs/include/backscatter_movement_record_msgs_srvs/srv/detail/odom_record__builder.hpp
[15.647s] -- Installing: /home/wings/Backscatter_UGV_ws/install/backscatter_movement_record_msgs_srvs/include/backscatter_movement_record_msgs_srvs/srv/detail/odom_record__traits.hpp
[15.647s] -- Installing: /home/wings/Backscatter_UGV_ws/install/backscatter_movement_record_msgs_srvs/include/backscatter_movement_record_msgs_srvs/srv/odom_record.hpp
[15.647s] -- Up-to-date: /home/wings/Backscatter_UGV_ws/install/backscatter_movement_record_msgs_srvs/include/backscatter_movement_record_msgs_srvs/msg
[15.647s] -- Up-to-date: /home/wings/Backscatter_UGV_ws/install/backscatter_movement_record_msgs_srvs/include/backscatter_movement_record_msgs_srvs/msg/detail
[15.647s] -- Installing: /home/wings/Backscatter_UGV_ws/install/backscatter_movement_record_msgs_srvs/include/backscatter_movement_record_msgs_srvs/msg/detail/odom_with_expmt_flag__traits.hpp
[15.647s] -- Installing: /home/wings/Backscatter_UGV_ws/install/backscatter_movement_record_msgs_srvs/include/backscatter_movement_record_msgs_srvs/msg/detail/odom_with_expmt_flag__struct.hpp
[15.648s] -- Installing: /home/wings/Backscatter_UGV_ws/install/backscatter_movement_record_msgs_srvs/include/backscatter_movement_record_msgs_srvs/msg/detail/odom_with_expmt_flag__builder.hpp
[15.648s] -- Installing: /home/wings/Backscatter_UGV_ws/install/backscatter_movement_record_msgs_srvs/include/backscatter_movement_record_msgs_srvs/msg/detail/odom_with_expmt_flag__type_support.hpp
[15.648s] -- Installing: /home/wings/Backscatter_UGV_ws/install/backscatter_movement_record_msgs_srvs/include/backscatter_movement_record_msgs_srvs/msg/rosidl_generator_cpp__visibility_control.hpp
[15.648s] -- Installing: /home/wings/Backscatter_UGV_ws/install/backscatter_movement_record_msgs_srvs/include/backscatter_movement_record_msgs_srvs/msg/odom_with_expmt_flag.hpp
[15.648s] -- Up-to-date: /home/wings/Backscatter_UGV_ws/install/backscatter_movement_record_msgs_srvs/include/backscatter_movement_record_msgs_srvs
[15.648s] -- Up-to-date: /home/wings/Backscatter_UGV_ws/install/backscatter_movement_record_msgs_srvs/include/backscatter_movement_record_msgs_srvs/srv
[15.648s] -- Up-to-date: /home/wings/Backscatter_UGV_ws/install/backscatter_movement_record_msgs_srvs/include/backscatter_movement_record_msgs_srvs/srv/detail
[15.648s] -- Installing: /home/wings/Backscatter_UGV_ws/install/backscatter_movement_record_msgs_srvs/include/backscatter_movement_record_msgs_srvs/srv/detail/odom_record__type_support.cpp
[15.649s] -- Installing: /home/wings/Backscatter_UGV_ws/install/backscatter_movement_record_msgs_srvs/include/backscatter_movement_record_msgs_srvs/srv/detail/odom_record__rosidl_typesupport_introspection_cpp.hpp
[15.649s] -- Up-to-date: /home/wings/Backscatter_UGV_ws/install/backscatter_movement_record_msgs_srvs/include/backscatter_movement_record_msgs_srvs/msg
[15.649s] -- Up-to-date: /home/wings/Backscatter_UGV_ws/install/backscatter_movement_record_msgs_srvs/include/backscatter_movement_record_msgs_srvs/msg/detail
[15.649s] -- Installing: /home/wings/Backscatter_UGV_ws/install/backscatter_movement_record_msgs_srvs/include/backscatter_movement_record_msgs_srvs/msg/detail/odom_with_expmt_flag__type_support.cpp
[15.649s] -- Installing: /home/wings/Backscatter_UGV_ws/install/backscatter_movement_record_msgs_srvs/include/backscatter_movement_record_msgs_srvs/msg/detail/odom_with_expmt_flag__rosidl_typesupport_introspection_cpp.hpp
[15.649s] -- Installing: /home/wings/Backscatter_UGV_ws/install/backscatter_movement_record_msgs_srvs/lib/libbackscatter_movement_record_msgs_srvs__rosidl_typesupport_introspection_cpp.so
[15.649s] -- Set runtime path of "/home/wings/Backscatter_UGV_ws/install/backscatter_movement_record_msgs_srvs/lib/libbackscatter_movement_record_msgs_srvs__rosidl_typesupport_introspection_cpp.so" to ""
[15.649s] -- Installing: /home/wings/Backscatter_UGV_ws/install/backscatter_movement_record_msgs_srvs/lib/libbackscatter_movement_record_msgs_srvs__rosidl_typesupport_cpp.so
[15.650s] -- Set runtime path of "/home/wings/Backscatter_UGV_ws/install/backscatter_movement_record_msgs_srvs/lib/libbackscatter_movement_record_msgs_srvs__rosidl_typesupport_cpp.so" to ""
[15.650s] -- Installing: /home/wings/Backscatter_UGV_ws/install/backscatter_movement_record_msgs_srvs/share/backscatter_movement_record_msgs_srvs/environment/pythonpath.sh
[15.650s] -- Installing: /home/wings/Backscatter_UGV_ws/install/backscatter_movement_record_msgs_srvs/share/backscatter_movement_record_msgs_srvs/environment/pythonpath.dsv
[15.650s] -- Installing: /home/wings/Backscatter_UGV_ws/install/backscatter_movement_record_msgs_srvs/lib/python3.8/site-packages/backscatter_movement_record_msgs_srvs/__init__.py
[15.713s] Compiling '/home/wings/Backscatter_UGV_ws/install/backscatter_movement_record_msgs_srvs/lib/python3.8/site-packages/backscatter_movement_record_msgs_srvs/__init__.py'...
[15.734s] -- Installing: /home/wings/Backscatter_UGV_ws/install/backscatter_movement_record_msgs_srvs/lib/python3.8/site-packages/backscatter_movement_record_msgs_srvs/srv
[15.735s] -- Installing: /home/wings/Backscatter_UGV_ws/install/backscatter_movement_record_msgs_srvs/lib/python3.8/site-packages/backscatter_movement_record_msgs_srvs/srv/_odom_record_s.c
[15.735s] -- Installing: /home/wings/Backscatter_UGV_ws/install/backscatter_movement_record_msgs_srvs/lib/python3.8/site-packages/backscatter_movement_record_msgs_srvs/srv/__init__.py
[15.735s] -- Installing: /home/wings/Backscatter_UGV_ws/install/backscatter_movement_record_msgs_srvs/lib/python3.8/site-packages/backscatter_movement_record_msgs_srvs/srv/_odom_record.py
[15.735s] -- Installing: /home/wings/Backscatter_UGV_ws/install/backscatter_movement_record_msgs_srvs/lib/python3.8/site-packages/backscatter_movement_record_msgs_srvs/msg
[15.735s] -- Installing: /home/wings/Backscatter_UGV_ws/install/backscatter_movement_record_msgs_srvs/lib/python3.8/site-packages/backscatter_movement_record_msgs_srvs/msg/_odom_with_expmt_flag_s.c
[15.735s] -- Installing: /home/wings/Backscatter_UGV_ws/install/backscatter_movement_record_msgs_srvs/lib/python3.8/site-packages/backscatter_movement_record_msgs_srvs/msg/_odom_with_expmt_flag.py
[15.736s] -- Installing: /home/wings/Backscatter_UGV_ws/install/backscatter_movement_record_msgs_srvs/lib/python3.8/site-packages/backscatter_movement_record_msgs_srvs/msg/__init__.py
[15.736s] -- Installing: /home/wings/Backscatter_UGV_ws/install/backscatter_movement_record_msgs_srvs/lib/python3.8/site-packages/backscatter_movement_record_msgs_srvs/backscatter_movement_record_msgs_srvs_s__rosidl_typesupport_fastrtps_c.cpython-38-aarch64-linux-gnu.so
[15.736s] -- Set runtime path of "/home/wings/Backscatter_UGV_ws/install/backscatter_movement_record_msgs_srvs/lib/python3.8/site-packages/backscatter_movement_record_msgs_srvs/backscatter_movement_record_msgs_srvs_s__rosidl_typesupport_fastrtps_c.cpython-38-aarch64-linux-gnu.so" to ""
[15.736s] -- Installing: /home/wings/Backscatter_UGV_ws/install/backscatter_movement_record_msgs_srvs/lib/python3.8/site-packages/backscatter_movement_record_msgs_srvs/backscatter_movement_record_msgs_srvs_s__rosidl_typesupport_introspection_c.cpython-38-aarch64-linux-gnu.so
[15.736s] -- Set runtime path of "/home/wings/Backscatter_UGV_ws/install/backscatter_movement_record_msgs_srvs/lib/python3.8/site-packages/backscatter_movement_record_msgs_srvs/backscatter_movement_record_msgs_srvs_s__rosidl_typesupport_introspection_c.cpython-38-aarch64-linux-gnu.so" to ""
[15.736s] -- Installing: /home/wings/Backscatter_UGV_ws/install/backscatter_movement_record_msgs_srvs/lib/python3.8/site-packages/backscatter_movement_record_msgs_srvs/backscatter_movement_record_msgs_srvs_s__rosidl_typesupport_c.cpython-38-aarch64-linux-gnu.so
[15.736s] -- Set runtime path of "/home/wings/Backscatter_UGV_ws/install/backscatter_movement_record_msgs_srvs/lib/python3.8/site-packages/backscatter_movement_record_msgs_srvs/backscatter_movement_record_msgs_srvs_s__rosidl_typesupport_c.cpython-38-aarch64-linux-gnu.so" to ""
[15.737s] -- Installing: /home/wings/Backscatter_UGV_ws/install/backscatter_movement_record_msgs_srvs/lib/libbackscatter_movement_record_msgs_srvs__python.so
[15.737s] -- Set runtime path of "/home/wings/Backscatter_UGV_ws/install/backscatter_movement_record_msgs_srvs/lib/libbackscatter_movement_record_msgs_srvs__python.so" to ""
[15.737s] -- Installing: /home/wings/Backscatter_UGV_ws/install/backscatter_movement_record_msgs_srvs/share/backscatter_movement_record_msgs_srvs/srv/OdomRecord.idl
[15.737s] -- Installing: /home/wings/Backscatter_UGV_ws/install/backscatter_movement_record_msgs_srvs/share/backscatter_movement_record_msgs_srvs/msg/OdomWithExpmtFlag.idl
[15.737s] -- Installing: /home/wings/Backscatter_UGV_ws/install/backscatter_movement_record_msgs_srvs/share/backscatter_movement_record_msgs_srvs/srv/OdomRecord.srv
[15.738s] -- Installing: /home/wings/Backscatter_UGV_ws/install/backscatter_movement_record_msgs_srvs/share/backscatter_movement_record_msgs_srvs/srv/OdomRecord_Request.msg
[15.738s] -- Installing: /home/wings/Backscatter_UGV_ws/install/backscatter_movement_record_msgs_srvs/share/backscatter_movement_record_msgs_srvs/srv/OdomRecord_Response.msg
[15.739s] -- Installing: /home/wings/Backscatter_UGV_ws/install/backscatter_movement_record_msgs_srvs/share/backscatter_movement_record_msgs_srvs/msg/OdomWithExpmtFlag.msg
[15.740s] -- Installing: /home/wings/Backscatter_UGV_ws/install/backscatter_movement_record_msgs_srvs/share/ament_index/resource_index/package_run_dependencies/backscatter_movement_record_msgs_srvs
[15.741s] -- Installing: /home/wings/Backscatter_UGV_ws/install/backscatter_movement_record_msgs_srvs/share/ament_index/resource_index/parent_prefix_path/backscatter_movement_record_msgs_srvs
[15.741s] -- Installing: /home/wings/Backscatter_UGV_ws/install/backscatter_movement_record_msgs_srvs/share/backscatter_movement_record_msgs_srvs/environment/ament_prefix_path.sh
[15.742s] -- Installing: /home/wings/Backscatter_UGV_ws/install/backscatter_movement_record_msgs_srvs/share/backscatter_movement_record_msgs_srvs/environment/ament_prefix_path.dsv
[15.743s] -- Installing: /home/wings/Backscatter_UGV_ws/install/backscatter_movement_record_msgs_srvs/share/backscatter_movement_record_msgs_srvs/environment/path.sh
[15.744s] -- Installing: /home/wings/Backscatter_UGV_ws/install/backscatter_movement_record_msgs_srvs/share/backscatter_movement_record_msgs_srvs/environment/path.dsv
[15.745s] -- Installing: /home/wings/Backscatter_UGV_ws/install/backscatter_movement_record_msgs_srvs/share/backscatter_movement_record_msgs_srvs/local_setup.bash
[15.745s] -- Installing: /home/wings/Backscatter_UGV_ws/install/backscatter_movement_record_msgs_srvs/share/backscatter_movement_record_msgs_srvs/local_setup.sh
[15.746s] -- Installing: /home/wings/Backscatter_UGV_ws/install/backscatter_movement_record_msgs_srvs/share/backscatter_movement_record_msgs_srvs/local_setup.zsh
[15.747s] -- Installing: /home/wings/Backscatter_UGV_ws/install/backscatter_movement_record_msgs_srvs/share/backscatter_movement_record_msgs_srvs/local_setup.dsv
[15.748s] -- Installing: /home/wings/Backscatter_UGV_ws/install/backscatter_movement_record_msgs_srvs/share/backscatter_movement_record_msgs_srvs/package.dsv
[15.749s] -- Installing: /home/wings/Backscatter_UGV_ws/install/backscatter_movement_record_msgs_srvs/share/ament_index/resource_index/packages/backscatter_movement_record_msgs_srvs
[15.750s] -- Installing: /home/wings/Backscatter_UGV_ws/install/backscatter_movement_record_msgs_srvs/share/backscatter_movement_record_msgs_srvs/cmake/backscatter_movement_record_msgs_srvs__rosidl_generator_cExport.cmake
[15.751s] -- Installing: /home/wings/Backscatter_UGV_ws/install/backscatter_movement_record_msgs_srvs/share/backscatter_movement_record_msgs_srvs/cmake/backscatter_movement_record_msgs_srvs__rosidl_generator_cExport-noconfig.cmake
[15.752s] -- Installing: /home/wings/Backscatter_UGV_ws/install/backscatter_movement_record_msgs_srvs/share/backscatter_movement_record_msgs_srvs/cmake/backscatter_movement_record_msgs_srvs__rosidl_typesupport_introspection_cExport.cmake
[15.753s] -- Installing: /home/wings/Backscatter_UGV_ws/install/backscatter_movement_record_msgs_srvs/share/backscatter_movement_record_msgs_srvs/cmake/backscatter_movement_record_msgs_srvs__rosidl_typesupport_introspection_cExport-noconfig.cmake
[15.756s] -- Installing: /home/wings/Backscatter_UGV_ws/install/backscatter_movement_record_msgs_srvs/share/backscatter_movement_record_msgs_srvs/cmake/backscatter_movement_record_msgs_srvs__rosidl_typesupport_cExport.cmake
[15.757s] -- Installing: /home/wings/Backscatter_UGV_ws/install/backscatter_movement_record_msgs_srvs/share/backscatter_movement_record_msgs_srvs/cmake/backscatter_movement_record_msgs_srvs__rosidl_typesupport_cExport-noconfig.cmake
[15.758s] -- Installing: /home/wings/Backscatter_UGV_ws/install/backscatter_movement_record_msgs_srvs/share/backscatter_movement_record_msgs_srvs/cmake/backscatter_movement_record_msgs_srvs__rosidl_generator_cppExport.cmake
[15.759s] -- Installing: /home/wings/Backscatter_UGV_ws/install/backscatter_movement_record_msgs_srvs/share/backscatter_movement_record_msgs_srvs/cmake/backscatter_movement_record_msgs_srvs__rosidl_typesupport_introspection_cppExport.cmake
[15.760s] -- Installing: /home/wings/Backscatter_UGV_ws/install/backscatter_movement_record_msgs_srvs/share/backscatter_movement_record_msgs_srvs/cmake/backscatter_movement_record_msgs_srvs__rosidl_typesupport_introspection_cppExport-noconfig.cmake
[15.761s] -- Installing: /home/wings/Backscatter_UGV_ws/install/backscatter_movement_record_msgs_srvs/share/backscatter_movement_record_msgs_srvs/cmake/backscatter_movement_record_msgs_srvs__rosidl_typesupport_cppExport.cmake
[15.762s] -- Installing: /home/wings/Backscatter_UGV_ws/install/backscatter_movement_record_msgs_srvs/share/backscatter_movement_record_msgs_srvs/cmake/backscatter_movement_record_msgs_srvs__rosidl_typesupport_cppExport-noconfig.cmake
[15.763s] -- Installing: /home/wings/Backscatter_UGV_ws/install/backscatter_movement_record_msgs_srvs/share/backscatter_movement_record_msgs_srvs/cmake/rosidl_cmake-extras.cmake
[15.764s] -- Installing: /home/wings/Backscatter_UGV_ws/install/backscatter_movement_record_msgs_srvs/share/backscatter_movement_record_msgs_srvs/cmake/ament_cmake_export_dependencies-extras.cmake
[15.765s] -- Installing: /home/wings/Backscatter_UGV_ws/install/backscatter_movement_record_msgs_srvs/share/backscatter_movement_record_msgs_srvs/cmake/ament_cmake_export_libraries-extras.cmake
[15.766s] -- Installing: /home/wings/Backscatter_UGV_ws/install/backscatter_movement_record_msgs_srvs/share/backscatter_movement_record_msgs_srvs/cmake/ament_cmake_export_targets-extras.cmake
[15.766s] -- Installing: /home/wings/Backscatter_UGV_ws/install/backscatter_movement_record_msgs_srvs/share/backscatter_movement_record_msgs_srvs/cmake/ament_cmake_export_include_directories-extras.cmake
[15.767s] -- Installing: /home/wings/Backscatter_UGV_ws/install/backscatter_movement_record_msgs_srvs/share/backscatter_movement_record_msgs_srvs/cmake/rosidl_cmake_export_typesupport_libraries-extras.cmake
[15.768s] -- Installing: /home/wings/Backscatter_UGV_ws/install/backscatter_movement_record_msgs_srvs/share/backscatter_movement_record_msgs_srvs/cmake/rosidl_cmake_export_typesupport_targets-extras.cmake
[15.769s] -- Installing: /home/wings/Backscatter_UGV_ws/install/backscatter_movement_record_msgs_srvs/share/backscatter_movement_record_msgs_srvs/cmake/backscatter_movement_record_msgs_srvsConfig.cmake
[15.770s] -- Installing: /home/wings/Backscatter_UGV_ws/install/backscatter_movement_record_msgs_srvs/share/backscatter_movement_record_msgs_srvs/cmake/backscatter_movement_record_msgs_srvsConfig-version.cmake
[15.771s] -- Installing: /home/wings/Backscatter_UGV_ws/install/backscatter_movement_record_msgs_srvs/share/backscatter_movement_record_msgs_srvs/package.xml
[15.794s] Invoked command in '/home/wings/Backscatter_UGV_ws/build/backscatter_movement_record_msgs_srvs' returned '0': CMAKE_PREFIX_PATH=/opt/ros/foxy /usr/bin/cmake --install /home/wings/Backscatter_UGV_ws/build/backscatter_movement_record_msgs_srvs
