[0.454s] DEBUG:colcon:Command line arguments: ['/usr/bin/colcon', 'build']
[0.455s] DEBUG:colcon:Parsed command line arguments: Namespace(allow_overriding=[], ament_cmake_args=None, base_paths=['.'], build_base='build', catkin_cmake_args=None, catkin_skip_building_tests=False, cmake_args=None, cmake_clean_cache=False, cmake_clean_first=False, cmake_force_configure=False, cmake_target=None, cmake_target_skip_unavailable=False, continue_on_error=False, event_handlers=None, executor='parallel', ignore_user_meta=False, install_base='install', log_base=None, log_level=None, main=<bound method BuildVerb.main of <colcon_core.verb.build.BuildVerb object at 0xffff8454f940>>, merge_install=False, metas=['./colcon.meta'], mixin=None, mixin_files=None, mixin_verb=('build',), packages_above=None, packages_above_and_dependencies=None, packages_above_depth=None, packages_end=None, packages_ignore=None, packages_ignore_regex=None, packages_select=None, packages_select_build_failed=False, packages_select_by_dep=None, packages_select_regex=None, packages_select_test_failures=False, packages_skip=None, packages_skip_build_finished=False, packages_skip_by_dep=None, packages_skip_regex=None, packages_skip_test_passed=False, packages_skip_up_to=None, packages_start=None, packages_up_to=None, packages_up_to_regex=None, parallel_workers=6, paths=None, symlink_install=False, test_result_base=None, verb_extension=<colcon_core.verb.build.BuildVerb object at 0xffff8454f940>, verb_name='build', verb_parser=<colcon_mixin.mixin.mixin_argument.MixinArgumentDecorator object at 0xffff84495280>)
[0.788s] Level 1:colcon.colcon_core.package_discovery:discover_packages(colcon_meta) check parameters
[0.788s] Level 1:colcon.colcon_core.package_discovery:discover_packages(recursive) check parameters
[0.788s] Level 1:colcon.colcon_core.package_discovery:discover_packages(ignore) check parameters
[0.788s] Level 1:colcon.colcon_core.package_discovery:discover_packages(path) check parameters
[0.788s] Level 1:colcon.colcon_core.package_discovery:discover_packages(colcon_meta) discover
[0.788s] Level 1:colcon.colcon_core.package_discovery:discover_packages(recursive) discover
[0.789s] INFO:colcon.colcon_core.package_discovery:Crawling recursively for packages in '/home/wings/Backscatter_UGV_ws'
[0.789s] Level 1:colcon.colcon_core.package_identification:_identify(.) by extensions ['ignore', 'ignore_ament_install']
[0.789s] Level 1:colcon.colcon_core.package_identification:_identify(.) by extension 'ignore'
[0.789s] Level 1:colcon.colcon_core.package_identification:_identify(.) by extension 'ignore_ament_install'
[0.789s] Level 1:colcon.colcon_core.package_identification:_identify(.) by extensions ['colcon_pkg']
[0.789s] Level 1:colcon.colcon_core.package_identification:_identify(.) by extension 'colcon_pkg'
[0.789s] Level 1:colcon.colcon_core.package_identification:_identify(.) by extensions ['colcon_meta']
[0.790s] Level 1:colcon.colcon_core.package_identification:_identify(.) by extension 'colcon_meta'
[0.790s] Level 1:colcon.colcon_core.package_identification:_identify(.) by extensions ['ros']
[0.790s] Level 1:colcon.colcon_core.package_identification:_identify(.) by extension 'ros'
[0.816s] Level 1:colcon.colcon_core.package_identification:_identify(.) by extensions ['cmake', 'python']
[0.816s] Level 1:colcon.colcon_core.package_identification:_identify(.) by extension 'cmake'
[0.816s] Level 1:colcon.colcon_core.package_identification:_identify(.) by extension 'python'
[0.817s] Level 1:colcon.colcon_core.package_identification:_identify(.) by extensions ['python_setup_py']
[0.817s] Level 1:colcon.colcon_core.package_identification:_identify(.) by extension 'python_setup_py'
[0.817s] Level 1:colcon.colcon_core.package_identification:_identify(build) by extensions ['ignore', 'ignore_ament_install']
[0.817s] Level 1:colcon.colcon_core.package_identification:_identify(build) by extension 'ignore'
[0.817s] Level 1:colcon.colcon_core.package_identification:_identify(build) ignored
[0.818s] Level 1:colcon.colcon_core.package_identification:_identify(install) by extensions ['ignore', 'ignore_ament_install']
[0.818s] Level 1:colcon.colcon_core.package_identification:_identify(install) by extension 'ignore'
[0.818s] Level 1:colcon.colcon_core.package_identification:_identify(install) ignored
[0.818s] Level 1:colcon.colcon_core.package_identification:_identify(log) by extensions ['ignore', 'ignore_ament_install']
[0.818s] Level 1:colcon.colcon_core.package_identification:_identify(log) by extension 'ignore'
[0.818s] Level 1:colcon.colcon_core.package_identification:_identify(log) ignored
[0.819s] Level 1:colcon.colcon_core.package_identification:_identify(src) by extensions ['ignore', 'ignore_ament_install']
[0.819s] Level 1:colcon.colcon_core.package_identification:_identify(src) by extension 'ignore'
[0.819s] Level 1:colcon.colcon_core.package_identification:_identify(src) by extension 'ignore_ament_install'
[0.819s] Level 1:colcon.colcon_core.package_identification:_identify(src) by extensions ['colcon_pkg']
[0.819s] Level 1:colcon.colcon_core.package_identification:_identify(src) by extension 'colcon_pkg'
[0.819s] Level 1:colcon.colcon_core.package_identification:_identify(src) by extensions ['colcon_meta']
[0.819s] Level 1:colcon.colcon_core.package_identification:_identify(src) by extension 'colcon_meta'
[0.819s] Level 1:colcon.colcon_core.package_identification:_identify(src) by extensions ['ros']
[0.819s] Level 1:colcon.colcon_core.package_identification:_identify(src) by extension 'ros'
[0.820s] Level 1:colcon.colcon_core.package_identification:_identify(src) by extensions ['cmake', 'python']
[0.820s] Level 1:colcon.colcon_core.package_identification:_identify(src) by extension 'cmake'
[0.820s] Level 1:colcon.colcon_core.package_identification:_identify(src) by extension 'python'
[0.820s] Level 1:colcon.colcon_core.package_identification:_identify(src) by extensions ['python_setup_py']
[0.820s] Level 1:colcon.colcon_core.package_identification:_identify(src) by extension 'python_setup_py'
[0.820s] Level 1:colcon.colcon_core.package_identification:_identify(src/backscatter_movement_record_msgs_srvs) by extensions ['ignore', 'ignore_ament_install']
[0.821s] Level 1:colcon.colcon_core.package_identification:_identify(src/backscatter_movement_record_msgs_srvs) by extension 'ignore'
[0.821s] Level 1:colcon.colcon_core.package_identification:_identify(src/backscatter_movement_record_msgs_srvs) by extension 'ignore_ament_install'
[0.821s] Level 1:colcon.colcon_core.package_identification:_identify(src/backscatter_movement_record_msgs_srvs) by extensions ['colcon_pkg']
[0.821s] Level 1:colcon.colcon_core.package_identification:_identify(src/backscatter_movement_record_msgs_srvs) by extension 'colcon_pkg'
[0.821s] Level 1:colcon.colcon_core.package_identification:_identify(src/backscatter_movement_record_msgs_srvs) by extensions ['colcon_meta']
[0.821s] Level 1:colcon.colcon_core.package_identification:_identify(src/backscatter_movement_record_msgs_srvs) by extension 'colcon_meta'
[0.821s] Level 1:colcon.colcon_core.package_identification:_identify(src/backscatter_movement_record_msgs_srvs) by extensions ['ros']
[0.821s] Level 1:colcon.colcon_core.package_identification:_identify(src/backscatter_movement_record_msgs_srvs) by extension 'ros'
[0.828s] DEBUG:colcon.colcon_core.package_identification:Package 'src/backscatter_movement_record_msgs_srvs' with type 'ros.ament_cmake' and name 'backscatter_movement_record_msgs_srvs'
[0.828s] Level 1:colcon.colcon_core.package_identification:_identify(src/backscatter_rover_data_recorder) by extensions ['ignore', 'ignore_ament_install']
[0.828s] Level 1:colcon.colcon_core.package_identification:_identify(src/backscatter_rover_data_recorder) by extension 'ignore'
[0.828s] Level 1:colcon.colcon_core.package_identification:_identify(src/backscatter_rover_data_recorder) by extension 'ignore_ament_install'
[0.829s] Level 1:colcon.colcon_core.package_identification:_identify(src/backscatter_rover_data_recorder) by extensions ['colcon_pkg']
[0.829s] Level 1:colcon.colcon_core.package_identification:_identify(src/backscatter_rover_data_recorder) by extension 'colcon_pkg'
[0.829s] Level 1:colcon.colcon_core.package_identification:_identify(src/backscatter_rover_data_recorder) by extensions ['colcon_meta']
[0.829s] Level 1:colcon.colcon_core.package_identification:_identify(src/backscatter_rover_data_recorder) by extension 'colcon_meta'
[0.829s] Level 1:colcon.colcon_core.package_identification:_identify(src/backscatter_rover_data_recorder) by extensions ['ros']
[0.829s] Level 1:colcon.colcon_core.package_identification:_identify(src/backscatter_rover_data_recorder) by extension 'ros'
[0.831s] DEBUG:colcon.colcon_core.package_identification:Package 'src/backscatter_rover_data_recorder' with type 'ros.ament_python' and name 'backscatter_rover_data_recorder'
[0.831s] Level 1:colcon.colcon_core.package_identification:_identify(src/log) by extensions ['ignore', 'ignore_ament_install']
[0.831s] Level 1:colcon.colcon_core.package_identification:_identify(src/log) by extension 'ignore'
[0.831s] Level 1:colcon.colcon_core.package_identification:_identify(src/log) ignored
[0.832s] Level 1:colcon.colcon_core.package_identification:_identify(src/rospy_message_converter) by extensions ['ignore', 'ignore_ament_install']
[0.832s] Level 1:colcon.colcon_core.package_identification:_identify(src/rospy_message_converter) by extension 'ignore'
[0.832s] Level 1:colcon.colcon_core.package_identification:_identify(src/rospy_message_converter) by extension 'ignore_ament_install'
[0.832s] Level 1:colcon.colcon_core.package_identification:_identify(src/rospy_message_converter) by extensions ['colcon_pkg']
[0.832s] Level 1:colcon.colcon_core.package_identification:_identify(src/rospy_message_converter) by extension 'colcon_pkg'
[0.833s] Level 1:colcon.colcon_core.package_identification:_identify(src/rospy_message_converter) by extensions ['colcon_meta']
[0.833s] Level 1:colcon.colcon_core.package_identification:_identify(src/rospy_message_converter) by extension 'colcon_meta'
[0.833s] Level 1:colcon.colcon_core.package_identification:_identify(src/rospy_message_converter) by extensions ['ros']
[0.833s] Level 1:colcon.colcon_core.package_identification:_identify(src/rospy_message_converter) by extension 'ros'
[0.833s] Level 1:colcon.colcon_core.package_identification:_identify(src/rospy_message_converter) by extensions ['cmake', 'python']
[0.833s] Level 1:colcon.colcon_core.package_identification:_identify(src/rospy_message_converter) by extension 'cmake'
[0.833s] Level 1:colcon.colcon_core.package_identification:_identify(src/rospy_message_converter) by extension 'python'
[0.833s] Level 1:colcon.colcon_core.package_identification:_identify(src/rospy_message_converter) by extensions ['python_setup_py']
[0.833s] Level 1:colcon.colcon_core.package_identification:_identify(src/rospy_message_converter) by extension 'python_setup_py'
[0.834s] Level 1:colcon.colcon_core.package_identification:_identify(src/rospy_message_converter/rclpy_message_converter) by extensions ['ignore', 'ignore_ament_install']
[0.834s] Level 1:colcon.colcon_core.package_identification:_identify(src/rospy_message_converter/rclpy_message_converter) by extension 'ignore'
[0.834s] Level 1:colcon.colcon_core.package_identification:_identify(src/rospy_message_converter/rclpy_message_converter) by extension 'ignore_ament_install'
[0.834s] Level 1:colcon.colcon_core.package_identification:_identify(src/rospy_message_converter/rclpy_message_converter) by extensions ['colcon_pkg']
[0.834s] Level 1:colcon.colcon_core.package_identification:_identify(src/rospy_message_converter/rclpy_message_converter) by extension 'colcon_pkg'
[0.834s] Level 1:colcon.colcon_core.package_identification:_identify(src/rospy_message_converter/rclpy_message_converter) by extensions ['colcon_meta']
[0.834s] Level 1:colcon.colcon_core.package_identification:_identify(src/rospy_message_converter/rclpy_message_converter) by extension 'colcon_meta'
[0.835s] Level 1:colcon.colcon_core.package_identification:_identify(src/rospy_message_converter/rclpy_message_converter) by extensions ['ros']
[0.835s] Level 1:colcon.colcon_core.package_identification:_identify(src/rospy_message_converter/rclpy_message_converter) by extension 'ros'
[0.836s] DEBUG:colcon.colcon_core.package_identification:Package 'src/rospy_message_converter/rclpy_message_converter' with type 'ros.ament_python' and name 'rclpy_message_converter'
[0.837s] Level 1:colcon.colcon_core.package_identification:_identify(src/rospy_message_converter/rclpy_message_converter_msgs) by extensions ['ignore', 'ignore_ament_install']
[0.837s] Level 1:colcon.colcon_core.package_identification:_identify(src/rospy_message_converter/rclpy_message_converter_msgs) by extension 'ignore'
[0.837s] Level 1:colcon.colcon_core.package_identification:_identify(src/rospy_message_converter/rclpy_message_converter_msgs) by extension 'ignore_ament_install'
[0.837s] Level 1:colcon.colcon_core.package_identification:_identify(src/rospy_message_converter/rclpy_message_converter_msgs) by extensions ['colcon_pkg']
[0.837s] Level 1:colcon.colcon_core.package_identification:_identify(src/rospy_message_converter/rclpy_message_converter_msgs) by extension 'colcon_pkg'
[0.838s] Level 1:colcon.colcon_core.package_identification:_identify(src/rospy_message_converter/rclpy_message_converter_msgs) by extensions ['colcon_meta']
[0.838s] Level 1:colcon.colcon_core.package_identification:_identify(src/rospy_message_converter/rclpy_message_converter_msgs) by extension 'colcon_meta'
[0.838s] Level 1:colcon.colcon_core.package_identification:_identify(src/rospy_message_converter/rclpy_message_converter_msgs) by extensions ['ros']
[0.838s] Level 1:colcon.colcon_core.package_identification:_identify(src/rospy_message_converter/rclpy_message_converter_msgs) by extension 'ros'
[0.839s] DEBUG:colcon.colcon_core.package_identification:Package 'src/rospy_message_converter/rclpy_message_converter_msgs' with type 'ros.ament_cmake' and name 'rclpy_message_converter_msgs'
[0.839s] Level 1:colcon.colcon_core.package_discovery:discover_packages(recursive) using defaults
[0.839s] Level 1:colcon.colcon_core.package_discovery:discover_packages(ignore) discover
[0.839s] Level 1:colcon.colcon_core.package_discovery:discover_packages(ignore) using defaults
[0.839s] Level 1:colcon.colcon_core.package_discovery:discover_packages(path) discover
[0.840s] Level 1:colcon.colcon_core.package_discovery:discover_packages(path) using defaults
[0.884s] Level 1:colcon.colcon_core.package_discovery:discover_packages(prefix_path) check parameters
[0.884s] Level 1:colcon.colcon_core.package_discovery:discover_packages(prefix_path) discover
[0.890s] DEBUG:colcon.colcon_installed_package_information.package_discovery:Found 6 installed packages in /home/wings/Backscatter_UGV_ws/install
[0.893s] DEBUG:colcon.colcon_installed_package_information.package_discovery:Found 331 installed packages in /opt/ros/foxy
[0.921s] Level 1:colcon.colcon_core.package_discovery:discover_packages(prefix_path) using defaults
[1.073s] Level 5:colcon.colcon_core.verb:set package 'backscatter_movement_record_msgs_srvs' build argument 'cmake_args' from command line to 'None'
[1.073s] Level 5:colcon.colcon_core.verb:set package 'backscatter_movement_record_msgs_srvs' build argument 'cmake_target' from command line to 'None'
[1.073s] Level 5:colcon.colcon_core.verb:set package 'backscatter_movement_record_msgs_srvs' build argument 'cmake_target_skip_unavailable' from command line to 'False'
[1.073s] Level 5:colcon.colcon_core.verb:set package 'backscatter_movement_record_msgs_srvs' build argument 'cmake_clean_cache' from command line to 'False'
[1.073s] Level 5:colcon.colcon_core.verb:set package 'backscatter_movement_record_msgs_srvs' build argument 'cmake_clean_first' from command line to 'False'
[1.073s] Level 5:colcon.colcon_core.verb:set package 'backscatter_movement_record_msgs_srvs' build argument 'cmake_force_configure' from command line to 'False'
[1.073s] Level 5:colcon.colcon_core.verb:set package 'backscatter_movement_record_msgs_srvs' build argument 'ament_cmake_args' from command line to 'None'
[1.073s] Level 5:colcon.colcon_core.verb:set package 'backscatter_movement_record_msgs_srvs' build argument 'catkin_cmake_args' from command line to 'None'
[1.073s] Level 5:colcon.colcon_core.verb:set package 'backscatter_movement_record_msgs_srvs' build argument 'catkin_skip_building_tests' from command line to 'False'
[1.074s] DEBUG:colcon.colcon_core.verb:Building package 'backscatter_movement_record_msgs_srvs' with the following arguments: {'ament_cmake_args': None, 'build_base': '/home/wings/Backscatter_UGV_ws/build/backscatter_movement_record_msgs_srvs', 'catkin_cmake_args': None, 'catkin_skip_building_tests': False, 'cmake_args': None, 'cmake_clean_cache': False, 'cmake_clean_first': False, 'cmake_force_configure': False, 'cmake_target': None, 'cmake_target_skip_unavailable': False, 'install_base': '/home/wings/Backscatter_UGV_ws/install/backscatter_movement_record_msgs_srvs', 'merge_install': False, 'path': '/home/wings/Backscatter_UGV_ws/src/backscatter_movement_record_msgs_srvs', 'symlink_install': False, 'test_result_base': None}
[1.074s] Level 5:colcon.colcon_core.verb:set package 'backscatter_rover_data_recorder' build argument 'cmake_args' from command line to 'None'
[1.074s] Level 5:colcon.colcon_core.verb:set package 'backscatter_rover_data_recorder' build argument 'cmake_target' from command line to 'None'
[1.074s] Level 5:colcon.colcon_core.verb:set package 'backscatter_rover_data_recorder' build argument 'cmake_target_skip_unavailable' from command line to 'False'
[1.074s] Level 5:colcon.colcon_core.verb:set package 'backscatter_rover_data_recorder' build argument 'cmake_clean_cache' from command line to 'False'
[1.075s] Level 5:colcon.colcon_core.verb:set package 'backscatter_rover_data_recorder' build argument 'cmake_clean_first' from command line to 'False'
[1.075s] Level 5:colcon.colcon_core.verb:set package 'backscatter_rover_data_recorder' build argument 'cmake_force_configure' from command line to 'False'
[1.075s] Level 5:colcon.colcon_core.verb:set package 'backscatter_rover_data_recorder' build argument 'ament_cmake_args' from command line to 'None'
[1.075s] Level 5:colcon.colcon_core.verb:set package 'backscatter_rover_data_recorder' build argument 'catkin_cmake_args' from command line to 'None'
[1.075s] Level 5:colcon.colcon_core.verb:set package 'backscatter_rover_data_recorder' build argument 'catkin_skip_building_tests' from command line to 'False'
[1.075s] DEBUG:colcon.colcon_core.verb:Building package 'backscatter_rover_data_recorder' with the following arguments: {'ament_cmake_args': None, 'build_base': '/home/wings/Backscatter_UGV_ws/build/backscatter_rover_data_recorder', 'catkin_cmake_args': None, 'catkin_skip_building_tests': False, 'cmake_args': None, 'cmake_clean_cache': False, 'cmake_clean_first': False, 'cmake_force_configure': False, 'cmake_target': None, 'cmake_target_skip_unavailable': False, 'install_base': '/home/wings/Backscatter_UGV_ws/install/backscatter_rover_data_recorder', 'merge_install': False, 'path': '/home/wings/Backscatter_UGV_ws/src/backscatter_rover_data_recorder', 'symlink_install': False, 'test_result_base': None}
[1.075s] Level 5:colcon.colcon_core.verb:set package 'rclpy_message_converter_msgs' build argument 'cmake_args' from command line to 'None'
[1.076s] Level 5:colcon.colcon_core.verb:set package 'rclpy_message_converter_msgs' build argument 'cmake_target' from command line to 'None'
[1.076s] Level 5:colcon.colcon_core.verb:set package 'rclpy_message_converter_msgs' build argument 'cmake_target_skip_unavailable' from command line to 'False'
[1.076s] Level 5:colcon.colcon_core.verb:set package 'rclpy_message_converter_msgs' build argument 'cmake_clean_cache' from command line to 'False'
[1.076s] Level 5:colcon.colcon_core.verb:set package 'rclpy_message_converter_msgs' build argument 'cmake_clean_first' from command line to 'False'
[1.076s] Level 5:colcon.colcon_core.verb:set package 'rclpy_message_converter_msgs' build argument 'cmake_force_configure' from command line to 'False'
[1.076s] Level 5:colcon.colcon_core.verb:set package 'rclpy_message_converter_msgs' build argument 'ament_cmake_args' from command line to 'None'
[1.076s] Level 5:colcon.colcon_core.verb:set package 'rclpy_message_converter_msgs' build argument 'catkin_cmake_args' from command line to 'None'
[1.076s] Level 5:colcon.colcon_core.verb:set package 'rclpy_message_converter_msgs' build argument 'catkin_skip_building_tests' from command line to 'False'
[1.076s] DEBUG:colcon.colcon_core.verb:Building package 'rclpy_message_converter_msgs' with the following arguments: {'ament_cmake_args': None, 'build_base': '/home/wings/Backscatter_UGV_ws/build/rclpy_message_converter_msgs', 'catkin_cmake_args': None, 'catkin_skip_building_tests': False, 'cmake_args': None, 'cmake_clean_cache': False, 'cmake_clean_first': False, 'cmake_force_configure': False, 'cmake_target': None, 'cmake_target_skip_unavailable': False, 'install_base': '/home/wings/Backscatter_UGV_ws/install/rclpy_message_converter_msgs', 'merge_install': False, 'path': '/home/wings/Backscatter_UGV_ws/src/rospy_message_converter/rclpy_message_converter_msgs', 'symlink_install': False, 'test_result_base': None}
[1.077s] Level 5:colcon.colcon_core.verb:set package 'rclpy_message_converter' build argument 'cmake_args' from command line to 'None'
[1.077s] Level 5:colcon.colcon_core.verb:set package 'rclpy_message_converter' build argument 'cmake_target' from command line to 'None'
[1.077s] Level 5:colcon.colcon_core.verb:set package 'rclpy_message_converter' build argument 'cmake_target_skip_unavailable' from command line to 'False'
[1.077s] Level 5:colcon.colcon_core.verb:set package 'rclpy_message_converter' build argument 'cmake_clean_cache' from command line to 'False'
[1.077s] Level 5:colcon.colcon_core.verb:set package 'rclpy_message_converter' build argument 'cmake_clean_first' from command line to 'False'
[1.077s] Level 5:colcon.colcon_core.verb:set package 'rclpy_message_converter' build argument 'cmake_force_configure' from command line to 'False'
[1.077s] Level 5:colcon.colcon_core.verb:set package 'rclpy_message_converter' build argument 'ament_cmake_args' from command line to 'None'
[1.077s] Level 5:colcon.colcon_core.verb:set package 'rclpy_message_converter' build argument 'catkin_cmake_args' from command line to 'None'
[1.077s] Level 5:colcon.colcon_core.verb:set package 'rclpy_message_converter' build argument 'catkin_skip_building_tests' from command line to 'False'
[1.077s] DEBUG:colcon.colcon_core.verb:Building package 'rclpy_message_converter' with the following arguments: {'ament_cmake_args': None, 'build_base': '/home/wings/Backscatter_UGV_ws/build/rclpy_message_converter', 'catkin_cmake_args': None, 'catkin_skip_building_tests': False, 'cmake_args': None, 'cmake_clean_cache': False, 'cmake_clean_first': False, 'cmake_force_configure': False, 'cmake_target': None, 'cmake_target_skip_unavailable': False, 'install_base': '/home/wings/Backscatter_UGV_ws/install/rclpy_message_converter', 'merge_install': False, 'path': '/home/wings/Backscatter_UGV_ws/src/rospy_message_converter/rclpy_message_converter', 'symlink_install': False, 'test_result_base': None}
[1.077s] INFO:colcon.colcon_core.executor:Executing jobs using 'parallel' executor
[1.080s] DEBUG:colcon.colcon_parallel_executor.executor.parallel:run_until_complete
[1.081s] INFO:colcon.colcon_ros.task.ament_cmake.build:Building ROS package in '/home/wings/Backscatter_UGV_ws/src/rospy_message_converter/rclpy_message_converter_msgs' with build type 'ament_cmake'
[1.081s] INFO:colcon.colcon_cmake.task.cmake.build:Building CMake package in '/home/wings/Backscatter_UGV_ws/src/rospy_message_converter/rclpy_message_converter_msgs'
[1.087s] INFO:colcon.colcon_core.plugin_system:Skipping extension 'colcon_core.shell.bat': Not used on non-Windows systems
[1.088s] INFO:colcon.colcon_core.shell:Skip shell extension 'powershell' for command environment: Not usable outside of PowerShell
[1.088s] DEBUG:colcon.colcon_core.shell:Skip shell extension 'dsv' for command environment
[1.099s] INFO:colcon.colcon_ros.task.ament_cmake.build:Building ROS package in '/home/wings/Backscatter_UGV_ws/src/backscatter_movement_record_msgs_srvs' with build type 'ament_cmake'
[1.100s] INFO:colcon.colcon_cmake.task.cmake.build:Building CMake package in '/home/wings/Backscatter_UGV_ws/src/backscatter_movement_record_msgs_srvs'
[1.101s] INFO:colcon.colcon_core.shell:Skip shell extension 'powershell' for command environment: Not usable outside of PowerShell
[1.101s] DEBUG:colcon.colcon_core.shell:Skip shell extension 'dsv' for command environment
[1.113s] INFO:colcon.colcon_ros.task.ament_python.build:Building ROS package in '/home/wings/Backscatter_UGV_ws/src/backscatter_rover_data_recorder' with build type 'ament_python'
[1.113s] Level 1:colcon.colcon_core.shell:create_environment_hook('backscatter_rover_data_recorder', 'ament_prefix_path')
[1.114s] INFO:colcon.colcon_core.shell:Creating environment hook '/home/wings/Backscatter_UGV_ws/install/backscatter_rover_data_recorder/share/backscatter_rover_data_recorder/hook/ament_prefix_path.ps1'
[1.116s] INFO:colcon.colcon_core.shell:Creating environment descriptor '/home/wings/Backscatter_UGV_ws/install/backscatter_rover_data_recorder/share/backscatter_rover_data_recorder/hook/ament_prefix_path.dsv'
[1.117s] INFO:colcon.colcon_core.shell:Creating environment hook '/home/wings/Backscatter_UGV_ws/install/backscatter_rover_data_recorder/share/backscatter_rover_data_recorder/hook/ament_prefix_path.sh'
[1.119s] INFO:colcon.colcon_core.shell:Skip shell extension 'powershell' for command environment: Not usable outside of PowerShell
[1.119s] DEBUG:colcon.colcon_core.shell:Skip shell extension 'dsv' for command environment
[1.138s] DEBUG:colcon.colcon_core.event_handler.log_command:Invoking command in '/home/wings/Backscatter_UGV_ws/build/rclpy_message_converter_msgs': CMAKE_PREFIX_PATH=${CMAKE_PREFIX_PATH}:/home/wings/Backscatter_UGV_ws/install/rclpy_message_converter:/home/wings/Backscatter_UGV_ws/install/backscatter_rover_data_recorder:/opt/ros/foxy /usr/bin/cmake --build /home/wings/Backscatter_UGV_ws/build/rclpy_message_converter_msgs -- -j6 -l6
[1.153s] DEBUG:colcon.colcon_core.event_handler.log_command:Invoking command in '/home/wings/Backscatter_UGV_ws/build/backscatter_movement_record_msgs_srvs': CMAKE_PREFIX_PATH=${CMAKE_PREFIX_PATH}:/home/wings/Backscatter_UGV_ws/install/rclpy_message_converter:/home/wings/Backscatter_UGV_ws/install/backscatter_rover_data_recorder:/opt/ros/foxy /usr/bin/cmake --build /home/wings/Backscatter_UGV_ws/build/backscatter_movement_record_msgs_srvs -- -j6 -l6
[1.663s] INFO:colcon.colcon_core.task.python.build:Building Python package in '/home/wings/Backscatter_UGV_ws/src/backscatter_rover_data_recorder'
[1.664s] INFO:colcon.colcon_core.shell:Skip shell extension 'powershell' for command environment: Not usable outside of PowerShell
[1.665s] DEBUG:colcon.colcon_core.shell:Skip shell extension 'dsv' for command environment
[1.720s] DEBUG:colcon.colcon_core.event_handler.log_command:Invoked command in '/home/wings/Backscatter_UGV_ws/build/rclpy_message_converter_msgs' returned '0': CMAKE_PREFIX_PATH=${CMAKE_PREFIX_PATH}:/home/wings/Backscatter_UGV_ws/install/rclpy_message_converter:/home/wings/Backscatter_UGV_ws/install/backscatter_rover_data_recorder:/opt/ros/foxy /usr/bin/cmake --build /home/wings/Backscatter_UGV_ws/build/rclpy_message_converter_msgs -- -j6 -l6
[1.749s] DEBUG:colcon.colcon_core.event_handler.log_command:Invoking command in '/home/wings/Backscatter_UGV_ws/build/rclpy_message_converter_msgs': CMAKE_PREFIX_PATH=${CMAKE_PREFIX_PATH}:/home/wings/Backscatter_UGV_ws/install/rclpy_message_converter:/home/wings/Backscatter_UGV_ws/install/backscatter_rover_data_recorder:/opt/ros/foxy /usr/bin/cmake --install /home/wings/Backscatter_UGV_ws/build/rclpy_message_converter_msgs
[1.755s] DEBUG:colcon.colcon_core.event_handler.log_command:Invoked command in '/home/wings/Backscatter_UGV_ws/build/backscatter_movement_record_msgs_srvs' returned '0': CMAKE_PREFIX_PATH=${CMAKE_PREFIX_PATH}:/home/wings/Backscatter_UGV_ws/install/rclpy_message_converter:/home/wings/Backscatter_UGV_ws/install/backscatter_rover_data_recorder:/opt/ros/foxy /usr/bin/cmake --build /home/wings/Backscatter_UGV_ws/build/backscatter_movement_record_msgs_srvs -- -j6 -l6
[1.760s] DEBUG:colcon.colcon_core.event_handler.log_command:Invoking command in '/home/wings/Backscatter_UGV_ws/build/backscatter_movement_record_msgs_srvs': CMAKE_PREFIX_PATH=${CMAKE_PREFIX_PATH}:/home/wings/Backscatter_UGV_ws/install/rclpy_message_converter:/home/wings/Backscatter_UGV_ws/install/backscatter_rover_data_recorder:/opt/ros/foxy /usr/bin/cmake --install /home/wings/Backscatter_UGV_ws/build/backscatter_movement_record_msgs_srvs
[1.889s] Level 1:colcon.colcon_core.environment:create_environment_scripts_only(rclpy_message_converter_msgs)
[1.900s] DEBUG:colcon.colcon_core.event_handler.log_command:Invoked command in '/home/wings/Backscatter_UGV_ws/build/rclpy_message_converter_msgs' returned '0': CMAKE_PREFIX_PATH=${CMAKE_PREFIX_PATH}:/home/wings/Backscatter_UGV_ws/install/rclpy_message_converter:/home/wings/Backscatter_UGV_ws/install/backscatter_rover_data_recorder:/opt/ros/foxy /usr/bin/cmake --install /home/wings/Backscatter_UGV_ws/build/rclpy_message_converter_msgs
[1.904s] Level 1:colcon.colcon_core.environment:checking '/home/wings/Backscatter_UGV_ws/install/rclpy_message_converter_msgs' for CMake module files
[1.906s] Level 1:colcon.colcon_core.environment:checking '/home/wings/Backscatter_UGV_ws/install/rclpy_message_converter_msgs' for CMake config files
[1.907s] Level 1:colcon.colcon_core.shell:create_environment_hook('rclpy_message_converter_msgs', 'cmake_prefix_path')
[1.908s] INFO:colcon.colcon_core.shell:Creating environment hook '/home/wings/Backscatter_UGV_ws/install/rclpy_message_converter_msgs/share/rclpy_message_converter_msgs/hook/cmake_prefix_path.ps1'
[1.909s] INFO:colcon.colcon_core.shell:Creating environment descriptor '/home/wings/Backscatter_UGV_ws/install/rclpy_message_converter_msgs/share/rclpy_message_converter_msgs/hook/cmake_prefix_path.dsv'
[1.910s] INFO:colcon.colcon_core.shell:Creating environment hook '/home/wings/Backscatter_UGV_ws/install/rclpy_message_converter_msgs/share/rclpy_message_converter_msgs/hook/cmake_prefix_path.sh'
[1.912s] Level 1:colcon.colcon_core.environment:checking '/home/wings/Backscatter_UGV_ws/install/rclpy_message_converter_msgs/lib'
[1.912s] Level 1:colcon.colcon_core.shell:create_environment_hook('rclpy_message_converter_msgs', 'ld_library_path_lib')
[1.912s] INFO:colcon.colcon_core.shell:Creating environment hook '/home/wings/Backscatter_UGV_ws/install/rclpy_message_converter_msgs/share/rclpy_message_converter_msgs/hook/ld_library_path_lib.ps1'
[1.913s] INFO:colcon.colcon_core.shell:Creating environment descriptor '/home/wings/Backscatter_UGV_ws/install/rclpy_message_converter_msgs/share/rclpy_message_converter_msgs/hook/ld_library_path_lib.dsv'
[1.914s] INFO:colcon.colcon_core.shell:Creating environment hook '/home/wings/Backscatter_UGV_ws/install/rclpy_message_converter_msgs/share/rclpy_message_converter_msgs/hook/ld_library_path_lib.sh'
[1.915s] Level 1:colcon.colcon_core.environment:checking '/home/wings/Backscatter_UGV_ws/install/rclpy_message_converter_msgs/bin'
[1.915s] Level 1:colcon.colcon_core.environment:checking '/home/wings/Backscatter_UGV_ws/install/rclpy_message_converter_msgs/lib/pkgconfig/rclpy_message_converter_msgs.pc'
[1.915s] Level 1:colcon.colcon_core.environment:checking '/home/wings/Backscatter_UGV_ws/install/rclpy_message_converter_msgs/lib/python3.8/site-packages'
[1.916s] Level 1:colcon.colcon_core.shell:create_environment_hook('rclpy_message_converter_msgs', 'pythonpath')
[1.916s] INFO:colcon.colcon_core.shell:Creating environment hook '/home/wings/Backscatter_UGV_ws/install/rclpy_message_converter_msgs/share/rclpy_message_converter_msgs/hook/pythonpath.ps1'
[1.917s] INFO:colcon.colcon_core.shell:Creating environment descriptor '/home/wings/Backscatter_UGV_ws/install/rclpy_message_converter_msgs/share/rclpy_message_converter_msgs/hook/pythonpath.dsv'
[1.918s] INFO:colcon.colcon_core.shell:Creating environment hook '/home/wings/Backscatter_UGV_ws/install/rclpy_message_converter_msgs/share/rclpy_message_converter_msgs/hook/pythonpath.sh'
[1.919s] Level 1:colcon.colcon_core.environment:checking '/home/wings/Backscatter_UGV_ws/install/rclpy_message_converter_msgs/bin'
[1.920s] INFO:colcon.colcon_core.shell:Creating package script '/home/wings/Backscatter_UGV_ws/install/rclpy_message_converter_msgs/share/rclpy_message_converter_msgs/package.ps1'
[1.922s] INFO:colcon.colcon_core.shell:Creating package descriptor '/home/wings/Backscatter_UGV_ws/install/rclpy_message_converter_msgs/share/rclpy_message_converter_msgs/package.dsv'
[1.923s] INFO:colcon.colcon_core.shell:Creating package script '/home/wings/Backscatter_UGV_ws/install/rclpy_message_converter_msgs/share/rclpy_message_converter_msgs/package.sh'
[1.925s] INFO:colcon.colcon_core.shell:Creating package script '/home/wings/Backscatter_UGV_ws/install/rclpy_message_converter_msgs/share/rclpy_message_converter_msgs/package.bash'
[1.927s] INFO:colcon.colcon_core.shell:Creating package script '/home/wings/Backscatter_UGV_ws/install/rclpy_message_converter_msgs/share/rclpy_message_converter_msgs/package.zsh'
[1.929s] Level 1:colcon.colcon_core.environment:create_file_with_runtime_dependencies(/home/wings/Backscatter_UGV_ws/install/rclpy_message_converter_msgs/share/colcon-core/packages/rclpy_message_converter_msgs)
[1.930s] Level 1:colcon.colcon_core.environment:create_environment_scripts_only(rclpy_message_converter_msgs)
[1.930s] Level 1:colcon.colcon_core.environment:checking '/home/wings/Backscatter_UGV_ws/install/rclpy_message_converter_msgs' for CMake module files
[1.931s] Level 1:colcon.colcon_core.environment:checking '/home/wings/Backscatter_UGV_ws/install/rclpy_message_converter_msgs' for CMake config files
[1.933s] Level 1:colcon.colcon_core.shell:create_environment_hook('rclpy_message_converter_msgs', 'cmake_prefix_path')
[1.933s] INFO:colcon.colcon_core.shell:Creating environment hook '/home/wings/Backscatter_UGV_ws/install/rclpy_message_converter_msgs/share/rclpy_message_converter_msgs/hook/cmake_prefix_path.ps1'
[1.934s] INFO:colcon.colcon_core.shell:Creating environment descriptor '/home/wings/Backscatter_UGV_ws/install/rclpy_message_converter_msgs/share/rclpy_message_converter_msgs/hook/cmake_prefix_path.dsv'
[1.935s] INFO:colcon.colcon_core.shell:Creating environment hook '/home/wings/Backscatter_UGV_ws/install/rclpy_message_converter_msgs/share/rclpy_message_converter_msgs/hook/cmake_prefix_path.sh'
[1.936s] Level 1:colcon.colcon_core.environment:checking '/home/wings/Backscatter_UGV_ws/install/rclpy_message_converter_msgs/lib'
[1.936s] Level 1:colcon.colcon_core.shell:create_environment_hook('rclpy_message_converter_msgs', 'ld_library_path_lib')
[1.937s] INFO:colcon.colcon_core.shell:Creating environment hook '/home/wings/Backscatter_UGV_ws/install/rclpy_message_converter_msgs/share/rclpy_message_converter_msgs/hook/ld_library_path_lib.ps1'
[1.937s] INFO:colcon.colcon_core.shell:Creating environment descriptor '/home/wings/Backscatter_UGV_ws/install/rclpy_message_converter_msgs/share/rclpy_message_converter_msgs/hook/ld_library_path_lib.dsv'
[1.938s] INFO:colcon.colcon_core.shell:Creating environment hook '/home/wings/Backscatter_UGV_ws/install/rclpy_message_converter_msgs/share/rclpy_message_converter_msgs/hook/ld_library_path_lib.sh'
[1.939s] Level 1:colcon.colcon_core.environment:checking '/home/wings/Backscatter_UGV_ws/install/rclpy_message_converter_msgs/bin'
[1.939s] Level 1:colcon.colcon_core.environment:checking '/home/wings/Backscatter_UGV_ws/install/rclpy_message_converter_msgs/lib/pkgconfig/rclpy_message_converter_msgs.pc'
[1.939s] Level 1:colcon.colcon_core.environment:checking '/home/wings/Backscatter_UGV_ws/install/rclpy_message_converter_msgs/lib/python3.8/site-packages'
[1.940s] Level 1:colcon.colcon_core.shell:create_environment_hook('rclpy_message_converter_msgs', 'pythonpath')
[1.940s] INFO:colcon.colcon_core.shell:Creating environment hook '/home/wings/Backscatter_UGV_ws/install/rclpy_message_converter_msgs/share/rclpy_message_converter_msgs/hook/pythonpath.ps1'
[1.941s] INFO:colcon.colcon_core.shell:Creating environment descriptor '/home/wings/Backscatter_UGV_ws/install/rclpy_message_converter_msgs/share/rclpy_message_converter_msgs/hook/pythonpath.dsv'
[1.941s] INFO:colcon.colcon_core.shell:Creating environment hook '/home/wings/Backscatter_UGV_ws/install/rclpy_message_converter_msgs/share/rclpy_message_converter_msgs/hook/pythonpath.sh'
[1.943s] Level 1:colcon.colcon_core.environment:checking '/home/wings/Backscatter_UGV_ws/install/rclpy_message_converter_msgs/bin'
[1.943s] INFO:colcon.colcon_core.shell:Creating package script '/home/wings/Backscatter_UGV_ws/install/rclpy_message_converter_msgs/share/rclpy_message_converter_msgs/package.ps1'
[1.946s] INFO:colcon.colcon_core.shell:Creating package descriptor '/home/wings/Backscatter_UGV_ws/install/rclpy_message_converter_msgs/share/rclpy_message_converter_msgs/package.dsv'
[1.947s] INFO:colcon.colcon_core.shell:Creating package script '/home/wings/Backscatter_UGV_ws/install/rclpy_message_converter_msgs/share/rclpy_message_converter_msgs/package.sh'
[1.948s] INFO:colcon.colcon_core.shell:Creating package script '/home/wings/Backscatter_UGV_ws/install/rclpy_message_converter_msgs/share/rclpy_message_converter_msgs/package.bash'
[1.949s] INFO:colcon.colcon_core.shell:Creating package script '/home/wings/Backscatter_UGV_ws/install/rclpy_message_converter_msgs/share/rclpy_message_converter_msgs/package.zsh'
[1.950s] Level 1:colcon.colcon_core.environment:create_file_with_runtime_dependencies(/home/wings/Backscatter_UGV_ws/install/rclpy_message_converter_msgs/share/colcon-core/packages/rclpy_message_converter_msgs)
[1.951s] INFO:colcon.colcon_ros.task.ament_python.build:Building ROS package in '/home/wings/Backscatter_UGV_ws/src/rospy_message_converter/rclpy_message_converter' with build type 'ament_python'
[1.952s] Level 1:colcon.colcon_core.shell:create_environment_hook('rclpy_message_converter', 'ament_prefix_path')
[1.952s] INFO:colcon.colcon_core.shell:Creating environment hook '/home/wings/Backscatter_UGV_ws/install/rclpy_message_converter/share/rclpy_message_converter/hook/ament_prefix_path.ps1'
[1.954s] INFO:colcon.colcon_core.shell:Creating environment descriptor '/home/wings/Backscatter_UGV_ws/install/rclpy_message_converter/share/rclpy_message_converter/hook/ament_prefix_path.dsv'
[1.955s] INFO:colcon.colcon_core.shell:Creating environment hook '/home/wings/Backscatter_UGV_ws/install/rclpy_message_converter/share/rclpy_message_converter/hook/ament_prefix_path.sh'
[1.956s] INFO:colcon.colcon_core.shell:Skip shell extension 'powershell' for command environment: Not usable outside of PowerShell
[1.956s] DEBUG:colcon.colcon_core.shell:Skip shell extension 'dsv' for command environment
[1.969s] Level 1:colcon.colcon_core.environment:create_environment_scripts_only(backscatter_movement_record_msgs_srvs)
[1.970s] Level 1:colcon.colcon_core.environment:checking '/home/wings/Backscatter_UGV_ws/install/backscatter_movement_record_msgs_srvs' for CMake module files
[1.971s] DEBUG:colcon.colcon_core.event_handler.log_command:Invoked command in '/home/wings/Backscatter_UGV_ws/build/backscatter_movement_record_msgs_srvs' returned '0': CMAKE_PREFIX_PATH=${CMAKE_PREFIX_PATH}:/home/wings/Backscatter_UGV_ws/install/rclpy_message_converter:/home/wings/Backscatter_UGV_ws/install/backscatter_rover_data_recorder:/opt/ros/foxy /usr/bin/cmake --install /home/wings/Backscatter_UGV_ws/build/backscatter_movement_record_msgs_srvs
[1.972s] Level 1:colcon.colcon_core.environment:checking '/home/wings/Backscatter_UGV_ws/install/backscatter_movement_record_msgs_srvs' for CMake config files
[1.974s] Level 1:colcon.colcon_core.shell:create_environment_hook('backscatter_movement_record_msgs_srvs', 'cmake_prefix_path')
[1.974s] INFO:colcon.colcon_core.shell:Creating environment hook '/home/wings/Backscatter_UGV_ws/install/backscatter_movement_record_msgs_srvs/share/backscatter_movement_record_msgs_srvs/hook/cmake_prefix_path.ps1'
[1.976s] INFO:colcon.colcon_core.shell:Creating environment descriptor '/home/wings/Backscatter_UGV_ws/install/backscatter_movement_record_msgs_srvs/share/backscatter_movement_record_msgs_srvs/hook/cmake_prefix_path.dsv'
[1.977s] INFO:colcon.colcon_core.shell:Creating environment hook '/home/wings/Backscatter_UGV_ws/install/backscatter_movement_record_msgs_srvs/share/backscatter_movement_record_msgs_srvs/hook/cmake_prefix_path.sh'
[1.978s] Level 1:colcon.colcon_core.environment:checking '/home/wings/Backscatter_UGV_ws/install/backscatter_movement_record_msgs_srvs/lib'
[1.978s] Level 1:colcon.colcon_core.shell:create_environment_hook('backscatter_movement_record_msgs_srvs', 'ld_library_path_lib')
[1.978s] INFO:colcon.colcon_core.shell:Creating environment hook '/home/wings/Backscatter_UGV_ws/install/backscatter_movement_record_msgs_srvs/share/backscatter_movement_record_msgs_srvs/hook/ld_library_path_lib.ps1'
[1.979s] INFO:colcon.colcon_core.shell:Creating environment descriptor '/home/wings/Backscatter_UGV_ws/install/backscatter_movement_record_msgs_srvs/share/backscatter_movement_record_msgs_srvs/hook/ld_library_path_lib.dsv'
[1.980s] INFO:colcon.colcon_core.shell:Creating environment hook '/home/wings/Backscatter_UGV_ws/install/backscatter_movement_record_msgs_srvs/share/backscatter_movement_record_msgs_srvs/hook/ld_library_path_lib.sh'
[1.981s] Level 1:colcon.colcon_core.environment:checking '/home/wings/Backscatter_UGV_ws/install/backscatter_movement_record_msgs_srvs/bin'
[1.981s] Level 1:colcon.colcon_core.environment:checking '/home/wings/Backscatter_UGV_ws/install/backscatter_movement_record_msgs_srvs/lib/pkgconfig/backscatter_movement_record_msgs_srvs.pc'
[1.982s] Level 1:colcon.colcon_core.environment:checking '/home/wings/Backscatter_UGV_ws/install/backscatter_movement_record_msgs_srvs/lib/python3.8/site-packages'
[1.982s] Level 1:colcon.colcon_core.shell:create_environment_hook('backscatter_movement_record_msgs_srvs', 'pythonpath')
[1.982s] INFO:colcon.colcon_core.shell:Creating environment hook '/home/wings/Backscatter_UGV_ws/install/backscatter_movement_record_msgs_srvs/share/backscatter_movement_record_msgs_srvs/hook/pythonpath.ps1'
[1.983s] INFO:colcon.colcon_core.shell:Creating environment descriptor '/home/wings/Backscatter_UGV_ws/install/backscatter_movement_record_msgs_srvs/share/backscatter_movement_record_msgs_srvs/hook/pythonpath.dsv'
[1.984s] INFO:colcon.colcon_core.shell:Creating environment hook '/home/wings/Backscatter_UGV_ws/install/backscatter_movement_record_msgs_srvs/share/backscatter_movement_record_msgs_srvs/hook/pythonpath.sh'
[1.985s] Level 1:colcon.colcon_core.environment:checking '/home/wings/Backscatter_UGV_ws/install/backscatter_movement_record_msgs_srvs/bin'
[1.986s] INFO:colcon.colcon_core.shell:Creating package script '/home/wings/Backscatter_UGV_ws/install/backscatter_movement_record_msgs_srvs/share/backscatter_movement_record_msgs_srvs/package.ps1'
[1.987s] INFO:colcon.colcon_core.shell:Creating package descriptor '/home/wings/Backscatter_UGV_ws/install/backscatter_movement_record_msgs_srvs/share/backscatter_movement_record_msgs_srvs/package.dsv'
[1.988s] INFO:colcon.colcon_core.shell:Creating package script '/home/wings/Backscatter_UGV_ws/install/backscatter_movement_record_msgs_srvs/share/backscatter_movement_record_msgs_srvs/package.sh'
[1.989s] INFO:colcon.colcon_core.shell:Creating package script '/home/wings/Backscatter_UGV_ws/install/backscatter_movement_record_msgs_srvs/share/backscatter_movement_record_msgs_srvs/package.bash'
[1.990s] INFO:colcon.colcon_core.shell:Creating package script '/home/wings/Backscatter_UGV_ws/install/backscatter_movement_record_msgs_srvs/share/backscatter_movement_record_msgs_srvs/package.zsh'
[1.990s] Level 1:colcon.colcon_core.environment:create_file_with_runtime_dependencies(/home/wings/Backscatter_UGV_ws/install/backscatter_movement_record_msgs_srvs/share/colcon-core/packages/backscatter_movement_record_msgs_srvs)
[1.992s] Level 1:colcon.colcon_core.environment:create_environment_scripts_only(backscatter_movement_record_msgs_srvs)
[1.992s] Level 1:colcon.colcon_core.environment:checking '/home/wings/Backscatter_UGV_ws/install/backscatter_movement_record_msgs_srvs' for CMake module files
[1.993s] Level 1:colcon.colcon_core.environment:checking '/home/wings/Backscatter_UGV_ws/install/backscatter_movement_record_msgs_srvs' for CMake config files
[1.994s] Level 1:colcon.colcon_core.shell:create_environment_hook('backscatter_movement_record_msgs_srvs', 'cmake_prefix_path')
[1.995s] INFO:colcon.colcon_core.shell:Creating environment hook '/home/wings/Backscatter_UGV_ws/install/backscatter_movement_record_msgs_srvs/share/backscatter_movement_record_msgs_srvs/hook/cmake_prefix_path.ps1'
[1.996s] INFO:colcon.colcon_core.shell:Creating environment descriptor '/home/wings/Backscatter_UGV_ws/install/backscatter_movement_record_msgs_srvs/share/backscatter_movement_record_msgs_srvs/hook/cmake_prefix_path.dsv'
[1.996s] INFO:colcon.colcon_core.shell:Creating environment hook '/home/wings/Backscatter_UGV_ws/install/backscatter_movement_record_msgs_srvs/share/backscatter_movement_record_msgs_srvs/hook/cmake_prefix_path.sh'
[1.998s] Level 1:colcon.colcon_core.environment:checking '/home/wings/Backscatter_UGV_ws/install/backscatter_movement_record_msgs_srvs/lib'
[1.998s] Level 1:colcon.colcon_core.shell:create_environment_hook('backscatter_movement_record_msgs_srvs', 'ld_library_path_lib')
[1.998s] INFO:colcon.colcon_core.shell:Creating environment hook '/home/wings/Backscatter_UGV_ws/install/backscatter_movement_record_msgs_srvs/share/backscatter_movement_record_msgs_srvs/hook/ld_library_path_lib.ps1'
[1.999s] INFO:colcon.colcon_core.shell:Creating environment descriptor '/home/wings/Backscatter_UGV_ws/install/backscatter_movement_record_msgs_srvs/share/backscatter_movement_record_msgs_srvs/hook/ld_library_path_lib.dsv'
[2.000s] INFO:colcon.colcon_core.shell:Creating environment hook '/home/wings/Backscatter_UGV_ws/install/backscatter_movement_record_msgs_srvs/share/backscatter_movement_record_msgs_srvs/hook/ld_library_path_lib.sh'
[2.001s] Level 1:colcon.colcon_core.environment:checking '/home/wings/Backscatter_UGV_ws/install/backscatter_movement_record_msgs_srvs/bin'
[2.001s] Level 1:colcon.colcon_core.environment:checking '/home/wings/Backscatter_UGV_ws/install/backscatter_movement_record_msgs_srvs/lib/pkgconfig/backscatter_movement_record_msgs_srvs.pc'
[2.001s] Level 1:colcon.colcon_core.environment:checking '/home/wings/Backscatter_UGV_ws/install/backscatter_movement_record_msgs_srvs/lib/python3.8/site-packages'
[2.001s] Level 1:colcon.colcon_core.shell:create_environment_hook('backscatter_movement_record_msgs_srvs', 'pythonpath')
[2.002s] INFO:colcon.colcon_core.shell:Creating environment hook '/home/wings/Backscatter_UGV_ws/install/backscatter_movement_record_msgs_srvs/share/backscatter_movement_record_msgs_srvs/hook/pythonpath.ps1'
[2.002s] INFO:colcon.colcon_core.shell:Creating environment descriptor '/home/wings/Backscatter_UGV_ws/install/backscatter_movement_record_msgs_srvs/share/backscatter_movement_record_msgs_srvs/hook/pythonpath.dsv'
[2.003s] INFO:colcon.colcon_core.shell:Creating environment hook '/home/wings/Backscatter_UGV_ws/install/backscatter_movement_record_msgs_srvs/share/backscatter_movement_record_msgs_srvs/hook/pythonpath.sh'
[2.004s] Level 1:colcon.colcon_core.environment:checking '/home/wings/Backscatter_UGV_ws/install/backscatter_movement_record_msgs_srvs/bin'
[2.005s] INFO:colcon.colcon_core.shell:Creating package script '/home/wings/Backscatter_UGV_ws/install/backscatter_movement_record_msgs_srvs/share/backscatter_movement_record_msgs_srvs/package.ps1'
[2.007s] INFO:colcon.colcon_core.shell:Creating package descriptor '/home/wings/Backscatter_UGV_ws/install/backscatter_movement_record_msgs_srvs/share/backscatter_movement_record_msgs_srvs/package.dsv'
[2.008s] INFO:colcon.colcon_core.shell:Creating package script '/home/wings/Backscatter_UGV_ws/install/backscatter_movement_record_msgs_srvs/share/backscatter_movement_record_msgs_srvs/package.sh'
[2.009s] INFO:colcon.colcon_core.shell:Creating package script '/home/wings/Backscatter_UGV_ws/install/backscatter_movement_record_msgs_srvs/share/backscatter_movement_record_msgs_srvs/package.bash'
[2.010s] INFO:colcon.colcon_core.shell:Creating package script '/home/wings/Backscatter_UGV_ws/install/backscatter_movement_record_msgs_srvs/share/backscatter_movement_record_msgs_srvs/package.zsh'
[2.011s] Level 1:colcon.colcon_core.environment:create_file_with_runtime_dependencies(/home/wings/Backscatter_UGV_ws/install/backscatter_movement_record_msgs_srvs/share/colcon-core/packages/backscatter_movement_record_msgs_srvs)
[2.472s] INFO:colcon.colcon_core.task.python.build:Building Python package in '/home/wings/Backscatter_UGV_ws/src/rospy_message_converter/rclpy_message_converter'
[2.473s] INFO:colcon.colcon_core.shell:Skip shell extension 'powershell' for command environment: Not usable outside of PowerShell
[2.473s] DEBUG:colcon.colcon_core.shell:Skip shell extension 'dsv' for command environment
[2.552s] DEBUG:colcon.colcon_core.event_handler.log_command:Invoking command in '/home/wings/Backscatter_UGV_ws/src/backscatter_rover_data_recorder': PYTHONPATH=/home/wings/Backscatter_UGV_ws/build/backscatter_rover_data_recorder/prefix_override:/usr/lib/python3/dist-packages/colcon_core/task/python/colcon_distutils_commands:/home/wings/Backscatter_UGV_ws/install/backscatter_rover_data_recorder/lib/python3.8/site-packages:${PYTHONPATH} /usr/bin/python3 -W ignore:setup.py install is deprecated -W ignore:easy_install command is deprecated setup.py egg_info --egg-base ../../build/backscatter_rover_data_recorder build --build-base /home/wings/Backscatter_UGV_ws/build/backscatter_rover_data_recorder/build install --record /home/wings/Backscatter_UGV_ws/build/backscatter_rover_data_recorder/install.log --install-scripts $base/lib/backscatter_rover_data_recorder --single-version-externally-managed install_data
[3.159s] Level 1:colcon.colcon_core.environment:checking '/home/wings/Backscatter_UGV_ws/install/backscatter_rover_data_recorder' for CMake module files
[3.161s] DEBUG:colcon.colcon_core.event_handler.log_command:Invoked command in '/home/wings/Backscatter_UGV_ws/src/backscatter_rover_data_recorder' returned '0': PYTHONPATH=/home/wings/Backscatter_UGV_ws/build/backscatter_rover_data_recorder/prefix_override:/usr/lib/python3/dist-packages/colcon_core/task/python/colcon_distutils_commands:/home/wings/Backscatter_UGV_ws/install/backscatter_rover_data_recorder/lib/python3.8/site-packages:${PYTHONPATH} /usr/bin/python3 -W ignore:setup.py install is deprecated -W ignore:easy_install command is deprecated setup.py egg_info --egg-base ../../build/backscatter_rover_data_recorder build --build-base /home/wings/Backscatter_UGV_ws/build/backscatter_rover_data_recorder/build install --record /home/wings/Backscatter_UGV_ws/build/backscatter_rover_data_recorder/install.log --install-scripts $base/lib/backscatter_rover_data_recorder --single-version-externally-managed install_data
[3.162s] Level 1:colcon.colcon_core.environment:checking '/home/wings/Backscatter_UGV_ws/install/backscatter_rover_data_recorder' for CMake config files
[3.163s] Level 1:colcon.colcon_core.environment:checking '/home/wings/Backscatter_UGV_ws/install/backscatter_rover_data_recorder/lib'
[3.163s] Level 1:colcon.colcon_core.environment:checking '/home/wings/Backscatter_UGV_ws/install/backscatter_rover_data_recorder/bin'
[3.163s] Level 1:colcon.colcon_core.environment:checking '/home/wings/Backscatter_UGV_ws/install/backscatter_rover_data_recorder/lib/pkgconfig/backscatter_rover_data_recorder.pc'
[3.164s] Level 1:colcon.colcon_core.environment:checking '/home/wings/Backscatter_UGV_ws/install/backscatter_rover_data_recorder/lib/python3.8/site-packages'
[3.164s] Level 1:colcon.colcon_core.shell:create_environment_hook('backscatter_rover_data_recorder', 'pythonpath')
[3.165s] INFO:colcon.colcon_core.shell:Creating environment hook '/home/wings/Backscatter_UGV_ws/install/backscatter_rover_data_recorder/share/backscatter_rover_data_recorder/hook/pythonpath.ps1'
[3.166s] INFO:colcon.colcon_core.shell:Creating environment descriptor '/home/wings/Backscatter_UGV_ws/install/backscatter_rover_data_recorder/share/backscatter_rover_data_recorder/hook/pythonpath.dsv'
[3.167s] INFO:colcon.colcon_core.shell:Creating environment hook '/home/wings/Backscatter_UGV_ws/install/backscatter_rover_data_recorder/share/backscatter_rover_data_recorder/hook/pythonpath.sh'
[3.168s] Level 1:colcon.colcon_core.environment:checking '/home/wings/Backscatter_UGV_ws/install/backscatter_rover_data_recorder/bin'
[3.168s] Level 1:colcon.colcon_core.environment:create_environment_scripts_only(backscatter_rover_data_recorder)
[3.169s] INFO:colcon.colcon_core.shell:Creating package script '/home/wings/Backscatter_UGV_ws/install/backscatter_rover_data_recorder/share/backscatter_rover_data_recorder/package.ps1'
[3.170s] INFO:colcon.colcon_core.shell:Creating package descriptor '/home/wings/Backscatter_UGV_ws/install/backscatter_rover_data_recorder/share/backscatter_rover_data_recorder/package.dsv'
[3.171s] INFO:colcon.colcon_core.shell:Creating package script '/home/wings/Backscatter_UGV_ws/install/backscatter_rover_data_recorder/share/backscatter_rover_data_recorder/package.sh'
[3.172s] INFO:colcon.colcon_core.shell:Creating package script '/home/wings/Backscatter_UGV_ws/install/backscatter_rover_data_recorder/share/backscatter_rover_data_recorder/package.bash'
[3.173s] INFO:colcon.colcon_core.shell:Creating package script '/home/wings/Backscatter_UGV_ws/install/backscatter_rover_data_recorder/share/backscatter_rover_data_recorder/package.zsh'
[3.174s] Level 1:colcon.colcon_core.environment:create_file_with_runtime_dependencies(/home/wings/Backscatter_UGV_ws/install/backscatter_rover_data_recorder/share/colcon-core/packages/backscatter_rover_data_recorder)
[3.289s] DEBUG:colcon.colcon_core.event_handler.log_command:Invoking command in '/home/wings/Backscatter_UGV_ws/src/rospy_message_converter/rclpy_message_converter': CMAKE_PREFIX_PATH=/home/wings/Backscatter_UGV_ws/install/rclpy_message_converter_msgs:/home/wings/Backscatter_UGV_ws/install/slam_msgs:/home/wings/Backscatter_UGV_ws/install/backscatter_movement_record_msgs_srvs LD_LIBRARY_PATH=/home/wings/Backscatter_UGV_ws/install/rclpy_message_converter_msgs/lib:/home/wings/Backscatter_UGV_ws/install/slam_msgs/lib:/home/wings/Backscatter_UGV_ws/install/backscatter_movement_record_msgs_srvs/lib:/opt/ros/foxy/opt/yaml_cpp_vendor/lib:/opt/ros/foxy/opt/rviz_ogre_vendor/lib:/opt/ros/foxy/lib/aarch64-linux-gnu:/opt/ros/foxy/lib PYTHONPATH=/home/wings/Backscatter_UGV_ws/build/rclpy_message_converter/prefix_override:/usr/lib/python3/dist-packages/colcon_core/task/python/colcon_distutils_commands:/home/wings/Backscatter_UGV_ws/install/rclpy_message_converter/lib/python3.8/site-packages:/home/wings/Backscatter_UGV_ws/install/rclpy_message_converter_msgs/lib/python3.8/site-packages:/home/wings/Backscatter_UGV_ws/install/slam_msgs/lib/python3.8/site-packages:/home/wings/Backscatter_UGV_ws/install/rclpy_message_converter/lib/python3.8/site-packages:/home/wings/Backscatter_UGV_ws/install/backscatter_rover_data_recorder/lib/python3.8/site-packages:/home/wings/Backscatter_UGV_ws/install/backscatter_movement_record_msgs_srvs/lib/python3.8/site-packages:/opt/ros/foxy/lib/python3.8/site-packages /usr/bin/python3 -W ignore:setup.py install is deprecated -W ignore:easy_install command is deprecated setup.py egg_info --egg-base ../../../build/rclpy_message_converter build --build-base /home/wings/Backscatter_UGV_ws/build/rclpy_message_converter/build install --record /home/wings/Backscatter_UGV_ws/build/rclpy_message_converter/install.log --single-version-externally-managed install_data
[3.881s] Level 1:colcon.colcon_core.environment:checking '/home/wings/Backscatter_UGV_ws/install/rclpy_message_converter' for CMake module files
[3.883s] DEBUG:colcon.colcon_core.event_handler.log_command:Invoked command in '/home/wings/Backscatter_UGV_ws/src/rospy_message_converter/rclpy_message_converter' returned '0': CMAKE_PREFIX_PATH=/home/wings/Backscatter_UGV_ws/install/rclpy_message_converter_msgs:/home/wings/Backscatter_UGV_ws/install/slam_msgs:/home/wings/Backscatter_UGV_ws/install/backscatter_movement_record_msgs_srvs LD_LIBRARY_PATH=/home/wings/Backscatter_UGV_ws/install/rclpy_message_converter_msgs/lib:/home/wings/Backscatter_UGV_ws/install/slam_msgs/lib:/home/wings/Backscatter_UGV_ws/install/backscatter_movement_record_msgs_srvs/lib:/opt/ros/foxy/opt/yaml_cpp_vendor/lib:/opt/ros/foxy/opt/rviz_ogre_vendor/lib:/opt/ros/foxy/lib/aarch64-linux-gnu:/opt/ros/foxy/lib PYTHONPATH=/home/wings/Backscatter_UGV_ws/build/rclpy_message_converter/prefix_override:/usr/lib/python3/dist-packages/colcon_core/task/python/colcon_distutils_commands:/home/wings/Backscatter_UGV_ws/install/rclpy_message_converter/lib/python3.8/site-packages:/home/wings/Backscatter_UGV_ws/install/rclpy_message_converter_msgs/lib/python3.8/site-packages:/home/wings/Backscatter_UGV_ws/install/slam_msgs/lib/python3.8/site-packages:/home/wings/Backscatter_UGV_ws/install/rclpy_message_converter/lib/python3.8/site-packages:/home/wings/Backscatter_UGV_ws/install/backscatter_rover_data_recorder/lib/python3.8/site-packages:/home/wings/Backscatter_UGV_ws/install/backscatter_movement_record_msgs_srvs/lib/python3.8/site-packages:/opt/ros/foxy/lib/python3.8/site-packages /usr/bin/python3 -W ignore:setup.py install is deprecated -W ignore:easy_install command is deprecated setup.py egg_info --egg-base ../../../build/rclpy_message_converter build --build-base /home/wings/Backscatter_UGV_ws/build/rclpy_message_converter/build install --record /home/wings/Backscatter_UGV_ws/build/rclpy_message_converter/install.log --single-version-externally-managed install_data
[3.884s] Level 1:colcon.colcon_core.environment:checking '/home/wings/Backscatter_UGV_ws/install/rclpy_message_converter' for CMake config files
[3.886s] Level 1:colcon.colcon_core.environment:checking '/home/wings/Backscatter_UGV_ws/install/rclpy_message_converter/lib'
[3.886s] Level 1:colcon.colcon_core.environment:checking '/home/wings/Backscatter_UGV_ws/install/rclpy_message_converter/bin'
[3.886s] Level 1:colcon.colcon_core.environment:checking '/home/wings/Backscatter_UGV_ws/install/rclpy_message_converter/lib/pkgconfig/rclpy_message_converter.pc'
[3.887s] Level 1:colcon.colcon_core.environment:checking '/home/wings/Backscatter_UGV_ws/install/rclpy_message_converter/lib/python3.8/site-packages'
[3.888s] Level 1:colcon.colcon_core.shell:create_environment_hook('rclpy_message_converter', 'pythonpath')
[3.888s] INFO:colcon.colcon_core.shell:Creating environment hook '/home/wings/Backscatter_UGV_ws/install/rclpy_message_converter/share/rclpy_message_converter/hook/pythonpath.ps1'
[3.890s] INFO:colcon.colcon_core.shell:Creating environment descriptor '/home/wings/Backscatter_UGV_ws/install/rclpy_message_converter/share/rclpy_message_converter/hook/pythonpath.dsv'
[3.892s] INFO:colcon.colcon_core.shell:Creating environment hook '/home/wings/Backscatter_UGV_ws/install/rclpy_message_converter/share/rclpy_message_converter/hook/pythonpath.sh'
[3.895s] Level 1:colcon.colcon_core.environment:checking '/home/wings/Backscatter_UGV_ws/install/rclpy_message_converter/bin'
[3.895s] Level 1:colcon.colcon_core.environment:create_environment_scripts_only(rclpy_message_converter)
[3.896s] INFO:colcon.colcon_core.shell:Creating package script '/home/wings/Backscatter_UGV_ws/install/rclpy_message_converter/share/rclpy_message_converter/package.ps1'
[3.898s] INFO:colcon.colcon_core.shell:Creating package descriptor '/home/wings/Backscatter_UGV_ws/install/rclpy_message_converter/share/rclpy_message_converter/package.dsv'
[3.900s] INFO:colcon.colcon_core.shell:Creating package script '/home/wings/Backscatter_UGV_ws/install/rclpy_message_converter/share/rclpy_message_converter/package.sh'
[3.901s] INFO:colcon.colcon_core.shell:Creating package script '/home/wings/Backscatter_UGV_ws/install/rclpy_message_converter/share/rclpy_message_converter/package.bash'
[3.903s] INFO:colcon.colcon_core.shell:Creating package script '/home/wings/Backscatter_UGV_ws/install/rclpy_message_converter/share/rclpy_message_converter/package.zsh'
[3.904s] Level 1:colcon.colcon_core.environment:create_file_with_runtime_dependencies(/home/wings/Backscatter_UGV_ws/install/rclpy_message_converter/share/colcon-core/packages/rclpy_message_converter)
[3.905s] DEBUG:colcon.colcon_parallel_executor.executor.parallel:closing loop
[3.906s] DEBUG:colcon.colcon_parallel_executor.executor.parallel:loop closed
[3.907s] DEBUG:colcon.colcon_parallel_executor.executor.parallel:run_until_complete finished with '0'
[3.907s] DEBUG:colcon.colcon_core.event_reactor:joining thread
[3.928s] INFO:colcon.colcon_core.plugin_system:Skipping extension 'colcon_notification.desktop_notification.terminal_notifier': Not used on non-Darwin systems
[3.928s] INFO:colcon.colcon_core.plugin_system:Skipping extension 'colcon_notification.desktop_notification.win32': Not used on non-Windows systems
[3.928s] INFO:colcon.colcon_notification.desktop_notification:Sending desktop notification using 'notify2'
[3.955s] DEBUG:colcon.colcon_notification.desktop_notification.notify2:Failed to initialize notify2: org.freedesktop.DBus.Error.Spawn.ChildExited: Process org.freedesktop.Notifications exited with status 1
[3.955s] DEBUG:colcon.colcon_core.event_reactor:joined thread
[3.956s] INFO:colcon.colcon_core.shell:Creating prefix script '/home/wings/Backscatter_UGV_ws/install/local_setup.ps1'
[3.959s] INFO:colcon.colcon_core.shell:Creating prefix util module '/home/wings/Backscatter_UGV_ws/install/_local_setup_util_ps1.py'
[3.964s] INFO:colcon.colcon_core.shell:Creating prefix chain script '/home/wings/Backscatter_UGV_ws/install/setup.ps1'
[3.969s] INFO:colcon.colcon_core.shell:Creating prefix script '/home/wings/Backscatter_UGV_ws/install/local_setup.sh'
[3.971s] INFO:colcon.colcon_core.shell:Creating prefix util module '/home/wings/Backscatter_UGV_ws/install/_local_setup_util_sh.py'
[3.973s] INFO:colcon.colcon_core.shell:Creating prefix chain script '/home/wings/Backscatter_UGV_ws/install/setup.sh'
[3.977s] INFO:colcon.colcon_core.shell:Creating prefix script '/home/wings/Backscatter_UGV_ws/install/local_setup.bash'
[3.979s] INFO:colcon.colcon_core.shell:Creating prefix chain script '/home/wings/Backscatter_UGV_ws/install/setup.bash'
[3.983s] INFO:colcon.colcon_core.shell:Creating prefix script '/home/wings/Backscatter_UGV_ws/install/local_setup.zsh'
[3.984s] INFO:colcon.colcon_core.shell:Creating prefix chain script '/home/wings/Backscatter_UGV_ws/install/setup.zsh'
