[0.418s] DEBUG:colcon:Command line arguments: ['/usr/bin/colcon', 'build']
[0.418s] DEBUG:colcon:Parsed command line arguments: Namespace(allow_overriding=[], ament_cmake_args=None, base_paths=['.'], build_base='build', catkin_cmake_args=None, catkin_skip_building_tests=False, cmake_args=None, cmake_clean_cache=False, cmake_clean_first=False, cmake_force_configure=False, cmake_target=None, cmake_target_skip_unavailable=False, continue_on_error=False, event_handlers=None, executor='parallel', ignore_user_meta=False, install_base='install', log_base=None, log_level=None, main=<bound method BuildVerb.main of <colcon_core.verb.build.BuildVerb object at 0xffff8731d9a0>>, merge_install=False, metas=['./colcon.meta'], mixin=None, mixin_files=None, mixin_verb=('build',), packages_above=None, packages_above_and_dependencies=None, packages_above_depth=None, packages_end=None, packages_ignore=None, packages_ignore_regex=None, packages_select=None, packages_select_build_failed=False, packages_select_by_dep=None, packages_select_regex=None, packages_select_test_failures=False, packages_skip=None, packages_skip_build_finished=False, packages_skip_by_dep=None, packages_skip_regex=None, packages_skip_test_passed=False, packages_skip_up_to=None, packages_start=None, packages_up_to=None, packages_up_to_regex=None, parallel_workers=6, paths=None, symlink_install=False, test_result_base=None, verb_extension=<colcon_core.verb.build.BuildVerb object at 0xffff8731d9a0>, verb_name='build', verb_parser=<colcon_mixin.mixin.mixin_argument.MixinArgumentDecorator object at 0xffff872674c0>)
[0.737s] Level 1:colcon.colcon_core.package_discovery:discover_packages(colcon_meta) check parameters
[0.737s] Level 1:colcon.colcon_core.package_discovery:discover_packages(recursive) check parameters
[0.737s] Level 1:colcon.colcon_core.package_discovery:discover_packages(ignore) check parameters
[0.738s] Level 1:colcon.colcon_core.package_discovery:discover_packages(path) check parameters
[0.738s] Level 1:colcon.colcon_core.package_discovery:discover_packages(colcon_meta) discover
[0.738s] Level 1:colcon.colcon_core.package_discovery:discover_packages(recursive) discover
[0.738s] INFO:colcon.colcon_core.package_discovery:Crawling recursively for packages in '/home/wings/Backscatter_UGV_ws'
[0.738s] Level 1:colcon.colcon_core.package_identification:_identify(.) by extensions ['ignore', 'ignore_ament_install']
[0.738s] Level 1:colcon.colcon_core.package_identification:_identify(.) by extension 'ignore'
[0.738s] Level 1:colcon.colcon_core.package_identification:_identify(.) by extension 'ignore_ament_install'
[0.739s] Level 1:colcon.colcon_core.package_identification:_identify(.) by extensions ['colcon_pkg']
[0.739s] Level 1:colcon.colcon_core.package_identification:_identify(.) by extension 'colcon_pkg'
[0.739s] Level 1:colcon.colcon_core.package_identification:_identify(.) by extensions ['colcon_meta']
[0.739s] Level 1:colcon.colcon_core.package_identification:_identify(.) by extension 'colcon_meta'
[0.739s] Level 1:colcon.colcon_core.package_identification:_identify(.) by extensions ['ros']
[0.739s] Level 1:colcon.colcon_core.package_identification:_identify(.) by extension 'ros'
[0.761s] Level 1:colcon.colcon_core.package_identification:_identify(.) by extensions ['cmake', 'python']
[0.761s] Level 1:colcon.colcon_core.package_identification:_identify(.) by extension 'cmake'
[0.761s] Level 1:colcon.colcon_core.package_identification:_identify(.) by extension 'python'
[0.761s] Level 1:colcon.colcon_core.package_identification:_identify(.) by extensions ['python_setup_py']
[0.761s] Level 1:colcon.colcon_core.package_identification:_identify(.) by extension 'python_setup_py'
[0.762s] Level 1:colcon.colcon_core.package_identification:_identify(build) by extensions ['ignore', 'ignore_ament_install']
[0.762s] Level 1:colcon.colcon_core.package_identification:_identify(build) by extension 'ignore'
[0.762s] Level 1:colcon.colcon_core.package_identification:_identify(build) ignored
[0.762s] Level 1:colcon.colcon_core.package_identification:_identify(install) by extensions ['ignore', 'ignore_ament_install']
[0.762s] Level 1:colcon.colcon_core.package_identification:_identify(install) by extension 'ignore'
[0.763s] Level 1:colcon.colcon_core.package_identification:_identify(install) ignored
[0.763s] Level 1:colcon.colcon_core.package_identification:_identify(log) by extensions ['ignore', 'ignore_ament_install']
[0.763s] Level 1:colcon.colcon_core.package_identification:_identify(log) by extension 'ignore'
[0.763s] Level 1:colcon.colcon_core.package_identification:_identify(log) ignored
[0.763s] Level 1:colcon.colcon_core.package_identification:_identify(src) by extensions ['ignore', 'ignore_ament_install']
[0.763s] Level 1:colcon.colcon_core.package_identification:_identify(src) by extension 'ignore'
[0.764s] Level 1:colcon.colcon_core.package_identification:_identify(src) by extension 'ignore_ament_install'
[0.764s] Level 1:colcon.colcon_core.package_identification:_identify(src) by extensions ['colcon_pkg']
[0.764s] Level 1:colcon.colcon_core.package_identification:_identify(src) by extension 'colcon_pkg'
[0.764s] Level 1:colcon.colcon_core.package_identification:_identify(src) by extensions ['colcon_meta']
[0.764s] Level 1:colcon.colcon_core.package_identification:_identify(src) by extension 'colcon_meta'
[0.764s] Level 1:colcon.colcon_core.package_identification:_identify(src) by extensions ['ros']
[0.764s] Level 1:colcon.colcon_core.package_identification:_identify(src) by extension 'ros'
[0.764s] Level 1:colcon.colcon_core.package_identification:_identify(src) by extensions ['cmake', 'python']
[0.764s] Level 1:colcon.colcon_core.package_identification:_identify(src) by extension 'cmake'
[0.764s] Level 1:colcon.colcon_core.package_identification:_identify(src) by extension 'python'
[0.764s] Level 1:colcon.colcon_core.package_identification:_identify(src) by extensions ['python_setup_py']
[0.765s] Level 1:colcon.colcon_core.package_identification:_identify(src) by extension 'python_setup_py'
[0.765s] Level 1:colcon.colcon_core.package_identification:_identify(src/backscatter_movement_record_msgs_srvs) by extensions ['ignore', 'ignore_ament_install']
[0.765s] Level 1:colcon.colcon_core.package_identification:_identify(src/backscatter_movement_record_msgs_srvs) by extension 'ignore'
[0.765s] Level 1:colcon.colcon_core.package_identification:_identify(src/backscatter_movement_record_msgs_srvs) by extension 'ignore_ament_install'
[0.765s] Level 1:colcon.colcon_core.package_identification:_identify(src/backscatter_movement_record_msgs_srvs) by extensions ['colcon_pkg']
[0.765s] Level 1:colcon.colcon_core.package_identification:_identify(src/backscatter_movement_record_msgs_srvs) by extension 'colcon_pkg'
[0.765s] Level 1:colcon.colcon_core.package_identification:_identify(src/backscatter_movement_record_msgs_srvs) by extensions ['colcon_meta']
[0.765s] Level 1:colcon.colcon_core.package_identification:_identify(src/backscatter_movement_record_msgs_srvs) by extension 'colcon_meta'
[0.766s] Level 1:colcon.colcon_core.package_identification:_identify(src/backscatter_movement_record_msgs_srvs) by extensions ['ros']
[0.766s] Level 1:colcon.colcon_core.package_identification:_identify(src/backscatter_movement_record_msgs_srvs) by extension 'ros'
[0.771s] DEBUG:colcon.colcon_core.package_identification:Package 'src/backscatter_movement_record_msgs_srvs' with type 'ros.ament_cmake' and name 'backscatter_movement_record_msgs_srvs'
[0.771s] Level 1:colcon.colcon_core.package_identification:_identify(src/backscatter_rover_data_recorder) by extensions ['ignore', 'ignore_ament_install']
[0.771s] Level 1:colcon.colcon_core.package_identification:_identify(src/backscatter_rover_data_recorder) by extension 'ignore'
[0.771s] Level 1:colcon.colcon_core.package_identification:_identify(src/backscatter_rover_data_recorder) by extension 'ignore_ament_install'
[0.771s] Level 1:colcon.colcon_core.package_identification:_identify(src/backscatter_rover_data_recorder) by extensions ['colcon_pkg']
[0.772s] Level 1:colcon.colcon_core.package_identification:_identify(src/backscatter_rover_data_recorder) by extension 'colcon_pkg'
[0.772s] Level 1:colcon.colcon_core.package_identification:_identify(src/backscatter_rover_data_recorder) by extensions ['colcon_meta']
[0.772s] Level 1:colcon.colcon_core.package_identification:_identify(src/backscatter_rover_data_recorder) by extension 'colcon_meta'
[0.772s] Level 1:colcon.colcon_core.package_identification:_identify(src/backscatter_rover_data_recorder) by extensions ['ros']
[0.772s] Level 1:colcon.colcon_core.package_identification:_identify(src/backscatter_rover_data_recorder) by extension 'ros'
[0.773s] DEBUG:colcon.colcon_core.package_identification:Package 'src/backscatter_rover_data_recorder' with type 'ros.ament_python' and name 'backscatter_rover_data_recorder'
[0.774s] Level 1:colcon.colcon_core.package_identification:_identify(src/build) by extensions ['ignore', 'ignore_ament_install']
[0.774s] Level 1:colcon.colcon_core.package_identification:_identify(src/build) by extension 'ignore'
[0.774s] Level 1:colcon.colcon_core.package_identification:_identify(src/build) ignored
[0.774s] Level 1:colcon.colcon_core.package_identification:_identify(src/install) by extensions ['ignore', 'ignore_ament_install']
[0.774s] Level 1:colcon.colcon_core.package_identification:_identify(src/install) by extension 'ignore'
[0.774s] Level 1:colcon.colcon_core.package_identification:_identify(src/install) ignored
[0.775s] Level 1:colcon.colcon_core.package_identification:_identify(src/log) by extensions ['ignore', 'ignore_ament_install']
[0.775s] Level 1:colcon.colcon_core.package_identification:_identify(src/log) by extension 'ignore'
[0.775s] Level 1:colcon.colcon_core.package_identification:_identify(src/log) ignored
[0.775s] Level 1:colcon.colcon_core.package_identification:_identify(src/rospy_message_converter) by extensions ['ignore', 'ignore_ament_install']
[0.775s] Level 1:colcon.colcon_core.package_identification:_identify(src/rospy_message_converter) by extension 'ignore'
[0.775s] Level 1:colcon.colcon_core.package_identification:_identify(src/rospy_message_converter) by extension 'ignore_ament_install'
[0.775s] Level 1:colcon.colcon_core.package_identification:_identify(src/rospy_message_converter) by extensions ['colcon_pkg']
[0.776s] Level 1:colcon.colcon_core.package_identification:_identify(src/rospy_message_converter) by extension 'colcon_pkg'
[0.776s] Level 1:colcon.colcon_core.package_identification:_identify(src/rospy_message_converter) by extensions ['colcon_meta']
[0.776s] Level 1:colcon.colcon_core.package_identification:_identify(src/rospy_message_converter) by extension 'colcon_meta'
[0.776s] Level 1:colcon.colcon_core.package_identification:_identify(src/rospy_message_converter) by extensions ['ros']
[0.776s] Level 1:colcon.colcon_core.package_identification:_identify(src/rospy_message_converter) by extension 'ros'
[0.776s] Level 1:colcon.colcon_core.package_identification:_identify(src/rospy_message_converter) by extensions ['cmake', 'python']
[0.776s] Level 1:colcon.colcon_core.package_identification:_identify(src/rospy_message_converter) by extension 'cmake'
[0.776s] Level 1:colcon.colcon_core.package_identification:_identify(src/rospy_message_converter) by extension 'python'
[0.776s] Level 1:colcon.colcon_core.package_identification:_identify(src/rospy_message_converter) by extensions ['python_setup_py']
[0.776s] Level 1:colcon.colcon_core.package_identification:_identify(src/rospy_message_converter) by extension 'python_setup_py'
[0.777s] Level 1:colcon.colcon_core.package_identification:_identify(src/rospy_message_converter/rclpy_message_converter) by extensions ['ignore', 'ignore_ament_install']
[0.777s] Level 1:colcon.colcon_core.package_identification:_identify(src/rospy_message_converter/rclpy_message_converter) by extension 'ignore'
[0.777s] Level 1:colcon.colcon_core.package_identification:_identify(src/rospy_message_converter/rclpy_message_converter) by extension 'ignore_ament_install'
[0.777s] Level 1:colcon.colcon_core.package_identification:_identify(src/rospy_message_converter/rclpy_message_converter) by extensions ['colcon_pkg']
[0.777s] Level 1:colcon.colcon_core.package_identification:_identify(src/rospy_message_converter/rclpy_message_converter) by extension 'colcon_pkg'
[0.777s] Level 1:colcon.colcon_core.package_identification:_identify(src/rospy_message_converter/rclpy_message_converter) by extensions ['colcon_meta']
[0.777s] Level 1:colcon.colcon_core.package_identification:_identify(src/rospy_message_converter/rclpy_message_converter) by extension 'colcon_meta'
[0.777s] Level 1:colcon.colcon_core.package_identification:_identify(src/rospy_message_converter/rclpy_message_converter) by extensions ['ros']
[0.777s] Level 1:colcon.colcon_core.package_identification:_identify(src/rospy_message_converter/rclpy_message_converter) by extension 'ros'
[0.779s] DEBUG:colcon.colcon_core.package_identification:Package 'src/rospy_message_converter/rclpy_message_converter' with type 'ros.ament_python' and name 'rclpy_message_converter'
[0.779s] Level 1:colcon.colcon_core.package_identification:_identify(src/rospy_message_converter/rclpy_message_converter_msgs) by extensions ['ignore', 'ignore_ament_install']
[0.779s] Level 1:colcon.colcon_core.package_identification:_identify(src/rospy_message_converter/rclpy_message_converter_msgs) by extension 'ignore'
[0.779s] Level 1:colcon.colcon_core.package_identification:_identify(src/rospy_message_converter/rclpy_message_converter_msgs) by extension 'ignore_ament_install'
[0.780s] Level 1:colcon.colcon_core.package_identification:_identify(src/rospy_message_converter/rclpy_message_converter_msgs) by extensions ['colcon_pkg']
[0.780s] Level 1:colcon.colcon_core.package_identification:_identify(src/rospy_message_converter/rclpy_message_converter_msgs) by extension 'colcon_pkg'
[0.780s] Level 1:colcon.colcon_core.package_identification:_identify(src/rospy_message_converter/rclpy_message_converter_msgs) by extensions ['colcon_meta']
[0.780s] Level 1:colcon.colcon_core.package_identification:_identify(src/rospy_message_converter/rclpy_message_converter_msgs) by extension 'colcon_meta'
[0.780s] Level 1:colcon.colcon_core.package_identification:_identify(src/rospy_message_converter/rclpy_message_converter_msgs) by extensions ['ros']
[0.780s] Level 1:colcon.colcon_core.package_identification:_identify(src/rospy_message_converter/rclpy_message_converter_msgs) by extension 'ros'
[0.781s] DEBUG:colcon.colcon_core.package_identification:Package 'src/rospy_message_converter/rclpy_message_converter_msgs' with type 'ros.ament_cmake' and name 'rclpy_message_converter_msgs'
[0.781s] Level 1:colcon.colcon_core.package_identification:_identify(subset) by extensions ['ignore', 'ignore_ament_install']
[0.781s] Level 1:colcon.colcon_core.package_identification:_identify(subset) by extension 'ignore'
[0.782s] Level 1:colcon.colcon_core.package_identification:_identify(subset) by extension 'ignore_ament_install'
[0.782s] Level 1:colcon.colcon_core.package_identification:_identify(subset) by extensions ['colcon_pkg']
[0.782s] Level 1:colcon.colcon_core.package_identification:_identify(subset) by extension 'colcon_pkg'
[0.782s] Level 1:colcon.colcon_core.package_identification:_identify(subset) by extensions ['colcon_meta']
[0.782s] Level 1:colcon.colcon_core.package_identification:_identify(subset) by extension 'colcon_meta'
[0.782s] Level 1:colcon.colcon_core.package_identification:_identify(subset) by extensions ['ros']
[0.782s] Level 1:colcon.colcon_core.package_identification:_identify(subset) by extension 'ros'
[0.782s] Level 1:colcon.colcon_core.package_identification:_identify(subset) by extensions ['cmake', 'python']
[0.782s] Level 1:colcon.colcon_core.package_identification:_identify(subset) by extension 'cmake'
[0.782s] Level 1:colcon.colcon_core.package_identification:_identify(subset) by extension 'python'
[0.782s] Level 1:colcon.colcon_core.package_identification:_identify(subset) by extensions ['python_setup_py']
[0.783s] Level 1:colcon.colcon_core.package_identification:_identify(subset) by extension 'python_setup_py'
[0.783s] Level 1:colcon.colcon_core.package_discovery:discover_packages(recursive) using defaults
[0.783s] Level 1:colcon.colcon_core.package_discovery:discover_packages(ignore) discover
[0.783s] Level 1:colcon.colcon_core.package_discovery:discover_packages(ignore) using defaults
[0.783s] Level 1:colcon.colcon_core.package_discovery:discover_packages(path) discover
[0.783s] Level 1:colcon.colcon_core.package_discovery:discover_packages(path) using defaults
[0.818s] Level 1:colcon.colcon_core.package_discovery:discover_packages(prefix_path) check parameters
[0.818s] Level 1:colcon.colcon_core.package_discovery:discover_packages(prefix_path) discover
[0.822s] DEBUG:colcon.colcon_installed_package_information.package_discovery:Found 6 installed packages in /home/wings/Backscatter_UGV_ws/install
[0.825s] DEBUG:colcon.colcon_installed_package_information.package_discovery:Found 331 installed packages in /opt/ros/foxy
[0.854s] Level 1:colcon.colcon_core.package_discovery:discover_packages(prefix_path) using defaults
[0.993s] Level 5:colcon.colcon_core.verb:set package 'backscatter_movement_record_msgs_srvs' build argument 'cmake_args' from command line to 'None'
[0.994s] Level 5:colcon.colcon_core.verb:set package 'backscatter_movement_record_msgs_srvs' build argument 'cmake_target' from command line to 'None'
[0.994s] Level 5:colcon.colcon_core.verb:set package 'backscatter_movement_record_msgs_srvs' build argument 'cmake_target_skip_unavailable' from command line to 'False'
[0.994s] Level 5:colcon.colcon_core.verb:set package 'backscatter_movement_record_msgs_srvs' build argument 'cmake_clean_cache' from command line to 'False'
[0.994s] Level 5:colcon.colcon_core.verb:set package 'backscatter_movement_record_msgs_srvs' build argument 'cmake_clean_first' from command line to 'False'
[0.994s] Level 5:colcon.colcon_core.verb:set package 'backscatter_movement_record_msgs_srvs' build argument 'cmake_force_configure' from command line to 'False'
[0.994s] Level 5:colcon.colcon_core.verb:set package 'backscatter_movement_record_msgs_srvs' build argument 'ament_cmake_args' from command line to 'None'
[0.994s] Level 5:colcon.colcon_core.verb:set package 'backscatter_movement_record_msgs_srvs' build argument 'catkin_cmake_args' from command line to 'None'
[0.994s] Level 5:colcon.colcon_core.verb:set package 'backscatter_movement_record_msgs_srvs' build argument 'catkin_skip_building_tests' from command line to 'False'
[0.994s] DEBUG:colcon.colcon_core.verb:Building package 'backscatter_movement_record_msgs_srvs' with the following arguments: {'ament_cmake_args': None, 'build_base': '/home/wings/Backscatter_UGV_ws/build/backscatter_movement_record_msgs_srvs', 'catkin_cmake_args': None, 'catkin_skip_building_tests': False, 'cmake_args': None, 'cmake_clean_cache': False, 'cmake_clean_first': False, 'cmake_force_configure': False, 'cmake_target': None, 'cmake_target_skip_unavailable': False, 'install_base': '/home/wings/Backscatter_UGV_ws/install/backscatter_movement_record_msgs_srvs', 'merge_install': False, 'path': '/home/wings/Backscatter_UGV_ws/src/backscatter_movement_record_msgs_srvs', 'symlink_install': False, 'test_result_base': None}
[0.995s] Level 5:colcon.colcon_core.verb:set package 'backscatter_rover_data_recorder' build argument 'cmake_args' from command line to 'None'
[0.995s] Level 5:colcon.colcon_core.verb:set package 'backscatter_rover_data_recorder' build argument 'cmake_target' from command line to 'None'
[0.995s] Level 5:colcon.colcon_core.verb:set package 'backscatter_rover_data_recorder' build argument 'cmake_target_skip_unavailable' from command line to 'False'
[0.995s] Level 5:colcon.colcon_core.verb:set package 'backscatter_rover_data_recorder' build argument 'cmake_clean_cache' from command line to 'False'
[0.995s] Level 5:colcon.colcon_core.verb:set package 'backscatter_rover_data_recorder' build argument 'cmake_clean_first' from command line to 'False'
[0.995s] Level 5:colcon.colcon_core.verb:set package 'backscatter_rover_data_recorder' build argument 'cmake_force_configure' from command line to 'False'
[0.995s] Level 5:colcon.colcon_core.verb:set package 'backscatter_rover_data_recorder' build argument 'ament_cmake_args' from command line to 'None'
[0.995s] Level 5:colcon.colcon_core.verb:set package 'backscatter_rover_data_recorder' build argument 'catkin_cmake_args' from command line to 'None'
[0.995s] Level 5:colcon.colcon_core.verb:set package 'backscatter_rover_data_recorder' build argument 'catkin_skip_building_tests' from command line to 'False'
[0.995s] DEBUG:colcon.colcon_core.verb:Building package 'backscatter_rover_data_recorder' with the following arguments: {'ament_cmake_args': None, 'build_base': '/home/wings/Backscatter_UGV_ws/build/backscatter_rover_data_recorder', 'catkin_cmake_args': None, 'catkin_skip_building_tests': False, 'cmake_args': None, 'cmake_clean_cache': False, 'cmake_clean_first': False, 'cmake_force_configure': False, 'cmake_target': None, 'cmake_target_skip_unavailable': False, 'install_base': '/home/wings/Backscatter_UGV_ws/install/backscatter_rover_data_recorder', 'merge_install': False, 'path': '/home/wings/Backscatter_UGV_ws/src/backscatter_rover_data_recorder', 'symlink_install': False, 'test_result_base': None}
[0.996s] Level 5:colcon.colcon_core.verb:set package 'rclpy_message_converter_msgs' build argument 'cmake_args' from command line to 'None'
[0.996s] Level 5:colcon.colcon_core.verb:set package 'rclpy_message_converter_msgs' build argument 'cmake_target' from command line to 'None'
[0.996s] Level 5:colcon.colcon_core.verb:set package 'rclpy_message_converter_msgs' build argument 'cmake_target_skip_unavailable' from command line to 'False'
[0.996s] Level 5:colcon.colcon_core.verb:set package 'rclpy_message_converter_msgs' build argument 'cmake_clean_cache' from command line to 'False'
[0.996s] Level 5:colcon.colcon_core.verb:set package 'rclpy_message_converter_msgs' build argument 'cmake_clean_first' from command line to 'False'
[0.996s] Level 5:colcon.colcon_core.verb:set package 'rclpy_message_converter_msgs' build argument 'cmake_force_configure' from command line to 'False'
[0.996s] Level 5:colcon.colcon_core.verb:set package 'rclpy_message_converter_msgs' build argument 'ament_cmake_args' from command line to 'None'
[0.996s] Level 5:colcon.colcon_core.verb:set package 'rclpy_message_converter_msgs' build argument 'catkin_cmake_args' from command line to 'None'
[0.996s] Level 5:colcon.colcon_core.verb:set package 'rclpy_message_converter_msgs' build argument 'catkin_skip_building_tests' from command line to 'False'
[0.996s] DEBUG:colcon.colcon_core.verb:Building package 'rclpy_message_converter_msgs' with the following arguments: {'ament_cmake_args': None, 'build_base': '/home/wings/Backscatter_UGV_ws/build/rclpy_message_converter_msgs', 'catkin_cmake_args': None, 'catkin_skip_building_tests': False, 'cmake_args': None, 'cmake_clean_cache': False, 'cmake_clean_first': False, 'cmake_force_configure': False, 'cmake_target': None, 'cmake_target_skip_unavailable': False, 'install_base': '/home/wings/Backscatter_UGV_ws/install/rclpy_message_converter_msgs', 'merge_install': False, 'path': '/home/wings/Backscatter_UGV_ws/src/rospy_message_converter/rclpy_message_converter_msgs', 'symlink_install': False, 'test_result_base': None}
[0.997s] Level 5:colcon.colcon_core.verb:set package 'rclpy_message_converter' build argument 'cmake_args' from command line to 'None'
[0.997s] Level 5:colcon.colcon_core.verb:set package 'rclpy_message_converter' build argument 'cmake_target' from command line to 'None'
[0.997s] Level 5:colcon.colcon_core.verb:set package 'rclpy_message_converter' build argument 'cmake_target_skip_unavailable' from command line to 'False'
[0.997s] Level 5:colcon.colcon_core.verb:set package 'rclpy_message_converter' build argument 'cmake_clean_cache' from command line to 'False'
[0.997s] Level 5:colcon.colcon_core.verb:set package 'rclpy_message_converter' build argument 'cmake_clean_first' from command line to 'False'
[0.997s] Level 5:colcon.colcon_core.verb:set package 'rclpy_message_converter' build argument 'cmake_force_configure' from command line to 'False'
[0.997s] Level 5:colcon.colcon_core.verb:set package 'rclpy_message_converter' build argument 'ament_cmake_args' from command line to 'None'
[0.997s] Level 5:colcon.colcon_core.verb:set package 'rclpy_message_converter' build argument 'catkin_cmake_args' from command line to 'None'
[0.998s] Level 5:colcon.colcon_core.verb:set package 'rclpy_message_converter' build argument 'catkin_skip_building_tests' from command line to 'False'
[0.998s] DEBUG:colcon.colcon_core.verb:Building package 'rclpy_message_converter' with the following arguments: {'ament_cmake_args': None, 'build_base': '/home/wings/Backscatter_UGV_ws/build/rclpy_message_converter', 'catkin_cmake_args': None, 'catkin_skip_building_tests': False, 'cmake_args': None, 'cmake_clean_cache': False, 'cmake_clean_first': False, 'cmake_force_configure': False, 'cmake_target': None, 'cmake_target_skip_unavailable': False, 'install_base': '/home/wings/Backscatter_UGV_ws/install/rclpy_message_converter', 'merge_install': False, 'path': '/home/wings/Backscatter_UGV_ws/src/rospy_message_converter/rclpy_message_converter', 'symlink_install': False, 'test_result_base': None}
[0.998s] INFO:colcon.colcon_core.executor:Executing jobs using 'parallel' executor
[1.000s] DEBUG:colcon.colcon_parallel_executor.executor.parallel:run_until_complete
[1.001s] INFO:colcon.colcon_ros.task.ament_cmake.build:Building ROS package in '/home/wings/Backscatter_UGV_ws/src/rospy_message_converter/rclpy_message_converter_msgs' with build type 'ament_cmake'
[1.001s] INFO:colcon.colcon_cmake.task.cmake.build:Building CMake package in '/home/wings/Backscatter_UGV_ws/src/rospy_message_converter/rclpy_message_converter_msgs'
[1.005s] INFO:colcon.colcon_core.plugin_system:Skipping extension 'colcon_core.shell.bat': Not used on non-Windows systems
[1.005s] INFO:colcon.colcon_core.shell:Skip shell extension 'powershell' for command environment: Not usable outside of PowerShell
[1.005s] DEBUG:colcon.colcon_core.shell:Skip shell extension 'dsv' for command environment
[1.019s] INFO:colcon.colcon_ros.task.ament_cmake.build:Building ROS package in '/home/wings/Backscatter_UGV_ws/src/backscatter_movement_record_msgs_srvs' with build type 'ament_cmake'
[1.020s] INFO:colcon.colcon_cmake.task.cmake.build:Building CMake package in '/home/wings/Backscatter_UGV_ws/src/backscatter_movement_record_msgs_srvs'
[1.020s] INFO:colcon.colcon_core.shell:Skip shell extension 'powershell' for command environment: Not usable outside of PowerShell
[1.021s] DEBUG:colcon.colcon_core.shell:Skip shell extension 'dsv' for command environment
[1.032s] INFO:colcon.colcon_ros.task.ament_python.build:Building ROS package in '/home/wings/Backscatter_UGV_ws/src/backscatter_rover_data_recorder' with build type 'ament_python'
[1.033s] Level 1:colcon.colcon_core.shell:create_environment_hook('backscatter_rover_data_recorder', 'ament_prefix_path')
[1.033s] INFO:colcon.colcon_core.shell:Creating environment hook '/home/wings/Backscatter_UGV_ws/install/backscatter_rover_data_recorder/share/backscatter_rover_data_recorder/hook/ament_prefix_path.ps1'
[1.035s] INFO:colcon.colcon_core.shell:Creating environment descriptor '/home/wings/Backscatter_UGV_ws/install/backscatter_rover_data_recorder/share/backscatter_rover_data_recorder/hook/ament_prefix_path.dsv'
[1.036s] INFO:colcon.colcon_core.shell:Creating environment hook '/home/wings/Backscatter_UGV_ws/install/backscatter_rover_data_recorder/share/backscatter_rover_data_recorder/hook/ament_prefix_path.sh'
[1.037s] INFO:colcon.colcon_core.shell:Skip shell extension 'powershell' for command environment: Not usable outside of PowerShell
[1.038s] DEBUG:colcon.colcon_core.shell:Skip shell extension 'dsv' for command environment
[1.057s] DEBUG:colcon.colcon_core.event_handler.log_command:Invoking command in '/home/wings/Backscatter_UGV_ws/build/rclpy_message_converter_msgs': CMAKE_PREFIX_PATH=${CMAKE_PREFIX_PATH}:/home/wings/Backscatter_UGV_ws/install/rclpy_message_converter:/home/wings/Backscatter_UGV_ws/install/backscatter_rover_data_recorder:/opt/ros/foxy /usr/bin/cmake --build /home/wings/Backscatter_UGV_ws/build/rclpy_message_converter_msgs -- -j6 -l6
[1.073s] DEBUG:colcon.colcon_core.event_handler.log_command:Invoking command in '/home/wings/Backscatter_UGV_ws/build/backscatter_movement_record_msgs_srvs': CMAKE_PREFIX_PATH=${CMAKE_PREFIX_PATH}:/home/wings/Backscatter_UGV_ws/install/rclpy_message_converter:/home/wings/Backscatter_UGV_ws/install/backscatter_rover_data_recorder:/opt/ros/foxy /usr/bin/cmake --build /home/wings/Backscatter_UGV_ws/build/backscatter_movement_record_msgs_srvs -- -j6 -l6
[1.588s] INFO:colcon.colcon_core.task.python.build:Building Python package in '/home/wings/Backscatter_UGV_ws/src/backscatter_rover_data_recorder'
[1.589s] INFO:colcon.colcon_core.shell:Skip shell extension 'powershell' for command environment: Not usable outside of PowerShell
[1.589s] DEBUG:colcon.colcon_core.shell:Skip shell extension 'dsv' for command environment
[1.606s] DEBUG:colcon.colcon_core.event_handler.log_command:Invoked command in '/home/wings/Backscatter_UGV_ws/build/backscatter_movement_record_msgs_srvs' returned '0': CMAKE_PREFIX_PATH=${CMAKE_PREFIX_PATH}:/home/wings/Backscatter_UGV_ws/install/rclpy_message_converter:/home/wings/Backscatter_UGV_ws/install/backscatter_rover_data_recorder:/opt/ros/foxy /usr/bin/cmake --build /home/wings/Backscatter_UGV_ws/build/backscatter_movement_record_msgs_srvs -- -j6 -l6
[1.637s] DEBUG:colcon.colcon_core.event_handler.log_command:Invoking command in '/home/wings/Backscatter_UGV_ws/build/backscatter_movement_record_msgs_srvs': CMAKE_PREFIX_PATH=${CMAKE_PREFIX_PATH}:/home/wings/Backscatter_UGV_ws/install/rclpy_message_converter:/home/wings/Backscatter_UGV_ws/install/backscatter_rover_data_recorder:/opt/ros/foxy /usr/bin/cmake --install /home/wings/Backscatter_UGV_ws/build/backscatter_movement_record_msgs_srvs
[1.639s] DEBUG:colcon.colcon_core.event_handler.log_command:Invoked command in '/home/wings/Backscatter_UGV_ws/build/rclpy_message_converter_msgs' returned '0': CMAKE_PREFIX_PATH=${CMAKE_PREFIX_PATH}:/home/wings/Backscatter_UGV_ws/install/rclpy_message_converter:/home/wings/Backscatter_UGV_ws/install/backscatter_rover_data_recorder:/opt/ros/foxy /usr/bin/cmake --build /home/wings/Backscatter_UGV_ws/build/rclpy_message_converter_msgs -- -j6 -l6
[1.645s] DEBUG:colcon.colcon_core.event_handler.log_command:Invoking command in '/home/wings/Backscatter_UGV_ws/build/rclpy_message_converter_msgs': CMAKE_PREFIX_PATH=${CMAKE_PREFIX_PATH}:/home/wings/Backscatter_UGV_ws/install/rclpy_message_converter:/home/wings/Backscatter_UGV_ws/install/backscatter_rover_data_recorder:/opt/ros/foxy /usr/bin/cmake --install /home/wings/Backscatter_UGV_ws/build/rclpy_message_converter_msgs
[1.758s] Level 1:colcon.colcon_core.environment:create_environment_scripts_only(backscatter_movement_record_msgs_srvs)
[1.768s] DEBUG:colcon.colcon_core.event_handler.log_command:Invoked command in '/home/wings/Backscatter_UGV_ws/build/backscatter_movement_record_msgs_srvs' returned '0': CMAKE_PREFIX_PATH=${CMAKE_PREFIX_PATH}:/home/wings/Backscatter_UGV_ws/install/rclpy_message_converter:/home/wings/Backscatter_UGV_ws/install/backscatter_rover_data_recorder:/opt/ros/foxy /usr/bin/cmake --install /home/wings/Backscatter_UGV_ws/build/backscatter_movement_record_msgs_srvs
[1.779s] Level 1:colcon.colcon_core.environment:checking '/home/wings/Backscatter_UGV_ws/install/backscatter_movement_record_msgs_srvs' for CMake module files
[1.781s] Level 1:colcon.colcon_core.environment:checking '/home/wings/Backscatter_UGV_ws/install/backscatter_movement_record_msgs_srvs' for CMake config files
[1.783s] Level 1:colcon.colcon_core.shell:create_environment_hook('backscatter_movement_record_msgs_srvs', 'cmake_prefix_path')
[1.784s] INFO:colcon.colcon_core.shell:Creating environment hook '/home/wings/Backscatter_UGV_ws/install/backscatter_movement_record_msgs_srvs/share/backscatter_movement_record_msgs_srvs/hook/cmake_prefix_path.ps1'
[1.786s] INFO:colcon.colcon_core.shell:Creating environment descriptor '/home/wings/Backscatter_UGV_ws/install/backscatter_movement_record_msgs_srvs/share/backscatter_movement_record_msgs_srvs/hook/cmake_prefix_path.dsv'
[1.787s] INFO:colcon.colcon_core.shell:Creating environment hook '/home/wings/Backscatter_UGV_ws/install/backscatter_movement_record_msgs_srvs/share/backscatter_movement_record_msgs_srvs/hook/cmake_prefix_path.sh'
[1.789s] Level 1:colcon.colcon_core.environment:checking '/home/wings/Backscatter_UGV_ws/install/backscatter_movement_record_msgs_srvs/lib'
[1.790s] Level 1:colcon.colcon_core.shell:create_environment_hook('backscatter_movement_record_msgs_srvs', 'ld_library_path_lib')
[1.790s] INFO:colcon.colcon_core.shell:Creating environment hook '/home/wings/Backscatter_UGV_ws/install/backscatter_movement_record_msgs_srvs/share/backscatter_movement_record_msgs_srvs/hook/ld_library_path_lib.ps1'
[1.791s] INFO:colcon.colcon_core.shell:Creating environment descriptor '/home/wings/Backscatter_UGV_ws/install/backscatter_movement_record_msgs_srvs/share/backscatter_movement_record_msgs_srvs/hook/ld_library_path_lib.dsv'
[1.792s] INFO:colcon.colcon_core.shell:Creating environment hook '/home/wings/Backscatter_UGV_ws/install/backscatter_movement_record_msgs_srvs/share/backscatter_movement_record_msgs_srvs/hook/ld_library_path_lib.sh'
[1.793s] Level 1:colcon.colcon_core.environment:checking '/home/wings/Backscatter_UGV_ws/install/backscatter_movement_record_msgs_srvs/bin'
[1.794s] Level 1:colcon.colcon_core.environment:checking '/home/wings/Backscatter_UGV_ws/install/backscatter_movement_record_msgs_srvs/lib/pkgconfig/backscatter_movement_record_msgs_srvs.pc'
[1.794s] Level 1:colcon.colcon_core.environment:checking '/home/wings/Backscatter_UGV_ws/install/backscatter_movement_record_msgs_srvs/lib/python3.8/site-packages'
[1.794s] Level 1:colcon.colcon_core.shell:create_environment_hook('backscatter_movement_record_msgs_srvs', 'pythonpath')
[1.795s] INFO:colcon.colcon_core.shell:Creating environment hook '/home/wings/Backscatter_UGV_ws/install/backscatter_movement_record_msgs_srvs/share/backscatter_movement_record_msgs_srvs/hook/pythonpath.ps1'
[1.796s] INFO:colcon.colcon_core.shell:Creating environment descriptor '/home/wings/Backscatter_UGV_ws/install/backscatter_movement_record_msgs_srvs/share/backscatter_movement_record_msgs_srvs/hook/pythonpath.dsv'
[1.797s] INFO:colcon.colcon_core.shell:Creating environment hook '/home/wings/Backscatter_UGV_ws/install/backscatter_movement_record_msgs_srvs/share/backscatter_movement_record_msgs_srvs/hook/pythonpath.sh'
[1.799s] Level 1:colcon.colcon_core.environment:checking '/home/wings/Backscatter_UGV_ws/install/backscatter_movement_record_msgs_srvs/bin'
[1.799s] INFO:colcon.colcon_core.shell:Creating package script '/home/wings/Backscatter_UGV_ws/install/backscatter_movement_record_msgs_srvs/share/backscatter_movement_record_msgs_srvs/package.ps1'
[1.802s] INFO:colcon.colcon_core.shell:Creating package descriptor '/home/wings/Backscatter_UGV_ws/install/backscatter_movement_record_msgs_srvs/share/backscatter_movement_record_msgs_srvs/package.dsv'
[1.803s] INFO:colcon.colcon_core.shell:Creating package script '/home/wings/Backscatter_UGV_ws/install/backscatter_movement_record_msgs_srvs/share/backscatter_movement_record_msgs_srvs/package.sh'
[1.805s] INFO:colcon.colcon_core.shell:Creating package script '/home/wings/Backscatter_UGV_ws/install/backscatter_movement_record_msgs_srvs/share/backscatter_movement_record_msgs_srvs/package.bash'
[1.806s] INFO:colcon.colcon_core.shell:Creating package script '/home/wings/Backscatter_UGV_ws/install/backscatter_movement_record_msgs_srvs/share/backscatter_movement_record_msgs_srvs/package.zsh'
[1.808s] Level 1:colcon.colcon_core.environment:create_file_with_runtime_dependencies(/home/wings/Backscatter_UGV_ws/install/backscatter_movement_record_msgs_srvs/share/colcon-core/packages/backscatter_movement_record_msgs_srvs)
[1.810s] Level 1:colcon.colcon_core.environment:create_environment_scripts_only(backscatter_movement_record_msgs_srvs)
[1.810s] Level 1:colcon.colcon_core.environment:checking '/home/wings/Backscatter_UGV_ws/install/backscatter_movement_record_msgs_srvs' for CMake module files
[1.811s] Level 1:colcon.colcon_core.environment:checking '/home/wings/Backscatter_UGV_ws/install/backscatter_movement_record_msgs_srvs' for CMake config files
[1.813s] Level 1:colcon.colcon_core.shell:create_environment_hook('backscatter_movement_record_msgs_srvs', 'cmake_prefix_path')
[1.813s] INFO:colcon.colcon_core.shell:Creating environment hook '/home/wings/Backscatter_UGV_ws/install/backscatter_movement_record_msgs_srvs/share/backscatter_movement_record_msgs_srvs/hook/cmake_prefix_path.ps1'
[1.814s] INFO:colcon.colcon_core.shell:Creating environment descriptor '/home/wings/Backscatter_UGV_ws/install/backscatter_movement_record_msgs_srvs/share/backscatter_movement_record_msgs_srvs/hook/cmake_prefix_path.dsv'
[1.814s] INFO:colcon.colcon_core.shell:Creating environment hook '/home/wings/Backscatter_UGV_ws/install/backscatter_movement_record_msgs_srvs/share/backscatter_movement_record_msgs_srvs/hook/cmake_prefix_path.sh'
[1.816s] Level 1:colcon.colcon_core.environment:checking '/home/wings/Backscatter_UGV_ws/install/backscatter_movement_record_msgs_srvs/lib'
[1.816s] Level 1:colcon.colcon_core.shell:create_environment_hook('backscatter_movement_record_msgs_srvs', 'ld_library_path_lib')
[1.816s] INFO:colcon.colcon_core.shell:Creating environment hook '/home/wings/Backscatter_UGV_ws/install/backscatter_movement_record_msgs_srvs/share/backscatter_movement_record_msgs_srvs/hook/ld_library_path_lib.ps1'
[1.817s] INFO:colcon.colcon_core.shell:Creating environment descriptor '/home/wings/Backscatter_UGV_ws/install/backscatter_movement_record_msgs_srvs/share/backscatter_movement_record_msgs_srvs/hook/ld_library_path_lib.dsv'
[1.818s] INFO:colcon.colcon_core.shell:Creating environment hook '/home/wings/Backscatter_UGV_ws/install/backscatter_movement_record_msgs_srvs/share/backscatter_movement_record_msgs_srvs/hook/ld_library_path_lib.sh'
[1.818s] Level 1:colcon.colcon_core.environment:checking '/home/wings/Backscatter_UGV_ws/install/backscatter_movement_record_msgs_srvs/bin'
[1.818s] Level 1:colcon.colcon_core.environment:checking '/home/wings/Backscatter_UGV_ws/install/backscatter_movement_record_msgs_srvs/lib/pkgconfig/backscatter_movement_record_msgs_srvs.pc'
[1.819s] Level 1:colcon.colcon_core.environment:checking '/home/wings/Backscatter_UGV_ws/install/backscatter_movement_record_msgs_srvs/lib/python3.8/site-packages'
[1.819s] Level 1:colcon.colcon_core.shell:create_environment_hook('backscatter_movement_record_msgs_srvs', 'pythonpath')
[1.819s] INFO:colcon.colcon_core.shell:Creating environment hook '/home/wings/Backscatter_UGV_ws/install/backscatter_movement_record_msgs_srvs/share/backscatter_movement_record_msgs_srvs/hook/pythonpath.ps1'
[1.820s] INFO:colcon.colcon_core.shell:Creating environment descriptor '/home/wings/Backscatter_UGV_ws/install/backscatter_movement_record_msgs_srvs/share/backscatter_movement_record_msgs_srvs/hook/pythonpath.dsv'
[1.821s] INFO:colcon.colcon_core.shell:Creating environment hook '/home/wings/Backscatter_UGV_ws/install/backscatter_movement_record_msgs_srvs/share/backscatter_movement_record_msgs_srvs/hook/pythonpath.sh'
[1.822s] Level 1:colcon.colcon_core.environment:checking '/home/wings/Backscatter_UGV_ws/install/backscatter_movement_record_msgs_srvs/bin'
[1.823s] INFO:colcon.colcon_core.shell:Creating package script '/home/wings/Backscatter_UGV_ws/install/backscatter_movement_record_msgs_srvs/share/backscatter_movement_record_msgs_srvs/package.ps1'
[1.825s] INFO:colcon.colcon_core.shell:Creating package descriptor '/home/wings/Backscatter_UGV_ws/install/backscatter_movement_record_msgs_srvs/share/backscatter_movement_record_msgs_srvs/package.dsv'
[1.826s] INFO:colcon.colcon_core.shell:Creating package script '/home/wings/Backscatter_UGV_ws/install/backscatter_movement_record_msgs_srvs/share/backscatter_movement_record_msgs_srvs/package.sh'
[1.827s] INFO:colcon.colcon_core.shell:Creating package script '/home/wings/Backscatter_UGV_ws/install/backscatter_movement_record_msgs_srvs/share/backscatter_movement_record_msgs_srvs/package.bash'
[1.828s] INFO:colcon.colcon_core.shell:Creating package script '/home/wings/Backscatter_UGV_ws/install/backscatter_movement_record_msgs_srvs/share/backscatter_movement_record_msgs_srvs/package.zsh'
[1.829s] Level 1:colcon.colcon_core.environment:create_file_with_runtime_dependencies(/home/wings/Backscatter_UGV_ws/install/backscatter_movement_record_msgs_srvs/share/colcon-core/packages/backscatter_movement_record_msgs_srvs)
[1.831s] Level 1:colcon.colcon_core.environment:create_environment_scripts_only(rclpy_message_converter_msgs)
[1.832s] Level 1:colcon.colcon_core.environment:checking '/home/wings/Backscatter_UGV_ws/install/rclpy_message_converter_msgs' for CMake module files
[1.833s] DEBUG:colcon.colcon_core.event_handler.log_command:Invoked command in '/home/wings/Backscatter_UGV_ws/build/rclpy_message_converter_msgs' returned '0': CMAKE_PREFIX_PATH=${CMAKE_PREFIX_PATH}:/home/wings/Backscatter_UGV_ws/install/rclpy_message_converter:/home/wings/Backscatter_UGV_ws/install/backscatter_rover_data_recorder:/opt/ros/foxy /usr/bin/cmake --install /home/wings/Backscatter_UGV_ws/build/rclpy_message_converter_msgs
[1.834s] Level 1:colcon.colcon_core.environment:checking '/home/wings/Backscatter_UGV_ws/install/rclpy_message_converter_msgs' for CMake config files
[1.836s] Level 1:colcon.colcon_core.shell:create_environment_hook('rclpy_message_converter_msgs', 'cmake_prefix_path')
[1.836s] INFO:colcon.colcon_core.shell:Creating environment hook '/home/wings/Backscatter_UGV_ws/install/rclpy_message_converter_msgs/share/rclpy_message_converter_msgs/hook/cmake_prefix_path.ps1'
[1.837s] INFO:colcon.colcon_core.shell:Creating environment descriptor '/home/wings/Backscatter_UGV_ws/install/rclpy_message_converter_msgs/share/rclpy_message_converter_msgs/hook/cmake_prefix_path.dsv'
[1.838s] INFO:colcon.colcon_core.shell:Creating environment hook '/home/wings/Backscatter_UGV_ws/install/rclpy_message_converter_msgs/share/rclpy_message_converter_msgs/hook/cmake_prefix_path.sh'
[1.839s] Level 1:colcon.colcon_core.environment:checking '/home/wings/Backscatter_UGV_ws/install/rclpy_message_converter_msgs/lib'
[1.839s] Level 1:colcon.colcon_core.shell:create_environment_hook('rclpy_message_converter_msgs', 'ld_library_path_lib')
[1.839s] INFO:colcon.colcon_core.shell:Creating environment hook '/home/wings/Backscatter_UGV_ws/install/rclpy_message_converter_msgs/share/rclpy_message_converter_msgs/hook/ld_library_path_lib.ps1'
[1.840s] INFO:colcon.colcon_core.shell:Creating environment descriptor '/home/wings/Backscatter_UGV_ws/install/rclpy_message_converter_msgs/share/rclpy_message_converter_msgs/hook/ld_library_path_lib.dsv'
[1.841s] INFO:colcon.colcon_core.shell:Creating environment hook '/home/wings/Backscatter_UGV_ws/install/rclpy_message_converter_msgs/share/rclpy_message_converter_msgs/hook/ld_library_path_lib.sh'
[1.842s] Level 1:colcon.colcon_core.environment:checking '/home/wings/Backscatter_UGV_ws/install/rclpy_message_converter_msgs/bin'
[1.842s] Level 1:colcon.colcon_core.environment:checking '/home/wings/Backscatter_UGV_ws/install/rclpy_message_converter_msgs/lib/pkgconfig/rclpy_message_converter_msgs.pc'
[1.842s] Level 1:colcon.colcon_core.environment:checking '/home/wings/Backscatter_UGV_ws/install/rclpy_message_converter_msgs/lib/python3.8/site-packages'
[1.842s] Level 1:colcon.colcon_core.shell:create_environment_hook('rclpy_message_converter_msgs', 'pythonpath')
[1.843s] INFO:colcon.colcon_core.shell:Creating environment hook '/home/wings/Backscatter_UGV_ws/install/rclpy_message_converter_msgs/share/rclpy_message_converter_msgs/hook/pythonpath.ps1'
[1.843s] INFO:colcon.colcon_core.shell:Creating environment descriptor '/home/wings/Backscatter_UGV_ws/install/rclpy_message_converter_msgs/share/rclpy_message_converter_msgs/hook/pythonpath.dsv'
[1.844s] INFO:colcon.colcon_core.shell:Creating environment hook '/home/wings/Backscatter_UGV_ws/install/rclpy_message_converter_msgs/share/rclpy_message_converter_msgs/hook/pythonpath.sh'
[1.845s] Level 1:colcon.colcon_core.environment:checking '/home/wings/Backscatter_UGV_ws/install/rclpy_message_converter_msgs/bin'
[1.846s] INFO:colcon.colcon_core.shell:Creating package script '/home/wings/Backscatter_UGV_ws/install/rclpy_message_converter_msgs/share/rclpy_message_converter_msgs/package.ps1'
[1.847s] INFO:colcon.colcon_core.shell:Creating package descriptor '/home/wings/Backscatter_UGV_ws/install/rclpy_message_converter_msgs/share/rclpy_message_converter_msgs/package.dsv'
[1.848s] INFO:colcon.colcon_core.shell:Creating package script '/home/wings/Backscatter_UGV_ws/install/rclpy_message_converter_msgs/share/rclpy_message_converter_msgs/package.sh'
[1.849s] INFO:colcon.colcon_core.shell:Creating package script '/home/wings/Backscatter_UGV_ws/install/rclpy_message_converter_msgs/share/rclpy_message_converter_msgs/package.bash'
[1.850s] INFO:colcon.colcon_core.shell:Creating package script '/home/wings/Backscatter_UGV_ws/install/rclpy_message_converter_msgs/share/rclpy_message_converter_msgs/package.zsh'
[1.850s] Level 1:colcon.colcon_core.environment:create_file_with_runtime_dependencies(/home/wings/Backscatter_UGV_ws/install/rclpy_message_converter_msgs/share/colcon-core/packages/rclpy_message_converter_msgs)
[1.852s] Level 1:colcon.colcon_core.environment:create_environment_scripts_only(rclpy_message_converter_msgs)
[1.852s] Level 1:colcon.colcon_core.environment:checking '/home/wings/Backscatter_UGV_ws/install/rclpy_message_converter_msgs' for CMake module files
[1.853s] Level 1:colcon.colcon_core.environment:checking '/home/wings/Backscatter_UGV_ws/install/rclpy_message_converter_msgs' for CMake config files
[1.854s] Level 1:colcon.colcon_core.shell:create_environment_hook('rclpy_message_converter_msgs', 'cmake_prefix_path')
[1.855s] INFO:colcon.colcon_core.shell:Creating environment hook '/home/wings/Backscatter_UGV_ws/install/rclpy_message_converter_msgs/share/rclpy_message_converter_msgs/hook/cmake_prefix_path.ps1'
[1.856s] INFO:colcon.colcon_core.shell:Creating environment descriptor '/home/wings/Backscatter_UGV_ws/install/rclpy_message_converter_msgs/share/rclpy_message_converter_msgs/hook/cmake_prefix_path.dsv'
[1.856s] INFO:colcon.colcon_core.shell:Creating environment hook '/home/wings/Backscatter_UGV_ws/install/rclpy_message_converter_msgs/share/rclpy_message_converter_msgs/hook/cmake_prefix_path.sh'
[1.857s] Level 1:colcon.colcon_core.environment:checking '/home/wings/Backscatter_UGV_ws/install/rclpy_message_converter_msgs/lib'
[1.858s] Level 1:colcon.colcon_core.shell:create_environment_hook('rclpy_message_converter_msgs', 'ld_library_path_lib')
[1.858s] INFO:colcon.colcon_core.shell:Creating environment hook '/home/wings/Backscatter_UGV_ws/install/rclpy_message_converter_msgs/share/rclpy_message_converter_msgs/hook/ld_library_path_lib.ps1'
[1.859s] INFO:colcon.colcon_core.shell:Creating environment descriptor '/home/wings/Backscatter_UGV_ws/install/rclpy_message_converter_msgs/share/rclpy_message_converter_msgs/hook/ld_library_path_lib.dsv'
[1.859s] INFO:colcon.colcon_core.shell:Creating environment hook '/home/wings/Backscatter_UGV_ws/install/rclpy_message_converter_msgs/share/rclpy_message_converter_msgs/hook/ld_library_path_lib.sh'
[1.860s] Level 1:colcon.colcon_core.environment:checking '/home/wings/Backscatter_UGV_ws/install/rclpy_message_converter_msgs/bin'
[1.861s] Level 1:colcon.colcon_core.environment:checking '/home/wings/Backscatter_UGV_ws/install/rclpy_message_converter_msgs/lib/pkgconfig/rclpy_message_converter_msgs.pc'
[1.861s] Level 1:colcon.colcon_core.environment:checking '/home/wings/Backscatter_UGV_ws/install/rclpy_message_converter_msgs/lib/python3.8/site-packages'
[1.861s] Level 1:colcon.colcon_core.shell:create_environment_hook('rclpy_message_converter_msgs', 'pythonpath')
[1.861s] INFO:colcon.colcon_core.shell:Creating environment hook '/home/wings/Backscatter_UGV_ws/install/rclpy_message_converter_msgs/share/rclpy_message_converter_msgs/hook/pythonpath.ps1'
[1.862s] INFO:colcon.colcon_core.shell:Creating environment descriptor '/home/wings/Backscatter_UGV_ws/install/rclpy_message_converter_msgs/share/rclpy_message_converter_msgs/hook/pythonpath.dsv'
[1.863s] INFO:colcon.colcon_core.shell:Creating environment hook '/home/wings/Backscatter_UGV_ws/install/rclpy_message_converter_msgs/share/rclpy_message_converter_msgs/hook/pythonpath.sh'
[1.864s] Level 1:colcon.colcon_core.environment:checking '/home/wings/Backscatter_UGV_ws/install/rclpy_message_converter_msgs/bin'
[1.865s] INFO:colcon.colcon_core.shell:Creating package script '/home/wings/Backscatter_UGV_ws/install/rclpy_message_converter_msgs/share/rclpy_message_converter_msgs/package.ps1'
[1.866s] INFO:colcon.colcon_core.shell:Creating package descriptor '/home/wings/Backscatter_UGV_ws/install/rclpy_message_converter_msgs/share/rclpy_message_converter_msgs/package.dsv'
[1.867s] INFO:colcon.colcon_core.shell:Creating package script '/home/wings/Backscatter_UGV_ws/install/rclpy_message_converter_msgs/share/rclpy_message_converter_msgs/package.sh'
[1.868s] INFO:colcon.colcon_core.shell:Creating package script '/home/wings/Backscatter_UGV_ws/install/rclpy_message_converter_msgs/share/rclpy_message_converter_msgs/package.bash'
[1.869s] INFO:colcon.colcon_core.shell:Creating package script '/home/wings/Backscatter_UGV_ws/install/rclpy_message_converter_msgs/share/rclpy_message_converter_msgs/package.zsh'
[1.870s] Level 1:colcon.colcon_core.environment:create_file_with_runtime_dependencies(/home/wings/Backscatter_UGV_ws/install/rclpy_message_converter_msgs/share/colcon-core/packages/rclpy_message_converter_msgs)
[1.870s] INFO:colcon.colcon_ros.task.ament_python.build:Building ROS package in '/home/wings/Backscatter_UGV_ws/src/rospy_message_converter/rclpy_message_converter' with build type 'ament_python'
[1.871s] Level 1:colcon.colcon_core.shell:create_environment_hook('rclpy_message_converter', 'ament_prefix_path')
[1.871s] INFO:colcon.colcon_core.shell:Creating environment hook '/home/wings/Backscatter_UGV_ws/install/rclpy_message_converter/share/rclpy_message_converter/hook/ament_prefix_path.ps1'
[1.873s] INFO:colcon.colcon_core.shell:Creating environment descriptor '/home/wings/Backscatter_UGV_ws/install/rclpy_message_converter/share/rclpy_message_converter/hook/ament_prefix_path.dsv'
[1.874s] INFO:colcon.colcon_core.shell:Creating environment hook '/home/wings/Backscatter_UGV_ws/install/rclpy_message_converter/share/rclpy_message_converter/hook/ament_prefix_path.sh'
[1.875s] INFO:colcon.colcon_core.shell:Skip shell extension 'powershell' for command environment: Not usable outside of PowerShell
[1.875s] DEBUG:colcon.colcon_core.shell:Skip shell extension 'dsv' for command environment
[2.359s] INFO:colcon.colcon_core.task.python.build:Building Python package in '/home/wings/Backscatter_UGV_ws/src/rospy_message_converter/rclpy_message_converter'
[2.361s] INFO:colcon.colcon_core.shell:Skip shell extension 'powershell' for command environment: Not usable outside of PowerShell
[2.361s] DEBUG:colcon.colcon_core.shell:Skip shell extension 'dsv' for command environment
[2.478s] DEBUG:colcon.colcon_core.event_handler.log_command:Invoking command in '/home/wings/Backscatter_UGV_ws/src/backscatter_rover_data_recorder': PYTHONPATH=/home/wings/Backscatter_UGV_ws/build/backscatter_rover_data_recorder/prefix_override:/usr/lib/python3/dist-packages/colcon_core/task/python/colcon_distutils_commands:/home/wings/Backscatter_UGV_ws/install/backscatter_rover_data_recorder/lib/python3.8/site-packages:${PYTHONPATH} /usr/bin/python3 -W ignore:setup.py install is deprecated -W ignore:easy_install command is deprecated setup.py egg_info --egg-base ../../build/backscatter_rover_data_recorder build --build-base /home/wings/Backscatter_UGV_ws/build/backscatter_rover_data_recorder/build install --record /home/wings/Backscatter_UGV_ws/build/backscatter_rover_data_recorder/install.log --install-scripts $base/lib/backscatter_rover_data_recorder --single-version-externally-managed install_data
[3.110s] Level 1:colcon.colcon_core.environment:checking '/home/wings/Backscatter_UGV_ws/install/backscatter_rover_data_recorder' for CMake module files
[3.112s] DEBUG:colcon.colcon_core.event_handler.log_command:Invoked command in '/home/wings/Backscatter_UGV_ws/src/backscatter_rover_data_recorder' returned '0': PYTHONPATH=/home/wings/Backscatter_UGV_ws/build/backscatter_rover_data_recorder/prefix_override:/usr/lib/python3/dist-packages/colcon_core/task/python/colcon_distutils_commands:/home/wings/Backscatter_UGV_ws/install/backscatter_rover_data_recorder/lib/python3.8/site-packages:${PYTHONPATH} /usr/bin/python3 -W ignore:setup.py install is deprecated -W ignore:easy_install command is deprecated setup.py egg_info --egg-base ../../build/backscatter_rover_data_recorder build --build-base /home/wings/Backscatter_UGV_ws/build/backscatter_rover_data_recorder/build install --record /home/wings/Backscatter_UGV_ws/build/backscatter_rover_data_recorder/install.log --install-scripts $base/lib/backscatter_rover_data_recorder --single-version-externally-managed install_data
[3.113s] Level 1:colcon.colcon_core.environment:checking '/home/wings/Backscatter_UGV_ws/install/backscatter_rover_data_recorder' for CMake config files
[3.115s] Level 1:colcon.colcon_core.environment:checking '/home/wings/Backscatter_UGV_ws/install/backscatter_rover_data_recorder/lib'
[3.115s] Level 1:colcon.colcon_core.environment:checking '/home/wings/Backscatter_UGV_ws/install/backscatter_rover_data_recorder/bin'
[3.116s] Level 1:colcon.colcon_core.environment:checking '/home/wings/Backscatter_UGV_ws/install/backscatter_rover_data_recorder/lib/pkgconfig/backscatter_rover_data_recorder.pc'
[3.116s] Level 1:colcon.colcon_core.environment:checking '/home/wings/Backscatter_UGV_ws/install/backscatter_rover_data_recorder/lib/python3.8/site-packages'
[3.117s] Level 1:colcon.colcon_core.shell:create_environment_hook('backscatter_rover_data_recorder', 'pythonpath')
[3.118s] INFO:colcon.colcon_core.shell:Creating environment hook '/home/wings/Backscatter_UGV_ws/install/backscatter_rover_data_recorder/share/backscatter_rover_data_recorder/hook/pythonpath.ps1'
[3.120s] INFO:colcon.colcon_core.shell:Creating environment descriptor '/home/wings/Backscatter_UGV_ws/install/backscatter_rover_data_recorder/share/backscatter_rover_data_recorder/hook/pythonpath.dsv'
[3.121s] INFO:colcon.colcon_core.shell:Creating environment hook '/home/wings/Backscatter_UGV_ws/install/backscatter_rover_data_recorder/share/backscatter_rover_data_recorder/hook/pythonpath.sh'
[3.123s] Level 1:colcon.colcon_core.environment:checking '/home/wings/Backscatter_UGV_ws/install/backscatter_rover_data_recorder/bin'
[3.124s] Level 1:colcon.colcon_core.environment:create_environment_scripts_only(backscatter_rover_data_recorder)
[3.125s] INFO:colcon.colcon_core.shell:Creating package script '/home/wings/Backscatter_UGV_ws/install/backscatter_rover_data_recorder/share/backscatter_rover_data_recorder/package.ps1'
[3.127s] INFO:colcon.colcon_core.shell:Creating package descriptor '/home/wings/Backscatter_UGV_ws/install/backscatter_rover_data_recorder/share/backscatter_rover_data_recorder/package.dsv'
[3.128s] INFO:colcon.colcon_core.shell:Creating package script '/home/wings/Backscatter_UGV_ws/install/backscatter_rover_data_recorder/share/backscatter_rover_data_recorder/package.sh'
[3.130s] INFO:colcon.colcon_core.shell:Creating package script '/home/wings/Backscatter_UGV_ws/install/backscatter_rover_data_recorder/share/backscatter_rover_data_recorder/package.bash'
[3.131s] INFO:colcon.colcon_core.shell:Creating package script '/home/wings/Backscatter_UGV_ws/install/backscatter_rover_data_recorder/share/backscatter_rover_data_recorder/package.zsh'
[3.133s] Level 1:colcon.colcon_core.environment:create_file_with_runtime_dependencies(/home/wings/Backscatter_UGV_ws/install/backscatter_rover_data_recorder/share/colcon-core/packages/backscatter_rover_data_recorder)
[3.219s] DEBUG:colcon.colcon_core.event_handler.log_command:Invoking command in '/home/wings/Backscatter_UGV_ws/src/rospy_message_converter/rclpy_message_converter': CMAKE_PREFIX_PATH=/home/wings/Backscatter_UGV_ws/install/rclpy_message_converter_msgs:/home/wings/Backscatter_UGV_ws/install/slam_msgs:/home/wings/Backscatter_UGV_ws/install/backscatter_movement_record_msgs_srvs LD_LIBRARY_PATH=/home/wings/Backscatter_UGV_ws/install/rclpy_message_converter_msgs/lib:/home/wings/Backscatter_UGV_ws/install/slam_msgs/lib:/home/wings/Backscatter_UGV_ws/install/backscatter_movement_record_msgs_srvs/lib:/opt/ros/foxy/opt/yaml_cpp_vendor/lib:/opt/ros/foxy/opt/rviz_ogre_vendor/lib:/opt/ros/foxy/lib/aarch64-linux-gnu:/opt/ros/foxy/lib PYTHONPATH=/home/wings/Backscatter_UGV_ws/build/rclpy_message_converter/prefix_override:/usr/lib/python3/dist-packages/colcon_core/task/python/colcon_distutils_commands:/home/wings/Backscatter_UGV_ws/install/rclpy_message_converter/lib/python3.8/site-packages:/home/wings/Backscatter_UGV_ws/install/rclpy_message_converter_msgs/lib/python3.8/site-packages:/home/wings/Backscatter_UGV_ws/install/slam_msgs/lib/python3.8/site-packages:/home/wings/Backscatter_UGV_ws/install/rclpy_message_converter/lib/python3.8/site-packages:/home/wings/Backscatter_UGV_ws/install/backscatter_rover_data_recorder/lib/python3.8/site-packages:/home/wings/Backscatter_UGV_ws/install/backscatter_movement_record_msgs_srvs/lib/python3.8/site-packages:/opt/ros/foxy/lib/python3.8/site-packages /usr/bin/python3 -W ignore:setup.py install is deprecated -W ignore:easy_install command is deprecated setup.py egg_info --egg-base ../../../build/rclpy_message_converter build --build-base /home/wings/Backscatter_UGV_ws/build/rclpy_message_converter/build install --record /home/wings/Backscatter_UGV_ws/build/rclpy_message_converter/install.log --single-version-externally-managed install_data
[3.820s] Level 1:colcon.colcon_core.environment:checking '/home/wings/Backscatter_UGV_ws/install/rclpy_message_converter' for CMake module files
[3.822s] DEBUG:colcon.colcon_core.event_handler.log_command:Invoked command in '/home/wings/Backscatter_UGV_ws/src/rospy_message_converter/rclpy_message_converter' returned '0': CMAKE_PREFIX_PATH=/home/wings/Backscatter_UGV_ws/install/rclpy_message_converter_msgs:/home/wings/Backscatter_UGV_ws/install/slam_msgs:/home/wings/Backscatter_UGV_ws/install/backscatter_movement_record_msgs_srvs LD_LIBRARY_PATH=/home/wings/Backscatter_UGV_ws/install/rclpy_message_converter_msgs/lib:/home/wings/Backscatter_UGV_ws/install/slam_msgs/lib:/home/wings/Backscatter_UGV_ws/install/backscatter_movement_record_msgs_srvs/lib:/opt/ros/foxy/opt/yaml_cpp_vendor/lib:/opt/ros/foxy/opt/rviz_ogre_vendor/lib:/opt/ros/foxy/lib/aarch64-linux-gnu:/opt/ros/foxy/lib PYTHONPATH=/home/wings/Backscatter_UGV_ws/build/rclpy_message_converter/prefix_override:/usr/lib/python3/dist-packages/colcon_core/task/python/colcon_distutils_commands:/home/wings/Backscatter_UGV_ws/install/rclpy_message_converter/lib/python3.8/site-packages:/home/wings/Backscatter_UGV_ws/install/rclpy_message_converter_msgs/lib/python3.8/site-packages:/home/wings/Backscatter_UGV_ws/install/slam_msgs/lib/python3.8/site-packages:/home/wings/Backscatter_UGV_ws/install/rclpy_message_converter/lib/python3.8/site-packages:/home/wings/Backscatter_UGV_ws/install/backscatter_rover_data_recorder/lib/python3.8/site-packages:/home/wings/Backscatter_UGV_ws/install/backscatter_movement_record_msgs_srvs/lib/python3.8/site-packages:/opt/ros/foxy/lib/python3.8/site-packages /usr/bin/python3 -W ignore:setup.py install is deprecated -W ignore:easy_install command is deprecated setup.py egg_info --egg-base ../../../build/rclpy_message_converter build --build-base /home/wings/Backscatter_UGV_ws/build/rclpy_message_converter/build install --record /home/wings/Backscatter_UGV_ws/build/rclpy_message_converter/install.log --single-version-externally-managed install_data
[3.823s] Level 1:colcon.colcon_core.environment:checking '/home/wings/Backscatter_UGV_ws/install/rclpy_message_converter' for CMake config files
[3.825s] Level 1:colcon.colcon_core.environment:checking '/home/wings/Backscatter_UGV_ws/install/rclpy_message_converter/lib'
[3.826s] Level 1:colcon.colcon_core.environment:checking '/home/wings/Backscatter_UGV_ws/install/rclpy_message_converter/bin'
[3.826s] Level 1:colcon.colcon_core.environment:checking '/home/wings/Backscatter_UGV_ws/install/rclpy_message_converter/lib/pkgconfig/rclpy_message_converter.pc'
[3.827s] Level 1:colcon.colcon_core.environment:checking '/home/wings/Backscatter_UGV_ws/install/rclpy_message_converter/lib/python3.8/site-packages'
[3.827s] Level 1:colcon.colcon_core.shell:create_environment_hook('rclpy_message_converter', 'pythonpath')
[3.828s] INFO:colcon.colcon_core.shell:Creating environment hook '/home/wings/Backscatter_UGV_ws/install/rclpy_message_converter/share/rclpy_message_converter/hook/pythonpath.ps1'
[3.830s] INFO:colcon.colcon_core.shell:Creating environment descriptor '/home/wings/Backscatter_UGV_ws/install/rclpy_message_converter/share/rclpy_message_converter/hook/pythonpath.dsv'
[3.831s] INFO:colcon.colcon_core.shell:Creating environment hook '/home/wings/Backscatter_UGV_ws/install/rclpy_message_converter/share/rclpy_message_converter/hook/pythonpath.sh'
[3.834s] Level 1:colcon.colcon_core.environment:checking '/home/wings/Backscatter_UGV_ws/install/rclpy_message_converter/bin'
[3.834s] Level 1:colcon.colcon_core.environment:create_environment_scripts_only(rclpy_message_converter)
[3.835s] INFO:colcon.colcon_core.shell:Creating package script '/home/wings/Backscatter_UGV_ws/install/rclpy_message_converter/share/rclpy_message_converter/package.ps1'
[3.837s] INFO:colcon.colcon_core.shell:Creating package descriptor '/home/wings/Backscatter_UGV_ws/install/rclpy_message_converter/share/rclpy_message_converter/package.dsv'
[3.839s] INFO:colcon.colcon_core.shell:Creating package script '/home/wings/Backscatter_UGV_ws/install/rclpy_message_converter/share/rclpy_message_converter/package.sh'
[3.840s] INFO:colcon.colcon_core.shell:Creating package script '/home/wings/Backscatter_UGV_ws/install/rclpy_message_converter/share/rclpy_message_converter/package.bash'
[3.842s] INFO:colcon.colcon_core.shell:Creating package script '/home/wings/Backscatter_UGV_ws/install/rclpy_message_converter/share/rclpy_message_converter/package.zsh'
[3.843s] Level 1:colcon.colcon_core.environment:create_file_with_runtime_dependencies(/home/wings/Backscatter_UGV_ws/install/rclpy_message_converter/share/colcon-core/packages/rclpy_message_converter)
[3.844s] DEBUG:colcon.colcon_parallel_executor.executor.parallel:closing loop
[3.845s] DEBUG:colcon.colcon_parallel_executor.executor.parallel:loop closed
[3.846s] DEBUG:colcon.colcon_parallel_executor.executor.parallel:run_until_complete finished with '0'
[3.846s] DEBUG:colcon.colcon_core.event_reactor:joining thread
[3.865s] INFO:colcon.colcon_core.plugin_system:Skipping extension 'colcon_notification.desktop_notification.terminal_notifier': Not used on non-Darwin systems
[3.865s] INFO:colcon.colcon_core.plugin_system:Skipping extension 'colcon_notification.desktop_notification.win32': Not used on non-Windows systems
[3.865s] INFO:colcon.colcon_notification.desktop_notification:Sending desktop notification using 'notify2'
[3.889s] DEBUG:colcon.colcon_notification.desktop_notification.notify2:Failed to initialize notify2: org.freedesktop.DBus.Error.Spawn.ChildExited: Process org.freedesktop.Notifications exited with status 1
[3.889s] DEBUG:colcon.colcon_core.event_reactor:joined thread
[3.890s] INFO:colcon.colcon_core.shell:Creating prefix script '/home/wings/Backscatter_UGV_ws/install/local_setup.ps1'
[3.893s] INFO:colcon.colcon_core.shell:Creating prefix util module '/home/wings/Backscatter_UGV_ws/install/_local_setup_util_ps1.py'
[3.898s] INFO:colcon.colcon_core.shell:Creating prefix chain script '/home/wings/Backscatter_UGV_ws/install/setup.ps1'
[3.902s] INFO:colcon.colcon_core.shell:Creating prefix script '/home/wings/Backscatter_UGV_ws/install/local_setup.sh'
[3.904s] INFO:colcon.colcon_core.shell:Creating prefix util module '/home/wings/Backscatter_UGV_ws/install/_local_setup_util_sh.py'
[3.906s] INFO:colcon.colcon_core.shell:Creating prefix chain script '/home/wings/Backscatter_UGV_ws/install/setup.sh'
[3.911s] INFO:colcon.colcon_core.shell:Creating prefix script '/home/wings/Backscatter_UGV_ws/install/local_setup.bash'
[3.912s] INFO:colcon.colcon_core.shell:Creating prefix chain script '/home/wings/Backscatter_UGV_ws/install/setup.bash'
[3.916s] INFO:colcon.colcon_core.shell:Creating prefix script '/home/wings/Backscatter_UGV_ws/install/local_setup.zsh'
[3.917s] INFO:colcon.colcon_core.shell:Creating prefix chain script '/home/wings/Backscatter_UGV_ws/install/setup.zsh'
