[0.060s] Invoking command in '/home/wings/Backscatter_UGV_ws/build/rclpy_message_converter_msgs': CMAKE_PREFIX_PATH=/opt/ros/foxy /usr/bin/cmake /home/wings/Backscatter_UGV_ws/src/rospy_message_converter/rclpy_message_converter_msgs -DCMAKE_INSTALL_PREFIX=/home/wings/Backscatter_UGV_ws/install/rclpy_message_converter_msgs
[0.574s] -- The C compiler identification is GNU 9.4.0
[0.577s] -- The CXX compiler identification is GNU 9.4.0
[0.577s] -- Check for working C compiler: /usr/bin/cc
[0.613s] -- Check for working C compiler: /usr/bin/cc -- works
[0.616s] -- Detecting C compiler ABI info
[0.764s] -- Detecting C compiler ABI info - done
[0.772s] -- Detecting C compile features
[0.773s] -- Detecting C compile features - done
[0.779s] -- Check for working CXX compiler: /usr/bin/c++
[0.928s] -- Check for working CXX compiler: /usr/bin/c++ -- works
[0.930s] -- Detecting CXX compiler ABI info
[1.084s] -- Detecting CXX compiler ABI info - done
[1.118s] -- Detecting CXX compile features
[1.119s] -- Detecting CXX compile features - done
[1.125s] -- Found ament_cmake: 0.9.12 (/opt/ros/foxy/share/ament_cmake/cmake)
[1.175s] -- Found PythonInterp: /usr/bin/python3 (found suitable version "3.8.10", minimum required is "3") 
[1.176s] -- Using PYTHON_EXECUTABLE: /usr/bin/python3
[1.610s] -- Found builtin_interfaces: 1.0.0 (/opt/ros/foxy/share/builtin_interfaces/cmake)
[1.661s] -- Using all available rosidl_typesupport_c: rosidl_typesupport_fastrtps_c;rosidl_typesupport_introspection_c
[1.673s] -- Found rosidl_adapter: 1.3.1 (/opt/ros/foxy/share/rosidl_adapter/cmake)
[1.847s] -- Found OpenSSL: /usr/lib/aarch64-linux-gnu/libcrypto.so (found version "1.1.1f")  
[1.906s] -- Found FastRTPS: /opt/ros/foxy/include  
[2.063s] -- Using all available rosidl_typesupport_cpp: rosidl_typesupport_fastrtps_cpp;rosidl_typesupport_introspection_cpp
[2.119s] -- Found rosidl_default_generators: 1.0.1 (/opt/ros/foxy/share/rosidl_default_generators/cmake)
[2.185s] -- Found PythonInterp: /usr/bin/python3 (found version "3.8.10") 
[2.477s] -- Found ament_cmake_ros: 0.9.2 (/opt/ros/foxy/share/ament_cmake_ros/cmake)
[2.702s] -- Using all available rosidl_typesupport_c: rosidl_typesupport_fastrtps_c;rosidl_typesupport_introspection_c
[2.730s] -- Using all available rosidl_typesupport_cpp: rosidl_typesupport_fastrtps_cpp;rosidl_typesupport_introspection_cpp
[2.777s] -- Found PythonInterp: /usr/bin/python3 (found suitable version "3.8.10", minimum required is "3.5") 
[2.780s] -- Found python_cmake_module: 0.8.1 (/opt/ros/foxy/share/python_cmake_module/cmake)
[2.833s] -- Found PythonLibs: /usr/lib/aarch64-linux-gnu/libpython3.8.so (found suitable version "3.8.10", minimum required is "3.5") 
[2.833s] -- Using PYTHON_EXECUTABLE: /usr/bin/python3
[2.833s] -- Using PYTHON_INCLUDE_DIRS: /usr/include/python3.8
[2.834s] -- Using PYTHON_LIBRARIES: /usr/lib/aarch64-linux-gnu/libpython3.8.so
[2.875s] -- Found PythonExtra: .so  
[2.984s] -- Configuring done
[3.070s] -- Generating done
[3.095s] -- Build files have been written to: /home/wings/Backscatter_UGV_ws/build/rclpy_message_converter_msgs
[3.118s] Invoked command in '/home/wings/Backscatter_UGV_ws/build/rclpy_message_converter_msgs' returned '0': CMAKE_PREFIX_PATH=/opt/ros/foxy /usr/bin/cmake /home/wings/Backscatter_UGV_ws/src/rospy_message_converter/rclpy_message_converter_msgs -DCMAKE_INSTALL_PREFIX=/home/wings/Backscatter_UGV_ws/install/rclpy_message_converter_msgs
[3.127s] Invoking command in '/home/wings/Backscatter_UGV_ws/build/rclpy_message_converter_msgs': CMAKE_PREFIX_PATH=/opt/ros/foxy /usr/bin/cmake --build /home/wings/Backscatter_UGV_ws/build/rclpy_message_converter_msgs -- -j6 -l6
[3.206s] [  1%] [34m[1mGenerating C code for ROS interfaces[0m
[3.207s] [35m[1mScanning dependencies of target rclpy_message_converter_msgs__cpp[0m
[3.228s] [  3%] [34m[1mGenerating C++ code for ROS interfaces[0m
[4.201s] [  3%] Built target rclpy_message_converter_msgs__cpp
[4.235s] [  4%] [34m[1mGenerating C++ type support dispatch for ROS interfaces[0m
[4.238s] [  6%] [34m[1mGenerating C++ introspection for ROS interfaces[0m
[4.277s] [  7%] [34m[1mGenerating C++ type support for eProsima Fast-RTPS[0m
[4.397s] [35m[1mScanning dependencies of target rclpy_message_converter_msgs__rosidl_generator_c[0m
[4.488s] [  9%] [32mBuilding C object CMakeFiles/rclpy_message_converter_msgs__rosidl_generator_c.dir/rosidl_generator_c/rclpy_message_converter_msgs/msg/detail/test_array__functions.c.o[0m
[4.491s] [ 11%] [32mBuilding C object CMakeFiles/rclpy_message_converter_msgs__rosidl_generator_c.dir/rosidl_generator_c/rclpy_message_converter_msgs/msg/detail/nested_uint8_array_test_message__functions.c.o[0m
[4.491s] [ 12%] [32mBuilding C object CMakeFiles/rclpy_message_converter_msgs__rosidl_generator_c.dir/rosidl_generator_c/rclpy_message_converter_msgs/msg/detail/uint8_array3_test_message__functions.c.o[0m
[4.740s] [ 14%] [32mBuilding C object CMakeFiles/rclpy_message_converter_msgs__rosidl_generator_c.dir/rosidl_generator_c/rclpy_message_converter_msgs/msg/detail/uint8_array_test_message__functions.c.o[0m
[4.755s] [ 15%] [32mBuilding C object CMakeFiles/rclpy_message_converter_msgs__rosidl_generator_c.dir/rosidl_generator_c/rclpy_message_converter_msgs/srv/detail/nested_uint8_array_test_service__functions.c.o[0m
[4.999s] [ 17%] [32m[1mLinking C shared library librclpy_message_converter_msgs__rosidl_generator_c.so[0m
[5.097s] [35m[1mScanning dependencies of target rclpy_message_converter_msgs__rosidl_typesupport_cpp[0m
[5.181s] [ 19%] [32mBuilding CXX object CMakeFiles/rclpy_message_converter_msgs__rosidl_typesupport_cpp.dir/rosidl_typesupport_cpp/rclpy_message_converter_msgs/msg/nested_uint8_array_test_message__type_support.cpp.o[0m
[5.201s] [ 19%] Built target rclpy_message_converter_msgs__rosidl_generator_c
[5.212s] [ 20%] [32mBuilding CXX object CMakeFiles/rclpy_message_converter_msgs__rosidl_typesupport_cpp.dir/rosidl_typesupport_cpp/rclpy_message_converter_msgs/msg/test_array__type_support.cpp.o[0m
[5.264s] [ 22%] [32mBuilding CXX object CMakeFiles/rclpy_message_converter_msgs__rosidl_typesupport_cpp.dir/rosidl_typesupport_cpp/rclpy_message_converter_msgs/msg/uint8_array3_test_message__type_support.cpp.o[0m
[5.288s] [35m[1mScanning dependencies of target rclpy_message_converter_msgs__rosidl_typesupport_introspection_cpp[0m
[5.289s] [ 23%] [34m[1mGenerating C introspection for ROS interfaces[0m
[5.363s] [ 25%] [32mBuilding CXX object CMakeFiles/rclpy_message_converter_msgs__rosidl_typesupport_introspection_cpp.dir/rosidl_typesupport_introspection_cpp/rclpy_message_converter_msgs/msg/detail/nested_uint8_array_test_message__type_support.cpp.o[0m
[5.767s] [35m[1mScanning dependencies of target rclpy_message_converter_msgs__rosidl_typesupport_fastrtps_cpp[0m
[5.885s] [ 26%] [32mBuilding CXX object CMakeFiles/rclpy_message_converter_msgs__rosidl_typesupport_fastrtps_cpp.dir/rosidl_typesupport_fastrtps_cpp/rclpy_message_converter_msgs/msg/detail/dds_fastrtps/nested_uint8_array_test_message__type_support.cpp.o[0m
[6.484s] [ 28%] [32mBuilding CXX object CMakeFiles/rclpy_message_converter_msgs__rosidl_typesupport_cpp.dir/rosidl_typesupport_cpp/rclpy_message_converter_msgs/msg/uint8_array_test_message__type_support.cpp.o[0m
[6.637s] [ 30%] [32mBuilding CXX object CMakeFiles/rclpy_message_converter_msgs__rosidl_typesupport_cpp.dir/rosidl_typesupport_cpp/rclpy_message_converter_msgs/srv/nested_uint8_array_test_service__type_support.cpp.o[0m
[6.673s] [ 31%] [32mBuilding CXX object CMakeFiles/rclpy_message_converter_msgs__rosidl_typesupport_fastrtps_cpp.dir/rosidl_typesupport_fastrtps_cpp/rclpy_message_converter_msgs/msg/detail/dds_fastrtps/test_array__type_support.cpp.o[0m
[7.135s] [35m[1mScanning dependencies of target rclpy_message_converter_msgs__rosidl_typesupport_introspection_c[0m
[7.218s] [ 33%] [32mBuilding CXX object CMakeFiles/rclpy_message_converter_msgs__rosidl_typesupport_introspection_cpp.dir/rosidl_typesupport_introspection_cpp/rclpy_message_converter_msgs/msg/detail/test_array__type_support.cpp.o[0m
[7.226s] [ 34%] [32mBuilding C object CMakeFiles/rclpy_message_converter_msgs__rosidl_typesupport_introspection_c.dir/rosidl_typesupport_introspection_c/rclpy_message_converter_msgs/msg/detail/nested_uint8_array_test_message__type_support.c.o[0m
[7.425s] [ 36%] [32mBuilding C object CMakeFiles/rclpy_message_converter_msgs__rosidl_typesupport_introspection_c.dir/rosidl_typesupport_introspection_c/rclpy_message_converter_msgs/msg/detail/test_array__type_support.c.o[0m
[7.604s] [ 38%] [32mBuilding C object CMakeFiles/rclpy_message_converter_msgs__rosidl_typesupport_introspection_c.dir/rosidl_typesupport_introspection_c/rclpy_message_converter_msgs/msg/detail/uint8_array3_test_message__type_support.c.o[0m
[7.718s] [ 39%] [32mBuilding C object CMakeFiles/rclpy_message_converter_msgs__rosidl_typesupport_introspection_c.dir/rosidl_typesupport_introspection_c/rclpy_message_converter_msgs/msg/detail/uint8_array_test_message__type_support.c.o[0m
[7.736s] [ 41%] [32mBuilding C object CMakeFiles/rclpy_message_converter_msgs__rosidl_typesupport_introspection_c.dir/rosidl_typesupport_introspection_c/rclpy_message_converter_msgs/srv/detail/nested_uint8_array_test_service__type_support.c.o[0m
[7.858s] [ 42%] [32mBuilding CXX object CMakeFiles/rclpy_message_converter_msgs__rosidl_typesupport_introspection_cpp.dir/rosidl_typesupport_introspection_cpp/rclpy_message_converter_msgs/msg/detail/uint8_array3_test_message__type_support.cpp.o[0m
[7.885s] [ 44%] [32m[1mLinking C shared library librclpy_message_converter_msgs__rosidl_typesupport_introspection_c.so[0m
[7.936s] [ 46%] [32m[1mLinking CXX shared library librclpy_message_converter_msgs__rosidl_typesupport_cpp.so[0m
[8.077s] [ 46%] Built target rclpy_message_converter_msgs__rosidl_typesupport_introspection_c
[8.137s] [ 47%] [34m[1mGenerating C type support dispatch for ROS interfaces[0m
[8.168s] [ 47%] Built target rclpy_message_converter_msgs__rosidl_typesupport_cpp
[8.225s] [ 49%] [32mBuilding CXX object CMakeFiles/rclpy_message_converter_msgs__rosidl_typesupport_introspection_cpp.dir/rosidl_typesupport_introspection_cpp/rclpy_message_converter_msgs/msg/detail/uint8_array_test_message__type_support.cpp.o[0m
[8.508s] [ 50%] [32mBuilding CXX object CMakeFiles/rclpy_message_converter_msgs__rosidl_typesupport_introspection_cpp.dir/rosidl_typesupport_introspection_cpp/rclpy_message_converter_msgs/srv/detail/nested_uint8_array_test_service__type_support.cpp.o[0m
[8.680s] [ 52%] [32mBuilding CXX object CMakeFiles/rclpy_message_converter_msgs__rosidl_typesupport_fastrtps_cpp.dir/rosidl_typesupport_fastrtps_cpp/rclpy_message_converter_msgs/msg/detail/dds_fastrtps/uint8_array3_test_message__type_support.cpp.o[0m
[8.916s] [ 53%] [32mBuilding CXX object CMakeFiles/rclpy_message_converter_msgs__rosidl_typesupport_fastrtps_cpp.dir/rosidl_typesupport_fastrtps_cpp/rclpy_message_converter_msgs/msg/detail/dds_fastrtps/uint8_array_test_message__type_support.cpp.o[0m
[9.339s] [35m[1mScanning dependencies of target rclpy_message_converter_msgs__rosidl_typesupport_c[0m
[9.360s] [ 55%] [32mBuilding CXX object CMakeFiles/rclpy_message_converter_msgs__rosidl_typesupport_fastrtps_cpp.dir/rosidl_typesupport_fastrtps_cpp/rclpy_message_converter_msgs/srv/detail/dds_fastrtps/nested_uint8_array_test_service__type_support.cpp.o[0m
[9.394s] [ 57%] [32mBuilding CXX object CMakeFiles/rclpy_message_converter_msgs__rosidl_typesupport_c.dir/rosidl_typesupport_c/rclpy_message_converter_msgs/msg/nested_uint8_array_test_message__type_support.cpp.o[0m
[9.412s] [ 58%] [32mBuilding CXX object CMakeFiles/rclpy_message_converter_msgs__rosidl_typesupport_c.dir/rosidl_typesupport_c/rclpy_message_converter_msgs/msg/test_array__type_support.cpp.o[0m
[9.537s] [ 60%] [32mBuilding CXX object CMakeFiles/rclpy_message_converter_msgs__rosidl_typesupport_c.dir/rosidl_typesupport_c/rclpy_message_converter_msgs/msg/uint8_array3_test_message__type_support.cpp.o[0m
[9.558s] [ 61%] [32mBuilding CXX object CMakeFiles/rclpy_message_converter_msgs__rosidl_typesupport_c.dir/rosidl_typesupport_c/rclpy_message_converter_msgs/msg/uint8_array_test_message__type_support.cpp.o[0m
[9.649s] [ 63%] [32mBuilding CXX object CMakeFiles/rclpy_message_converter_msgs__rosidl_typesupport_c.dir/rosidl_typesupport_c/rclpy_message_converter_msgs/srv/nested_uint8_array_test_service__type_support.cpp.o[0m
[9.734s] [ 65%] [32m[1mLinking CXX shared library librclpy_message_converter_msgs__rosidl_typesupport_c.so[0m
[9.837s] [ 65%] Built target rclpy_message_converter_msgs__rosidl_typesupport_c
[9.962s] [ 66%] [32m[1mLinking CXX shared library librclpy_message_converter_msgs__rosidl_typesupport_introspection_cpp.so[0m
[10.303s] [ 66%] Built target rclpy_message_converter_msgs__rosidl_typesupport_introspection_cpp
[10.749s] [ 68%] [32m[1mLinking CXX shared library librclpy_message_converter_msgs__rosidl_typesupport_fastrtps_cpp.so[0m
[10.948s] [ 68%] Built target rclpy_message_converter_msgs__rosidl_typesupport_fastrtps_cpp
[10.970s] [ 69%] [34m[1mGenerating C type support for eProsima Fast-RTPS[0m
[12.024s] [35m[1mScanning dependencies of target rclpy_message_converter_msgs__rosidl_typesupport_fastrtps_c[0m
[12.117s] [ 71%] [32mBuilding CXX object CMakeFiles/rclpy_message_converter_msgs__rosidl_typesupport_fastrtps_c.dir/rosidl_typesupport_fastrtps_c/rclpy_message_converter_msgs/msg/detail/nested_uint8_array_test_message__type_support_c.cpp.o[0m
[12.127s] [ 73%] [32mBuilding CXX object CMakeFiles/rclpy_message_converter_msgs__rosidl_typesupport_fastrtps_c.dir/rosidl_typesupport_fastrtps_c/rclpy_message_converter_msgs/msg/detail/test_array__type_support_c.cpp.o[0m
[12.139s] [ 74%] [32mBuilding CXX object CMakeFiles/rclpy_message_converter_msgs__rosidl_typesupport_fastrtps_c.dir/rosidl_typesupport_fastrtps_c/rclpy_message_converter_msgs/msg/detail/uint8_array3_test_message__type_support_c.cpp.o[0m
[12.160s] [ 76%] [32mBuilding CXX object CMakeFiles/rclpy_message_converter_msgs__rosidl_typesupport_fastrtps_c.dir/rosidl_typesupport_fastrtps_c/rclpy_message_converter_msgs/msg/detail/uint8_array_test_message__type_support_c.cpp.o[0m
[12.191s] [ 77%] [32mBuilding CXX object CMakeFiles/rclpy_message_converter_msgs__rosidl_typesupport_fastrtps_c.dir/rosidl_typesupport_fastrtps_c/rclpy_message_converter_msgs/srv/detail/nested_uint8_array_test_service__type_support_c.cpp.o[0m
[13.848s] [ 79%] [32m[1mLinking CXX shared library librclpy_message_converter_msgs__rosidl_typesupport_fastrtps_c.so[0m
[14.103s] [ 79%] Built target rclpy_message_converter_msgs__rosidl_typesupport_fastrtps_c
[14.132s] [35m[1mScanning dependencies of target rclpy_message_converter_msgs[0m
[14.176s] [ 79%] Built target rclpy_message_converter_msgs
[14.199s] [35m[1mScanning dependencies of target rclpy_message_converter_msgs__py[0m
[14.222s] [ 80%] [34m[1mGenerating Python code for ROS interfaces[0m
[16.376s] [ 80%] Built target rclpy_message_converter_msgs__py
[16.425s] [35m[1mScanning dependencies of target rclpy_message_converter_msgs__python[0m
[16.500s] [ 82%] [32mBuilding C object CMakeFiles/rclpy_message_converter_msgs__python.dir/rosidl_generator_py/rclpy_message_converter_msgs/msg/_nested_uint8_array_test_message_s.c.o[0m
[16.518s] [ 84%] [32mBuilding C object CMakeFiles/rclpy_message_converter_msgs__python.dir/rosidl_generator_py/rclpy_message_converter_msgs/msg/_test_array_s.c.o[0m
[16.519s] [ 85%] [32mBuilding C object CMakeFiles/rclpy_message_converter_msgs__python.dir/rosidl_generator_py/rclpy_message_converter_msgs/msg/_uint8_array3_test_message_s.c.o[0m
[16.537s] [ 87%] [32mBuilding C object CMakeFiles/rclpy_message_converter_msgs__python.dir/rosidl_generator_py/rclpy_message_converter_msgs/srv/_nested_uint8_array_test_service_s.c.o[0m
[16.551s] [ 88%] [32mBuilding C object CMakeFiles/rclpy_message_converter_msgs__python.dir/rosidl_generator_py/rclpy_message_converter_msgs/msg/_uint8_array_test_message_s.c.o[0m
[16.953s] [ 90%] [32m[1mLinking C shared library rosidl_generator_py/rclpy_message_converter_msgs/librclpy_message_converter_msgs__python.so[0m
[17.102s] [ 90%] Built target rclpy_message_converter_msgs__python
[17.159s] [35m[1mScanning dependencies of target rclpy_message_converter_msgs__rosidl_typesupport_c__pyext[0m
[17.194s] [35m[1mScanning dependencies of target rclpy_message_converter_msgs__rosidl_typesupport_introspection_c__pyext[0m
[17.204s] [35m[1mScanning dependencies of target rclpy_message_converter_msgs__rosidl_typesupport_fastrtps_c__pyext[0m
[17.264s] [ 92%] [32mBuilding C object CMakeFiles/rclpy_message_converter_msgs__rosidl_typesupport_c__pyext.dir/rosidl_generator_py/rclpy_message_converter_msgs/_rclpy_message_converter_msgs_s.ep.rosidl_typesupport_c.c.o[0m
[17.268s] [ 93%] [32mBuilding C object CMakeFiles/rclpy_message_converter_msgs__rosidl_typesupport_fastrtps_c__pyext.dir/rosidl_generator_py/rclpy_message_converter_msgs/_rclpy_message_converter_msgs_s.ep.rosidl_typesupport_fastrtps_c.c.o[0m
[17.280s] [ 95%] [32mBuilding C object CMakeFiles/rclpy_message_converter_msgs__rosidl_typesupport_introspection_c__pyext.dir/rosidl_generator_py/rclpy_message_converter_msgs/_rclpy_message_converter_msgs_s.ep.rosidl_typesupport_introspection_c.c.o[0m
[17.707s] [ 96%] [32m[1mLinking CXX shared library rosidl_generator_py/rclpy_message_converter_msgs/rclpy_message_converter_msgs_s__rosidl_typesupport_fastrtps_c.cpython-38-aarch64-linux-gnu.so[0m
[17.738s] [ 98%] [32m[1mLinking C shared library rosidl_generator_py/rclpy_message_converter_msgs/rclpy_message_converter_msgs_s__rosidl_typesupport_c.cpython-38-aarch64-linux-gnu.so[0m
[17.754s] [100%] [32m[1mLinking C shared library rosidl_generator_py/rclpy_message_converter_msgs/rclpy_message_converter_msgs_s__rosidl_typesupport_introspection_c.cpython-38-aarch64-linux-gnu.so[0m
[17.917s] [100%] Built target rclpy_message_converter_msgs__rosidl_typesupport_fastrtps_c__pyext
[17.928s] [100%] Built target rclpy_message_converter_msgs__rosidl_typesupport_introspection_c__pyext
[17.944s] [100%] Built target rclpy_message_converter_msgs__rosidl_typesupport_c__pyext
[17.988s] Invoked command in '/home/wings/Backscatter_UGV_ws/build/rclpy_message_converter_msgs' returned '0': CMAKE_PREFIX_PATH=/opt/ros/foxy /usr/bin/cmake --build /home/wings/Backscatter_UGV_ws/build/rclpy_message_converter_msgs -- -j6 -l6
[17.990s] Invoking command in '/home/wings/Backscatter_UGV_ws/build/rclpy_message_converter_msgs': CMAKE_PREFIX_PATH=/opt/ros/foxy /usr/bin/cmake --install /home/wings/Backscatter_UGV_ws/build/rclpy_message_converter_msgs
[18.024s] -- Install configuration: ""
[18.025s] -- Installing: /home/wings/Backscatter_UGV_ws/install/rclpy_message_converter_msgs/share/ament_index/resource_index/rosidl_interfaces/rclpy_message_converter_msgs
[18.025s] -- Installing: /home/wings/Backscatter_UGV_ws/install/rclpy_message_converter_msgs/include/rclpy_message_converter_msgs
[18.025s] -- Installing: /home/wings/Backscatter_UGV_ws/install/rclpy_message_converter_msgs/include/rclpy_message_converter_msgs/srv
[18.026s] -- Installing: /home/wings/Backscatter_UGV_ws/install/rclpy_message_converter_msgs/include/rclpy_message_converter_msgs/srv/nested_uint8_array_test_service.h
[18.026s] -- Installing: /home/wings/Backscatter_UGV_ws/install/rclpy_message_converter_msgs/include/rclpy_message_converter_msgs/srv/detail
[18.026s] -- Installing: /home/wings/Backscatter_UGV_ws/install/rclpy_message_converter_msgs/include/rclpy_message_converter_msgs/srv/detail/nested_uint8_array_test_service__type_support.h
[18.026s] -- Installing: /home/wings/Backscatter_UGV_ws/install/rclpy_message_converter_msgs/include/rclpy_message_converter_msgs/srv/detail/nested_uint8_array_test_service__struct.h
[18.026s] -- Installing: /home/wings/Backscatter_UGV_ws/install/rclpy_message_converter_msgs/include/rclpy_message_converter_msgs/srv/detail/nested_uint8_array_test_service__functions.h
[18.026s] -- Installing: /home/wings/Backscatter_UGV_ws/install/rclpy_message_converter_msgs/include/rclpy_message_converter_msgs/srv/detail/nested_uint8_array_test_service__functions.c
[18.027s] -- Installing: /home/wings/Backscatter_UGV_ws/install/rclpy_message_converter_msgs/include/rclpy_message_converter_msgs/msg
[18.027s] -- Installing: /home/wings/Backscatter_UGV_ws/install/rclpy_message_converter_msgs/include/rclpy_message_converter_msgs/msg/uint8_array_test_message.h
[18.027s] -- Installing: /home/wings/Backscatter_UGV_ws/install/rclpy_message_converter_msgs/include/rclpy_message_converter_msgs/msg/detail
[18.027s] -- Installing: /home/wings/Backscatter_UGV_ws/install/rclpy_message_converter_msgs/include/rclpy_message_converter_msgs/msg/detail/uint8_array3_test_message__functions.c
[18.028s] -- Installing: /home/wings/Backscatter_UGV_ws/install/rclpy_message_converter_msgs/include/rclpy_message_converter_msgs/msg/detail/uint8_array_test_message__functions.h
[18.028s] -- Installing: /home/wings/Backscatter_UGV_ws/install/rclpy_message_converter_msgs/include/rclpy_message_converter_msgs/msg/detail/nested_uint8_array_test_message__functions.c
[18.028s] -- Installing: /home/wings/Backscatter_UGV_ws/install/rclpy_message_converter_msgs/include/rclpy_message_converter_msgs/msg/detail/test_array__functions.c
[18.028s] -- Installing: /home/wings/Backscatter_UGV_ws/install/rclpy_message_converter_msgs/include/rclpy_message_converter_msgs/msg/detail/test_array__functions.h
[18.028s] -- Installing: /home/wings/Backscatter_UGV_ws/install/rclpy_message_converter_msgs/include/rclpy_message_converter_msgs/msg/detail/uint8_array3_test_message__functions.h
[18.029s] -- Installing: /home/wings/Backscatter_UGV_ws/install/rclpy_message_converter_msgs/include/rclpy_message_converter_msgs/msg/detail/uint8_array3_test_message__struct.h
[18.029s] -- Installing: /home/wings/Backscatter_UGV_ws/install/rclpy_message_converter_msgs/include/rclpy_message_converter_msgs/msg/detail/nested_uint8_array_test_message__type_support.h
[18.029s] -- Installing: /home/wings/Backscatter_UGV_ws/install/rclpy_message_converter_msgs/include/rclpy_message_converter_msgs/msg/detail/test_array__struct.h
[18.029s] -- Installing: /home/wings/Backscatter_UGV_ws/install/rclpy_message_converter_msgs/include/rclpy_message_converter_msgs/msg/detail/uint8_array_test_message__functions.c
[18.029s] -- Installing: /home/wings/Backscatter_UGV_ws/install/rclpy_message_converter_msgs/include/rclpy_message_converter_msgs/msg/detail/uint8_array3_test_message__type_support.h
[18.030s] -- Installing: /home/wings/Backscatter_UGV_ws/install/rclpy_message_converter_msgs/include/rclpy_message_converter_msgs/msg/detail/test_array__type_support.h
[18.030s] -- Installing: /home/wings/Backscatter_UGV_ws/install/rclpy_message_converter_msgs/include/rclpy_message_converter_msgs/msg/detail/uint8_array_test_message__type_support.h
[18.030s] -- Installing: /home/wings/Backscatter_UGV_ws/install/rclpy_message_converter_msgs/include/rclpy_message_converter_msgs/msg/detail/uint8_array_test_message__struct.h
[18.030s] -- Installing: /home/wings/Backscatter_UGV_ws/install/rclpy_message_converter_msgs/include/rclpy_message_converter_msgs/msg/detail/nested_uint8_array_test_message__functions.h
[18.030s] -- Installing: /home/wings/Backscatter_UGV_ws/install/rclpy_message_converter_msgs/include/rclpy_message_converter_msgs/msg/detail/nested_uint8_array_test_message__struct.h
[18.031s] -- Installing: /home/wings/Backscatter_UGV_ws/install/rclpy_message_converter_msgs/include/rclpy_message_converter_msgs/msg/rosidl_generator_c__visibility_control.h
[18.031s] -- Installing: /home/wings/Backscatter_UGV_ws/install/rclpy_message_converter_msgs/include/rclpy_message_converter_msgs/msg/nested_uint8_array_test_message.h
[18.031s] -- Installing: /home/wings/Backscatter_UGV_ws/install/rclpy_message_converter_msgs/include/rclpy_message_converter_msgs/msg/test_array.h
[18.031s] -- Installing: /home/wings/Backscatter_UGV_ws/install/rclpy_message_converter_msgs/include/rclpy_message_converter_msgs/msg/uint8_array3_test_message.h
[18.032s] -- Installing: /home/wings/Backscatter_UGV_ws/install/rclpy_message_converter_msgs/share/rclpy_message_converter_msgs/environment/library_path.sh
[18.032s] -- Installing: /home/wings/Backscatter_UGV_ws/install/rclpy_message_converter_msgs/share/rclpy_message_converter_msgs/environment/library_path.dsv
[18.033s] -- Installing: /home/wings/Backscatter_UGV_ws/install/rclpy_message_converter_msgs/lib/librclpy_message_converter_msgs__rosidl_generator_c.so
[18.034s] -- Set runtime path of "/home/wings/Backscatter_UGV_ws/install/rclpy_message_converter_msgs/lib/librclpy_message_converter_msgs__rosidl_generator_c.so" to ""
[18.034s] -- Up-to-date: /home/wings/Backscatter_UGV_ws/install/rclpy_message_converter_msgs/include/rclpy_message_converter_msgs
[18.034s] -- Up-to-date: /home/wings/Backscatter_UGV_ws/install/rclpy_message_converter_msgs/include/rclpy_message_converter_msgs/srv
[18.034s] -- Up-to-date: /home/wings/Backscatter_UGV_ws/install/rclpy_message_converter_msgs/include/rclpy_message_converter_msgs/srv/detail
[18.035s] -- Installing: /home/wings/Backscatter_UGV_ws/install/rclpy_message_converter_msgs/include/rclpy_message_converter_msgs/srv/detail/nested_uint8_array_test_service__rosidl_typesupport_fastrtps_c.h
[18.035s] -- Up-to-date: /home/wings/Backscatter_UGV_ws/install/rclpy_message_converter_msgs/include/rclpy_message_converter_msgs/msg
[18.035s] -- Up-to-date: /home/wings/Backscatter_UGV_ws/install/rclpy_message_converter_msgs/include/rclpy_message_converter_msgs/msg/detail
[18.035s] -- Installing: /home/wings/Backscatter_UGV_ws/install/rclpy_message_converter_msgs/include/rclpy_message_converter_msgs/msg/detail/uint8_array_test_message__rosidl_typesupport_fastrtps_c.h
[18.036s] -- Installing: /home/wings/Backscatter_UGV_ws/install/rclpy_message_converter_msgs/include/rclpy_message_converter_msgs/msg/detail/test_array__rosidl_typesupport_fastrtps_c.h
[18.036s] -- Installing: /home/wings/Backscatter_UGV_ws/install/rclpy_message_converter_msgs/include/rclpy_message_converter_msgs/msg/detail/nested_uint8_array_test_message__rosidl_typesupport_fastrtps_c.h
[18.036s] -- Installing: /home/wings/Backscatter_UGV_ws/install/rclpy_message_converter_msgs/include/rclpy_message_converter_msgs/msg/detail/uint8_array3_test_message__rosidl_typesupport_fastrtps_c.h
[18.036s] -- Installing: /home/wings/Backscatter_UGV_ws/install/rclpy_message_converter_msgs/include/rclpy_message_converter_msgs/msg/rosidl_typesupport_fastrtps_c__visibility_control.h
[18.037s] -- Installing: /home/wings/Backscatter_UGV_ws/install/rclpy_message_converter_msgs/lib/librclpy_message_converter_msgs__rosidl_typesupport_fastrtps_c.so
[18.037s] -- Set runtime path of "/home/wings/Backscatter_UGV_ws/install/rclpy_message_converter_msgs/lib/librclpy_message_converter_msgs__rosidl_typesupport_fastrtps_c.so" to ""
[18.037s] -- Up-to-date: /home/wings/Backscatter_UGV_ws/install/rclpy_message_converter_msgs/include/rclpy_message_converter_msgs
[18.037s] -- Up-to-date: /home/wings/Backscatter_UGV_ws/install/rclpy_message_converter_msgs/include/rclpy_message_converter_msgs/srv
[18.038s] -- Up-to-date: /home/wings/Backscatter_UGV_ws/install/rclpy_message_converter_msgs/include/rclpy_message_converter_msgs/srv/detail
[18.038s] -- Installing: /home/wings/Backscatter_UGV_ws/install/rclpy_message_converter_msgs/include/rclpy_message_converter_msgs/srv/detail/nested_uint8_array_test_service__rosidl_typesupport_fastrtps_cpp.hpp
[18.038s] -- Installing: /home/wings/Backscatter_UGV_ws/install/rclpy_message_converter_msgs/include/rclpy_message_converter_msgs/srv/detail/dds_fastrtps
[18.038s] -- Up-to-date: /home/wings/Backscatter_UGV_ws/install/rclpy_message_converter_msgs/include/rclpy_message_converter_msgs/msg
[18.038s] -- Up-to-date: /home/wings/Backscatter_UGV_ws/install/rclpy_message_converter_msgs/include/rclpy_message_converter_msgs/msg/detail
[18.038s] -- Installing: /home/wings/Backscatter_UGV_ws/install/rclpy_message_converter_msgs/include/rclpy_message_converter_msgs/msg/detail/uint8_array3_test_message__rosidl_typesupport_fastrtps_cpp.hpp
[18.040s] -- Installing: /home/wings/Backscatter_UGV_ws/install/rclpy_message_converter_msgs/include/rclpy_message_converter_msgs/msg/detail/uint8_array_test_message__rosidl_typesupport_fastrtps_cpp.hpp
[18.040s] -- Installing: /home/wings/Backscatter_UGV_ws/install/rclpy_message_converter_msgs/include/rclpy_message_converter_msgs/msg/detail/nested_uint8_array_test_message__rosidl_typesupport_fastrtps_cpp.hpp
[18.041s] -- Installing: /home/wings/Backscatter_UGV_ws/install/rclpy_message_converter_msgs/include/rclpy_message_converter_msgs/msg/detail/test_array__rosidl_typesupport_fastrtps_cpp.hpp
[18.041s] -- Installing: /home/wings/Backscatter_UGV_ws/install/rclpy_message_converter_msgs/include/rclpy_message_converter_msgs/msg/detail/dds_fastrtps
[18.042s] -- Installing: /home/wings/Backscatter_UGV_ws/install/rclpy_message_converter_msgs/include/rclpy_message_converter_msgs/msg/rosidl_typesupport_fastrtps_cpp__visibility_control.h
[18.042s] -- Installing: /home/wings/Backscatter_UGV_ws/install/rclpy_message_converter_msgs/lib/librclpy_message_converter_msgs__rosidl_typesupport_fastrtps_cpp.so
[18.043s] -- Set runtime path of "/home/wings/Backscatter_UGV_ws/install/rclpy_message_converter_msgs/lib/librclpy_message_converter_msgs__rosidl_typesupport_fastrtps_cpp.so" to ""
[18.046s] -- Up-to-date: /home/wings/Backscatter_UGV_ws/install/rclpy_message_converter_msgs/include/rclpy_message_converter_msgs
[18.046s] -- Up-to-date: /home/wings/Backscatter_UGV_ws/install/rclpy_message_converter_msgs/include/rclpy_message_converter_msgs/srv
[18.046s] -- Up-to-date: /home/wings/Backscatter_UGV_ws/install/rclpy_message_converter_msgs/include/rclpy_message_converter_msgs/srv/detail
[18.046s] -- Installing: /home/wings/Backscatter_UGV_ws/install/rclpy_message_converter_msgs/include/rclpy_message_converter_msgs/srv/detail/nested_uint8_array_test_service__type_support.c
[18.047s] -- Installing: /home/wings/Backscatter_UGV_ws/install/rclpy_message_converter_msgs/include/rclpy_message_converter_msgs/srv/detail/nested_uint8_array_test_service__rosidl_typesupport_introspection_c.h
[18.047s] -- Up-to-date: /home/wings/Backscatter_UGV_ws/install/rclpy_message_converter_msgs/include/rclpy_message_converter_msgs/msg
[18.047s] -- Installing: /home/wings/Backscatter_UGV_ws/install/rclpy_message_converter_msgs/include/rclpy_message_converter_msgs/msg/rosidl_typesupport_introspection_c__visibility_control.h
[18.048s] -- Up-to-date: /home/wings/Backscatter_UGV_ws/install/rclpy_message_converter_msgs/include/rclpy_message_converter_msgs/msg/detail
[18.048s] -- Installing: /home/wings/Backscatter_UGV_ws/install/rclpy_message_converter_msgs/include/rclpy_message_converter_msgs/msg/detail/uint8_array3_test_message__type_support.c
[18.048s] -- Installing: /home/wings/Backscatter_UGV_ws/install/rclpy_message_converter_msgs/include/rclpy_message_converter_msgs/msg/detail/test_array__type_support.c
[18.048s] -- Installing: /home/wings/Backscatter_UGV_ws/install/rclpy_message_converter_msgs/include/rclpy_message_converter_msgs/msg/detail/nested_uint8_array_test_message__rosidl_typesupport_introspection_c.h
[18.048s] -- Installing: /home/wings/Backscatter_UGV_ws/install/rclpy_message_converter_msgs/include/rclpy_message_converter_msgs/msg/detail/nested_uint8_array_test_message__type_support.c
[18.049s] -- Installing: /home/wings/Backscatter_UGV_ws/install/rclpy_message_converter_msgs/include/rclpy_message_converter_msgs/msg/detail/test_array__rosidl_typesupport_introspection_c.h
[18.049s] -- Installing: /home/wings/Backscatter_UGV_ws/install/rclpy_message_converter_msgs/include/rclpy_message_converter_msgs/msg/detail/uint8_array_test_message__type_support.c
[18.050s] -- Installing: /home/wings/Backscatter_UGV_ws/install/rclpy_message_converter_msgs/include/rclpy_message_converter_msgs/msg/detail/uint8_array_test_message__rosidl_typesupport_introspection_c.h
[18.050s] -- Installing: /home/wings/Backscatter_UGV_ws/install/rclpy_message_converter_msgs/include/rclpy_message_converter_msgs/msg/detail/uint8_array3_test_message__rosidl_typesupport_introspection_c.h
[18.051s] -- Installing: /home/wings/Backscatter_UGV_ws/install/rclpy_message_converter_msgs/lib/librclpy_message_converter_msgs__rosidl_typesupport_introspection_c.so
[18.052s] -- Set runtime path of "/home/wings/Backscatter_UGV_ws/install/rclpy_message_converter_msgs/lib/librclpy_message_converter_msgs__rosidl_typesupport_introspection_c.so" to ""
[18.052s] -- Installing: /home/wings/Backscatter_UGV_ws/install/rclpy_message_converter_msgs/lib/librclpy_message_converter_msgs__rosidl_typesupport_c.so
[18.053s] -- Set runtime path of "/home/wings/Backscatter_UGV_ws/install/rclpy_message_converter_msgs/lib/librclpy_message_converter_msgs__rosidl_typesupport_c.so" to ""
[18.053s] -- Up-to-date: /home/wings/Backscatter_UGV_ws/install/rclpy_message_converter_msgs/include/rclpy_message_converter_msgs
[18.055s] -- Up-to-date: /home/wings/Backscatter_UGV_ws/install/rclpy_message_converter_msgs/include/rclpy_message_converter_msgs/srv
[18.056s] -- Up-to-date: /home/wings/Backscatter_UGV_ws/install/rclpy_message_converter_msgs/include/rclpy_message_converter_msgs/srv/detail
[18.056s] -- Installing: /home/wings/Backscatter_UGV_ws/install/rclpy_message_converter_msgs/include/rclpy_message_converter_msgs/srv/detail/nested_uint8_array_test_service__type_support.hpp
[18.057s] -- Installing: /home/wings/Backscatter_UGV_ws/install/rclpy_message_converter_msgs/include/rclpy_message_converter_msgs/srv/detail/nested_uint8_array_test_service__struct.hpp
[18.058s] -- Installing: /home/wings/Backscatter_UGV_ws/install/rclpy_message_converter_msgs/include/rclpy_message_converter_msgs/srv/detail/nested_uint8_array_test_service__builder.hpp
[18.058s] -- Installing: /home/wings/Backscatter_UGV_ws/install/rclpy_message_converter_msgs/include/rclpy_message_converter_msgs/srv/detail/nested_uint8_array_test_service__traits.hpp
[18.058s] -- Installing: /home/wings/Backscatter_UGV_ws/install/rclpy_message_converter_msgs/include/rclpy_message_converter_msgs/srv/nested_uint8_array_test_service.hpp
[18.059s] -- Up-to-date: /home/wings/Backscatter_UGV_ws/install/rclpy_message_converter_msgs/include/rclpy_message_converter_msgs/msg
[18.059s] -- Installing: /home/wings/Backscatter_UGV_ws/install/rclpy_message_converter_msgs/include/rclpy_message_converter_msgs/msg/nested_uint8_array_test_message.hpp
[18.064s] -- Installing: /home/wings/Backscatter_UGV_ws/install/rclpy_message_converter_msgs/include/rclpy_message_converter_msgs/msg/test_array.hpp
[18.065s] -- Installing: /home/wings/Backscatter_UGV_ws/install/rclpy_message_converter_msgs/include/rclpy_message_converter_msgs/msg/uint8_array_test_message.hpp
[18.065s] -- Installing: /home/wings/Backscatter_UGV_ws/install/rclpy_message_converter_msgs/include/rclpy_message_converter_msgs/msg/uint8_array3_test_message.hpp
[18.065s] -- Up-to-date: /home/wings/Backscatter_UGV_ws/install/rclpy_message_converter_msgs/include/rclpy_message_converter_msgs/msg/detail
[18.065s] -- Installing: /home/wings/Backscatter_UGV_ws/install/rclpy_message_converter_msgs/include/rclpy_message_converter_msgs/msg/detail/test_array__builder.hpp
[18.065s] -- Installing: /home/wings/Backscatter_UGV_ws/install/rclpy_message_converter_msgs/include/rclpy_message_converter_msgs/msg/detail/test_array__struct.hpp
[18.066s] -- Installing: /home/wings/Backscatter_UGV_ws/install/rclpy_message_converter_msgs/include/rclpy_message_converter_msgs/msg/detail/test_array__type_support.hpp
[18.066s] -- Installing: /home/wings/Backscatter_UGV_ws/install/rclpy_message_converter_msgs/include/rclpy_message_converter_msgs/msg/detail/nested_uint8_array_test_message__traits.hpp
[18.066s] -- Installing: /home/wings/Backscatter_UGV_ws/install/rclpy_message_converter_msgs/include/rclpy_message_converter_msgs/msg/detail/nested_uint8_array_test_message__type_support.hpp
[18.066s] -- Installing: /home/wings/Backscatter_UGV_ws/install/rclpy_message_converter_msgs/include/rclpy_message_converter_msgs/msg/detail/uint8_array3_test_message__struct.hpp
[18.066s] -- Installing: /home/wings/Backscatter_UGV_ws/install/rclpy_message_converter_msgs/include/rclpy_message_converter_msgs/msg/detail/uint8_array_test_message__struct.hpp
[18.066s] -- Installing: /home/wings/Backscatter_UGV_ws/install/rclpy_message_converter_msgs/include/rclpy_message_converter_msgs/msg/detail/uint8_array_test_message__type_support.hpp
[18.066s] -- Installing: /home/wings/Backscatter_UGV_ws/install/rclpy_message_converter_msgs/include/rclpy_message_converter_msgs/msg/detail/uint8_array_test_message__builder.hpp
[18.066s] -- Installing: /home/wings/Backscatter_UGV_ws/install/rclpy_message_converter_msgs/include/rclpy_message_converter_msgs/msg/detail/test_array__traits.hpp
[18.067s] -- Installing: /home/wings/Backscatter_UGV_ws/install/rclpy_message_converter_msgs/include/rclpy_message_converter_msgs/msg/detail/uint8_array3_test_message__type_support.hpp
[18.067s] -- Installing: /home/wings/Backscatter_UGV_ws/install/rclpy_message_converter_msgs/include/rclpy_message_converter_msgs/msg/detail/uint8_array3_test_message__builder.hpp
[18.067s] -- Installing: /home/wings/Backscatter_UGV_ws/install/rclpy_message_converter_msgs/include/rclpy_message_converter_msgs/msg/detail/uint8_array_test_message__traits.hpp
[18.067s] -- Installing: /home/wings/Backscatter_UGV_ws/install/rclpy_message_converter_msgs/include/rclpy_message_converter_msgs/msg/detail/nested_uint8_array_test_message__struct.hpp
[18.067s] -- Installing: /home/wings/Backscatter_UGV_ws/install/rclpy_message_converter_msgs/include/rclpy_message_converter_msgs/msg/detail/nested_uint8_array_test_message__builder.hpp
[18.067s] -- Installing: /home/wings/Backscatter_UGV_ws/install/rclpy_message_converter_msgs/include/rclpy_message_converter_msgs/msg/detail/uint8_array3_test_message__traits.hpp
[18.067s] -- Installing: /home/wings/Backscatter_UGV_ws/install/rclpy_message_converter_msgs/include/rclpy_message_converter_msgs/msg/rosidl_generator_cpp__visibility_control.hpp
[18.067s] -- Up-to-date: /home/wings/Backscatter_UGV_ws/install/rclpy_message_converter_msgs/include/rclpy_message_converter_msgs
[18.068s] -- Up-to-date: /home/wings/Backscatter_UGV_ws/install/rclpy_message_converter_msgs/include/rclpy_message_converter_msgs/srv
[18.068s] -- Up-to-date: /home/wings/Backscatter_UGV_ws/install/rclpy_message_converter_msgs/include/rclpy_message_converter_msgs/srv/detail
[18.068s] -- Installing: /home/wings/Backscatter_UGV_ws/install/rclpy_message_converter_msgs/include/rclpy_message_converter_msgs/srv/detail/nested_uint8_array_test_service__type_support.cpp
[18.068s] -- Installing: /home/wings/Backscatter_UGV_ws/install/rclpy_message_converter_msgs/include/rclpy_message_converter_msgs/srv/detail/nested_uint8_array_test_service__rosidl_typesupport_introspection_cpp.hpp
[18.068s] -- Up-to-date: /home/wings/Backscatter_UGV_ws/install/rclpy_message_converter_msgs/include/rclpy_message_converter_msgs/msg
[18.068s] -- Up-to-date: /home/wings/Backscatter_UGV_ws/install/rclpy_message_converter_msgs/include/rclpy_message_converter_msgs/msg/detail
[18.068s] -- Installing: /home/wings/Backscatter_UGV_ws/install/rclpy_message_converter_msgs/include/rclpy_message_converter_msgs/msg/detail/test_array__type_support.cpp
[18.068s] -- Installing: /home/wings/Backscatter_UGV_ws/install/rclpy_message_converter_msgs/include/rclpy_message_converter_msgs/msg/detail/nested_uint8_array_test_message__type_support.cpp
[18.068s] -- Installing: /home/wings/Backscatter_UGV_ws/install/rclpy_message_converter_msgs/include/rclpy_message_converter_msgs/msg/detail/uint8_array_test_message__rosidl_typesupport_introspection_cpp.hpp
[18.069s] -- Installing: /home/wings/Backscatter_UGV_ws/install/rclpy_message_converter_msgs/include/rclpy_message_converter_msgs/msg/detail/nested_uint8_array_test_message__rosidl_typesupport_introspection_cpp.hpp
[18.069s] -- Installing: /home/wings/Backscatter_UGV_ws/install/rclpy_message_converter_msgs/include/rclpy_message_converter_msgs/msg/detail/uint8_array3_test_message__type_support.cpp
[18.069s] -- Installing: /home/wings/Backscatter_UGV_ws/install/rclpy_message_converter_msgs/include/rclpy_message_converter_msgs/msg/detail/uint8_array_test_message__type_support.cpp
[18.069s] -- Installing: /home/wings/Backscatter_UGV_ws/install/rclpy_message_converter_msgs/include/rclpy_message_converter_msgs/msg/detail/uint8_array3_test_message__rosidl_typesupport_introspection_cpp.hpp
[18.069s] -- Installing: /home/wings/Backscatter_UGV_ws/install/rclpy_message_converter_msgs/include/rclpy_message_converter_msgs/msg/detail/test_array__rosidl_typesupport_introspection_cpp.hpp
[18.069s] -- Installing: /home/wings/Backscatter_UGV_ws/install/rclpy_message_converter_msgs/lib/librclpy_message_converter_msgs__rosidl_typesupport_introspection_cpp.so
[18.069s] -- Set runtime path of "/home/wings/Backscatter_UGV_ws/install/rclpy_message_converter_msgs/lib/librclpy_message_converter_msgs__rosidl_typesupport_introspection_cpp.so" to ""
[18.069s] -- Installing: /home/wings/Backscatter_UGV_ws/install/rclpy_message_converter_msgs/lib/librclpy_message_converter_msgs__rosidl_typesupport_cpp.so
[18.070s] -- Set runtime path of "/home/wings/Backscatter_UGV_ws/install/rclpy_message_converter_msgs/lib/librclpy_message_converter_msgs__rosidl_typesupport_cpp.so" to ""
[18.070s] -- Installing: /home/wings/Backscatter_UGV_ws/install/rclpy_message_converter_msgs/share/rclpy_message_converter_msgs/environment/pythonpath.sh
[18.070s] -- Installing: /home/wings/Backscatter_UGV_ws/install/rclpy_message_converter_msgs/share/rclpy_message_converter_msgs/environment/pythonpath.dsv
[18.070s] -- Installing: /home/wings/Backscatter_UGV_ws/install/rclpy_message_converter_msgs/lib/python3.8/site-packages/rclpy_message_converter_msgs/__init__.py
[18.128s] Compiling '/home/wings/Backscatter_UGV_ws/install/rclpy_message_converter_msgs/lib/python3.8/site-packages/rclpy_message_converter_msgs/__init__.py'...
[18.142s] -- Installing: /home/wings/Backscatter_UGV_ws/install/rclpy_message_converter_msgs/lib/python3.8/site-packages/rclpy_message_converter_msgs/msg
[18.143s] -- Installing: /home/wings/Backscatter_UGV_ws/install/rclpy_message_converter_msgs/lib/python3.8/site-packages/rclpy_message_converter_msgs/msg/_uint8_array_test_message_s.c
[18.143s] -- Installing: /home/wings/Backscatter_UGV_ws/install/rclpy_message_converter_msgs/lib/python3.8/site-packages/rclpy_message_converter_msgs/msg/_nested_uint8_array_test_message_s.c
[18.143s] -- Installing: /home/wings/Backscatter_UGV_ws/install/rclpy_message_converter_msgs/lib/python3.8/site-packages/rclpy_message_converter_msgs/msg/_uint8_array3_test_message.py
[18.143s] -- Installing: /home/wings/Backscatter_UGV_ws/install/rclpy_message_converter_msgs/lib/python3.8/site-packages/rclpy_message_converter_msgs/msg/_test_array_s.c
[18.144s] -- Installing: /home/wings/Backscatter_UGV_ws/install/rclpy_message_converter_msgs/lib/python3.8/site-packages/rclpy_message_converter_msgs/msg/_test_array.py
[18.144s] -- Installing: /home/wings/Backscatter_UGV_ws/install/rclpy_message_converter_msgs/lib/python3.8/site-packages/rclpy_message_converter_msgs/msg/_uint8_array_test_message.py
[18.144s] -- Installing: /home/wings/Backscatter_UGV_ws/install/rclpy_message_converter_msgs/lib/python3.8/site-packages/rclpy_message_converter_msgs/msg/__init__.py
[18.144s] -- Installing: /home/wings/Backscatter_UGV_ws/install/rclpy_message_converter_msgs/lib/python3.8/site-packages/rclpy_message_converter_msgs/msg/_uint8_array3_test_message_s.c
[18.144s] -- Installing: /home/wings/Backscatter_UGV_ws/install/rclpy_message_converter_msgs/lib/python3.8/site-packages/rclpy_message_converter_msgs/msg/_nested_uint8_array_test_message.py
[18.145s] -- Installing: /home/wings/Backscatter_UGV_ws/install/rclpy_message_converter_msgs/lib/python3.8/site-packages/rclpy_message_converter_msgs/srv
[18.145s] -- Installing: /home/wings/Backscatter_UGV_ws/install/rclpy_message_converter_msgs/lib/python3.8/site-packages/rclpy_message_converter_msgs/srv/_nested_uint8_array_test_service_s.c
[18.145s] -- Installing: /home/wings/Backscatter_UGV_ws/install/rclpy_message_converter_msgs/lib/python3.8/site-packages/rclpy_message_converter_msgs/srv/__init__.py
[18.145s] -- Installing: /home/wings/Backscatter_UGV_ws/install/rclpy_message_converter_msgs/lib/python3.8/site-packages/rclpy_message_converter_msgs/srv/_nested_uint8_array_test_service.py
[18.146s] -- Installing: /home/wings/Backscatter_UGV_ws/install/rclpy_message_converter_msgs/lib/python3.8/site-packages/rclpy_message_converter_msgs/rclpy_message_converter_msgs_s__rosidl_typesupport_fastrtps_c.cpython-38-aarch64-linux-gnu.so
[18.148s] -- Set runtime path of "/home/wings/Backscatter_UGV_ws/install/rclpy_message_converter_msgs/lib/python3.8/site-packages/rclpy_message_converter_msgs/rclpy_message_converter_msgs_s__rosidl_typesupport_fastrtps_c.cpython-38-aarch64-linux-gnu.so" to ""
[18.148s] -- Installing: /home/wings/Backscatter_UGV_ws/install/rclpy_message_converter_msgs/lib/python3.8/site-packages/rclpy_message_converter_msgs/rclpy_message_converter_msgs_s__rosidl_typesupport_introspection_c.cpython-38-aarch64-linux-gnu.so
[18.149s] -- Set runtime path of "/home/wings/Backscatter_UGV_ws/install/rclpy_message_converter_msgs/lib/python3.8/site-packages/rclpy_message_converter_msgs/rclpy_message_converter_msgs_s__rosidl_typesupport_introspection_c.cpython-38-aarch64-linux-gnu.so" to ""
[18.150s] -- Installing: /home/wings/Backscatter_UGV_ws/install/rclpy_message_converter_msgs/lib/python3.8/site-packages/rclpy_message_converter_msgs/rclpy_message_converter_msgs_s__rosidl_typesupport_c.cpython-38-aarch64-linux-gnu.so
[18.151s] -- Set runtime path of "/home/wings/Backscatter_UGV_ws/install/rclpy_message_converter_msgs/lib/python3.8/site-packages/rclpy_message_converter_msgs/rclpy_message_converter_msgs_s__rosidl_typesupport_c.cpython-38-aarch64-linux-gnu.so" to ""
[18.151s] -- Installing: /home/wings/Backscatter_UGV_ws/install/rclpy_message_converter_msgs/lib/librclpy_message_converter_msgs__python.so
[18.152s] -- Set runtime path of "/home/wings/Backscatter_UGV_ws/install/rclpy_message_converter_msgs/lib/librclpy_message_converter_msgs__python.so" to ""
[18.152s] -- Installing: /home/wings/Backscatter_UGV_ws/install/rclpy_message_converter_msgs/share/rclpy_message_converter_msgs/msg/NestedUint8ArrayTestMessage.idl
[18.153s] -- Installing: /home/wings/Backscatter_UGV_ws/install/rclpy_message_converter_msgs/share/rclpy_message_converter_msgs/msg/TestArray.idl
[18.153s] -- Installing: /home/wings/Backscatter_UGV_ws/install/rclpy_message_converter_msgs/share/rclpy_message_converter_msgs/msg/Uint8Array3TestMessage.idl
[18.153s] -- Installing: /home/wings/Backscatter_UGV_ws/install/rclpy_message_converter_msgs/share/rclpy_message_converter_msgs/msg/Uint8ArrayTestMessage.idl
[18.154s] -- Installing: /home/wings/Backscatter_UGV_ws/install/rclpy_message_converter_msgs/share/rclpy_message_converter_msgs/srv/NestedUint8ArrayTestService.idl
[18.154s] -- Installing: /home/wings/Backscatter_UGV_ws/install/rclpy_message_converter_msgs/share/rclpy_message_converter_msgs/msg/NestedUint8ArrayTestMessage.msg
[18.155s] -- Installing: /home/wings/Backscatter_UGV_ws/install/rclpy_message_converter_msgs/share/rclpy_message_converter_msgs/msg/TestArray.msg
[18.155s] -- Installing: /home/wings/Backscatter_UGV_ws/install/rclpy_message_converter_msgs/share/rclpy_message_converter_msgs/msg/Uint8Array3TestMessage.msg
[18.155s] -- Installing: /home/wings/Backscatter_UGV_ws/install/rclpy_message_converter_msgs/share/rclpy_message_converter_msgs/msg/Uint8ArrayTestMessage.msg
[18.155s] -- Installing: /home/wings/Backscatter_UGV_ws/install/rclpy_message_converter_msgs/share/rclpy_message_converter_msgs/srv/NestedUint8ArrayTestService.srv
[18.156s] -- Installing: /home/wings/Backscatter_UGV_ws/install/rclpy_message_converter_msgs/share/rclpy_message_converter_msgs/srv/NestedUint8ArrayTestService_Request.msg
[18.156s] -- Installing: /home/wings/Backscatter_UGV_ws/install/rclpy_message_converter_msgs/share/rclpy_message_converter_msgs/srv/NestedUint8ArrayTestService_Response.msg
[18.156s] -- Installing: /home/wings/Backscatter_UGV_ws/install/rclpy_message_converter_msgs/share/ament_index/resource_index/package_run_dependencies/rclpy_message_converter_msgs
[18.157s] -- Installing: /home/wings/Backscatter_UGV_ws/install/rclpy_message_converter_msgs/share/ament_index/resource_index/parent_prefix_path/rclpy_message_converter_msgs
[18.157s] -- Installing: /home/wings/Backscatter_UGV_ws/install/rclpy_message_converter_msgs/share/rclpy_message_converter_msgs/environment/ament_prefix_path.sh
[18.158s] -- Installing: /home/wings/Backscatter_UGV_ws/install/rclpy_message_converter_msgs/share/rclpy_message_converter_msgs/environment/ament_prefix_path.dsv
[18.158s] -- Installing: /home/wings/Backscatter_UGV_ws/install/rclpy_message_converter_msgs/share/rclpy_message_converter_msgs/environment/path.sh
[18.158s] -- Installing: /home/wings/Backscatter_UGV_ws/install/rclpy_message_converter_msgs/share/rclpy_message_converter_msgs/environment/path.dsv
[18.158s] -- Installing: /home/wings/Backscatter_UGV_ws/install/rclpy_message_converter_msgs/share/rclpy_message_converter_msgs/local_setup.bash
[18.159s] -- Installing: /home/wings/Backscatter_UGV_ws/install/rclpy_message_converter_msgs/share/rclpy_message_converter_msgs/local_setup.sh
[18.159s] -- Installing: /home/wings/Backscatter_UGV_ws/install/rclpy_message_converter_msgs/share/rclpy_message_converter_msgs/local_setup.zsh
[18.160s] -- Installing: /home/wings/Backscatter_UGV_ws/install/rclpy_message_converter_msgs/share/rclpy_message_converter_msgs/local_setup.dsv
[18.161s] -- Installing: /home/wings/Backscatter_UGV_ws/install/rclpy_message_converter_msgs/share/rclpy_message_converter_msgs/package.dsv
[18.162s] -- Installing: /home/wings/Backscatter_UGV_ws/install/rclpy_message_converter_msgs/share/ament_index/resource_index/packages/rclpy_message_converter_msgs
[18.164s] -- Installing: /home/wings/Backscatter_UGV_ws/install/rclpy_message_converter_msgs/share/rclpy_message_converter_msgs/cmake/rclpy_message_converter_msgs__rosidl_generator_cExport.cmake
[18.165s] -- Installing: /home/wings/Backscatter_UGV_ws/install/rclpy_message_converter_msgs/share/rclpy_message_converter_msgs/cmake/rclpy_message_converter_msgs__rosidl_generator_cExport-noconfig.cmake
[18.166s] -- Installing: /home/wings/Backscatter_UGV_ws/install/rclpy_message_converter_msgs/share/rclpy_message_converter_msgs/cmake/rclpy_message_converter_msgs__rosidl_typesupport_introspection_cExport.cmake
[18.166s] -- Installing: /home/wings/Backscatter_UGV_ws/install/rclpy_message_converter_msgs/share/rclpy_message_converter_msgs/cmake/rclpy_message_converter_msgs__rosidl_typesupport_introspection_cExport-noconfig.cmake
[18.167s] -- Installing: /home/wings/Backscatter_UGV_ws/install/rclpy_message_converter_msgs/share/rclpy_message_converter_msgs/cmake/rclpy_message_converter_msgs__rosidl_typesupport_cExport.cmake
[18.168s] -- Installing: /home/wings/Backscatter_UGV_ws/install/rclpy_message_converter_msgs/share/rclpy_message_converter_msgs/cmake/rclpy_message_converter_msgs__rosidl_typesupport_cExport-noconfig.cmake
[18.169s] -- Installing: /home/wings/Backscatter_UGV_ws/install/rclpy_message_converter_msgs/share/rclpy_message_converter_msgs/cmake/rclpy_message_converter_msgs__rosidl_generator_cppExport.cmake
[18.170s] -- Installing: /home/wings/Backscatter_UGV_ws/install/rclpy_message_converter_msgs/share/rclpy_message_converter_msgs/cmake/rclpy_message_converter_msgs__rosidl_typesupport_introspection_cppExport.cmake
[18.171s] -- Installing: /home/wings/Backscatter_UGV_ws/install/rclpy_message_converter_msgs/share/rclpy_message_converter_msgs/cmake/rclpy_message_converter_msgs__rosidl_typesupport_introspection_cppExport-noconfig.cmake
[18.172s] -- Installing: /home/wings/Backscatter_UGV_ws/install/rclpy_message_converter_msgs/share/rclpy_message_converter_msgs/cmake/rclpy_message_converter_msgs__rosidl_typesupport_cppExport.cmake
[18.173s] -- Installing: /home/wings/Backscatter_UGV_ws/install/rclpy_message_converter_msgs/share/rclpy_message_converter_msgs/cmake/rclpy_message_converter_msgs__rosidl_typesupport_cppExport-noconfig.cmake
[18.174s] -- Installing: /home/wings/Backscatter_UGV_ws/install/rclpy_message_converter_msgs/share/rclpy_message_converter_msgs/cmake/rosidl_cmake-extras.cmake
[18.175s] -- Installing: /home/wings/Backscatter_UGV_ws/install/rclpy_message_converter_msgs/share/rclpy_message_converter_msgs/cmake/ament_cmake_export_dependencies-extras.cmake
[18.176s] -- Installing: /home/wings/Backscatter_UGV_ws/install/rclpy_message_converter_msgs/share/rclpy_message_converter_msgs/cmake/ament_cmake_export_libraries-extras.cmake
[18.177s] -- Installing: /home/wings/Backscatter_UGV_ws/install/rclpy_message_converter_msgs/share/rclpy_message_converter_msgs/cmake/ament_cmake_export_targets-extras.cmake
[18.178s] -- Installing: /home/wings/Backscatter_UGV_ws/install/rclpy_message_converter_msgs/share/rclpy_message_converter_msgs/cmake/ament_cmake_export_include_directories-extras.cmake
[18.179s] -- Installing: /home/wings/Backscatter_UGV_ws/install/rclpy_message_converter_msgs/share/rclpy_message_converter_msgs/cmake/rosidl_cmake_export_typesupport_libraries-extras.cmake
[18.180s] -- Installing: /home/wings/Backscatter_UGV_ws/install/rclpy_message_converter_msgs/share/rclpy_message_converter_msgs/cmake/rosidl_cmake_export_typesupport_targets-extras.cmake
[18.180s] -- Installing: /home/wings/Backscatter_UGV_ws/install/rclpy_message_converter_msgs/share/rclpy_message_converter_msgs/cmake/rclpy_message_converter_msgsConfig.cmake
[18.181s] -- Installing: /home/wings/Backscatter_UGV_ws/install/rclpy_message_converter_msgs/share/rclpy_message_converter_msgs/cmake/rclpy_message_converter_msgsConfig-version.cmake
[18.182s] -- Installing: /home/wings/Backscatter_UGV_ws/install/rclpy_message_converter_msgs/share/rclpy_message_converter_msgs/package.xml
[18.191s] Invoked command in '/home/wings/Backscatter_UGV_ws/build/rclpy_message_converter_msgs' returned '0': CMAKE_PREFIX_PATH=/opt/ros/foxy /usr/bin/cmake --install /home/wings/Backscatter_UGV_ws/build/rclpy_message_converter_msgs
