[  1%] Built target rclpy_message_converter_msgs__cpp
[ 12%] Built target rclpy_message_converter_msgs__rosidl_generator_c
[ 34%] Built target rclpy_message_converter_msgs__rosidl_typesupport_fastrtps_cpp
[ 34%] Built target rclpy_message_converter_msgs__rosidl_typesupport_introspection_cpp
[ 46%] Built target rclpy_message_converter_msgs__rosidl_typesupport_cpp
[ 68%] Built target rclpy_message_converter_msgs__rosidl_typesupport_c
[ 68%] Built target rclpy_message_converter_msgs__rosidl_typesupport_introspection_c
[ 79%] Built target rclpy_message_converter_msgs__rosidl_typesupport_fastrtps_c
[ 79%] Built target rclpy_message_converter_msgs
[ 80%] Built target rclpy_message_converter_msgs__py
[ 90%] Built target rclpy_message_converter_msgs__python
[100%] Built target rclpy_message_converter_msgs__rosidl_typesupport_fastrtps_c__pyext
[100%] Built target rclpy_message_converter_msgs__rosidl_typesupport_introspection_c__pyext
[100%] Built target rclpy_message_converter_msgs__rosidl_typesupport_c__pyext
-- Install configuration: ""
-- Up-to-date: /home/wings/Backscatter_UGV_ws/install/rclpy_message_converter_msgs/share/ament_index/resource_index/rosidl_interfaces/rclpy_message_converter_msgs
-- Up-to-date: /home/wings/Backscatter_UGV_ws/install/rclpy_message_converter_msgs/include/rclpy_message_converter_msgs
-- Up-to-date: /home/wings/Backscatter_UGV_ws/install/rclpy_message_converter_msgs/include/rclpy_message_converter_msgs/srv
-- Up-to-date: /home/wings/Backscatter_UGV_ws/install/rclpy_message_converter_msgs/include/rclpy_message_converter_msgs/srv/nested_uint8_array_test_service.h
-- Up-to-date: /home/wings/Backscatter_UGV_ws/install/rclpy_message_converter_msgs/include/rclpy_message_converter_msgs/srv/detail
-- Up-to-date: /home/wings/Backscatter_UGV_ws/install/rclpy_message_converter_msgs/include/rclpy_message_converter_msgs/srv/detail/nested_uint8_array_test_service__type_support.h
-- Up-to-date: /home/wings/Backscatter_UGV_ws/install/rclpy_message_converter_msgs/include/rclpy_message_converter_msgs/srv/detail/nested_uint8_array_test_service__struct.h
-- Up-to-date: /home/wings/Backscatter_UGV_ws/install/rclpy_message_converter_msgs/include/rclpy_message_converter_msgs/srv/detail/nested_uint8_array_test_service__functions.h
-- Up-to-date: /home/wings/Backscatter_UGV_ws/install/rclpy_message_converter_msgs/include/rclpy_message_converter_msgs/srv/detail/nested_uint8_array_test_service__functions.c
-- Up-to-date: /home/wings/Backscatter_UGV_ws/install/rclpy_message_converter_msgs/include/rclpy_message_converter_msgs/msg
-- Up-to-date: /home/wings/Backscatter_UGV_ws/install/rclpy_message_converter_msgs/include/rclpy_message_converter_msgs/msg/uint8_array_test_message.h
-- Up-to-date: /home/wings/Backscatter_UGV_ws/install/rclpy_message_converter_msgs/include/rclpy_message_converter_msgs/msg/detail
-- Up-to-date: /home/wings/Backscatter_UGV_ws/install/rclpy_message_converter_msgs/include/rclpy_message_converter_msgs/msg/detail/uint8_array3_test_message__functions.c
-- Up-to-date: /home/wings/Backscatter_UGV_ws/install/rclpy_message_converter_msgs/include/rclpy_message_converter_msgs/msg/detail/uint8_array_test_message__functions.h
-- Up-to-date: /home/wings/Backscatter_UGV_ws/install/rclpy_message_converter_msgs/include/rclpy_message_converter_msgs/msg/detail/nested_uint8_array_test_message__functions.c
-- Up-to-date: /home/wings/Backscatter_UGV_ws/install/rclpy_message_converter_msgs/include/rclpy_message_converter_msgs/msg/detail/test_array__functions.c
-- Up-to-date: /home/wings/Backscatter_UGV_ws/install/rclpy_message_converter_msgs/include/rclpy_message_converter_msgs/msg/detail/test_array__functions.h
-- Up-to-date: /home/wings/Backscatter_UGV_ws/install/rclpy_message_converter_msgs/include/rclpy_message_converter_msgs/msg/detail/uint8_array3_test_message__functions.h
-- Up-to-date: /home/wings/Backscatter_UGV_ws/install/rclpy_message_converter_msgs/include/rclpy_message_converter_msgs/msg/detail/uint8_array3_test_message__struct.h
-- Up-to-date: /home/wings/Backscatter_UGV_ws/install/rclpy_message_converter_msgs/include/rclpy_message_converter_msgs/msg/detail/nested_uint8_array_test_message__type_support.h
-- Up-to-date: /home/wings/Backscatter_UGV_ws/install/rclpy_message_converter_msgs/include/rclpy_message_converter_msgs/msg/detail/test_array__struct.h
-- Up-to-date: /home/wings/Backscatter_UGV_ws/install/rclpy_message_converter_msgs/include/rclpy_message_converter_msgs/msg/detail/uint8_array_test_message__functions.c
-- Up-to-date: /home/wings/Backscatter_UGV_ws/install/rclpy_message_converter_msgs/include/rclpy_message_converter_msgs/msg/detail/uint8_array3_test_message__type_support.h
-- Up-to-date: /home/wings/Backscatter_UGV_ws/install/rclpy_message_converter_msgs/include/rclpy_message_converter_msgs/msg/detail/test_array__type_support.h
-- Up-to-date: /home/wings/Backscatter_UGV_ws/install/rclpy_message_converter_msgs/include/rclpy_message_converter_msgs/msg/detail/uint8_array_test_message__type_support.h
-- Up-to-date: /home/wings/Backscatter_UGV_ws/install/rclpy_message_converter_msgs/include/rclpy_message_converter_msgs/msg/detail/uint8_array_test_message__struct.h
-- Up-to-date: /home/wings/Backscatter_UGV_ws/install/rclpy_message_converter_msgs/include/rclpy_message_converter_msgs/msg/detail/nested_uint8_array_test_message__functions.h
-- Up-to-date: /home/wings/Backscatter_UGV_ws/install/rclpy_message_converter_msgs/include/rclpy_message_converter_msgs/msg/detail/nested_uint8_array_test_message__struct.h
-- Up-to-date: /home/wings/Backscatter_UGV_ws/install/rclpy_message_converter_msgs/include/rclpy_message_converter_msgs/msg/rosidl_generator_c__visibility_control.h
-- Up-to-date: /home/wings/Backscatter_UGV_ws/install/rclpy_message_converter_msgs/include/rclpy_message_converter_msgs/msg/nested_uint8_array_test_message.h
-- Up-to-date: /home/wings/Backscatter_UGV_ws/install/rclpy_message_converter_msgs/include/rclpy_message_converter_msgs/msg/test_array.h
-- Up-to-date: /home/wings/Backscatter_UGV_ws/install/rclpy_message_converter_msgs/include/rclpy_message_converter_msgs/msg/uint8_array3_test_message.h
-- Up-to-date: /home/wings/Backscatter_UGV_ws/install/rclpy_message_converter_msgs/share/rclpy_message_converter_msgs/environment/library_path.sh
-- Up-to-date: /home/wings/Backscatter_UGV_ws/install/rclpy_message_converter_msgs/share/rclpy_message_converter_msgs/environment/library_path.dsv
-- Up-to-date: /home/wings/Backscatter_UGV_ws/install/rclpy_message_converter_msgs/lib/librclpy_message_converter_msgs__rosidl_generator_c.so
-- Up-to-date: /home/wings/Backscatter_UGV_ws/install/rclpy_message_converter_msgs/include/rclpy_message_converter_msgs
-- Up-to-date: /home/wings/Backscatter_UGV_ws/install/rclpy_message_converter_msgs/include/rclpy_message_converter_msgs/srv
-- Up-to-date: /home/wings/Backscatter_UGV_ws/install/rclpy_message_converter_msgs/include/rclpy_message_converter_msgs/srv/detail
-- Up-to-date: /home/wings/Backscatter_UGV_ws/install/rclpy_message_converter_msgs/include/rclpy_message_converter_msgs/srv/detail/nested_uint8_array_test_service__rosidl_typesupport_fastrtps_c.h
-- Up-to-date: /home/wings/Backscatter_UGV_ws/install/rclpy_message_converter_msgs/include/rclpy_message_converter_msgs/msg
-- Up-to-date: /home/wings/Backscatter_UGV_ws/install/rclpy_message_converter_msgs/include/rclpy_message_converter_msgs/msg/detail
-- Up-to-date: /home/wings/Backscatter_UGV_ws/install/rclpy_message_converter_msgs/include/rclpy_message_converter_msgs/msg/detail/uint8_array_test_message__rosidl_typesupport_fastrtps_c.h
-- Up-to-date: /home/wings/Backscatter_UGV_ws/install/rclpy_message_converter_msgs/include/rclpy_message_converter_msgs/msg/detail/test_array__rosidl_typesupport_fastrtps_c.h
-- Up-to-date: /home/wings/Backscatter_UGV_ws/install/rclpy_message_converter_msgs/include/rclpy_message_converter_msgs/msg/detail/nested_uint8_array_test_message__rosidl_typesupport_fastrtps_c.h
-- Up-to-date: /home/wings/Backscatter_UGV_ws/install/rclpy_message_converter_msgs/include/rclpy_message_converter_msgs/msg/detail/uint8_array3_test_message__rosidl_typesupport_fastrtps_c.h
-- Up-to-date: /home/wings/Backscatter_UGV_ws/install/rclpy_message_converter_msgs/include/rclpy_message_converter_msgs/msg/rosidl_typesupport_fastrtps_c__visibility_control.h
-- Up-to-date: /home/wings/Backscatter_UGV_ws/install/rclpy_message_converter_msgs/lib/librclpy_message_converter_msgs__rosidl_typesupport_fastrtps_c.so
-- Up-to-date: /home/wings/Backscatter_UGV_ws/install/rclpy_message_converter_msgs/include/rclpy_message_converter_msgs
-- Up-to-date: /home/wings/Backscatter_UGV_ws/install/rclpy_message_converter_msgs/include/rclpy_message_converter_msgs/srv
-- Up-to-date: /home/wings/Backscatter_UGV_ws/install/rclpy_message_converter_msgs/include/rclpy_message_converter_msgs/srv/detail
-- Up-to-date: /home/wings/Backscatter_UGV_ws/install/rclpy_message_converter_msgs/include/rclpy_message_converter_msgs/srv/detail/nested_uint8_array_test_service__rosidl_typesupport_fastrtps_cpp.hpp
-- Up-to-date: /home/wings/Backscatter_UGV_ws/install/rclpy_message_converter_msgs/include/rclpy_message_converter_msgs/srv/detail/dds_fastrtps
-- Up-to-date: /home/wings/Backscatter_UGV_ws/install/rclpy_message_converter_msgs/include/rclpy_message_converter_msgs/msg
-- Up-to-date: /home/wings/Backscatter_UGV_ws/install/rclpy_message_converter_msgs/include/rclpy_message_converter_msgs/msg/detail
-- Up-to-date: /home/wings/Backscatter_UGV_ws/install/rclpy_message_converter_msgs/include/rclpy_message_converter_msgs/msg/detail/uint8_array3_test_message__rosidl_typesupport_fastrtps_cpp.hpp
-- Up-to-date: /home/wings/Backscatter_UGV_ws/install/rclpy_message_converter_msgs/include/rclpy_message_converter_msgs/msg/detail/uint8_array_test_message__rosidl_typesupport_fastrtps_cpp.hpp
-- Up-to-date: /home/wings/Backscatter_UGV_ws/install/rclpy_message_converter_msgs/include/rclpy_message_converter_msgs/msg/detail/nested_uint8_array_test_message__rosidl_typesupport_fastrtps_cpp.hpp
-- Up-to-date: /home/wings/Backscatter_UGV_ws/install/rclpy_message_converter_msgs/include/rclpy_message_converter_msgs/msg/detail/test_array__rosidl_typesupport_fastrtps_cpp.hpp
-- Up-to-date: /home/wings/Backscatter_UGV_ws/install/rclpy_message_converter_msgs/include/rclpy_message_converter_msgs/msg/detail/dds_fastrtps
-- Up-to-date: /home/wings/Backscatter_UGV_ws/install/rclpy_message_converter_msgs/include/rclpy_message_converter_msgs/msg/rosidl_typesupport_fastrtps_cpp__visibility_control.h
-- Up-to-date: /home/wings/Backscatter_UGV_ws/install/rclpy_message_converter_msgs/lib/librclpy_message_converter_msgs__rosidl_typesupport_fastrtps_cpp.so
-- Up-to-date: /home/wings/Backscatter_UGV_ws/install/rclpy_message_converter_msgs/include/rclpy_message_converter_msgs
-- Up-to-date: /home/wings/Backscatter_UGV_ws/install/rclpy_message_converter_msgs/include/rclpy_message_converter_msgs/srv
-- Up-to-date: /home/wings/Backscatter_UGV_ws/install/rclpy_message_converter_msgs/include/rclpy_message_converter_msgs/srv/detail
-- Up-to-date: /home/wings/Backscatter_UGV_ws/install/rclpy_message_converter_msgs/include/rclpy_message_converter_msgs/srv/detail/nested_uint8_array_test_service__type_support.c
-- Up-to-date: /home/wings/Backscatter_UGV_ws/install/rclpy_message_converter_msgs/include/rclpy_message_converter_msgs/srv/detail/nested_uint8_array_test_service__rosidl_typesupport_introspection_c.h
-- Up-to-date: /home/wings/Backscatter_UGV_ws/install/rclpy_message_converter_msgs/include/rclpy_message_converter_msgs/msg
-- Up-to-date: /home/wings/Backscatter_UGV_ws/install/rclpy_message_converter_msgs/include/rclpy_message_converter_msgs/msg/rosidl_typesupport_introspection_c__visibility_control.h
-- Up-to-date: /home/wings/Backscatter_UGV_ws/install/rclpy_message_converter_msgs/include/rclpy_message_converter_msgs/msg/detail
-- Up-to-date: /home/wings/Backscatter_UGV_ws/install/rclpy_message_converter_msgs/include/rclpy_message_converter_msgs/msg/detail/uint8_array3_test_message__type_support.c
-- Up-to-date: /home/wings/Backscatter_UGV_ws/install/rclpy_message_converter_msgs/include/rclpy_message_converter_msgs/msg/detail/test_array__type_support.c
-- Up-to-date: /home/wings/Backscatter_UGV_ws/install/rclpy_message_converter_msgs/include/rclpy_message_converter_msgs/msg/detail/nested_uint8_array_test_message__rosidl_typesupport_introspection_c.h
-- Up-to-date: /home/wings/Backscatter_UGV_ws/install/rclpy_message_converter_msgs/include/rclpy_message_converter_msgs/msg/detail/nested_uint8_array_test_message__type_support.c
-- Up-to-date: /home/wings/Backscatter_UGV_ws/install/rclpy_message_converter_msgs/include/rclpy_message_converter_msgs/msg/detail/test_array__rosidl_typesupport_introspection_c.h
-- Up-to-date: /home/wings/Backscatter_UGV_ws/install/rclpy_message_converter_msgs/include/rclpy_message_converter_msgs/msg/detail/uint8_array_test_message__type_support.c
-- Up-to-date: /home/wings/Backscatter_UGV_ws/install/rclpy_message_converter_msgs/include/rclpy_message_converter_msgs/msg/detail/uint8_array_test_message__rosidl_typesupport_introspection_c.h
-- Up-to-date: /home/wings/Backscatter_UGV_ws/install/rclpy_message_converter_msgs/include/rclpy_message_converter_msgs/msg/detail/uint8_array3_test_message__rosidl_typesupport_introspection_c.h
-- Up-to-date: /home/wings/Backscatter_UGV_ws/install/rclpy_message_converter_msgs/lib/librclpy_message_converter_msgs__rosidl_typesupport_introspection_c.so
-- Up-to-date: /home/wings/Backscatter_UGV_ws/install/rclpy_message_converter_msgs/lib/librclpy_message_converter_msgs__rosidl_typesupport_c.so
-- Up-to-date: /home/wings/Backscatter_UGV_ws/install/rclpy_message_converter_msgs/include/rclpy_message_converter_msgs
-- Up-to-date: /home/wings/Backscatter_UGV_ws/install/rclpy_message_converter_msgs/include/rclpy_message_converter_msgs/srv
-- Up-to-date: /home/wings/Backscatter_UGV_ws/install/rclpy_message_converter_msgs/include/rclpy_message_converter_msgs/srv/detail
-- Up-to-date: /home/wings/Backscatter_UGV_ws/install/rclpy_message_converter_msgs/include/rclpy_message_converter_msgs/srv/detail/nested_uint8_array_test_service__type_support.hpp
-- Up-to-date: /home/wings/Backscatter_UGV_ws/install/rclpy_message_converter_msgs/include/rclpy_message_converter_msgs/srv/detail/nested_uint8_array_test_service__struct.hpp
-- Up-to-date: /home/wings/Backscatter_UGV_ws/install/rclpy_message_converter_msgs/include/rclpy_message_converter_msgs/srv/detail/nested_uint8_array_test_service__builder.hpp
-- Up-to-date: /home/wings/Backscatter_UGV_ws/install/rclpy_message_converter_msgs/include/rclpy_message_converter_msgs/srv/detail/nested_uint8_array_test_service__traits.hpp
-- Up-to-date: /home/wings/Backscatter_UGV_ws/install/rclpy_message_converter_msgs/include/rclpy_message_converter_msgs/srv/nested_uint8_array_test_service.hpp
-- Up-to-date: /home/wings/Backscatter_UGV_ws/install/rclpy_message_converter_msgs/include/rclpy_message_converter_msgs/msg
-- Up-to-date: /home/wings/Backscatter_UGV_ws/install/rclpy_message_converter_msgs/include/rclpy_message_converter_msgs/msg/nested_uint8_array_test_message.hpp
-- Up-to-date: /home/wings/Backscatter_UGV_ws/install/rclpy_message_converter_msgs/include/rclpy_message_converter_msgs/msg/test_array.hpp
-- Up-to-date: /home/wings/Backscatter_UGV_ws/install/rclpy_message_converter_msgs/include/rclpy_message_converter_msgs/msg/uint8_array_test_message.hpp
-- Up-to-date: /home/wings/Backscatter_UGV_ws/install/rclpy_message_converter_msgs/include/rclpy_message_converter_msgs/msg/uint8_array3_test_message.hpp
-- Up-to-date: /home/wings/Backscatter_UGV_ws/install/rclpy_message_converter_msgs/include/rclpy_message_converter_msgs/msg/detail
-- Up-to-date: /home/wings/Backscatter_UGV_ws/install/rclpy_message_converter_msgs/include/rclpy_message_converter_msgs/msg/detail/test_array__builder.hpp
-- Up-to-date: /home/wings/Backscatter_UGV_ws/install/rclpy_message_converter_msgs/include/rclpy_message_converter_msgs/msg/detail/test_array__struct.hpp
-- Up-to-date: /home/wings/Backscatter_UGV_ws/install/rclpy_message_converter_msgs/include/rclpy_message_converter_msgs/msg/detail/test_array__type_support.hpp
-- Up-to-date: /home/wings/Backscatter_UGV_ws/install/rclpy_message_converter_msgs/include/rclpy_message_converter_msgs/msg/detail/nested_uint8_array_test_message__traits.hpp
-- Up-to-date: /home/wings/Backscatter_UGV_ws/install/rclpy_message_converter_msgs/include/rclpy_message_converter_msgs/msg/detail/nested_uint8_array_test_message__type_support.hpp
-- Up-to-date: /home/wings/Backscatter_UGV_ws/install/rclpy_message_converter_msgs/include/rclpy_message_converter_msgs/msg/detail/uint8_array3_test_message__struct.hpp
-- Up-to-date: /home/wings/Backscatter_UGV_ws/install/rclpy_message_converter_msgs/include/rclpy_message_converter_msgs/msg/detail/uint8_array_test_message__struct.hpp
-- Up-to-date: /home/wings/Backscatter_UGV_ws/install/rclpy_message_converter_msgs/include/rclpy_message_converter_msgs/msg/detail/uint8_array_test_message__type_support.hpp
-- Up-to-date: /home/wings/Backscatter_UGV_ws/install/rclpy_message_converter_msgs/include/rclpy_message_converter_msgs/msg/detail/uint8_array_test_message__builder.hpp
-- Up-to-date: /home/wings/Backscatter_UGV_ws/install/rclpy_message_converter_msgs/include/rclpy_message_converter_msgs/msg/detail/test_array__traits.hpp
-- Up-to-date: /home/wings/Backscatter_UGV_ws/install/rclpy_message_converter_msgs/include/rclpy_message_converter_msgs/msg/detail/uint8_array3_test_message__type_support.hpp
-- Up-to-date: /home/wings/Backscatter_UGV_ws/install/rclpy_message_converter_msgs/include/rclpy_message_converter_msgs/msg/detail/uint8_array3_test_message__builder.hpp
-- Up-to-date: /home/wings/Backscatter_UGV_ws/install/rclpy_message_converter_msgs/include/rclpy_message_converter_msgs/msg/detail/uint8_array_test_message__traits.hpp
-- Up-to-date: /home/wings/Backscatter_UGV_ws/install/rclpy_message_converter_msgs/include/rclpy_message_converter_msgs/msg/detail/nested_uint8_array_test_message__struct.hpp
-- Up-to-date: /home/wings/Backscatter_UGV_ws/install/rclpy_message_converter_msgs/include/rclpy_message_converter_msgs/msg/detail/nested_uint8_array_test_message__builder.hpp
-- Up-to-date: /home/wings/Backscatter_UGV_ws/install/rclpy_message_converter_msgs/include/rclpy_message_converter_msgs/msg/detail/uint8_array3_test_message__traits.hpp
-- Up-to-date: /home/wings/Backscatter_UGV_ws/install/rclpy_message_converter_msgs/include/rclpy_message_converter_msgs/msg/rosidl_generator_cpp__visibility_control.hpp
-- Up-to-date: /home/wings/Backscatter_UGV_ws/install/rclpy_message_converter_msgs/include/rclpy_message_converter_msgs
-- Up-to-date: /home/wings/Backscatter_UGV_ws/install/rclpy_message_converter_msgs/include/rclpy_message_converter_msgs/srv
-- Up-to-date: /home/wings/Backscatter_UGV_ws/install/rclpy_message_converter_msgs/include/rclpy_message_converter_msgs/srv/detail
-- Up-to-date: /home/wings/Backscatter_UGV_ws/install/rclpy_message_converter_msgs/include/rclpy_message_converter_msgs/srv/detail/nested_uint8_array_test_service__type_support.cpp
-- Up-to-date: /home/wings/Backscatter_UGV_ws/install/rclpy_message_converter_msgs/include/rclpy_message_converter_msgs/srv/detail/nested_uint8_array_test_service__rosidl_typesupport_introspection_cpp.hpp
-- Up-to-date: /home/wings/Backscatter_UGV_ws/install/rclpy_message_converter_msgs/include/rclpy_message_converter_msgs/msg
-- Up-to-date: /home/wings/Backscatter_UGV_ws/install/rclpy_message_converter_msgs/include/rclpy_message_converter_msgs/msg/detail
-- Up-to-date: /home/wings/Backscatter_UGV_ws/install/rclpy_message_converter_msgs/include/rclpy_message_converter_msgs/msg/detail/test_array__type_support.cpp
-- Up-to-date: /home/wings/Backscatter_UGV_ws/install/rclpy_message_converter_msgs/include/rclpy_message_converter_msgs/msg/detail/nested_uint8_array_test_message__type_support.cpp
-- Up-to-date: /home/wings/Backscatter_UGV_ws/install/rclpy_message_converter_msgs/include/rclpy_message_converter_msgs/msg/detail/uint8_array_test_message__rosidl_typesupport_introspection_cpp.hpp
-- Up-to-date: /home/wings/Backscatter_UGV_ws/install/rclpy_message_converter_msgs/include/rclpy_message_converter_msgs/msg/detail/nested_uint8_array_test_message__rosidl_typesupport_introspection_cpp.hpp
-- Up-to-date: /home/wings/Backscatter_UGV_ws/install/rclpy_message_converter_msgs/include/rclpy_message_converter_msgs/msg/detail/uint8_array3_test_message__type_support.cpp
-- Up-to-date: /home/wings/Backscatter_UGV_ws/install/rclpy_message_converter_msgs/include/rclpy_message_converter_msgs/msg/detail/uint8_array_test_message__type_support.cpp
-- Up-to-date: /home/wings/Backscatter_UGV_ws/install/rclpy_message_converter_msgs/include/rclpy_message_converter_msgs/msg/detail/uint8_array3_test_message__rosidl_typesupport_introspection_cpp.hpp
-- Up-to-date: /home/wings/Backscatter_UGV_ws/install/rclpy_message_converter_msgs/include/rclpy_message_converter_msgs/msg/detail/test_array__rosidl_typesupport_introspection_cpp.hpp
-- Up-to-date: /home/wings/Backscatter_UGV_ws/install/rclpy_message_converter_msgs/lib/librclpy_message_converter_msgs__rosidl_typesupport_introspection_cpp.so
-- Up-to-date: /home/wings/Backscatter_UGV_ws/install/rclpy_message_converter_msgs/lib/librclpy_message_converter_msgs__rosidl_typesupport_cpp.so
-- Up-to-date: /home/wings/Backscatter_UGV_ws/install/rclpy_message_converter_msgs/share/rclpy_message_converter_msgs/environment/pythonpath.sh
-- Up-to-date: /home/wings/Backscatter_UGV_ws/install/rclpy_message_converter_msgs/share/rclpy_message_converter_msgs/environment/pythonpath.dsv
-- Up-to-date: /home/wings/Backscatter_UGV_ws/install/rclpy_message_converter_msgs/lib/python3.8/site-packages/rclpy_message_converter_msgs/__init__.py
-- Up-to-date: /home/wings/Backscatter_UGV_ws/install/rclpy_message_converter_msgs/lib/python3.8/site-packages/rclpy_message_converter_msgs/msg
-- Up-to-date: /home/wings/Backscatter_UGV_ws/install/rclpy_message_converter_msgs/lib/python3.8/site-packages/rclpy_message_converter_msgs/msg/_uint8_array_test_message_s.c
-- Up-to-date: /home/wings/Backscatter_UGV_ws/install/rclpy_message_converter_msgs/lib/python3.8/site-packages/rclpy_message_converter_msgs/msg/_nested_uint8_array_test_message_s.c
-- Up-to-date: /home/wings/Backscatter_UGV_ws/install/rclpy_message_converter_msgs/lib/python3.8/site-packages/rclpy_message_converter_msgs/msg/_uint8_array3_test_message.py
-- Up-to-date: /home/wings/Backscatter_UGV_ws/install/rclpy_message_converter_msgs/lib/python3.8/site-packages/rclpy_message_converter_msgs/msg/_test_array_s.c
-- Up-to-date: /home/wings/Backscatter_UGV_ws/install/rclpy_message_converter_msgs/lib/python3.8/site-packages/rclpy_message_converter_msgs/msg/_test_array.py
-- Up-to-date: /home/wings/Backscatter_UGV_ws/install/rclpy_message_converter_msgs/lib/python3.8/site-packages/rclpy_message_converter_msgs/msg/_uint8_array_test_message.py
-- Up-to-date: /home/wings/Backscatter_UGV_ws/install/rclpy_message_converter_msgs/lib/python3.8/site-packages/rclpy_message_converter_msgs/msg/__init__.py
-- Up-to-date: /home/wings/Backscatter_UGV_ws/install/rclpy_message_converter_msgs/lib/python3.8/site-packages/rclpy_message_converter_msgs/msg/_uint8_array3_test_message_s.c
-- Up-to-date: /home/wings/Backscatter_UGV_ws/install/rclpy_message_converter_msgs/lib/python3.8/site-packages/rclpy_message_converter_msgs/msg/_nested_uint8_array_test_message.py
-- Up-to-date: /home/wings/Backscatter_UGV_ws/install/rclpy_message_converter_msgs/lib/python3.8/site-packages/rclpy_message_converter_msgs/srv
-- Up-to-date: /home/wings/Backscatter_UGV_ws/install/rclpy_message_converter_msgs/lib/python3.8/site-packages/rclpy_message_converter_msgs/srv/_nested_uint8_array_test_service_s.c
-- Up-to-date: /home/wings/Backscatter_UGV_ws/install/rclpy_message_converter_msgs/lib/python3.8/site-packages/rclpy_message_converter_msgs/srv/__init__.py
-- Up-to-date: /home/wings/Backscatter_UGV_ws/install/rclpy_message_converter_msgs/lib/python3.8/site-packages/rclpy_message_converter_msgs/srv/_nested_uint8_array_test_service.py
-- Up-to-date: /home/wings/Backscatter_UGV_ws/install/rclpy_message_converter_msgs/lib/python3.8/site-packages/rclpy_message_converter_msgs/rclpy_message_converter_msgs_s__rosidl_typesupport_fastrtps_c.cpython-38-aarch64-linux-gnu.so
-- Up-to-date: /home/wings/Backscatter_UGV_ws/install/rclpy_message_converter_msgs/lib/python3.8/site-packages/rclpy_message_converter_msgs/rclpy_message_converter_msgs_s__rosidl_typesupport_introspection_c.cpython-38-aarch64-linux-gnu.so
-- Up-to-date: /home/wings/Backscatter_UGV_ws/install/rclpy_message_converter_msgs/lib/python3.8/site-packages/rclpy_message_converter_msgs/rclpy_message_converter_msgs_s__rosidl_typesupport_c.cpython-38-aarch64-linux-gnu.so
-- Up-to-date: /home/wings/Backscatter_UGV_ws/install/rclpy_message_converter_msgs/lib/librclpy_message_converter_msgs__python.so
-- Up-to-date: /home/wings/Backscatter_UGV_ws/install/rclpy_message_converter_msgs/share/rclpy_message_converter_msgs/msg/NestedUint8ArrayTestMessage.idl
-- Up-to-date: /home/wings/Backscatter_UGV_ws/install/rclpy_message_converter_msgs/share/rclpy_message_converter_msgs/msg/TestArray.idl
-- Up-to-date: /home/wings/Backscatter_UGV_ws/install/rclpy_message_converter_msgs/share/rclpy_message_converter_msgs/msg/Uint8Array3TestMessage.idl
-- Up-to-date: /home/wings/Backscatter_UGV_ws/install/rclpy_message_converter_msgs/share/rclpy_message_converter_msgs/msg/Uint8ArrayTestMessage.idl
-- Up-to-date: /home/wings/Backscatter_UGV_ws/install/rclpy_message_converter_msgs/share/rclpy_message_converter_msgs/srv/NestedUint8ArrayTestService.idl
-- Up-to-date: /home/wings/Backscatter_UGV_ws/install/rclpy_message_converter_msgs/share/rclpy_message_converter_msgs/msg/NestedUint8ArrayTestMessage.msg
-- Up-to-date: /home/wings/Backscatter_UGV_ws/install/rclpy_message_converter_msgs/share/rclpy_message_converter_msgs/msg/TestArray.msg
-- Up-to-date: /home/wings/Backscatter_UGV_ws/install/rclpy_message_converter_msgs/share/rclpy_message_converter_msgs/msg/Uint8Array3TestMessage.msg
-- Up-to-date: /home/wings/Backscatter_UGV_ws/install/rclpy_message_converter_msgs/share/rclpy_message_converter_msgs/msg/Uint8ArrayTestMessage.msg
-- Up-to-date: /home/wings/Backscatter_UGV_ws/install/rclpy_message_converter_msgs/share/rclpy_message_converter_msgs/srv/NestedUint8ArrayTestService.srv
-- Up-to-date: /home/wings/Backscatter_UGV_ws/install/rclpy_message_converter_msgs/share/rclpy_message_converter_msgs/srv/NestedUint8ArrayTestService_Request.msg
-- Up-to-date: /home/wings/Backscatter_UGV_ws/install/rclpy_message_converter_msgs/share/rclpy_message_converter_msgs/srv/NestedUint8ArrayTestService_Response.msg
-- Up-to-date: /home/wings/Backscatter_UGV_ws/install/rclpy_message_converter_msgs/share/ament_index/resource_index/package_run_dependencies/rclpy_message_converter_msgs
-- Up-to-date: /home/wings/Backscatter_UGV_ws/install/rclpy_message_converter_msgs/share/ament_index/resource_index/parent_prefix_path/rclpy_message_converter_msgs
-- Up-to-date: /home/wings/Backscatter_UGV_ws/install/rclpy_message_converter_msgs/share/rclpy_message_converter_msgs/environment/ament_prefix_path.sh
-- Up-to-date: /home/wings/Backscatter_UGV_ws/install/rclpy_message_converter_msgs/share/rclpy_message_converter_msgs/environment/ament_prefix_path.dsv
-- Up-to-date: /home/wings/Backscatter_UGV_ws/install/rclpy_message_converter_msgs/share/rclpy_message_converter_msgs/environment/path.sh
-- Up-to-date: /home/wings/Backscatter_UGV_ws/install/rclpy_message_converter_msgs/share/rclpy_message_converter_msgs/environment/path.dsv
-- Up-to-date: /home/wings/Backscatter_UGV_ws/install/rclpy_message_converter_msgs/share/rclpy_message_converter_msgs/local_setup.bash
-- Up-to-date: /home/wings/Backscatter_UGV_ws/install/rclpy_message_converter_msgs/share/rclpy_message_converter_msgs/local_setup.sh
-- Up-to-date: /home/wings/Backscatter_UGV_ws/install/rclpy_message_converter_msgs/share/rclpy_message_converter_msgs/local_setup.zsh
-- Up-to-date: /home/wings/Backscatter_UGV_ws/install/rclpy_message_converter_msgs/share/rclpy_message_converter_msgs/local_setup.dsv
-- Installing: /home/wings/Backscatter_UGV_ws/install/rclpy_message_converter_msgs/share/rclpy_message_converter_msgs/package.dsv
-- Up-to-date: /home/wings/Backscatter_UGV_ws/install/rclpy_message_converter_msgs/share/ament_index/resource_index/packages/rclpy_message_converter_msgs
-- Up-to-date: /home/wings/Backscatter_UGV_ws/install/rclpy_message_converter_msgs/share/rclpy_message_converter_msgs/cmake/rclpy_message_converter_msgs__rosidl_generator_cExport.cmake
-- Up-to-date: /home/wings/Backscatter_UGV_ws/install/rclpy_message_converter_msgs/share/rclpy_message_converter_msgs/cmake/rclpy_message_converter_msgs__rosidl_generator_cExport-noconfig.cmake
-- Up-to-date: /home/wings/Backscatter_UGV_ws/install/rclpy_message_converter_msgs/share/rclpy_message_converter_msgs/cmake/rclpy_message_converter_msgs__rosidl_typesupport_introspection_cExport.cmake
-- Up-to-date: /home/wings/Backscatter_UGV_ws/install/rclpy_message_converter_msgs/share/rclpy_message_converter_msgs/cmake/rclpy_message_converter_msgs__rosidl_typesupport_introspection_cExport-noconfig.cmake
-- Up-to-date: /home/wings/Backscatter_UGV_ws/install/rclpy_message_converter_msgs/share/rclpy_message_converter_msgs/cmake/rclpy_message_converter_msgs__rosidl_typesupport_cExport.cmake
-- Up-to-date: /home/wings/Backscatter_UGV_ws/install/rclpy_message_converter_msgs/share/rclpy_message_converter_msgs/cmake/rclpy_message_converter_msgs__rosidl_typesupport_cExport-noconfig.cmake
-- Up-to-date: /home/wings/Backscatter_UGV_ws/install/rclpy_message_converter_msgs/share/rclpy_message_converter_msgs/cmake/rclpy_message_converter_msgs__rosidl_generator_cppExport.cmake
-- Up-to-date: /home/wings/Backscatter_UGV_ws/install/rclpy_message_converter_msgs/share/rclpy_message_converter_msgs/cmake/rclpy_message_converter_msgs__rosidl_typesupport_introspection_cppExport.cmake
-- Up-to-date: /home/wings/Backscatter_UGV_ws/install/rclpy_message_converter_msgs/share/rclpy_message_converter_msgs/cmake/rclpy_message_converter_msgs__rosidl_typesupport_introspection_cppExport-noconfig.cmake
-- Up-to-date: /home/wings/Backscatter_UGV_ws/install/rclpy_message_converter_msgs/share/rclpy_message_converter_msgs/cmake/rclpy_message_converter_msgs__rosidl_typesupport_cppExport.cmake
-- Up-to-date: /home/wings/Backscatter_UGV_ws/install/rclpy_message_converter_msgs/share/rclpy_message_converter_msgs/cmake/rclpy_message_converter_msgs__rosidl_typesupport_cppExport-noconfig.cmake
-- Up-to-date: /home/wings/Backscatter_UGV_ws/install/rclpy_message_converter_msgs/share/rclpy_message_converter_msgs/cmake/rosidl_cmake-extras.cmake
-- Up-to-date: /home/wings/Backscatter_UGV_ws/install/rclpy_message_converter_msgs/share/rclpy_message_converter_msgs/cmake/ament_cmake_export_dependencies-extras.cmake
-- Up-to-date: /home/wings/Backscatter_UGV_ws/install/rclpy_message_converter_msgs/share/rclpy_message_converter_msgs/cmake/ament_cmake_export_libraries-extras.cmake
-- Up-to-date: /home/wings/Backscatter_UGV_ws/install/rclpy_message_converter_msgs/share/rclpy_message_converter_msgs/cmake/ament_cmake_export_targets-extras.cmake
-- Up-to-date: /home/wings/Backscatter_UGV_ws/install/rclpy_message_converter_msgs/share/rclpy_message_converter_msgs/cmake/ament_cmake_export_include_directories-extras.cmake
-- Up-to-date: /home/wings/Backscatter_UGV_ws/install/rclpy_message_converter_msgs/share/rclpy_message_converter_msgs/cmake/rosidl_cmake_export_typesupport_libraries-extras.cmake
-- Up-to-date: /home/wings/Backscatter_UGV_ws/install/rclpy_message_converter_msgs/share/rclpy_message_converter_msgs/cmake/rosidl_cmake_export_typesupport_targets-extras.cmake
-- Up-to-date: /home/wings/Backscatter_UGV_ws/install/rclpy_message_converter_msgs/share/rclpy_message_converter_msgs/cmake/rclpy_message_converter_msgsConfig.cmake
-- Up-to-date: /home/wings/Backscatter_UGV_ws/install/rclpy_message_converter_msgs/share/rclpy_message_converter_msgs/cmake/rclpy_message_converter_msgsConfig-version.cmake
-- Up-to-date: /home/wings/Backscatter_UGV_ws/install/rclpy_message_converter_msgs/share/rclpy_message_converter_msgs/package.xml
