[0.054s] Invoking command in '/home/wings/Backscatter_UGV_ws/build/rclpy_message_converter_msgs': CMAKE_PREFIX_PATH=${CMAKE_PREFIX_PATH}:/home/wings/Backscatter_UGV_ws/install/rclpy_message_converter:/home/wings/Backscatter_UGV_ws/install/backscatter_rover_data_recorder:/opt/ros/foxy /usr/bin/cmake --build /home/wings/Backscatter_UGV_ws/build/rclpy_message_converter_msgs -- -j6 -l6
[0.170s] [  1%] Built target rclpy_message_converter_msgs__cpp
[0.170s] [ 12%] Built target rclpy_message_converter_msgs__rosidl_generator_c
[0.245s] [ 34%] Built target rclpy_message_converter_msgs__rosidl_typesupport_fastrtps_cpp
[0.245s] [ 34%] Built target rclpy_message_converter_msgs__rosidl_typesupport_introspection_cpp
[0.253s] [ 46%] Built target rclpy_message_converter_msgs__rosidl_typesupport_cpp
[0.258s] [ 68%] Built target rclpy_message_converter_msgs__rosidl_typesupport_c
[0.258s] [ 68%] Built target rclpy_message_converter_msgs__rosidl_typesupport_introspection_c
[0.302s] [ 79%] Built target rclpy_message_converter_msgs__rosidl_typesupport_fastrtps_c
[0.344s] [ 79%] Built target rclpy_message_converter_msgs
[0.385s] [ 80%] Built target rclpy_message_converter_msgs__py
[0.442s] [ 90%] Built target rclpy_message_converter_msgs__python
[0.493s] [100%] Built target rclpy_message_converter_msgs__rosidl_typesupport_fastrtps_c__pyext
[0.494s] [100%] Built target rclpy_message_converter_msgs__rosidl_typesupport_introspection_c__pyext
[0.494s] [100%] Built target rclpy_message_converter_msgs__rosidl_typesupport_c__pyext
[0.599s] Invoked command in '/home/wings/Backscatter_UGV_ws/build/rclpy_message_converter_msgs' returned '0': CMAKE_PREFIX_PATH=${CMAKE_PREFIX_PATH}:/home/wings/Backscatter_UGV_ws/install/rclpy_message_converter:/home/wings/Backscatter_UGV_ws/install/backscatter_rover_data_recorder:/opt/ros/foxy /usr/bin/cmake --build /home/wings/Backscatter_UGV_ws/build/rclpy_message_converter_msgs -- -j6 -l6
[0.628s] Invoking command in '/home/wings/Backscatter_UGV_ws/build/rclpy_message_converter_msgs': CMAKE_PREFIX_PATH=${CMAKE_PREFIX_PATH}:/home/wings/Backscatter_UGV_ws/install/rclpy_message_converter:/home/wings/Backscatter_UGV_ws/install/backscatter_rover_data_recorder:/opt/ros/foxy /usr/bin/cmake --install /home/wings/Backscatter_UGV_ws/build/rclpy_message_converter_msgs
[0.649s] -- Install configuration: ""
[0.649s] -- Up-to-date: /home/wings/Backscatter_UGV_ws/install/rclpy_message_converter_msgs/share/ament_index/resource_index/rosidl_interfaces/rclpy_message_converter_msgs
[0.650s] -- Up-to-date: /home/wings/Backscatter_UGV_ws/install/rclpy_message_converter_msgs/include/rclpy_message_converter_msgs
[0.651s] -- Up-to-date: /home/wings/Backscatter_UGV_ws/install/rclpy_message_converter_msgs/include/rclpy_message_converter_msgs/srv
[0.652s] -- Up-to-date: /home/wings/Backscatter_UGV_ws/install/rclpy_message_converter_msgs/include/rclpy_message_converter_msgs/srv/nested_uint8_array_test_service.h
[0.652s] -- Up-to-date: /home/wings/Backscatter_UGV_ws/install/rclpy_message_converter_msgs/include/rclpy_message_converter_msgs/srv/detail
[0.653s] -- Up-to-date: /home/wings/Backscatter_UGV_ws/install/rclpy_message_converter_msgs/include/rclpy_message_converter_msgs/srv/detail/nested_uint8_array_test_service__type_support.h
[0.653s] -- Up-to-date: /home/wings/Backscatter_UGV_ws/install/rclpy_message_converter_msgs/include/rclpy_message_converter_msgs/srv/detail/nested_uint8_array_test_service__struct.h
[0.653s] -- Up-to-date: /home/wings/Backscatter_UGV_ws/install/rclpy_message_converter_msgs/include/rclpy_message_converter_msgs/srv/detail/nested_uint8_array_test_service__functions.h
[0.653s] -- Up-to-date: /home/wings/Backscatter_UGV_ws/install/rclpy_message_converter_msgs/include/rclpy_message_converter_msgs/srv/detail/nested_uint8_array_test_service__functions.c
[0.653s] -- Up-to-date: /home/wings/Backscatter_UGV_ws/install/rclpy_message_converter_msgs/include/rclpy_message_converter_msgs/msg
[0.653s] -- Up-to-date: /home/wings/Backscatter_UGV_ws/install/rclpy_message_converter_msgs/include/rclpy_message_converter_msgs/msg/uint8_array_test_message.h
[0.654s] -- Up-to-date: /home/wings/Backscatter_UGV_ws/install/rclpy_message_converter_msgs/include/rclpy_message_converter_msgs/msg/detail
[0.654s] -- Up-to-date: /home/wings/Backscatter_UGV_ws/install/rclpy_message_converter_msgs/include/rclpy_message_converter_msgs/msg/detail/uint8_array3_test_message__functions.c
[0.654s] -- Up-to-date: /home/wings/Backscatter_UGV_ws/install/rclpy_message_converter_msgs/include/rclpy_message_converter_msgs/msg/detail/uint8_array_test_message__functions.h
[0.654s] -- Up-to-date: /home/wings/Backscatter_UGV_ws/install/rclpy_message_converter_msgs/include/rclpy_message_converter_msgs/msg/detail/nested_uint8_array_test_message__functions.c
[0.655s] -- Up-to-date: /home/wings/Backscatter_UGV_ws/install/rclpy_message_converter_msgs/include/rclpy_message_converter_msgs/msg/detail/test_array__functions.c
[0.655s] -- Up-to-date: /home/wings/Backscatter_UGV_ws/install/rclpy_message_converter_msgs/include/rclpy_message_converter_msgs/msg/detail/test_array__functions.h
[0.655s] -- Up-to-date: /home/wings/Backscatter_UGV_ws/install/rclpy_message_converter_msgs/include/rclpy_message_converter_msgs/msg/detail/uint8_array3_test_message__functions.h
[0.655s] -- Up-to-date: /home/wings/Backscatter_UGV_ws/install/rclpy_message_converter_msgs/include/rclpy_message_converter_msgs/msg/detail/uint8_array3_test_message__struct.h
[0.655s] -- Up-to-date: /home/wings/Backscatter_UGV_ws/install/rclpy_message_converter_msgs/include/rclpy_message_converter_msgs/msg/detail/nested_uint8_array_test_message__type_support.h
[0.655s] -- Up-to-date: /home/wings/Backscatter_UGV_ws/install/rclpy_message_converter_msgs/include/rclpy_message_converter_msgs/msg/detail/test_array__struct.h
[0.655s] -- Up-to-date: /home/wings/Backscatter_UGV_ws/install/rclpy_message_converter_msgs/include/rclpy_message_converter_msgs/msg/detail/uint8_array_test_message__functions.c
[0.656s] -- Up-to-date: /home/wings/Backscatter_UGV_ws/install/rclpy_message_converter_msgs/include/rclpy_message_converter_msgs/msg/detail/uint8_array3_test_message__type_support.h
[0.656s] -- Up-to-date: /home/wings/Backscatter_UGV_ws/install/rclpy_message_converter_msgs/include/rclpy_message_converter_msgs/msg/detail/test_array__type_support.h
[0.656s] -- Up-to-date: /home/wings/Backscatter_UGV_ws/install/rclpy_message_converter_msgs/include/rclpy_message_converter_msgs/msg/detail/uint8_array_test_message__type_support.h
[0.657s] -- Up-to-date: /home/wings/Backscatter_UGV_ws/install/rclpy_message_converter_msgs/include/rclpy_message_converter_msgs/msg/detail/uint8_array_test_message__struct.h
[0.657s] -- Up-to-date: /home/wings/Backscatter_UGV_ws/install/rclpy_message_converter_msgs/include/rclpy_message_converter_msgs/msg/detail/nested_uint8_array_test_message__functions.h
[0.658s] -- Up-to-date: /home/wings/Backscatter_UGV_ws/install/rclpy_message_converter_msgs/include/rclpy_message_converter_msgs/msg/detail/nested_uint8_array_test_message__struct.h
[0.658s] -- Up-to-date: /home/wings/Backscatter_UGV_ws/install/rclpy_message_converter_msgs/include/rclpy_message_converter_msgs/msg/rosidl_generator_c__visibility_control.h
[0.658s] -- Up-to-date: /home/wings/Backscatter_UGV_ws/install/rclpy_message_converter_msgs/include/rclpy_message_converter_msgs/msg/nested_uint8_array_test_message.h
[0.659s] -- Up-to-date: /home/wings/Backscatter_UGV_ws/install/rclpy_message_converter_msgs/include/rclpy_message_converter_msgs/msg/test_array.h
[0.659s] -- Up-to-date: /home/wings/Backscatter_UGV_ws/install/rclpy_message_converter_msgs/include/rclpy_message_converter_msgs/msg/uint8_array3_test_message.h
[0.659s] -- Up-to-date: /home/wings/Backscatter_UGV_ws/install/rclpy_message_converter_msgs/share/rclpy_message_converter_msgs/environment/library_path.sh
[0.659s] -- Up-to-date: /home/wings/Backscatter_UGV_ws/install/rclpy_message_converter_msgs/share/rclpy_message_converter_msgs/environment/library_path.dsv
[0.659s] -- Up-to-date: /home/wings/Backscatter_UGV_ws/install/rclpy_message_converter_msgs/lib/librclpy_message_converter_msgs__rosidl_generator_c.so
[0.659s] -- Up-to-date: /home/wings/Backscatter_UGV_ws/install/rclpy_message_converter_msgs/include/rclpy_message_converter_msgs
[0.659s] -- Up-to-date: /home/wings/Backscatter_UGV_ws/install/rclpy_message_converter_msgs/include/rclpy_message_converter_msgs/srv
[0.660s] -- Up-to-date: /home/wings/Backscatter_UGV_ws/install/rclpy_message_converter_msgs/include/rclpy_message_converter_msgs/srv/detail
[0.660s] -- Up-to-date: /home/wings/Backscatter_UGV_ws/install/rclpy_message_converter_msgs/include/rclpy_message_converter_msgs/srv/detail/nested_uint8_array_test_service__rosidl_typesupport_fastrtps_c.h
[0.660s] -- Up-to-date: /home/wings/Backscatter_UGV_ws/install/rclpy_message_converter_msgs/include/rclpy_message_converter_msgs/msg
[0.660s] -- Up-to-date: /home/wings/Backscatter_UGV_ws/install/rclpy_message_converter_msgs/include/rclpy_message_converter_msgs/msg/detail
[0.660s] -- Up-to-date: /home/wings/Backscatter_UGV_ws/install/rclpy_message_converter_msgs/include/rclpy_message_converter_msgs/msg/detail/uint8_array_test_message__rosidl_typesupport_fastrtps_c.h
[0.661s] -- Up-to-date: /home/wings/Backscatter_UGV_ws/install/rclpy_message_converter_msgs/include/rclpy_message_converter_msgs/msg/detail/test_array__rosidl_typesupport_fastrtps_c.h
[0.661s] -- Up-to-date: /home/wings/Backscatter_UGV_ws/install/rclpy_message_converter_msgs/include/rclpy_message_converter_msgs/msg/detail/nested_uint8_array_test_message__rosidl_typesupport_fastrtps_c.h
[0.661s] -- Up-to-date: /home/wings/Backscatter_UGV_ws/install/rclpy_message_converter_msgs/include/rclpy_message_converter_msgs/msg/detail/uint8_array3_test_message__rosidl_typesupport_fastrtps_c.h
[0.661s] -- Up-to-date: /home/wings/Backscatter_UGV_ws/install/rclpy_message_converter_msgs/include/rclpy_message_converter_msgs/msg/rosidl_typesupport_fastrtps_c__visibility_control.h
[0.661s] -- Up-to-date: /home/wings/Backscatter_UGV_ws/install/rclpy_message_converter_msgs/lib/librclpy_message_converter_msgs__rosidl_typesupport_fastrtps_c.so
[0.661s] -- Up-to-date: /home/wings/Backscatter_UGV_ws/install/rclpy_message_converter_msgs/include/rclpy_message_converter_msgs
[0.662s] -- Up-to-date: /home/wings/Backscatter_UGV_ws/install/rclpy_message_converter_msgs/include/rclpy_message_converter_msgs/srv
[0.662s] -- Up-to-date: /home/wings/Backscatter_UGV_ws/install/rclpy_message_converter_msgs/include/rclpy_message_converter_msgs/srv/detail
[0.662s] -- Up-to-date: /home/wings/Backscatter_UGV_ws/install/rclpy_message_converter_msgs/include/rclpy_message_converter_msgs/srv/detail/nested_uint8_array_test_service__rosidl_typesupport_fastrtps_cpp.hpp
[0.662s] -- Up-to-date: /home/wings/Backscatter_UGV_ws/install/rclpy_message_converter_msgs/include/rclpy_message_converter_msgs/srv/detail/dds_fastrtps
[0.662s] -- Up-to-date: /home/wings/Backscatter_UGV_ws/install/rclpy_message_converter_msgs/include/rclpy_message_converter_msgs/msg
[0.662s] -- Up-to-date: /home/wings/Backscatter_UGV_ws/install/rclpy_message_converter_msgs/include/rclpy_message_converter_msgs/msg/detail
[0.662s] -- Up-to-date: /home/wings/Backscatter_UGV_ws/install/rclpy_message_converter_msgs/include/rclpy_message_converter_msgs/msg/detail/uint8_array3_test_message__rosidl_typesupport_fastrtps_cpp.hpp
[0.663s] -- Up-to-date: /home/wings/Backscatter_UGV_ws/install/rclpy_message_converter_msgs/include/rclpy_message_converter_msgs/msg/detail/uint8_array_test_message__rosidl_typesupport_fastrtps_cpp.hpp
[0.663s] -- Up-to-date: /home/wings/Backscatter_UGV_ws/install/rclpy_message_converter_msgs/include/rclpy_message_converter_msgs/msg/detail/nested_uint8_array_test_message__rosidl_typesupport_fastrtps_cpp.hpp
[0.663s] -- Up-to-date: /home/wings/Backscatter_UGV_ws/install/rclpy_message_converter_msgs/include/rclpy_message_converter_msgs/msg/detail/test_array__rosidl_typesupport_fastrtps_cpp.hpp
[0.663s] -- Up-to-date: /home/wings/Backscatter_UGV_ws/install/rclpy_message_converter_msgs/include/rclpy_message_converter_msgs/msg/detail/dds_fastrtps
[0.663s] -- Up-to-date: /home/wings/Backscatter_UGV_ws/install/rclpy_message_converter_msgs/include/rclpy_message_converter_msgs/msg/rosidl_typesupport_fastrtps_cpp__visibility_control.h
[0.663s] -- Up-to-date: /home/wings/Backscatter_UGV_ws/install/rclpy_message_converter_msgs/lib/librclpy_message_converter_msgs__rosidl_typesupport_fastrtps_cpp.so
[0.664s] -- Up-to-date: /home/wings/Backscatter_UGV_ws/install/rclpy_message_converter_msgs/include/rclpy_message_converter_msgs
[0.664s] -- Up-to-date: /home/wings/Backscatter_UGV_ws/install/rclpy_message_converter_msgs/include/rclpy_message_converter_msgs/srv
[0.664s] -- Up-to-date: /home/wings/Backscatter_UGV_ws/install/rclpy_message_converter_msgs/include/rclpy_message_converter_msgs/srv/detail
[0.664s] -- Up-to-date: /home/wings/Backscatter_UGV_ws/install/rclpy_message_converter_msgs/include/rclpy_message_converter_msgs/srv/detail/nested_uint8_array_test_service__type_support.c
[0.664s] -- Up-to-date: /home/wings/Backscatter_UGV_ws/install/rclpy_message_converter_msgs/include/rclpy_message_converter_msgs/srv/detail/nested_uint8_array_test_service__rosidl_typesupport_introspection_c.h
[0.664s] -- Up-to-date: /home/wings/Backscatter_UGV_ws/install/rclpy_message_converter_msgs/include/rclpy_message_converter_msgs/msg
[0.664s] -- Up-to-date: /home/wings/Backscatter_UGV_ws/install/rclpy_message_converter_msgs/include/rclpy_message_converter_msgs/msg/rosidl_typesupport_introspection_c__visibility_control.h
[0.664s] -- Up-to-date: /home/wings/Backscatter_UGV_ws/install/rclpy_message_converter_msgs/include/rclpy_message_converter_msgs/msg/detail
[0.665s] -- Up-to-date: /home/wings/Backscatter_UGV_ws/install/rclpy_message_converter_msgs/include/rclpy_message_converter_msgs/msg/detail/uint8_array3_test_message__type_support.c
[0.665s] -- Up-to-date: /home/wings/Backscatter_UGV_ws/install/rclpy_message_converter_msgs/include/rclpy_message_converter_msgs/msg/detail/test_array__type_support.c
[0.665s] -- Up-to-date: /home/wings/Backscatter_UGV_ws/install/rclpy_message_converter_msgs/include/rclpy_message_converter_msgs/msg/detail/nested_uint8_array_test_message__rosidl_typesupport_introspection_c.h
[0.665s] -- Up-to-date: /home/wings/Backscatter_UGV_ws/install/rclpy_message_converter_msgs/include/rclpy_message_converter_msgs/msg/detail/nested_uint8_array_test_message__type_support.c
[0.665s] -- Up-to-date: /home/wings/Backscatter_UGV_ws/install/rclpy_message_converter_msgs/include/rclpy_message_converter_msgs/msg/detail/test_array__rosidl_typesupport_introspection_c.h
[0.666s] -- Up-to-date: /home/wings/Backscatter_UGV_ws/install/rclpy_message_converter_msgs/include/rclpy_message_converter_msgs/msg/detail/uint8_array_test_message__type_support.c
[0.666s] -- Up-to-date: /home/wings/Backscatter_UGV_ws/install/rclpy_message_converter_msgs/include/rclpy_message_converter_msgs/msg/detail/uint8_array_test_message__rosidl_typesupport_introspection_c.h
[0.666s] -- Up-to-date: /home/wings/Backscatter_UGV_ws/install/rclpy_message_converter_msgs/include/rclpy_message_converter_msgs/msg/detail/uint8_array3_test_message__rosidl_typesupport_introspection_c.h
[0.666s] -- Up-to-date: /home/wings/Backscatter_UGV_ws/install/rclpy_message_converter_msgs/lib/librclpy_message_converter_msgs__rosidl_typesupport_introspection_c.so
[0.666s] -- Up-to-date: /home/wings/Backscatter_UGV_ws/install/rclpy_message_converter_msgs/lib/librclpy_message_converter_msgs__rosidl_typesupport_c.so
[0.666s] -- Up-to-date: /home/wings/Backscatter_UGV_ws/install/rclpy_message_converter_msgs/include/rclpy_message_converter_msgs
[0.667s] -- Up-to-date: /home/wings/Backscatter_UGV_ws/install/rclpy_message_converter_msgs/include/rclpy_message_converter_msgs/srv
[0.667s] -- Up-to-date: /home/wings/Backscatter_UGV_ws/install/rclpy_message_converter_msgs/include/rclpy_message_converter_msgs/srv/detail
[0.667s] -- Up-to-date: /home/wings/Backscatter_UGV_ws/install/rclpy_message_converter_msgs/include/rclpy_message_converter_msgs/srv/detail/nested_uint8_array_test_service__type_support.hpp
[0.667s] -- Up-to-date: /home/wings/Backscatter_UGV_ws/install/rclpy_message_converter_msgs/include/rclpy_message_converter_msgs/srv/detail/nested_uint8_array_test_service__struct.hpp
[0.667s] -- Up-to-date: /home/wings/Backscatter_UGV_ws/install/rclpy_message_converter_msgs/include/rclpy_message_converter_msgs/srv/detail/nested_uint8_array_test_service__builder.hpp
[0.667s] -- Up-to-date: /home/wings/Backscatter_UGV_ws/install/rclpy_message_converter_msgs/include/rclpy_message_converter_msgs/srv/detail/nested_uint8_array_test_service__traits.hpp
[0.667s] -- Up-to-date: /home/wings/Backscatter_UGV_ws/install/rclpy_message_converter_msgs/include/rclpy_message_converter_msgs/srv/nested_uint8_array_test_service.hpp
[0.668s] -- Up-to-date: /home/wings/Backscatter_UGV_ws/install/rclpy_message_converter_msgs/include/rclpy_message_converter_msgs/msg
[0.668s] -- Up-to-date: /home/wings/Backscatter_UGV_ws/install/rclpy_message_converter_msgs/include/rclpy_message_converter_msgs/msg/nested_uint8_array_test_message.hpp
[0.668s] -- Up-to-date: /home/wings/Backscatter_UGV_ws/install/rclpy_message_converter_msgs/include/rclpy_message_converter_msgs/msg/test_array.hpp
[0.668s] -- Up-to-date: /home/wings/Backscatter_UGV_ws/install/rclpy_message_converter_msgs/include/rclpy_message_converter_msgs/msg/uint8_array_test_message.hpp
[0.668s] -- Up-to-date: /home/wings/Backscatter_UGV_ws/install/rclpy_message_converter_msgs/include/rclpy_message_converter_msgs/msg/uint8_array3_test_message.hpp
[0.668s] -- Up-to-date: /home/wings/Backscatter_UGV_ws/install/rclpy_message_converter_msgs/include/rclpy_message_converter_msgs/msg/detail
[0.668s] -- Up-to-date: /home/wings/Backscatter_UGV_ws/install/rclpy_message_converter_msgs/include/rclpy_message_converter_msgs/msg/detail/test_array__builder.hpp
[0.668s] -- Up-to-date: /home/wings/Backscatter_UGV_ws/install/rclpy_message_converter_msgs/include/rclpy_message_converter_msgs/msg/detail/test_array__struct.hpp
[0.669s] -- Up-to-date: /home/wings/Backscatter_UGV_ws/install/rclpy_message_converter_msgs/include/rclpy_message_converter_msgs/msg/detail/test_array__type_support.hpp
[0.669s] -- Up-to-date: /home/wings/Backscatter_UGV_ws/install/rclpy_message_converter_msgs/include/rclpy_message_converter_msgs/msg/detail/nested_uint8_array_test_message__traits.hpp
[0.669s] -- Up-to-date: /home/wings/Backscatter_UGV_ws/install/rclpy_message_converter_msgs/include/rclpy_message_converter_msgs/msg/detail/nested_uint8_array_test_message__type_support.hpp
[0.669s] -- Up-to-date: /home/wings/Backscatter_UGV_ws/install/rclpy_message_converter_msgs/include/rclpy_message_converter_msgs/msg/detail/uint8_array3_test_message__struct.hpp
[0.669s] -- Up-to-date: /home/wings/Backscatter_UGV_ws/install/rclpy_message_converter_msgs/include/rclpy_message_converter_msgs/msg/detail/uint8_array_test_message__struct.hpp
[0.669s] -- Up-to-date: /home/wings/Backscatter_UGV_ws/install/rclpy_message_converter_msgs/include/rclpy_message_converter_msgs/msg/detail/uint8_array_test_message__type_support.hpp
[0.669s] -- Up-to-date: /home/wings/Backscatter_UGV_ws/install/rclpy_message_converter_msgs/include/rclpy_message_converter_msgs/msg/detail/uint8_array_test_message__builder.hpp
[0.670s] -- Up-to-date: /home/wings/Backscatter_UGV_ws/install/rclpy_message_converter_msgs/include/rclpy_message_converter_msgs/msg/detail/test_array__traits.hpp
[0.670s] -- Up-to-date: /home/wings/Backscatter_UGV_ws/install/rclpy_message_converter_msgs/include/rclpy_message_converter_msgs/msg/detail/uint8_array3_test_message__type_support.hpp
[0.670s] -- Up-to-date: /home/wings/Backscatter_UGV_ws/install/rclpy_message_converter_msgs/include/rclpy_message_converter_msgs/msg/detail/uint8_array3_test_message__builder.hpp
[0.670s] -- Up-to-date: /home/wings/Backscatter_UGV_ws/install/rclpy_message_converter_msgs/include/rclpy_message_converter_msgs/msg/detail/uint8_array_test_message__traits.hpp
[0.670s] -- Up-to-date: /home/wings/Backscatter_UGV_ws/install/rclpy_message_converter_msgs/include/rclpy_message_converter_msgs/msg/detail/nested_uint8_array_test_message__struct.hpp
[0.670s] -- Up-to-date: /home/wings/Backscatter_UGV_ws/install/rclpy_message_converter_msgs/include/rclpy_message_converter_msgs/msg/detail/nested_uint8_array_test_message__builder.hpp
[0.670s] -- Up-to-date: /home/wings/Backscatter_UGV_ws/install/rclpy_message_converter_msgs/include/rclpy_message_converter_msgs/msg/detail/uint8_array3_test_message__traits.hpp
[0.670s] -- Up-to-date: /home/wings/Backscatter_UGV_ws/install/rclpy_message_converter_msgs/include/rclpy_message_converter_msgs/msg/rosidl_generator_cpp__visibility_control.hpp
[0.671s] -- Up-to-date: /home/wings/Backscatter_UGV_ws/install/rclpy_message_converter_msgs/include/rclpy_message_converter_msgs
[0.671s] -- Up-to-date: /home/wings/Backscatter_UGV_ws/install/rclpy_message_converter_msgs/include/rclpy_message_converter_msgs/srv
[0.671s] -- Up-to-date: /home/wings/Backscatter_UGV_ws/install/rclpy_message_converter_msgs/include/rclpy_message_converter_msgs/srv/detail
[0.671s] -- Up-to-date: /home/wings/Backscatter_UGV_ws/install/rclpy_message_converter_msgs/include/rclpy_message_converter_msgs/srv/detail/nested_uint8_array_test_service__type_support.cpp
[0.671s] -- Up-to-date: /home/wings/Backscatter_UGV_ws/install/rclpy_message_converter_msgs/include/rclpy_message_converter_msgs/srv/detail/nested_uint8_array_test_service__rosidl_typesupport_introspection_cpp.hpp
[0.671s] -- Up-to-date: /home/wings/Backscatter_UGV_ws/install/rclpy_message_converter_msgs/include/rclpy_message_converter_msgs/msg
[0.671s] -- Up-to-date: /home/wings/Backscatter_UGV_ws/install/rclpy_message_converter_msgs/include/rclpy_message_converter_msgs/msg/detail
[0.672s] -- Up-to-date: /home/wings/Backscatter_UGV_ws/install/rclpy_message_converter_msgs/include/rclpy_message_converter_msgs/msg/detail/test_array__type_support.cpp
[0.672s] -- Up-to-date: /home/wings/Backscatter_UGV_ws/install/rclpy_message_converter_msgs/include/rclpy_message_converter_msgs/msg/detail/nested_uint8_array_test_message__type_support.cpp
[0.672s] -- Up-to-date: /home/wings/Backscatter_UGV_ws/install/rclpy_message_converter_msgs/include/rclpy_message_converter_msgs/msg/detail/uint8_array_test_message__rosidl_typesupport_introspection_cpp.hpp
[0.672s] -- Up-to-date: /home/wings/Backscatter_UGV_ws/install/rclpy_message_converter_msgs/include/rclpy_message_converter_msgs/msg/detail/nested_uint8_array_test_message__rosidl_typesupport_introspection_cpp.hpp
[0.672s] -- Up-to-date: /home/wings/Backscatter_UGV_ws/install/rclpy_message_converter_msgs/include/rclpy_message_converter_msgs/msg/detail/uint8_array3_test_message__type_support.cpp
[0.672s] -- Up-to-date: /home/wings/Backscatter_UGV_ws/install/rclpy_message_converter_msgs/include/rclpy_message_converter_msgs/msg/detail/uint8_array_test_message__type_support.cpp
[0.673s] -- Up-to-date: /home/wings/Backscatter_UGV_ws/install/rclpy_message_converter_msgs/include/rclpy_message_converter_msgs/msg/detail/uint8_array3_test_message__rosidl_typesupport_introspection_cpp.hpp
[0.673s] -- Up-to-date: /home/wings/Backscatter_UGV_ws/install/rclpy_message_converter_msgs/include/rclpy_message_converter_msgs/msg/detail/test_array__rosidl_typesupport_introspection_cpp.hpp
[0.674s] -- Up-to-date: /home/wings/Backscatter_UGV_ws/install/rclpy_message_converter_msgs/lib/librclpy_message_converter_msgs__rosidl_typesupport_introspection_cpp.so
[0.675s] -- Up-to-date: /home/wings/Backscatter_UGV_ws/install/rclpy_message_converter_msgs/lib/librclpy_message_converter_msgs__rosidl_typesupport_cpp.so
[0.675s] -- Up-to-date: /home/wings/Backscatter_UGV_ws/install/rclpy_message_converter_msgs/share/rclpy_message_converter_msgs/environment/pythonpath.sh
[0.675s] -- Up-to-date: /home/wings/Backscatter_UGV_ws/install/rclpy_message_converter_msgs/share/rclpy_message_converter_msgs/environment/pythonpath.dsv
[0.676s] -- Up-to-date: /home/wings/Backscatter_UGV_ws/install/rclpy_message_converter_msgs/lib/python3.8/site-packages/rclpy_message_converter_msgs/__init__.py
[0.733s] -- Up-to-date: /home/wings/Backscatter_UGV_ws/install/rclpy_message_converter_msgs/lib/python3.8/site-packages/rclpy_message_converter_msgs/msg
[0.733s] -- Up-to-date: /home/wings/Backscatter_UGV_ws/install/rclpy_message_converter_msgs/lib/python3.8/site-packages/rclpy_message_converter_msgs/msg/_uint8_array_test_message_s.c
[0.733s] -- Up-to-date: /home/wings/Backscatter_UGV_ws/install/rclpy_message_converter_msgs/lib/python3.8/site-packages/rclpy_message_converter_msgs/msg/_nested_uint8_array_test_message_s.c
[0.734s] -- Up-to-date: /home/wings/Backscatter_UGV_ws/install/rclpy_message_converter_msgs/lib/python3.8/site-packages/rclpy_message_converter_msgs/msg/_uint8_array3_test_message.py
[0.734s] -- Up-to-date: /home/wings/Backscatter_UGV_ws/install/rclpy_message_converter_msgs/lib/python3.8/site-packages/rclpy_message_converter_msgs/msg/_test_array_s.c
[0.734s] -- Up-to-date: /home/wings/Backscatter_UGV_ws/install/rclpy_message_converter_msgs/lib/python3.8/site-packages/rclpy_message_converter_msgs/msg/_test_array.py
[0.734s] -- Up-to-date: /home/wings/Backscatter_UGV_ws/install/rclpy_message_converter_msgs/lib/python3.8/site-packages/rclpy_message_converter_msgs/msg/_uint8_array_test_message.py
[0.734s] -- Up-to-date: /home/wings/Backscatter_UGV_ws/install/rclpy_message_converter_msgs/lib/python3.8/site-packages/rclpy_message_converter_msgs/msg/__init__.py
[0.734s] -- Up-to-date: /home/wings/Backscatter_UGV_ws/install/rclpy_message_converter_msgs/lib/python3.8/site-packages/rclpy_message_converter_msgs/msg/_uint8_array3_test_message_s.c
[0.734s] -- Up-to-date: /home/wings/Backscatter_UGV_ws/install/rclpy_message_converter_msgs/lib/python3.8/site-packages/rclpy_message_converter_msgs/msg/_nested_uint8_array_test_message.py
[0.735s] -- Up-to-date: /home/wings/Backscatter_UGV_ws/install/rclpy_message_converter_msgs/lib/python3.8/site-packages/rclpy_message_converter_msgs/srv
[0.735s] -- Up-to-date: /home/wings/Backscatter_UGV_ws/install/rclpy_message_converter_msgs/lib/python3.8/site-packages/rclpy_message_converter_msgs/srv/_nested_uint8_array_test_service_s.c
[0.735s] -- Up-to-date: /home/wings/Backscatter_UGV_ws/install/rclpy_message_converter_msgs/lib/python3.8/site-packages/rclpy_message_converter_msgs/srv/__init__.py
[0.735s] -- Up-to-date: /home/wings/Backscatter_UGV_ws/install/rclpy_message_converter_msgs/lib/python3.8/site-packages/rclpy_message_converter_msgs/srv/_nested_uint8_array_test_service.py
[0.735s] -- Up-to-date: /home/wings/Backscatter_UGV_ws/install/rclpy_message_converter_msgs/lib/python3.8/site-packages/rclpy_message_converter_msgs/rclpy_message_converter_msgs_s__rosidl_typesupport_fastrtps_c.cpython-38-aarch64-linux-gnu.so
[0.736s] -- Up-to-date: /home/wings/Backscatter_UGV_ws/install/rclpy_message_converter_msgs/lib/python3.8/site-packages/rclpy_message_converter_msgs/rclpy_message_converter_msgs_s__rosidl_typesupport_introspection_c.cpython-38-aarch64-linux-gnu.so
[0.738s] -- Up-to-date: /home/wings/Backscatter_UGV_ws/install/rclpy_message_converter_msgs/lib/python3.8/site-packages/rclpy_message_converter_msgs/rclpy_message_converter_msgs_s__rosidl_typesupport_c.cpython-38-aarch64-linux-gnu.so
[0.739s] -- Up-to-date: /home/wings/Backscatter_UGV_ws/install/rclpy_message_converter_msgs/lib/librclpy_message_converter_msgs__python.so
[0.739s] -- Up-to-date: /home/wings/Backscatter_UGV_ws/install/rclpy_message_converter_msgs/share/rclpy_message_converter_msgs/msg/NestedUint8ArrayTestMessage.idl
[0.740s] -- Up-to-date: /home/wings/Backscatter_UGV_ws/install/rclpy_message_converter_msgs/share/rclpy_message_converter_msgs/msg/TestArray.idl
[0.740s] -- Up-to-date: /home/wings/Backscatter_UGV_ws/install/rclpy_message_converter_msgs/share/rclpy_message_converter_msgs/msg/Uint8Array3TestMessage.idl
[0.740s] -- Up-to-date: /home/wings/Backscatter_UGV_ws/install/rclpy_message_converter_msgs/share/rclpy_message_converter_msgs/msg/Uint8ArrayTestMessage.idl
[0.740s] -- Up-to-date: /home/wings/Backscatter_UGV_ws/install/rclpy_message_converter_msgs/share/rclpy_message_converter_msgs/srv/NestedUint8ArrayTestService.idl
[0.740s] -- Up-to-date: /home/wings/Backscatter_UGV_ws/install/rclpy_message_converter_msgs/share/rclpy_message_converter_msgs/msg/NestedUint8ArrayTestMessage.msg
[0.740s] -- Up-to-date: /home/wings/Backscatter_UGV_ws/install/rclpy_message_converter_msgs/share/rclpy_message_converter_msgs/msg/TestArray.msg
[0.741s] -- Up-to-date: /home/wings/Backscatter_UGV_ws/install/rclpy_message_converter_msgs/share/rclpy_message_converter_msgs/msg/Uint8Array3TestMessage.msg
[0.741s] -- Up-to-date: /home/wings/Backscatter_UGV_ws/install/rclpy_message_converter_msgs/share/rclpy_message_converter_msgs/msg/Uint8ArrayTestMessage.msg
[0.741s] -- Up-to-date: /home/wings/Backscatter_UGV_ws/install/rclpy_message_converter_msgs/share/rclpy_message_converter_msgs/srv/NestedUint8ArrayTestService.srv
[0.741s] -- Up-to-date: /home/wings/Backscatter_UGV_ws/install/rclpy_message_converter_msgs/share/rclpy_message_converter_msgs/srv/NestedUint8ArrayTestService_Request.msg
[0.741s] -- Up-to-date: /home/wings/Backscatter_UGV_ws/install/rclpy_message_converter_msgs/share/rclpy_message_converter_msgs/srv/NestedUint8ArrayTestService_Response.msg
[0.741s] -- Up-to-date: /home/wings/Backscatter_UGV_ws/install/rclpy_message_converter_msgs/share/ament_index/resource_index/package_run_dependencies/rclpy_message_converter_msgs
[0.742s] -- Up-to-date: /home/wings/Backscatter_UGV_ws/install/rclpy_message_converter_msgs/share/ament_index/resource_index/parent_prefix_path/rclpy_message_converter_msgs
[0.742s] -- Up-to-date: /home/wings/Backscatter_UGV_ws/install/rclpy_message_converter_msgs/share/rclpy_message_converter_msgs/environment/ament_prefix_path.sh
[0.742s] -- Up-to-date: /home/wings/Backscatter_UGV_ws/install/rclpy_message_converter_msgs/share/rclpy_message_converter_msgs/environment/ament_prefix_path.dsv
[0.742s] -- Up-to-date: /home/wings/Backscatter_UGV_ws/install/rclpy_message_converter_msgs/share/rclpy_message_converter_msgs/environment/path.sh
[0.742s] -- Up-to-date: /home/wings/Backscatter_UGV_ws/install/rclpy_message_converter_msgs/share/rclpy_message_converter_msgs/environment/path.dsv
[0.742s] -- Up-to-date: /home/wings/Backscatter_UGV_ws/install/rclpy_message_converter_msgs/share/rclpy_message_converter_msgs/local_setup.bash
[0.742s] -- Up-to-date: /home/wings/Backscatter_UGV_ws/install/rclpy_message_converter_msgs/share/rclpy_message_converter_msgs/local_setup.sh
[0.743s] -- Up-to-date: /home/wings/Backscatter_UGV_ws/install/rclpy_message_converter_msgs/share/rclpy_message_converter_msgs/local_setup.zsh
[0.743s] -- Up-to-date: /home/wings/Backscatter_UGV_ws/install/rclpy_message_converter_msgs/share/rclpy_message_converter_msgs/local_setup.dsv
[0.743s] -- Installing: /home/wings/Backscatter_UGV_ws/install/rclpy_message_converter_msgs/share/rclpy_message_converter_msgs/package.dsv
[0.743s] -- Up-to-date: /home/wings/Backscatter_UGV_ws/install/rclpy_message_converter_msgs/share/ament_index/resource_index/packages/rclpy_message_converter_msgs
[0.743s] -- Up-to-date: /home/wings/Backscatter_UGV_ws/install/rclpy_message_converter_msgs/share/rclpy_message_converter_msgs/cmake/rclpy_message_converter_msgs__rosidl_generator_cExport.cmake
[0.743s] -- Up-to-date: /home/wings/Backscatter_UGV_ws/install/rclpy_message_converter_msgs/share/rclpy_message_converter_msgs/cmake/rclpy_message_converter_msgs__rosidl_generator_cExport-noconfig.cmake
[0.744s] -- Up-to-date: /home/wings/Backscatter_UGV_ws/install/rclpy_message_converter_msgs/share/rclpy_message_converter_msgs/cmake/rclpy_message_converter_msgs__rosidl_typesupport_introspection_cExport.cmake
[0.745s] -- Up-to-date: /home/wings/Backscatter_UGV_ws/install/rclpy_message_converter_msgs/share/rclpy_message_converter_msgs/cmake/rclpy_message_converter_msgs__rosidl_typesupport_introspection_cExport-noconfig.cmake
[0.745s] -- Up-to-date: /home/wings/Backscatter_UGV_ws/install/rclpy_message_converter_msgs/share/rclpy_message_converter_msgs/cmake/rclpy_message_converter_msgs__rosidl_typesupport_cExport.cmake
[0.746s] -- Up-to-date: /home/wings/Backscatter_UGV_ws/install/rclpy_message_converter_msgs/share/rclpy_message_converter_msgs/cmake/rclpy_message_converter_msgs__rosidl_typesupport_cExport-noconfig.cmake
[0.746s] -- Up-to-date: /home/wings/Backscatter_UGV_ws/install/rclpy_message_converter_msgs/share/rclpy_message_converter_msgs/cmake/rclpy_message_converter_msgs__rosidl_generator_cppExport.cmake
[0.746s] -- Up-to-date: /home/wings/Backscatter_UGV_ws/install/rclpy_message_converter_msgs/share/rclpy_message_converter_msgs/cmake/rclpy_message_converter_msgs__rosidl_typesupport_introspection_cppExport.cmake
[0.746s] -- Up-to-date: /home/wings/Backscatter_UGV_ws/install/rclpy_message_converter_msgs/share/rclpy_message_converter_msgs/cmake/rclpy_message_converter_msgs__rosidl_typesupport_introspection_cppExport-noconfig.cmake
[0.746s] -- Up-to-date: /home/wings/Backscatter_UGV_ws/install/rclpy_message_converter_msgs/share/rclpy_message_converter_msgs/cmake/rclpy_message_converter_msgs__rosidl_typesupport_cppExport.cmake
[0.747s] -- Up-to-date: /home/wings/Backscatter_UGV_ws/install/rclpy_message_converter_msgs/share/rclpy_message_converter_msgs/cmake/rclpy_message_converter_msgs__rosidl_typesupport_cppExport-noconfig.cmake
[0.747s] -- Up-to-date: /home/wings/Backscatter_UGV_ws/install/rclpy_message_converter_msgs/share/rclpy_message_converter_msgs/cmake/rosidl_cmake-extras.cmake
[0.747s] -- Up-to-date: /home/wings/Backscatter_UGV_ws/install/rclpy_message_converter_msgs/share/rclpy_message_converter_msgs/cmake/ament_cmake_export_dependencies-extras.cmake
[0.747s] -- Up-to-date: /home/wings/Backscatter_UGV_ws/install/rclpy_message_converter_msgs/share/rclpy_message_converter_msgs/cmake/ament_cmake_export_libraries-extras.cmake
[0.747s] -- Up-to-date: /home/wings/Backscatter_UGV_ws/install/rclpy_message_converter_msgs/share/rclpy_message_converter_msgs/cmake/ament_cmake_export_targets-extras.cmake
[0.747s] -- Up-to-date: /home/wings/Backscatter_UGV_ws/install/rclpy_message_converter_msgs/share/rclpy_message_converter_msgs/cmake/ament_cmake_export_include_directories-extras.cmake
[0.748s] -- Up-to-date: /home/wings/Backscatter_UGV_ws/install/rclpy_message_converter_msgs/share/rclpy_message_converter_msgs/cmake/rosidl_cmake_export_typesupport_libraries-extras.cmake
[0.748s] -- Up-to-date: /home/wings/Backscatter_UGV_ws/install/rclpy_message_converter_msgs/share/rclpy_message_converter_msgs/cmake/rosidl_cmake_export_typesupport_targets-extras.cmake
[0.748s] -- Up-to-date: /home/wings/Backscatter_UGV_ws/install/rclpy_message_converter_msgs/share/rclpy_message_converter_msgs/cmake/rclpy_message_converter_msgsConfig.cmake
[0.748s] -- Up-to-date: /home/wings/Backscatter_UGV_ws/install/rclpy_message_converter_msgs/share/rclpy_message_converter_msgs/cmake/rclpy_message_converter_msgsConfig-version.cmake
[0.748s] -- Up-to-date: /home/wings/Backscatter_UGV_ws/install/rclpy_message_converter_msgs/share/rclpy_message_converter_msgs/package.xml
[0.760s] Invoked command in '/home/wings/Backscatter_UGV_ws/build/rclpy_message_converter_msgs' returned '0': CMAKE_PREFIX_PATH=${CMAKE_PREFIX_PATH}:/home/wings/Backscatter_UGV_ws/install/rclpy_message_converter:/home/wings/Backscatter_UGV_ws/install/backscatter_rover_data_recorder:/opt/ros/foxy /usr/bin/cmake --install /home/wings/Backscatter_UGV_ws/build/rclpy_message_converter_msgs
